2019-04-09 18:08:10,827 - root - INFO - Started estimator: ScipyOptimize
2019-04-09 18:08:10,827 - core.estimators.scipy_optimize - INFO - 
2019-04-09 18:08:10,827 - core.estimators.scipy_optimize - INFO - >> Scipy optimization method: L-BFGS-B
2019-04-09 18:08:10,827 - core.estimators.scipy_optimize - INFO - 
2019-04-09 18:08:10,827 - core.estimators.scipy_optimize - INFO - ------------------------------------- Iteration: 1 -------------------------------------
2019-04-09 18:08:11,985 - core.estimators.scipy_optimize - INFO - >> Log-likelihood = -5.701E+04 	 [ attachment = -5.681E+04 ; regularity = -2.000E+02 ]
2019-04-09 18:08:13,078 - core.estimators.scipy_optimize - INFO - >> Log-likelihood = -2.294E+04 	 [ attachment = -2.274E+04 ; regularity = -2.001E+02 ]
2019-04-09 18:08:13,079 - core.estimators.scipy_optimize - INFO - 
2019-04-09 18:08:13,079 - core.estimators.scipy_optimize - INFO - ------------------------------------- Iteration: 2 -------------------------------------
2019-04-09 18:08:14,173 - core.estimators.scipy_optimize - INFO - >> Log-likelihood = -5.133E+03 	 [ attachment = -4.933E+03 ; regularity = -1.999E+02 ]
2019-04-09 18:08:14,173 - core.estimators.scipy_optimize - INFO - 
2019-04-09 18:08:14,173 - core.estimators.scipy_optimize - INFO - ------------------------------------- Iteration: 3 -------------------------------------
2019-04-09 18:08:15,245 - core.estimators.scipy_optimize - INFO - >> Log-likelihood = -3.163E+03 	 [ attachment = -2.964E+03 ; regularity = -1.999E+02 ]
2019-04-09 18:08:15,245 - core.estimators.scipy_optimize - INFO - 
2019-04-09 18:08:15,245 - core.estimators.scipy_optimize - INFO - ------------------------------------- Iteration: 4 -------------------------------------
2019-04-09 18:08:16,337 - core.estimators.scipy_optimize - INFO - >> Log-likelihood = -2.714E+03 	 [ attachment = -2.514E+03 ; regularity = -1.998E+02 ]
2019-04-09 18:08:16,960 - core.estimators.scipy_optimize - INFO - 
2019-04-09 18:08:16,960 - core.estimators.scipy_optimize - INFO - ------------------------------------- Iteration: 5 -------------------------------------
2019-04-09 18:08:18,038 - core.estimators.scipy_optimize - INFO - >> Log-likelihood = -1.877E+03 	 [ attachment = -1.677E+03 ; regularity = -1.998E+02 ]
2019-04-09 18:08:18,039 - core.estimators.scipy_optimize - INFO - 
2019-04-09 18:08:18,039 - core.estimators.scipy_optimize - INFO - ------------------------------------- Iteration: 6 -------------------------------------
2019-04-09 18:08:19,139 - core.estimators.scipy_optimize - INFO - >> Log-likelihood = -1.552E+03 	 [ attachment = -1.352E+03 ; regularity = -1.998E+02 ]
2019-04-09 18:08:19,140 - core.estimators.scipy_optimize - INFO - 
2019-04-09 18:08:19,140 - core.estimators.scipy_optimize - INFO - ------------------------------------- Iteration: 7 -------------------------------------
2019-04-09 18:08:20,272 - core.estimators.scipy_optimize - INFO - >> Log-likelihood = -1.448E+03 	 [ attachment = -1.249E+03 ; regularity = -1.998E+02 ]
2019-04-09 18:08:20,272 - core.estimators.scipy_optimize - INFO - 
2019-04-09 18:08:20,273 - core.estimators.scipy_optimize - INFO - ------------------------------------- Iteration: 8 -------------------------------------
2019-04-09 18:08:21,425 - core.estimators.scipy_optimize - INFO - >> Log-likelihood = -1.396E+03 	 [ attachment = -1.196E+03 ; regularity = -1.998E+02 ]
2019-04-09 18:08:21,426 - core.estimators.scipy_optimize - INFO - 
2019-04-09 18:08:21,426 - core.estimators.scipy_optimize - INFO - ------------------------------------- Iteration: 9 -------------------------------------
2019-04-09 18:08:22,572 - core.estimators.scipy_optimize - INFO - >> Log-likelihood = -1.347E+03 	 [ attachment = -1.147E+03 ; regularity = -1.998E+02 ]
2019-04-09 18:08:23,310 - core.estimators.scipy_optimize - INFO - 
2019-04-09 18:08:23,310 - core.estimators.scipy_optimize - INFO - ------------------------------------- Iteration: 10 -------------------------------------
2019-04-09 18:08:24,521 - core.estimators.scipy_optimize - INFO - >> Log-likelihood = -1.333E+03 	 [ attachment = -1.133E+03 ; regularity = -1.998E+02 ]
2019-04-09 18:08:24,521 - core.estimators.scipy_optimize - INFO - 
2019-04-09 18:08:24,521 - core.estimators.scipy_optimize - INFO - ------------------------------------- Iteration: 11 -------------------------------------
2019-04-09 18:08:25,672 - core.estimators.scipy_optimize - INFO - >> Log-likelihood = -1.278E+03 	 [ attachment = -1.078E+03 ; regularity = -1.998E+02 ]
2019-04-09 18:08:25,672 - core.estimators.scipy_optimize - INFO - 
2019-04-09 18:08:25,672 - core.estimators.scipy_optimize - INFO - ------------------------------------- Iteration: 12 -------------------------------------
2019-04-09 18:08:26,870 - core.estimators.scipy_optimize - INFO - >> Log-likelihood = -1.237E+03 	 [ attachment = -1.038E+03 ; regularity = -1.998E+02 ]
2019-04-09 18:08:26,870 - core.estimators.scipy_optimize - INFO - 
2019-04-09 18:08:26,870 - core.estimators.scipy_optimize - INFO - ------------------------------------- Iteration: 13 -------------------------------------
2019-04-09 18:08:28,139 - core.estimators.scipy_optimize - INFO - >> Log-likelihood = -1.225E+03 	 [ attachment = -1.025E+03 ; regularity = -1.998E+02 ]
2019-04-09 18:08:28,140 - core.estimators.scipy_optimize - INFO - 
2019-04-09 18:08:28,140 - core.estimators.scipy_optimize - INFO - ------------------------------------- Iteration: 14 -------------------------------------
2019-04-09 18:08:29,322 - core.estimators.scipy_optimize - INFO - >> Log-likelihood = -1.214E+03 	 [ attachment = -1.014E+03 ; regularity = -1.998E+02 ]
2019-04-09 18:08:30,011 - core.estimators.scipy_optimize - INFO - 
2019-04-09 18:08:30,011 - core.estimators.scipy_optimize - INFO - ------------------------------------- Iteration: 15 -------------------------------------
2019-04-09 18:08:31,158 - core.estimators.scipy_optimize - INFO - >> Log-likelihood = -1.203E+03 	 [ attachment = -1.003E+03 ; regularity = -1.998E+02 ]
2019-04-09 18:08:31,159 - core.estimators.scipy_optimize - INFO - 
2019-04-09 18:08:31,159 - core.estimators.scipy_optimize - INFO - ------------------------------------- Iteration: 16 -------------------------------------
2019-04-09 18:08:32,477 - core.estimators.scipy_optimize - INFO - >> Log-likelihood = -1.166E+03 	 [ attachment = -9.667E+02 ; regularity = -1.997E+02 ]
2019-04-09 18:08:32,478 - core.estimators.scipy_optimize - INFO - 
2019-04-09 18:08:32,478 - core.estimators.scipy_optimize - INFO - ------------------------------------- Iteration: 17 -------------------------------------
2019-04-09 18:08:33,717 - core.estimators.scipy_optimize - INFO - >> Log-likelihood = -1.203E+03 	 [ attachment = -1.003E+03 ; regularity = -1.997E+02 ]
2019-04-09 18:08:34,911 - core.estimators.scipy_optimize - INFO - >> Log-likelihood = -1.163E+03 	 [ attachment = -9.633E+02 ; regularity = -1.997E+02 ]
2019-04-09 18:08:34,912 - core.estimators.scipy_optimize - INFO - 
2019-04-09 18:08:34,912 - core.estimators.scipy_optimize - INFO - ------------------------------------- Iteration: 18 -------------------------------------
2019-04-09 18:08:36,078 - core.estimators.scipy_optimize - INFO - >> Log-likelihood = -1.157E+03 	 [ attachment = -9.568E+02 ; regularity = -1.997E+02 ]
2019-04-09 18:08:36,079 - core.estimators.scipy_optimize - INFO - 
2019-04-09 18:08:36,079 - core.estimators.scipy_optimize - INFO - ------------------------------------- Iteration: 19 -------------------------------------
2019-04-09 18:08:37,360 - core.estimators.scipy_optimize - INFO - >> Log-likelihood = -1.149E+03 	 [ attachment = -9.495E+02 ; regularity = -1.997E+02 ]
2019-04-09 18:08:38,090 - core.estimators.scipy_optimize - INFO - 
2019-04-09 18:08:38,090 - core.estimators.scipy_optimize - INFO - ------------------------------------- Iteration: 20 -------------------------------------
2019-04-09 18:08:39,398 - core.estimators.scipy_optimize - INFO - >> Log-likelihood = -1.142E+03 	 [ attachment = -9.427E+02 ; regularity = -1.997E+02 ]
2019-04-09 18:08:39,398 - core.estimators.scipy_optimize - INFO - 
2019-04-09 18:08:39,398 - core.estimators.scipy_optimize - INFO - ------------------------------------- Iteration: 21 -------------------------------------
2019-04-09 18:08:40,742 - core.estimators.scipy_optimize - INFO - >> Log-likelihood = -1.133E+03 	 [ attachment = -9.333E+02 ; regularity = -1.997E+02 ]
2019-04-09 18:08:40,743 - core.estimators.scipy_optimize - INFO - 
2019-04-09 18:08:40,743 - core.estimators.scipy_optimize - INFO - ------------------------------------- Iteration: 22 -------------------------------------
2019-04-09 18:08:42,102 - core.estimators.scipy_optimize - INFO - >> Log-likelihood = -1.134E+03 	 [ attachment = -9.344E+02 ; regularity = -1.997E+02 ]
2019-04-09 18:08:43,205 - core.estimators.scipy_optimize - INFO - >> Log-likelihood = -1.127E+03 	 [ attachment = -9.270E+02 ; regularity = -1.997E+02 ]
2019-04-09 18:08:43,206 - core.estimators.scipy_optimize - INFO - 
2019-04-09 18:08:43,206 - core.estimators.scipy_optimize - INFO - ------------------------------------- Iteration: 23 -------------------------------------
2019-04-09 18:08:44,386 - core.estimators.scipy_optimize - INFO - >> Log-likelihood = -1.120E+03 	 [ attachment = -9.203E+02 ; regularity = -1.997E+02 ]
2019-04-09 18:08:44,386 - core.estimators.scipy_optimize - INFO - 
2019-04-09 18:08:44,387 - core.estimators.scipy_optimize - INFO - ------------------------------------- Iteration: 24 -------------------------------------
2019-04-09 18:08:45,766 - core.estimators.scipy_optimize - INFO - >> Log-likelihood = -1.116E+03 	 [ attachment = -9.159E+02 ; regularity = -1.996E+02 ]
2019-04-09 18:08:46,411 - core.estimators.scipy_optimize - INFO - 
2019-04-09 18:08:46,411 - core.estimators.scipy_optimize - INFO - ------------------------------------- Iteration: 25 -------------------------------------
2019-04-09 18:08:47,703 - core.estimators.scipy_optimize - INFO - >> Log-likelihood = -1.111E+03 	 [ attachment = -9.112E+02 ; regularity = -1.996E+02 ]
2019-04-09 18:08:47,703 - core.estimators.scipy_optimize - INFO - 
2019-04-09 18:08:47,704 - core.estimators.scipy_optimize - INFO - ------------------------------------- Iteration: 26 -------------------------------------
2019-04-09 18:08:48,917 - core.estimators.scipy_optimize - INFO - >> Log-likelihood = -1.105E+03 	 [ attachment = -9.059E+02 ; regularity = -1.996E+02 ]
2019-04-09 18:08:48,917 - core.estimators.scipy_optimize - INFO - 
2019-04-09 18:08:48,917 - core.estimators.scipy_optimize - INFO - ------------------------------------- Iteration: 27 -------------------------------------
2019-04-09 18:08:50,022 - core.estimators.scipy_optimize - INFO - >> Log-likelihood = -1.098E+03 	 [ attachment = -8.987E+02 ; regularity = -1.996E+02 ]
2019-04-09 18:08:50,023 - core.estimators.scipy_optimize - INFO - 
2019-04-09 18:08:50,023 - core.estimators.scipy_optimize - INFO - ------------------------------------- Iteration: 28 -------------------------------------
2019-04-09 18:08:51,091 - core.estimators.scipy_optimize - INFO - >> Log-likelihood = -1.091E+03 	 [ attachment = -8.917E+02 ; regularity = -1.996E+02 ]
2019-04-09 18:08:51,091 - core.estimators.scipy_optimize - INFO - 
2019-04-09 18:08:51,091 - core.estimators.scipy_optimize - INFO - ------------------------------------- Iteration: 29 -------------------------------------
2019-04-09 18:08:52,169 - core.estimators.scipy_optimize - INFO - >> Log-likelihood = -1.089E+03 	 [ attachment = -8.898E+02 ; regularity = -1.996E+02 ]
2019-04-09 18:08:52,790 - core.estimators.scipy_optimize - INFO - 
2019-04-09 18:08:52,790 - core.estimators.scipy_optimize - INFO - ------------------------------------- Iteration: 30 -------------------------------------
2019-04-09 18:08:53,888 - core.estimators.scipy_optimize - INFO - >> Log-likelihood = -1.085E+03 	 [ attachment = -8.855E+02 ; regularity = -1.995E+02 ]
2019-04-09 18:08:53,890 - core.estimators.scipy_optimize - INFO - 
2019-04-09 18:08:53,890 - core.estimators.scipy_optimize - INFO - ------------------------------------- Iteration: 31 -------------------------------------
2019-04-09 18:08:55,017 - core.estimators.scipy_optimize - INFO - >> Log-likelihood = -1.077E+03 	 [ attachment = -8.776E+02 ; regularity = -1.995E+02 ]
2019-04-09 18:08:55,018 - core.estimators.scipy_optimize - INFO - 
2019-04-09 18:08:55,018 - core.estimators.scipy_optimize - INFO - ------------------------------------- Iteration: 32 -------------------------------------
2019-04-09 18:08:56,224 - core.estimators.scipy_optimize - INFO - >> Log-likelihood = -1.074E+03 	 [ attachment = -8.749E+02 ; regularity = -1.995E+02 ]
2019-04-09 18:08:56,224 - core.estimators.scipy_optimize - INFO - 
2019-04-09 18:08:56,224 - core.estimators.scipy_optimize - INFO - ------------------------------------- Iteration: 33 -------------------------------------
2019-04-09 18:08:57,354 - core.estimators.scipy_optimize - INFO - >> Log-likelihood = -1.073E+03 	 [ attachment = -8.739E+02 ; regularity = -1.994E+02 ]
2019-04-09 18:08:57,355 - core.estimators.scipy_optimize - INFO - 
2019-04-09 18:08:57,355 - core.estimators.scipy_optimize - INFO - ------------------------------------- Iteration: 34 -------------------------------------
2019-04-09 18:08:58,476 - core.estimators.scipy_optimize - INFO - >> Log-likelihood = -1.070E+03 	 [ attachment = -8.710E+02 ; regularity = -1.994E+02 ]
2019-04-09 18:08:59,175 - core.estimators.scipy_optimize - INFO - 
2019-04-09 18:08:59,176 - core.estimators.scipy_optimize - INFO - ------------------------------------- Iteration: 35 -------------------------------------
2019-04-09 18:09:00,405 - core.estimators.scipy_optimize - INFO - >> Log-likelihood = -1.065E+03 	 [ attachment = -8.653E+02 ; regularity = -1.994E+02 ]
2019-04-09 18:09:00,405 - core.estimators.scipy_optimize - INFO - 
2019-04-09 18:09:00,405 - core.estimators.scipy_optimize - INFO - ------------------------------------- Iteration: 36 -------------------------------------
2019-04-09 18:09:01,634 - core.estimators.scipy_optimize - INFO - >> Log-likelihood = -1.061E+03 	 [ attachment = -8.614E+02 ; regularity = -1.994E+02 ]
2019-04-09 18:09:01,634 - core.estimators.scipy_optimize - INFO - 
2019-04-09 18:09:01,634 - core.estimators.scipy_optimize - INFO - ------------------------------------- Iteration: 37 -------------------------------------
2019-04-09 18:09:02,702 - core.estimators.scipy_optimize - INFO - >> Log-likelihood = -1.056E+03 	 [ attachment = -8.570E+02 ; regularity = -1.994E+02 ]
2019-04-09 18:09:02,703 - core.estimators.scipy_optimize - INFO - 
2019-04-09 18:09:02,703 - core.estimators.scipy_optimize - INFO - ------------------------------------- Iteration: 38 -------------------------------------
2019-04-09 18:09:03,867 - core.estimators.scipy_optimize - INFO - >> Log-likelihood = -1.048E+03 	 [ attachment = -8.488E+02 ; regularity = -1.993E+02 ]
2019-04-09 18:09:03,867 - core.estimators.scipy_optimize - INFO - 
2019-04-09 18:09:03,867 - core.estimators.scipy_optimize - INFO - ------------------------------------- Iteration: 39 -------------------------------------
2019-04-09 18:09:05,000 - core.estimators.scipy_optimize - INFO - >> Log-likelihood = -1.044E+03 	 [ attachment = -8.449E+02 ; regularity = -1.992E+02 ]
2019-04-09 18:09:05,678 - core.estimators.scipy_optimize - INFO - 
2019-04-09 18:09:05,678 - core.estimators.scipy_optimize - INFO - ------------------------------------- Iteration: 40 -------------------------------------
2019-04-09 18:09:06,824 - core.estimators.scipy_optimize - INFO - >> Log-likelihood = -1.039E+03 	 [ attachment = -8.400E+02 ; regularity = -1.991E+02 ]
2019-04-09 18:09:06,825 - core.estimators.scipy_optimize - INFO - 
2019-04-09 18:09:06,825 - core.estimators.scipy_optimize - INFO - ------------------------------------- Iteration: 41 -------------------------------------
2019-04-09 18:09:07,952 - core.estimators.scipy_optimize - INFO - >> Log-likelihood = -1.031E+03 	 [ attachment = -8.316E+02 ; regularity = -1.991E+02 ]
2019-04-09 18:09:07,954 - core.estimators.scipy_optimize - INFO - 
2019-04-09 18:09:07,954 - core.estimators.scipy_optimize - INFO - ------------------------------------- Iteration: 42 -------------------------------------
2019-04-09 18:09:09,124 - core.estimators.scipy_optimize - INFO - >> Log-likelihood = -1.034E+03 	 [ attachment = -8.350E+02 ; regularity = -1.993E+02 ]
2019-04-09 18:09:10,310 - core.estimators.scipy_optimize - INFO - >> Log-likelihood = -1.029E+03 	 [ attachment = -8.303E+02 ; regularity = -1.992E+02 ]
2019-04-09 18:09:10,312 - core.estimators.scipy_optimize - INFO - 
2019-04-09 18:09:10,312 - core.estimators.scipy_optimize - INFO - ------------------------------------- Iteration: 43 -------------------------------------
2019-04-09 18:09:11,428 - core.estimators.scipy_optimize - INFO - >> Log-likelihood = -1.029E+03 	 [ attachment = -8.295E+02 ; regularity = -1.992E+02 ]
2019-04-09 18:09:11,428 - core.estimators.scipy_optimize - INFO - 
2019-04-09 18:09:11,428 - core.estimators.scipy_optimize - INFO - ------------------------------------- Iteration: 44 -------------------------------------
2019-04-09 18:09:12,506 - core.estimators.scipy_optimize - INFO - >> Log-likelihood = -1.023E+03 	 [ attachment = -8.237E+02 ; regularity = -1.992E+02 ]
2019-04-09 18:09:13,169 - core.estimators.scipy_optimize - INFO - 
2019-04-09 18:09:13,169 - core.estimators.scipy_optimize - INFO - ------------------------------------- Iteration: 45 -------------------------------------
2019-04-09 18:09:14,452 - core.estimators.scipy_optimize - INFO - >> Log-likelihood = -1.008E+03 	 [ attachment = -8.092E+02 ; regularity = -1.991E+02 ]
2019-04-09 18:09:14,453 - core.estimators.scipy_optimize - INFO - 
2019-04-09 18:09:14,453 - core.estimators.scipy_optimize - INFO - ------------------------------------- Iteration: 46 -------------------------------------
2019-04-09 18:09:15,748 - core.estimators.scipy_optimize - INFO - >> Log-likelihood = -1.070E+03 	 [ attachment = -8.718E+02 ; regularity = -1.986E+02 ]
2019-04-09 18:09:16,943 - core.estimators.scipy_optimize - INFO - >> Log-likelihood = -1.006E+03 	 [ attachment = -8.072E+02 ; regularity = -1.990E+02 ]
2019-04-09 18:09:16,943 - core.estimators.scipy_optimize - INFO - 
2019-04-09 18:09:16,943 - core.estimators.scipy_optimize - INFO - ------------------------------------- Iteration: 47 -------------------------------------
2019-04-09 18:09:17,949 - core.estimators.scipy_optimize - INFO - >> Log-likelihood = -1.087E+03 	 [ attachment = -8.880E+02 ; regularity = -1.985E+02 ]
2019-04-09 18:09:19,251 - core.estimators.scipy_optimize - INFO - >> Log-likelihood = -1.005E+03 	 [ attachment = -8.057E+02 ; regularity = -1.989E+02 ]
2019-04-09 18:09:19,251 - core.estimators.scipy_optimize - INFO - 
2019-04-09 18:09:19,251 - core.estimators.scipy_optimize - INFO - ------------------------------------- Iteration: 48 -------------------------------------
2019-04-09 18:09:20,546 - core.estimators.scipy_optimize - INFO - >> Log-likelihood = -1.078E+03 	 [ attachment = -8.793E+02 ; regularity = -1.985E+02 ]
2019-04-09 18:09:21,579 - core.estimators.scipy_optimize - INFO - >> Log-likelihood = -1.004E+03 	 [ attachment = -8.054E+02 ; regularity = -1.989E+02 ]
2019-04-09 18:09:21,579 - core.estimators.scipy_optimize - INFO - 
2019-04-09 18:09:21,579 - core.estimators.scipy_optimize - INFO - ------------------------------------- Iteration: 49 -------------------------------------
2019-04-09 18:09:22,746 - core.estimators.scipy_optimize - INFO - >> Log-likelihood = -1.125E+03 	 [ attachment = -9.263E+02 ; regularity = -1.984E+02 ]
2019-04-09 18:09:24,033 - core.estimators.scipy_optimize - INFO - >> Log-likelihood = -1.003E+03 	 [ attachment = -8.039E+02 ; regularity = -1.988E+02 ]
2019-04-09 18:09:24,696 - core.estimators.scipy_optimize - INFO - 
2019-04-09 18:09:24,696 - core.estimators.scipy_optimize - INFO - ------------------------------------- Iteration: 50 -------------------------------------
2019-04-09 18:09:25,669 - core.estimators.scipy_optimize - INFO - >> Log-likelihood = -1.045E+03 	 [ attachment = -8.465E+02 ; regularity = -1.985E+02 ]
2019-04-09 18:09:26,602 - core.estimators.scipy_optimize - INFO - >> Log-likelihood = -1.003E+03 	 [ attachment = -8.039E+02 ; regularity = -1.988E+02 ]
2019-04-09 18:09:26,603 - core.estimators.scipy_optimize - INFO - 
2019-04-09 18:09:26,603 - core.estimators.scipy_optimize - INFO - ------------------------------------- Iteration: 51 -------------------------------------
2019-04-09 18:09:26,603 - core.estimators.scipy_optimize - INFO - >> CONVERGENCE: REL_REDUCTION_OF_F_<=_FACTR*EPSMCH
2019-04-09 18:09:27,168 - root - INFO - >> Estimation took: 01 minutes and 15 seconds
