2021-07-16 10:49:41,203 - root - ERROR - Logger has been set to: NOTSET
2021-07-16 10:49:41,238 - deformetrica.in_out.array_readers_and_writers - INFO - Performing initial least square regressions on the subjects, for initialization purposes.
2021-07-16 10:49:41,328 - deformetrica.in_out.array_readers_and_writers - INFO - Performing principal component analysis on the orthogonal variations, for initialization of A and s_i.
2021-07-16 10:49:41,359 - deformetrica.in_out.array_readers_and_writers - INFO -  >>> Performing gradient descent on the mode.
2021-07-16 10:49:41,359 - deformetrica.in_out.array_readers_and_writers - INFO - 
2021-07-16 10:49:41,359 - deformetrica.in_out.array_readers_and_writers - INFO - [ estimate_longitudinal_metric_model function ]
2021-07-16 10:49:41,394 - deformetrica.in_out.array_readers_and_writers - INFO - Setting initial onset ages from preprocessing_4/1_smart_initialization/SmartInitialization_onset_ages.txt file
2021-07-16 10:49:41,394 - deformetrica.in_out.array_readers_and_writers - INFO - Setting initial log accelerations from preprocessing_4/1_smart_initialization/SmartInitialization_log_accelerations.txt file
2021-07-16 10:49:41,395 - deformetrica.in_out.array_readers_and_writers - INFO - Initializing exponential type to parametric
2021-07-16 10:49:41,395 - deformetrica.in_out.array_readers_and_writers - INFO - I am initializing the interpolation points using the width 0.15
2021-07-16 10:49:41,395 - deformetrica.in_out.array_readers_and_writers - INFO - Suggested cp to fill the box: 49
2021-07-16 10:49:41,398 - deformetrica.in_out.array_readers_and_writers - INFO - Cp after filtering: 31
2021-07-16 10:49:41,398 - deformetrica.in_out.array_readers_and_writers - INFO - The width for the metric interpolation is set to 0.15
2021-07-16 10:49:41,398 - deformetrica.in_out.array_readers_and_writers - INFO - I am setting the no_parallel_transport flag to False.
2021-07-16 10:49:41,399 - deformetrica.in_out.array_readers_and_writers - INFO - >> Reading 1-source initial modulation matrix from file: preprocessing_4/1_smart_initialization/SmartInitialization_modulation_matrix.txt
2021-07-16 10:49:41,399 - deformetrica.in_out.array_readers_and_writers - INFO - Setting initial sources from preprocessing_4/1_smart_initialization/SmartInitialization_sources.txt file
2021-07-16 10:49:41,400 - deformetrica.core.models.longitudinal_metric_learning - INFO - ('v0', True)
2021-07-16 10:49:41,400 - deformetrica.core.models.longitudinal_metric_learning - INFO - ('p0', True)
2021-07-16 10:49:41,400 - deformetrica.core.models.longitudinal_metric_learning - INFO - ('reference_time', False)
2021-07-16 10:49:41,400 - deformetrica.core.models.longitudinal_metric_learning - INFO - ('onset_age_variance', True)
2021-07-16 10:49:41,400 - deformetrica.core.models.longitudinal_metric_learning - INFO - ('log_acceleration_variance', True)
2021-07-16 10:49:41,400 - deformetrica.core.models.longitudinal_metric_learning - INFO - ('noise_variance', True)
2021-07-16 10:49:41,400 - deformetrica.core.models.longitudinal_metric_learning - INFO - ('metric_parameters', False)
2021-07-16 10:49:41,400 - deformetrica.core.models.longitudinal_metric_learning - INFO - ('modulation_matrix', True)
2021-07-16 10:49:41,400 - deformetrica.in_out.array_readers_and_writers - INFO - 
2021-07-16 10:49:41,400 - deformetrica.in_out.array_readers_and_writers - INFO - [ update method of the GradientAscent  optimizer ]
2021-07-16 10:49:41,401 - deformetrica.core.models.longitudinal_metric_learning - INFO - Acceleration factors max/min: (1.7766526, 26, 0.43086863, 3)
2021-07-16 10:49:42,576 - deformetrica.core.models.longitudinal_metric_learning - INFO - Tmin 45 Tmax 105 Update of the spatiotemporalframe: 1148 ms
2021-07-16 10:49:53,599 - deformetrica.core.estimators.gradient_ascent - INFO - --------------------------------- GA Iteration: 0/43 -----------------------------------
2021-07-16 10:49:53,757 - deformetrica.core.estimators.gradient_ascent - INFO - >> Log-likelihood = -3.925E+03 	 [ attachment = -3.775E+03 ; regularity = -1.500E+02 ]
2021-07-16 10:49:53,758 - deformetrica.core.estimators.gradient_ascent - INFO - >> Step size and gradient norm: 
2021-07-16 10:49:53,759 - deformetrica.core.estimators.gradient_ascent - INFO - 		7.111E-06   and   1.406E+04 	[ metric_parameters ]
2021-07-16 10:49:53,760 - deformetrica.core.estimators.gradient_ascent - INFO - 		8.960E-02   and   1.116E+01 	[ onset_age ]
2021-07-16 10:49:53,760 - deformetrica.core.estimators.gradient_ascent - INFO - 		4.467E-05   and   2.239E+02 	[ log_acceleration ]
2021-07-16 10:49:53,761 - deformetrica.core.estimators.gradient_ascent - INFO - 		2.205E-05   and   4.535E+02 	[ sources ]
2021-07-16 10:49:53,762 - deformetrica.core.models.longitudinal_metric_learning - INFO - Acceleration factors max/min: (1.7763553, 26, 0.4307593, 69)
2021-07-16 10:49:54,547 - deformetrica.core.models.longitudinal_metric_learning - INFO - Tmin 45 Tmax 105 Update of the spatiotemporalframe: 767 ms
2021-07-16 10:49:57,983 - deformetrica.core.estimators.gradient_ascent - INFO - --------------------------------- GA Iteration: 1/43 -----------------------------------
2021-07-16 10:49:57,984 - deformetrica.core.estimators.gradient_ascent - INFO - >> Log-likelihood = -3.468E+03 	 [ attachment = -3.318E+03 ; regularity = -1.501E+02 ]
2021-07-16 10:49:57,984 - deformetrica.core.models.longitudinal_metric_learning - INFO - Acceleration factors max/min: (1.7763553, 26, 0.4307593, 69)
2021-07-16 10:49:58,717 - deformetrica.core.models.longitudinal_metric_learning - INFO - Tmin 45 Tmax 105 Update of the spatiotemporalframe: 712 ms
2021-07-16 10:50:13,286 - deformetrica.core.models.longitudinal_metric_learning - INFO - Acceleration factors max/min: (1.7763553, 26, 0.4307593, 69)
2021-07-16 10:50:14,238 - deformetrica.core.models.longitudinal_metric_learning - INFO - Tmin 45 Tmax 105 Update of the spatiotemporalframe: 930 ms
2021-07-16 10:50:26,388 - deformetrica.core.estimators.gradient_ascent - INFO - >> Step size and gradient norm: 
2021-07-16 10:50:26,390 - deformetrica.core.estimators.gradient_ascent - INFO - 		8.534E-06   and   1.064E+04 	[ metric_parameters ]
2021-07-16 10:50:26,393 - deformetrica.core.estimators.gradient_ascent - INFO - 		1.075E-01   and   1.011E+01 	[ onset_age ]
2021-07-16 10:50:26,395 - deformetrica.core.estimators.gradient_ascent - INFO - 		5.360E-05   and   1.651E+02 	[ log_acceleration ]
2021-07-16 10:50:26,396 - deformetrica.core.estimators.gradient_ascent - INFO - 		2.646E-05   and   4.238E+02 	[ sources ]
2021-07-16 10:50:26,397 - deformetrica.core.models.longitudinal_metric_learning - INFO - Acceleration factors max/min: (1.7757611, 26, 0.43064436, 69)
2021-07-16 10:50:27,089 - deformetrica.core.models.longitudinal_metric_learning - INFO - Tmin 45 Tmax 105 Update of the spatiotemporalframe: 674 ms
2021-07-16 10:50:30,168 - deformetrica.core.estimators.gradient_ascent - INFO - --------------------------------- GA Iteration: 2/43 -----------------------------------
2021-07-16 10:50:30,169 - deformetrica.core.estimators.gradient_ascent - INFO - >> Log-likelihood = -3.037E+03 	 [ attachment = -2.886E+03 ; regularity = -1.502E+02 ]
2021-07-16 10:50:30,169 - deformetrica.core.models.longitudinal_metric_learning - INFO - Acceleration factors max/min: (1.7757611, 26, 0.43064436, 69)
2021-07-16 10:50:30,793 - deformetrica.core.models.longitudinal_metric_learning - INFO - Tmin 45 Tmax 105 Update of the spatiotemporalframe: 604 ms
2021-07-16 10:50:45,905 - deformetrica.core.models.longitudinal_metric_learning - INFO - Acceleration factors max/min: (1.7757611, 26, 0.43064436, 69)
2021-07-16 10:50:46,893 - deformetrica.core.models.longitudinal_metric_learning - INFO - Tmin 45 Tmax 105 Update of the spatiotemporalframe: 966 ms
2021-07-16 10:50:59,110 - deformetrica.core.estimators.gradient_ascent - INFO - >> Step size and gradient norm: 
2021-07-16 10:50:59,113 - deformetrica.core.estimators.gradient_ascent - INFO - 		1.024E-05   and   7.414E+03 	[ metric_parameters ]
2021-07-16 10:50:59,115 - deformetrica.core.estimators.gradient_ascent - INFO - 		1.290E-01   and   1.084E+01 	[ onset_age ]
2021-07-16 10:50:59,117 - deformetrica.core.estimators.gradient_ascent - INFO - 		6.432E-05   and   1.472E+02 	[ log_acceleration ]
2021-07-16 10:50:59,118 - deformetrica.core.estimators.gradient_ascent - INFO - 		3.175E-05   and   3.942E+02 	[ sources ]
2021-07-16 10:50:59,119 - deformetrica.core.models.longitudinal_metric_learning - INFO - Acceleration factors max/min: (1.7749074, 26, 0.4305158, 69)
2021-07-16 10:50:59,870 - deformetrica.core.models.longitudinal_metric_learning - INFO - Tmin 45 Tmax 105 Update of the spatiotemporalframe: 729 ms
2021-07-16 10:51:02,926 - deformetrica.core.estimators.gradient_ascent - INFO - --------------------------------- GA Iteration: 3/43 -----------------------------------
2021-07-16 10:51:02,927 - deformetrica.core.estimators.gradient_ascent - INFO - >> Log-likelihood = -2.657E+03 	 [ attachment = -2.506E+03 ; regularity = -1.503E+02 ]
2021-07-16 10:51:02,928 - deformetrica.core.models.longitudinal_metric_learning - INFO - Acceleration factors max/min: (1.7749074, 26, 0.4305158, 69)
2021-07-16 10:51:03,555 - deformetrica.core.models.longitudinal_metric_learning - INFO - Tmin 45 Tmax 105 Update of the spatiotemporalframe: 608 ms
2021-07-16 10:51:18,948 - deformetrica.core.models.longitudinal_metric_learning - INFO - Acceleration factors max/min: (1.7749074, 26, 0.4305158, 69)
2021-07-16 10:51:20,252 - deformetrica.core.models.longitudinal_metric_learning - INFO - Tmin 45 Tmax 105 Update of the spatiotemporalframe: 1274 ms
2021-07-16 10:51:36,162 - deformetrica.core.estimators.gradient_ascent - INFO - >> Step size and gradient norm: 
2021-07-16 10:51:36,165 - deformetrica.core.estimators.gradient_ascent - INFO - 		1.229E-05   and   5.412E+03 	[ metric_parameters ]
2021-07-16 10:51:36,167 - deformetrica.core.estimators.gradient_ascent - INFO - 		1.548E-01   and   1.119E+01 	[ onset_age ]
2021-07-16 10:51:36,169 - deformetrica.core.estimators.gradient_ascent - INFO - 		7.719E-05   and   1.289E+02 	[ log_acceleration ]
2021-07-16 10:51:36,170 - deformetrica.core.estimators.gradient_ascent - INFO - 		3.810E-05   and   3.668E+02 	[ sources ]
2021-07-16 10:51:36,171 - deformetrica.core.models.longitudinal_metric_learning - INFO - Acceleration factors max/min: (1.7741723, 94, 0.43035188, 69)
2021-07-16 10:51:37,134 - deformetrica.core.models.longitudinal_metric_learning - INFO - Tmin 45 Tmax 105 Update of the spatiotemporalframe: 939 ms
2021-07-16 10:51:41,367 - deformetrica.core.estimators.gradient_ascent - INFO - --------------------------------- GA Iteration: 4/43 -----------------------------------
2021-07-16 10:51:41,367 - deformetrica.core.estimators.gradient_ascent - INFO - >> Log-likelihood = -2.326E+03 	 [ attachment = -2.176E+03 ; regularity = -1.504E+02 ]
2021-07-16 10:51:41,368 - deformetrica.core.models.longitudinal_metric_learning - INFO - Acceleration factors max/min: (1.7741723, 94, 0.43035188, 69)
2021-07-16 10:51:42,299 - deformetrica.core.models.longitudinal_metric_learning - INFO - Tmin 45 Tmax 105 Update of the spatiotemporalframe: 905 ms
2021-07-16 10:51:59,105 - deformetrica.core.models.longitudinal_metric_learning - INFO - Acceleration factors max/min: (1.7741723, 94, 0.43035188, 69)
2021-07-16 10:52:00,043 - deformetrica.core.models.longitudinal_metric_learning - INFO - Tmin 45 Tmax 105 Update of the spatiotemporalframe: 915 ms
2021-07-16 10:52:12,272 - deformetrica.core.estimators.gradient_ascent - INFO - >> Step size and gradient norm: 
2021-07-16 10:52:12,275 - deformetrica.core.estimators.gradient_ascent - INFO - 		1.475E-05   and   4.386E+03 	[ metric_parameters ]
2021-07-16 10:52:12,277 - deformetrica.core.estimators.gradient_ascent - INFO - 		1.858E-01   and   1.058E+01 	[ onset_age ]
2021-07-16 10:52:12,279 - deformetrica.core.estimators.gradient_ascent - INFO - 		9.263E-05   and   1.214E+02 	[ log_acceleration ]
2021-07-16 10:52:12,280 - deformetrica.core.estimators.gradient_ascent - INFO - 		4.572E-05   and   3.417E+02 	[ sources ]
2021-07-16 10:52:12,281 - deformetrica.core.models.longitudinal_metric_learning - INFO - Acceleration factors max/min: (1.7742505, 94, 0.4301595, 69)
2021-07-16 10:52:12,997 - deformetrica.core.models.longitudinal_metric_learning - INFO - Tmin 45 Tmax 105 Update of the spatiotemporalframe: 691 ms
2021-07-16 10:52:15,923 - deformetrica.core.estimators.gradient_ascent - INFO - --------------------------------- GA Iteration: 5/43 -----------------------------------
2021-07-16 10:52:16,027 - deformetrica.core.estimators.gradient_ascent - INFO - >> Log-likelihood = -2.042E+03 	 [ attachment = -1.891E+03 ; regularity = -1.505E+02 ]
2021-07-16 10:52:16,028 - deformetrica.core.models.longitudinal_metric_learning - INFO - Acceleration factors max/min: (1.7742505, 94, 0.4301595, 69)
2021-07-16 10:52:16,646 - deformetrica.core.models.longitudinal_metric_learning - INFO - Tmin 45 Tmax 105 Update of the spatiotemporalframe: 597 ms
2021-07-16 10:52:31,155 - deformetrica.core.models.longitudinal_metric_learning - INFO - Acceleration factors max/min: (1.7742505, 94, 0.4301595, 69)
2021-07-16 10:52:32,092 - deformetrica.core.models.longitudinal_metric_learning - INFO - Tmin 45 Tmax 105 Update of the spatiotemporalframe: 914 ms
2021-07-16 10:52:45,115 - deformetrica.core.estimators.gradient_ascent - INFO - >> Step size and gradient norm: 
2021-07-16 10:52:45,118 - deformetrica.core.estimators.gradient_ascent - INFO - 		1.770E-05   and   3.801E+03 	[ metric_parameters ]
2021-07-16 10:52:45,120 - deformetrica.core.estimators.gradient_ascent - INFO - 		2.230E-01   and   9.517E+00 	[ onset_age ]
2021-07-16 10:52:45,123 - deformetrica.core.estimators.gradient_ascent - INFO - 		1.112E-04   and   9.488E+01 	[ log_acceleration ]
2021-07-16 10:52:45,124 - deformetrica.core.estimators.gradient_ascent - INFO - 		5.487E-05   and   3.179E+02 	[ sources ]
2021-07-16 10:52:45,125 - deformetrica.core.models.longitudinal_metric_learning - INFO - Acceleration factors max/min: (1.774128, 94, 0.4299447, 50)
2021-07-16 10:52:45,840 - deformetrica.core.models.longitudinal_metric_learning - INFO - Tmin 45 Tmax 105 Update of the spatiotemporalframe: 698 ms
2021-07-16 10:52:48,783 - deformetrica.core.estimators.gradient_ascent - INFO - --------------------------------- GA Iteration: 6/43 -----------------------------------
2021-07-16 10:52:48,784 - deformetrica.core.estimators.gradient_ascent - INFO - >> Log-likelihood = -1.794E+03 	 [ attachment = -1.644E+03 ; regularity = -1.506E+02 ]
2021-07-16 10:52:48,784 - deformetrica.core.models.longitudinal_metric_learning - INFO - Acceleration factors max/min: (1.774128, 94, 0.4299447, 50)
2021-07-16 10:52:49,399 - deformetrica.core.models.longitudinal_metric_learning - INFO - Tmin 45 Tmax 105 Update of the spatiotemporalframe: 595 ms
2021-07-16 10:53:03,954 - deformetrica.core.models.longitudinal_metric_learning - INFO - Acceleration factors max/min: (1.774128, 94, 0.4299447, 50)
2021-07-16 10:53:04,860 - deformetrica.core.models.longitudinal_metric_learning - INFO - Tmin 45 Tmax 105 Update of the spatiotemporalframe: 884 ms
2021-07-16 10:53:16,869 - deformetrica.core.estimators.gradient_ascent - INFO - >> Step size and gradient norm: 
2021-07-16 10:53:16,871 - deformetrica.core.estimators.gradient_ascent - INFO - 		2.123E-05   and   3.363E+03 	[ metric_parameters ]
2021-07-16 10:53:16,873 - deformetrica.core.estimators.gradient_ascent - INFO - 		2.676E-01   and   8.839E+00 	[ onset_age ]
2021-07-16 10:53:16,876 - deformetrica.core.estimators.gradient_ascent - INFO - 		1.334E-04   and   1.063E+02 	[ log_acceleration ]
2021-07-16 10:53:16,876 - deformetrica.core.estimators.gradient_ascent - INFO - 		6.584E-05   and   2.945E+02 	[ sources ]
2021-07-16 10:53:16,877 - deformetrica.core.models.longitudinal_metric_learning - INFO - Acceleration factors max/min: (1.7736355, 94, 0.4295234, 50)
2021-07-16 10:53:17,568 - deformetrica.core.models.longitudinal_metric_learning - INFO - Tmin 45 Tmax 105 Update of the spatiotemporalframe: 673 ms
2021-07-16 10:53:20,545 - deformetrica.core.estimators.gradient_ascent - INFO - --------------------------------- GA Iteration: 7/43 -----------------------------------
2021-07-16 10:53:20,545 - deformetrica.core.estimators.gradient_ascent - INFO - >> Log-likelihood = -1.576E+03 	 [ attachment = -1.425E+03 ; regularity = -1.506E+02 ]
2021-07-16 10:53:20,546 - deformetrica.core.models.longitudinal_metric_learning - INFO - Acceleration factors max/min: (1.7736355, 94, 0.4295234, 50)
2021-07-16 10:53:21,177 - deformetrica.core.models.longitudinal_metric_learning - INFO - Tmin 45 Tmax 105 Update of the spatiotemporalframe: 611 ms
2021-07-16 10:53:35,735 - deformetrica.core.models.longitudinal_metric_learning - INFO - Acceleration factors max/min: (1.7736355, 94, 0.4295234, 50)
2021-07-16 10:53:36,699 - deformetrica.core.models.longitudinal_metric_learning - INFO - Tmin 45 Tmax 105 Update of the spatiotemporalframe: 941 ms
2021-07-16 10:53:48,636 - deformetrica.core.estimators.gradient_ascent - INFO - >> Step size and gradient norm: 
2021-07-16 10:53:48,639 - deformetrica.core.estimators.gradient_ascent - INFO - 		2.548E-05   and   2.934E+03 	[ metric_parameters ]
2021-07-16 10:53:48,641 - deformetrica.core.estimators.gradient_ascent - INFO - 		3.211E-01   and   7.640E+00 	[ onset_age ]
2021-07-16 10:53:48,644 - deformetrica.core.estimators.gradient_ascent - INFO - 		1.601E-04   and   8.256E+01 	[ log_acceleration ]
2021-07-16 10:53:48,644 - deformetrica.core.estimators.gradient_ascent - INFO - 		7.901E-05   and   2.712E+02 	[ sources ]
2021-07-16 10:53:48,645 - deformetrica.core.models.longitudinal_metric_learning - INFO - Acceleration factors max/min: (1.7732131, 94, 0.4288811, 50)
2021-07-16 10:53:49,465 - deformetrica.core.models.longitudinal_metric_learning - INFO - Tmin 45 Tmax 105 Update of the spatiotemporalframe: 802 ms
2021-07-16 10:53:53,071 - deformetrica.core.estimators.gradient_ascent - INFO - --------------------------------- GA Iteration: 8/43 -----------------------------------
2021-07-16 10:53:53,072 - deformetrica.core.estimators.gradient_ascent - INFO - >> Log-likelihood = -1.388E+03 	 [ attachment = -1.237E+03 ; regularity = -1.507E+02 ]
2021-07-16 10:53:53,072 - deformetrica.core.models.longitudinal_metric_learning - INFO - Acceleration factors max/min: (1.7732131, 94, 0.4288811, 50)
2021-07-16 10:53:53,764 - deformetrica.core.models.longitudinal_metric_learning - INFO - Tmin 45 Tmax 105 Update of the spatiotemporalframe: 671 ms
2021-07-16 10:54:08,641 - deformetrica.core.models.longitudinal_metric_learning - INFO - Acceleration factors max/min: (1.7732131, 94, 0.4288811, 50)
2021-07-16 10:54:09,546 - deformetrica.core.models.longitudinal_metric_learning - INFO - Tmin 45 Tmax 105 Update of the spatiotemporalframe: 884 ms
2021-07-16 10:54:20,680 - deformetrica.core.estimators.gradient_ascent - INFO - >> Step size and gradient norm: 
2021-07-16 10:54:20,681 - deformetrica.core.estimators.gradient_ascent - INFO - 		3.058E-05   and   2.530E+03 	[ metric_parameters ]
2021-07-16 10:54:20,683 - deformetrica.core.estimators.gradient_ascent - INFO - 		3.853E-01   and   6.759E+00 	[ onset_age ]
2021-07-16 10:54:20,684 - deformetrica.core.estimators.gradient_ascent - INFO - 		1.921E-04   and   8.302E+01 	[ log_acceleration ]
2021-07-16 10:54:20,685 - deformetrica.core.estimators.gradient_ascent - INFO - 		9.481E-05   and   2.497E+02 	[ sources ]
2021-07-16 10:54:20,685 - deformetrica.core.models.longitudinal_metric_learning - INFO - Acceleration factors max/min: (1.7725484, 94, 0.4280374, 50)
2021-07-16 10:54:21,355 - deformetrica.core.models.longitudinal_metric_learning - INFO - Tmin 45 Tmax 105 Update of the spatiotemporalframe: 653 ms
2021-07-16 10:54:24,357 - deformetrica.core.estimators.gradient_ascent - INFO - --------------------------------- GA Iteration: 9/43 -----------------------------------
2021-07-16 10:54:24,358 - deformetrica.core.estimators.gradient_ascent - INFO - >> Log-likelihood = -1.232E+03 	 [ attachment = -1.081E+03 ; regularity = -1.507E+02 ]
2021-07-16 10:54:24,358 - deformetrica.core.models.longitudinal_metric_learning - INFO - Acceleration factors max/min: (1.7725484, 94, 0.4280374, 50)
2021-07-16 10:54:24,999 - deformetrica.core.models.longitudinal_metric_learning - INFO - Tmin 45 Tmax 105 Update of the spatiotemporalframe: 621 ms
2021-07-16 10:54:39,941 - deformetrica.core.models.longitudinal_metric_learning - INFO - Acceleration factors max/min: (1.7725484, 94, 0.4280374, 50)
2021-07-16 10:54:40,855 - deformetrica.core.models.longitudinal_metric_learning - INFO - Tmin 45 Tmax 105 Update of the spatiotemporalframe: 891 ms
2021-07-16 10:54:53,013 - deformetrica.core.estimators.gradient_ascent - INFO - >> Step size and gradient norm: 
2021-07-16 10:54:53,016 - deformetrica.core.estimators.gradient_ascent - INFO - 		3.669E-05   and   2.136E+03 	[ metric_parameters ]
2021-07-16 10:54:53,019 - deformetrica.core.estimators.gradient_ascent - INFO - 		4.623E-01   and   5.993E+00 	[ onset_age ]
2021-07-16 10:54:53,021 - deformetrica.core.estimators.gradient_ascent - INFO - 		2.305E-04   and   8.171E+01 	[ log_acceleration ]
2021-07-16 10:54:53,022 - deformetrica.core.estimators.gradient_ascent - INFO - 		1.138E-04   and   2.303E+02 	[ sources ]
2021-07-16 10:54:53,023 - deformetrica.core.models.longitudinal_metric_learning - INFO - Acceleration factors max/min: (1.7718122, 94, 0.4271676, 50)
2021-07-16 10:54:53,734 - deformetrica.core.models.longitudinal_metric_learning - INFO - Tmin 45 Tmax 105 Update of the spatiotemporalframe: 694 ms
2021-07-16 10:54:56,664 - deformetrica.core.estimators.gradient_ascent - INFO - --------------------------------- GA Iteration: 10/43 -----------------------------------
2021-07-16 10:54:56,767 - deformetrica.core.estimators.gradient_ascent - INFO - >> Log-likelihood = -1.105E+03 	 [ attachment = -9.547E+02 ; regularity = -1.505E+02 ]
2021-07-16 10:54:56,768 - deformetrica.core.models.longitudinal_metric_learning - INFO - Acceleration factors max/min: (1.7718122, 94, 0.4271676, 50)
2021-07-16 10:54:57,407 - deformetrica.core.models.longitudinal_metric_learning - INFO - Tmin 45 Tmax 105 Update of the spatiotemporalframe: 619 ms
2021-07-16 10:55:13,741 - deformetrica.core.models.longitudinal_metric_learning - INFO - Acceleration factors max/min: (1.7718122, 94, 0.4271676, 50)
2021-07-16 10:55:14,686 - deformetrica.core.models.longitudinal_metric_learning - INFO - Tmin 45 Tmax 105 Update of the spatiotemporalframe: 922 ms
2021-07-16 10:55:26,870 - deformetrica.core.estimators.gradient_ascent - INFO - >> Step size and gradient norm: 
2021-07-16 10:55:26,871 - deformetrica.core.estimators.gradient_ascent - INFO - 		4.403E-05   and   1.855E+03 	[ metric_parameters ]
2021-07-16 10:55:26,871 - deformetrica.core.estimators.gradient_ascent - INFO - 		5.548E-01   and   5.387E+00 	[ onset_age ]
2021-07-16 10:55:26,871 - deformetrica.core.estimators.gradient_ascent - INFO - 		2.766E-04   and   6.881E+01 	[ log_acceleration ]
2021-07-16 10:55:26,872 - deformetrica.core.estimators.gradient_ascent - INFO - 		1.365E-04   and   2.135E+02 	[ sources ]
2021-07-16 10:55:26,873 - deformetrica.core.models.longitudinal_metric_learning - INFO - Acceleration factors max/min: (1.7706556, 94, 0.4260095, 50)
2021-07-16 10:55:27,571 - deformetrica.core.models.longitudinal_metric_learning - INFO - Tmin 45 Tmax 105 Update of the spatiotemporalframe: 681 ms
2021-07-16 10:55:30,553 - deformetrica.core.estimators.gradient_ascent - INFO - --------------------------------- GA Iteration: 11/43 -----------------------------------
2021-07-16 10:55:30,554 - deformetrica.core.estimators.gradient_ascent - INFO - >> Log-likelihood = -1.000E+03 	 [ attachment = -8.500E+02 ; regularity = -1.502E+02 ]
2021-07-16 10:55:30,554 - deformetrica.core.models.longitudinal_metric_learning - INFO - Acceleration factors max/min: (1.7706556, 94, 0.4260095, 50)
2021-07-16 10:55:31,181 - deformetrica.core.models.longitudinal_metric_learning - INFO - Tmin 45 Tmax 105 Update of the spatiotemporalframe: 608 ms
2021-07-16 10:55:45,851 - deformetrica.core.models.longitudinal_metric_learning - INFO - Acceleration factors max/min: (1.7706556, 94, 0.4260095, 50)
2021-07-16 10:55:46,476 - deformetrica.core.models.longitudinal_metric_learning - INFO - Tmin 45 Tmax 105 Update of the spatiotemporalframe: 605 ms
2021-07-16 10:55:57,371 - deformetrica.core.estimators.gradient_ascent - INFO - >> Step size and gradient norm: 
2021-07-16 10:55:57,372 - deformetrica.core.estimators.gradient_ascent - INFO - 		6.658E-01   and   4.828E+00 	[ onset_age ]
2021-07-16 10:55:57,372 - deformetrica.core.estimators.gradient_ascent - INFO - 		3.319E-04   and   6.527E+01 	[ log_acceleration ]
2021-07-16 10:55:57,372 - deformetrica.core.estimators.gradient_ascent - INFO - 		1.638E-04   and   1.987E+02 	[ sources ]
2021-07-16 10:55:57,373 - deformetrica.core.models.longitudinal_metric_learning - INFO - Acceleration factors max/min: (1.7692463, 94, 0.42519894, 50)
2021-07-16 10:55:58,151 - deformetrica.core.models.longitudinal_metric_learning - INFO - Tmin 45 Tmax 105 Update of the spatiotemporalframe: 759 ms
2021-07-16 10:56:01,430 - deformetrica.core.estimators.gradient_ascent - INFO - --------------------------------- GA Iteration: 12/43 -----------------------------------
2021-07-16 10:56:01,430 - deformetrica.core.estimators.gradient_ascent - INFO - >> Log-likelihood = -9.772E+02 	 [ attachment = -8.276E+02 ; regularity = -1.497E+02 ]
2021-07-16 10:56:01,430 - deformetrica.core.models.longitudinal_metric_learning - INFO - Acceleration factors max/min: (1.7692463, 94, 0.42519894, 50)
2021-07-16 10:56:02,087 - deformetrica.core.models.longitudinal_metric_learning - INFO - Tmin 45 Tmax 105 Update of the spatiotemporalframe: 638 ms
2021-07-16 10:56:16,832 - deformetrica.core.models.longitudinal_metric_learning - INFO - Acceleration factors max/min: (1.7692463, 94, 0.42519894, 50)
2021-07-16 10:56:17,444 - deformetrica.core.models.longitudinal_metric_learning - INFO - Tmin 45 Tmax 105 Update of the spatiotemporalframe: 593 ms
2021-07-16 10:56:27,424 - deformetrica.core.estimators.gradient_ascent - INFO - >> Step size and gradient norm: 
2021-07-16 10:56:27,425 - deformetrica.core.estimators.gradient_ascent - INFO - 		7.989E-01   and   4.383E+00 	[ onset_age ]
2021-07-16 10:56:27,425 - deformetrica.core.estimators.gradient_ascent - INFO - 		3.983E-04   and   6.481E+01 	[ log_acceleration ]
2021-07-16 10:56:27,425 - deformetrica.core.estimators.gradient_ascent - INFO - 		1.966E-04   and   1.959E+02 	[ sources ]
2021-07-16 10:56:27,426 - deformetrica.core.models.longitudinal_metric_learning - INFO - Acceleration factors max/min: (1.7684137, 94, 0.42417982, 50)
2021-07-16 10:56:28,207 - deformetrica.core.models.longitudinal_metric_learning - INFO - Tmin 45 Tmax 105 Update of the spatiotemporalframe: 762 ms
2021-07-16 10:56:31,287 - deformetrica.core.estimators.gradient_ascent - INFO - --------------------------------- GA Iteration: 13/43 -----------------------------------
2021-07-16 10:56:31,287 - deformetrica.core.estimators.gradient_ascent - INFO - >> Log-likelihood = -9.541E+02 	 [ attachment = -8.051E+02 ; regularity = -1.490E+02 ]
2021-07-16 10:56:31,288 - deformetrica.core.models.longitudinal_metric_learning - INFO - Acceleration factors max/min: (1.7684137, 94, 0.42417982, 50)
2021-07-16 10:56:31,930 - deformetrica.core.models.longitudinal_metric_learning - INFO - Tmin 45 Tmax 105 Update of the spatiotemporalframe: 623 ms
2021-07-16 10:56:47,484 - deformetrica.core.models.longitudinal_metric_learning - INFO - Acceleration factors max/min: (1.7684137, 94, 0.42417982, 50)
2021-07-16 10:56:48,272 - deformetrica.core.models.longitudinal_metric_learning - INFO - Tmin 45 Tmax 105 Update of the spatiotemporalframe: 766 ms
2021-07-16 10:56:58,700 - deformetrica.core.estimators.gradient_ascent - INFO - >> Step size and gradient norm: 
2021-07-16 10:56:58,700 - deformetrica.core.estimators.gradient_ascent - INFO - 		9.587E-01   and   4.041E+00 	[ onset_age ]
2021-07-16 10:56:58,700 - deformetrica.core.estimators.gradient_ascent - INFO - 		4.779E-04   and   7.019E+01 	[ log_acceleration ]
2021-07-16 10:56:58,700 - deformetrica.core.estimators.gradient_ascent - INFO - 		2.359E-04   and   1.929E+02 	[ sources ]
2021-07-16 10:56:58,701 - deformetrica.core.models.longitudinal_metric_learning - INFO - Acceleration factors max/min: (1.7665032, 94, 0.4227711, 50)
2021-07-16 10:56:59,475 - deformetrica.core.models.longitudinal_metric_learning - INFO - Tmin 45 Tmax 105 Update of the spatiotemporalframe: 756 ms
2021-07-16 10:57:02,497 - deformetrica.core.estimators.gradient_ascent - INFO - --------------------------------- GA Iteration: 14/43 -----------------------------------
2021-07-16 10:57:02,497 - deformetrica.core.estimators.gradient_ascent - INFO - >> Log-likelihood = -9.305E+02 	 [ attachment = -7.823E+02 ; regularity = -1.481E+02 ]
2021-07-16 10:57:02,498 - deformetrica.core.models.longitudinal_metric_learning - INFO - Acceleration factors max/min: (1.7665032, 94, 0.4227711, 50)
2021-07-16 10:57:03,244 - deformetrica.core.models.longitudinal_metric_learning - INFO - Tmin 45 Tmax 105 Update of the spatiotemporalframe: 726 ms
2021-07-16 10:57:18,099 - deformetrica.core.models.longitudinal_metric_learning - INFO - Acceleration factors max/min: (1.7665032, 94, 0.4227711, 50)
2021-07-16 10:57:18,734 - deformetrica.core.models.longitudinal_metric_learning - INFO - Tmin 45 Tmax 105 Update of the spatiotemporalframe: 615 ms
2021-07-16 10:57:28,930 - deformetrica.core.estimators.gradient_ascent - INFO - >> Step size and gradient norm: 
2021-07-16 10:57:28,931 - deformetrica.core.estimators.gradient_ascent - INFO - 		1.150E+00   and   3.595E+00 	[ onset_age ]
2021-07-16 10:57:28,931 - deformetrica.core.estimators.gradient_ascent - INFO - 		5.735E-04   and   6.087E+01 	[ log_acceleration ]
2021-07-16 10:57:28,931 - deformetrica.core.estimators.gradient_ascent - INFO - 		2.831E-04   and   1.894E+02 	[ sources ]
2021-07-16 10:57:28,932 - deformetrica.core.models.longitudinal_metric_learning - INFO - Acceleration factors max/min: (1.7636261, 26, 0.4217385, 50)
2021-07-16 10:57:29,572 - deformetrica.core.models.longitudinal_metric_learning - INFO - Tmin 45 Tmax 105 Update of the spatiotemporalframe: 622 ms
2021-07-16 10:57:32,502 - deformetrica.core.estimators.gradient_ascent - INFO - --------------------------------- GA Iteration: 15/43 -----------------------------------
2021-07-16 10:57:32,502 - deformetrica.core.estimators.gradient_ascent - INFO - >> Log-likelihood = -9.086E+02 	 [ attachment = -7.614E+02 ; regularity = -1.472E+02 ]
2021-07-16 10:57:32,503 - deformetrica.core.models.longitudinal_metric_learning - INFO - Acceleration factors max/min: (1.7636261, 26, 0.4217385, 50)
2021-07-16 10:57:33,139 - deformetrica.core.models.longitudinal_metric_learning - INFO - Tmin 45 Tmax 105 Update of the spatiotemporalframe: 617 ms
2021-07-16 10:57:48,079 - deformetrica.core.models.longitudinal_metric_learning - INFO - Acceleration factors max/min: (1.7636261, 26, 0.4217385, 50)
2021-07-16 10:57:48,719 - deformetrica.core.models.longitudinal_metric_learning - INFO - Tmin 45 Tmax 105 Update of the spatiotemporalframe: 619 ms
2021-07-16 10:57:59,524 - deformetrica.core.estimators.gradient_ascent - INFO - >> Step size and gradient norm: 
2021-07-16 10:57:59,524 - deformetrica.core.estimators.gradient_ascent - INFO - 		1.380E+00   and   2.974E+00 	[ onset_age ]
2021-07-16 10:57:59,525 - deformetrica.core.estimators.gradient_ascent - INFO - 		6.882E-04   and   5.551E+01 	[ log_acceleration ]
2021-07-16 10:57:59,525 - deformetrica.core.estimators.gradient_ascent - INFO - 		3.397E-04   and   1.864E+02 	[ sources ]
2021-07-16 10:57:59,525 - deformetrica.core.models.longitudinal_metric_learning - INFO - Acceleration factors max/min: (1.7616022, 26, 0.42103568, 50)
2021-07-16 10:58:00,309 - deformetrica.core.models.longitudinal_metric_learning - INFO - Tmin 45 Tmax 105 Update of the spatiotemporalframe: 765 ms
2021-07-16 10:58:03,389 - deformetrica.core.estimators.gradient_ascent - INFO - --------------------------------- GA Iteration: 16/43 -----------------------------------
2021-07-16 10:58:03,390 - deformetrica.core.estimators.gradient_ascent - INFO - >> Log-likelihood = -8.879E+02 	 [ attachment = -7.421E+02 ; regularity = -1.458E+02 ]
2021-07-16 10:58:03,390 - deformetrica.core.models.longitudinal_metric_learning - INFO - Acceleration factors max/min: (1.7616022, 26, 0.42103568, 50)
2021-07-16 10:58:04,025 - deformetrica.core.models.longitudinal_metric_learning - INFO - Tmin 45 Tmax 105 Update of the spatiotemporalframe: 616 ms
2021-07-16 10:58:19,080 - deformetrica.core.models.longitudinal_metric_learning - INFO - Acceleration factors max/min: (1.7616022, 26, 0.42103568, 50)
2021-07-16 10:58:19,808 - deformetrica.core.models.longitudinal_metric_learning - INFO - Tmin 45 Tmax 105 Update of the spatiotemporalframe: 708 ms
2021-07-16 10:58:29,259 - deformetrica.core.estimators.gradient_ascent - INFO - >> Step size and gradient norm: 
2021-07-16 10:58:29,259 - deformetrica.core.estimators.gradient_ascent - INFO - 		1.657E+00   and   3.674E+00 	[ onset_age ]
2021-07-16 10:58:29,259 - deformetrica.core.estimators.gradient_ascent - INFO - 		8.259E-04   and   5.109E+01 	[ log_acceleration ]
2021-07-16 10:58:29,259 - deformetrica.core.estimators.gradient_ascent - INFO - 		4.077E-04   and   1.817E+02 	[ sources ]
2021-07-16 10:58:29,260 - deformetrica.core.models.longitudinal_metric_learning - INFO - Acceleration factors max/min: (1.75943, 26, 0.4204976, 50)
2021-07-16 10:58:29,887 - deformetrica.core.models.longitudinal_metric_learning - INFO - Tmin 45 Tmax 105 Update of the spatiotemporalframe: 610 ms
2021-07-16 10:58:32,774 - deformetrica.core.estimators.gradient_ascent - INFO - --------------------------------- GA Iteration: 17/43 -----------------------------------
2021-07-16 10:58:32,775 - deformetrica.core.estimators.gradient_ascent - INFO - >> Log-likelihood = -8.712E+02 	 [ attachment = -7.267E+02 ; regularity = -1.445E+02 ]
2021-07-16 10:58:32,775 - deformetrica.core.models.longitudinal_metric_learning - INFO - Acceleration factors max/min: (1.75943, 26, 0.4204976, 50)
2021-07-16 10:58:33,403 - deformetrica.core.models.longitudinal_metric_learning - INFO - Tmin 45 Tmax 105 Update of the spatiotemporalframe: 610 ms
2021-07-16 10:58:47,960 - deformetrica.core.models.longitudinal_metric_learning - INFO - Acceleration factors max/min: (1.75943, 26, 0.4204976, 50)
2021-07-16 10:58:48,593 - deformetrica.core.models.longitudinal_metric_learning - INFO - Tmin 45 Tmax 105 Update of the spatiotemporalframe: 612 ms
2021-07-16 10:58:58,476 - deformetrica.core.estimators.gradient_ascent - INFO - >> Step size and gradient norm: 
2021-07-16 10:58:58,477 - deformetrica.core.estimators.gradient_ascent - INFO - 		1.988E+00   and   3.408E+00 	[ onset_age ]
2021-07-16 10:58:58,477 - deformetrica.core.estimators.gradient_ascent - INFO - 		9.910E-04   and   5.440E+01 	[ log_acceleration ]
2021-07-16 10:58:58,477 - deformetrica.core.estimators.gradient_ascent - INFO - 		4.892E-04   and   1.789E+02 	[ sources ]
2021-07-16 10:58:58,478 - deformetrica.core.models.longitudinal_metric_learning - INFO - Acceleration factors max/min: (1.7568498, 26, 0.42124304, 50)
2021-07-16 10:58:59,116 - deformetrica.core.models.longitudinal_metric_learning - INFO - Tmin 45 Tmax 105 Update of the spatiotemporalframe: 621 ms
2021-07-16 10:59:02,063 - deformetrica.core.estimators.gradient_ascent - INFO - --------------------------------- GA Iteration: 18/43 -----------------------------------
2021-07-16 10:59:02,063 - deformetrica.core.estimators.gradient_ascent - INFO - >> Log-likelihood = -8.482E+02 	 [ attachment = -7.059E+02 ; regularity = -1.423E+02 ]
2021-07-16 10:59:02,064 - deformetrica.core.models.longitudinal_metric_learning - INFO - Acceleration factors max/min: (1.7568498, 26, 0.42124304, 50)
2021-07-16 10:59:02,801 - deformetrica.core.models.longitudinal_metric_learning - INFO - Tmin 45 Tmax 105 Update of the spatiotemporalframe: 718 ms
2021-07-16 10:59:18,526 - deformetrica.core.models.longitudinal_metric_learning - INFO - Acceleration factors max/min: (1.7568498, 26, 0.42124304, 50)
2021-07-16 10:59:19,153 - deformetrica.core.models.longitudinal_metric_learning - INFO - Tmin 45 Tmax 105 Update of the spatiotemporalframe: 607 ms
2021-07-16 10:59:29,835 - deformetrica.core.estimators.gradient_ascent - INFO - >> Step size and gradient norm: 
2021-07-16 10:59:29,835 - deformetrica.core.estimators.gradient_ascent - INFO - 		2.386E+00   and   5.173E+00 	[ onset_age ]
2021-07-16 10:59:29,835 - deformetrica.core.estimators.gradient_ascent - INFO - 		1.189E-03   and   1.044E+02 	[ log_acceleration ]
2021-07-16 10:59:29,836 - deformetrica.core.estimators.gradient_ascent - INFO - 		5.870E-04   and   1.729E+02 	[ sources ]
2021-07-16 10:59:29,836 - deformetrica.core.models.longitudinal_metric_learning - INFO - Acceleration factors max/min: (1.7536006, 26, 0.42199692, 69)
2021-07-16 10:59:30,608 - deformetrica.core.models.longitudinal_metric_learning - INFO - Tmin 45 Tmax 105 Update of the spatiotemporalframe: 752 ms
2021-07-16 10:59:33,694 - deformetrica.core.estimators.gradient_ascent - INFO - --------------------------------- GA Iteration: 19/43 -----------------------------------
2021-07-16 10:59:33,695 - deformetrica.core.estimators.gradient_ascent - INFO - >> Log-likelihood = -8.419E+02 	 [ attachment = -7.004E+02 ; regularity = -1.415E+02 ]
2021-07-16 10:59:33,695 - deformetrica.core.models.longitudinal_metric_learning - INFO - Acceleration factors max/min: (1.7536006, 26, 0.42199692, 69)
2021-07-16 10:59:34,314 - deformetrica.core.models.longitudinal_metric_learning - INFO - Tmin 45 Tmax 105 Update of the spatiotemporalframe: 598 ms
2021-07-16 10:59:48,731 - deformetrica.core.models.longitudinal_metric_learning - INFO - Acceleration factors max/min: (1.7536006, 26, 0.42199692, 69)
2021-07-16 10:59:49,348 - deformetrica.core.models.longitudinal_metric_learning - INFO - Tmin 45 Tmax 105 Update of the spatiotemporalframe: 596 ms
2021-07-16 10:59:59,233 - deformetrica.core.estimators.gradient_ascent - INFO - >> Step size and gradient norm: 
2021-07-16 10:59:59,234 - deformetrica.core.estimators.gradient_ascent - INFO - 		2.863E+00   and   6.719E+00 	[ onset_age ]
2021-07-16 10:59:59,234 - deformetrica.core.estimators.gradient_ascent - INFO - 		1.427E-03   and   1.113E+02 	[ log_acceleration ]
2021-07-16 10:59:59,234 - deformetrica.core.estimators.gradient_ascent - INFO - 		7.045E-04   and   1.699E+02 	[ sources ]
2021-07-16 10:59:59,235 - deformetrica.core.models.longitudinal_metric_learning - INFO - Acceleration factors max/min: (1.748841, 26, 0.42123127, 69)
2021-07-16 10:59:59,855 - deformetrica.core.models.longitudinal_metric_learning - INFO - Tmin 45 Tmax 105 Update of the spatiotemporalframe: 602 ms
2021-07-16 11:00:02,698 - deformetrica.core.estimators.gradient_ascent - INFO - --------------------------------- GA Iteration: 20/43 -----------------------------------
2021-07-16 11:00:02,698 - deformetrica.core.estimators.gradient_ascent - INFO - >> Log-likelihood = -8.233E+02 	 [ attachment = -6.830E+02 ; regularity = -1.403E+02 ]
2021-07-16 11:00:02,699 - deformetrica.core.models.longitudinal_metric_learning - INFO - Acceleration factors max/min: (1.748841, 26, 0.42123127, 69)
2021-07-16 11:00:03,341 - deformetrica.core.models.longitudinal_metric_learning - INFO - Tmin 45 Tmax 105 Update of the spatiotemporalframe: 622 ms
2021-07-16 11:00:19,897 - deformetrica.core.models.longitudinal_metric_learning - INFO - Acceleration factors max/min: (1.748841, 26, 0.42123127, 69)
2021-07-16 11:00:20,688 - deformetrica.core.models.longitudinal_metric_learning - INFO - Tmin 45 Tmax 105 Update of the spatiotemporalframe: 768 ms
2021-07-16 11:00:30,885 - deformetrica.core.estimators.gradient_ascent - INFO - >> Step size and gradient norm: 
2021-07-16 11:00:30,885 - deformetrica.core.estimators.gradient_ascent - INFO - 		3.435E+00   and   3.007E+00 	[ onset_age ]
2021-07-16 11:00:30,885 - deformetrica.core.estimators.gradient_ascent - INFO - 		1.713E-03   and   4.209E+01 	[ log_acceleration ]
2021-07-16 11:00:30,886 - deformetrica.core.estimators.gradient_ascent - INFO - 		8.453E-04   and   1.665E+02 	[ sources ]
2021-07-16 11:00:30,886 - deformetrica.core.models.longitudinal_metric_learning - INFO - Acceleration factors max/min: (1.7436358, 26, 0.42077568, 69)
2021-07-16 11:00:31,527 - deformetrica.core.models.longitudinal_metric_learning - INFO - Tmin 45 Tmax 105 Update of the spatiotemporalframe: 622 ms
2021-07-16 11:00:34,469 - deformetrica.core.estimators.gradient_ascent - INFO - --------------------------------- GA Iteration: 21/43 -----------------------------------
2021-07-16 11:00:34,469 - deformetrica.core.estimators.gradient_ascent - INFO - >> Log-likelihood = -7.996E+02 	 [ attachment = -6.616E+02 ; regularity = -1.380E+02 ]
2021-07-16 11:00:34,470 - deformetrica.core.models.longitudinal_metric_learning - INFO - Acceleration factors max/min: (1.7436358, 26, 0.42077568, 69)
2021-07-16 11:00:35,108 - deformetrica.core.models.longitudinal_metric_learning - INFO - Tmin 45 Tmax 105 Update of the spatiotemporalframe: 618 ms
2021-07-16 11:00:50,080 - deformetrica.core.models.longitudinal_metric_learning - INFO - Acceleration factors max/min: (1.7436358, 26, 0.42077568, 69)
2021-07-16 11:00:50,709 - deformetrica.core.models.longitudinal_metric_learning - INFO - Tmin 45 Tmax 105 Update of the spatiotemporalframe: 609 ms
2021-07-16 11:01:00,117 - deformetrica.core.estimators.gradient_ascent - INFO - >> Step size and gradient norm: 
2021-07-16 11:01:00,118 - deformetrica.core.estimators.gradient_ascent - INFO - 		4.122E+00   and   4.441E+00 	[ onset_age ]
2021-07-16 11:01:00,118 - deformetrica.core.estimators.gradient_ascent - INFO - 		2.055E-03   and   4.028E+01 	[ log_acceleration ]
2021-07-16 11:01:00,118 - deformetrica.core.estimators.gradient_ascent - INFO - 		1.014E-03   and   1.605E+02 	[ sources ]
2021-07-16 11:01:00,119 - deformetrica.core.models.longitudinal_metric_learning - INFO - Acceleration factors max/min: (1.738145, 26, 0.42082256, 69)
2021-07-16 11:01:00,902 - deformetrica.core.models.longitudinal_metric_learning - INFO - Tmin 45 Tmax 105 Update of the spatiotemporalframe: 763 ms
2021-07-16 11:01:04,206 - deformetrica.core.estimators.gradient_ascent - INFO - --------------------------------- GA Iteration: 22/43 -----------------------------------
2021-07-16 11:01:04,207 - deformetrica.core.estimators.gradient_ascent - INFO - >> Log-likelihood = -7.553E+02 	 [ attachment = -6.197E+02 ; regularity = -1.357E+02 ]
2021-07-16 11:01:04,207 - deformetrica.core.models.longitudinal_metric_learning - INFO - Acceleration factors max/min: (1.738145, 26, 0.42082256, 69)
2021-07-16 11:01:04,820 - deformetrica.core.models.longitudinal_metric_learning - INFO - Tmin 45 Tmax 105 Update of the spatiotemporalframe: 593 ms
2021-07-16 11:01:19,436 - deformetrica.core.models.longitudinal_metric_learning - INFO - Acceleration factors max/min: (1.738145, 26, 0.42082256, 69)
2021-07-16 11:01:20,059 - deformetrica.core.models.longitudinal_metric_learning - INFO - Tmin 45 Tmax 105 Update of the spatiotemporalframe: 603 ms
2021-07-16 11:01:29,173 - deformetrica.core.estimators.gradient_ascent - INFO - >> Step size and gradient norm: 
2021-07-16 11:01:29,174 - deformetrica.core.estimators.gradient_ascent - INFO - 		4.947E+00   and   3.458E+00 	[ onset_age ]
2021-07-16 11:01:29,174 - deformetrica.core.estimators.gradient_ascent - INFO - 		2.466E-03   and   5.349E+01 	[ log_acceleration ]
2021-07-16 11:01:29,174 - deformetrica.core.estimators.gradient_ascent - INFO - 		1.217E-03   and   1.579E+02 	[ sources ]
2021-07-16 11:01:29,174 - deformetrica.core.models.longitudinal_metric_learning - INFO - Acceleration factors max/min: (1.7279339, 26, 0.42161146, 69)
2021-07-16 11:01:29,797 - deformetrica.core.models.longitudinal_metric_learning - INFO - Tmin 45 Tmax 105 Update of the spatiotemporalframe: 606 ms
2021-07-16 11:01:32,986 - deformetrica.core.estimators.gradient_ascent - INFO - --------------------------------- GA Iteration: 23/43 -----------------------------------
2021-07-16 11:01:32,987 - deformetrica.core.estimators.gradient_ascent - INFO - >> Log-likelihood = -7.395E+02 	 [ attachment = -6.054E+02 ; regularity = -1.341E+02 ]
2021-07-16 11:01:32,987 - deformetrica.core.models.longitudinal_metric_learning - INFO - Acceleration factors max/min: (1.7279339, 26, 0.42161146, 69)
2021-07-16 11:01:33,617 - deformetrica.core.models.longitudinal_metric_learning - INFO - Tmin 45 Tmax 105 Update of the spatiotemporalframe: 610 ms
2021-07-16 11:01:48,152 - deformetrica.core.models.longitudinal_metric_learning - INFO - Acceleration factors max/min: (1.7279339, 26, 0.42161146, 69)
2021-07-16 11:01:48,779 - deformetrica.core.models.longitudinal_metric_learning - INFO - Tmin 45 Tmax 105 Update of the spatiotemporalframe: 608 ms
2021-07-16 11:01:59,274 - deformetrica.core.estimators.gradient_ascent - INFO - >> Step size and gradient norm: 
2021-07-16 11:01:59,275 - deformetrica.core.estimators.gradient_ascent - INFO - 		5.936E+00   and   5.857E+00 	[ onset_age ]
2021-07-16 11:01:59,275 - deformetrica.core.estimators.gradient_ascent - INFO - 		2.959E-03   and   4.512E+01 	[ log_acceleration ]
2021-07-16 11:01:59,275 - deformetrica.core.estimators.gradient_ascent - INFO - 		1.461E-03   and   1.539E+02 	[ sources ]
2021-07-16 11:01:59,276 - deformetrica.core.models.longitudinal_metric_learning - INFO - Acceleration factors max/min: (1.7166809, 26, 0.42339, 69)
2021-07-16 11:02:00,044 - deformetrica.core.models.longitudinal_metric_learning - INFO - Tmin 45 Tmax 105 Update of the spatiotemporalframe: 750 ms
2021-07-16 11:02:02,926 - deformetrica.core.estimators.gradient_ascent - INFO - --------------------------------- GA Iteration: 24/43 -----------------------------------
2021-07-16 11:02:02,926 - deformetrica.core.estimators.gradient_ascent - INFO - >> Log-likelihood = -7.242E+02 	 [ attachment = -5.943E+02 ; regularity = -1.299E+02 ]
2021-07-16 11:02:02,926 - deformetrica.core.models.longitudinal_metric_learning - INFO - Acceleration factors max/min: (1.7166809, 26, 0.42339, 69)
2021-07-16 11:02:03,572 - deformetrica.core.models.longitudinal_metric_learning - INFO - Tmin 45 Tmax 105 Update of the spatiotemporalframe: 626 ms
2021-07-16 11:02:18,392 - deformetrica.core.models.longitudinal_metric_learning - INFO - Acceleration factors max/min: (1.7166809, 26, 0.42339, 69)
2021-07-16 11:02:19,012 - deformetrica.core.models.longitudinal_metric_learning - INFO - Tmin 45 Tmax 105 Update of the spatiotemporalframe: 600 ms
2021-07-16 11:02:29,445 - deformetrica.core.estimators.gradient_ascent - INFO - >> Step size and gradient norm: 
2021-07-16 11:02:29,446 - deformetrica.core.estimators.gradient_ascent - INFO - 		7.123E+00   and   1.865E+00 	[ onset_age ]
2021-07-16 11:02:29,446 - deformetrica.core.estimators.gradient_ascent - INFO - 		3.551E-03   and   2.702E+01 	[ log_acceleration ]
2021-07-16 11:02:29,446 - deformetrica.core.estimators.gradient_ascent - INFO - 		1.753E-03   and   1.517E+02 	[ sources ]
2021-07-16 11:02:29,447 - deformetrica.core.models.longitudinal_metric_learning - INFO - Acceleration factors max/min: (1.7059152, 96, 0.42641085, 69)
2021-07-16 11:02:30,209 - deformetrica.core.models.longitudinal_metric_learning - INFO - Tmin 45 Tmax 105 Update of the spatiotemporalframe: 744 ms
2021-07-16 11:02:33,602 - deformetrica.core.estimators.gradient_ascent - INFO - --------------------------------- GA Iteration: 25/43 -----------------------------------
2021-07-16 11:02:33,604 - deformetrica.core.estimators.gradient_ascent - INFO - >> Log-likelihood = -7.014E+02 	 [ attachment = -5.748E+02 ; regularity = -1.266E+02 ]
2021-07-16 11:02:33,604 - deformetrica.core.models.longitudinal_metric_learning - INFO - Acceleration factors max/min: (1.7059152, 96, 0.42641085, 69)
2021-07-16 11:02:34,298 - deformetrica.core.models.longitudinal_metric_learning - INFO - Tmin 45 Tmax 105 Update of the spatiotemporalframe: 675 ms
2021-07-16 11:02:49,241 - deformetrica.core.models.longitudinal_metric_learning - INFO - Acceleration factors max/min: (1.7059152, 96, 0.42641085, 69)
2021-07-16 11:02:49,871 - deformetrica.core.models.longitudinal_metric_learning - INFO - Tmin 45 Tmax 105 Update of the spatiotemporalframe: 611 ms
2021-07-16 11:02:59,387 - deformetrica.core.estimators.gradient_ascent - INFO - >> Step size and gradient norm: 
2021-07-16 11:02:59,388 - deformetrica.core.estimators.gradient_ascent - INFO - 		8.548E+00   and   3.401E+00 	[ onset_age ]
2021-07-16 11:02:59,388 - deformetrica.core.estimators.gradient_ascent - INFO - 		4.261E-03   and   3.387E+01 	[ log_acceleration ]
2021-07-16 11:02:59,388 - deformetrica.core.estimators.gradient_ascent - INFO - 		2.103E-03   and   1.457E+02 	[ sources ]
2021-07-16 11:02:59,389 - deformetrica.core.models.longitudinal_metric_learning - INFO - Acceleration factors max/min: (1.771636, 96, 0.43090194, 69)
2021-07-16 11:03:00,020 - deformetrica.core.models.longitudinal_metric_learning - INFO - Tmin 45 Tmax 105 Update of the spatiotemporalframe: 614 ms
2021-07-16 11:03:02,939 - deformetrica.core.models.longitudinal_metric_learning - INFO - Acceleration factors max/min: (1.7582923, 96, 0.42999995, 69)
2021-07-16 11:03:03,567 - deformetrica.core.models.longitudinal_metric_learning - INFO - Tmin 45 Tmax 105 Update of the spatiotemporalframe: 611 ms
2021-07-16 11:03:06,486 - deformetrica.core.models.longitudinal_metric_learning - INFO - Acceleration factors max/min: (1.7582923, 96, 0.42999995, 69)
2021-07-16 11:03:07,118 - deformetrica.core.models.longitudinal_metric_learning - INFO - Tmin 45 Tmax 105 Update of the spatiotemporalframe: 614 ms
2021-07-16 11:03:10,669 - deformetrica.core.models.longitudinal_metric_learning - INFO - Acceleration factors max/min: (1.771636, 96, 0.43090194, 69)
2021-07-16 11:03:11,454 - deformetrica.core.models.longitudinal_metric_learning - INFO - Tmin 45 Tmax 105 Update of the spatiotemporalframe: 764 ms
2021-07-16 11:03:14,637 - deformetrica.core.models.longitudinal_metric_learning - INFO - Acceleration factors max/min: (1.7582923, 96, 0.42999995, 69)
2021-07-16 11:03:15,273 - deformetrica.core.models.longitudinal_metric_learning - INFO - Tmin 45 Tmax 105 Update of the spatiotemporalframe: 617 ms
2021-07-16 11:03:18,220 - deformetrica.core.estimators.gradient_ascent - INFO - --------------------------------- GA Iteration: 26/43 -----------------------------------
2021-07-16 11:03:18,221 - deformetrica.core.estimators.gradient_ascent - INFO - >> Log-likelihood = -6.932E+02 	 [ attachment = -5.719E+02 ; regularity = -1.213E+02 ]
2021-07-16 11:03:18,222 - deformetrica.core.models.longitudinal_metric_learning - INFO - Acceleration factors max/min: (1.7582923, 96, 0.42999995, 69)
2021-07-16 11:03:18,877 - deformetrica.core.models.longitudinal_metric_learning - INFO - Tmin 45 Tmax 105 Update of the spatiotemporalframe: 635 ms
2021-07-16 11:03:33,874 - deformetrica.core.models.longitudinal_metric_learning - INFO - Acceleration factors max/min: (1.7582923, 96, 0.42999995, 69)
2021-07-16 11:03:34,527 - deformetrica.core.models.longitudinal_metric_learning - INFO - Tmin 45 Tmax 105 Update of the spatiotemporalframe: 634 ms
2021-07-16 11:03:43,993 - deformetrica.core.estimators.gradient_ascent - INFO - >> Step size and gradient norm: 
2021-07-16 11:03:43,994 - deformetrica.core.estimators.gradient_ascent - INFO - 		6.838E+00   and   5.425E+00 	[ onset_age ]
2021-07-16 11:03:43,994 - deformetrica.core.estimators.gradient_ascent - INFO - 		3.409E-03   and   5.458E+01 	[ log_acceleration ]
2021-07-16 11:03:43,994 - deformetrica.core.estimators.gradient_ascent - INFO - 		1.683E-03   and   1.429E+02 	[ sources ]
2021-07-16 11:03:43,994 - deformetrica.core.models.longitudinal_metric_learning - INFO - Acceleration factors max/min: (1.6810097, 26, 0.43284568, 43)
2021-07-16 11:03:44,634 - deformetrica.core.models.longitudinal_metric_learning - INFO - Tmin 45 Tmax 105 Update of the spatiotemporalframe: 623 ms
2021-07-16 11:03:47,561 - deformetrica.core.models.longitudinal_metric_learning - INFO - Acceleration factors max/min: (1.6828753, 26, 0.43318307, 69)
2021-07-16 11:03:48,197 - deformetrica.core.models.longitudinal_metric_learning - INFO - Tmin 45 Tmax 105 Update of the spatiotemporalframe: 618 ms
2021-07-16 11:03:51,147 - deformetrica.core.models.longitudinal_metric_learning - INFO - Acceleration factors max/min: (1.6828753, 26, 0.43318307, 69)
2021-07-16 11:03:51,790 - deformetrica.core.models.longitudinal_metric_learning - INFO - Tmin 45 Tmax 105 Update of the spatiotemporalframe: 625 ms
2021-07-16 11:03:55,146 - deformetrica.core.models.longitudinal_metric_learning - INFO - Acceleration factors max/min: (1.6810097, 26, 0.43284568, 43)
2021-07-16 11:03:55,793 - deformetrica.core.models.longitudinal_metric_learning - INFO - Tmin 45 Tmax 105 Update of the spatiotemporalframe: 627 ms
2021-07-16 11:03:58,751 - deformetrica.core.models.longitudinal_metric_learning - INFO - Acceleration factors max/min: (1.6828753, 26, 0.43318307, 69)
2021-07-16 11:03:59,394 - deformetrica.core.models.longitudinal_metric_learning - INFO - Tmin 45 Tmax 105 Update of the spatiotemporalframe: 626 ms
2021-07-16 11:04:02,579 - deformetrica.core.estimators.gradient_ascent - INFO - --------------------------------- GA Iteration: 27/43 -----------------------------------
2021-07-16 11:04:02,582 - deformetrica.core.estimators.gradient_ascent - INFO - >> Log-likelihood = -6.807E+02 	 [ attachment = -5.617E+02 ; regularity = -1.190E+02 ]
2021-07-16 11:04:02,582 - deformetrica.core.models.longitudinal_metric_learning - INFO - Acceleration factors max/min: (1.6828753, 26, 0.43318307, 69)
2021-07-16 11:04:03,268 - deformetrica.core.models.longitudinal_metric_learning - INFO - Tmin 45 Tmax 105 Update of the spatiotemporalframe: 665 ms
2021-07-16 11:04:18,549 - deformetrica.core.models.longitudinal_metric_learning - INFO - Acceleration factors max/min: (1.6828753, 26, 0.43318307, 69)
2021-07-16 11:04:19,203 - deformetrica.core.models.longitudinal_metric_learning - INFO - Tmin 45 Tmax 105 Update of the spatiotemporalframe: 633 ms
2021-07-16 11:04:28,818 - deformetrica.core.estimators.gradient_ascent - INFO - >> Step size and gradient norm: 
2021-07-16 11:04:28,818 - deformetrica.core.estimators.gradient_ascent - INFO - 		5.471E+00   and   4.135E+00 	[ onset_age ]
2021-07-16 11:04:28,818 - deformetrica.core.estimators.gradient_ascent - INFO - 		2.727E-03   and   4.631E+01 	[ log_acceleration ]
2021-07-16 11:04:28,818 - deformetrica.core.estimators.gradient_ascent - INFO - 		1.346E-03   and   1.384E+02 	[ sources ]
2021-07-16 11:04:28,819 - deformetrica.core.models.longitudinal_metric_learning - INFO - Acceleration factors max/min: (1.670885, 26, 0.43656188, 69)
2021-07-16 11:04:29,458 - deformetrica.core.models.longitudinal_metric_learning - INFO - Tmin 45 Tmax 105 Update of the spatiotemporalframe: 622 ms
2021-07-16 11:04:32,400 - deformetrica.core.estimators.gradient_ascent - INFO - --------------------------------- GA Iteration: 28/43 -----------------------------------
2021-07-16 11:04:32,401 - deformetrica.core.estimators.gradient_ascent - INFO - >> Log-likelihood = -6.553E+02 	 [ attachment = -5.403E+02 ; regularity = -1.150E+02 ]
2021-07-16 11:04:32,401 - deformetrica.core.models.longitudinal_metric_learning - INFO - Acceleration factors max/min: (1.670885, 26, 0.43656188, 69)
2021-07-16 11:04:33,042 - deformetrica.core.models.longitudinal_metric_learning - INFO - Tmin 45 Tmax 105 Update of the spatiotemporalframe: 622 ms
2021-07-16 11:04:47,872 - deformetrica.core.models.longitudinal_metric_learning - INFO - Acceleration factors max/min: (1.670885, 26, 0.43656188, 69)
2021-07-16 11:04:48,487 - deformetrica.core.models.longitudinal_metric_learning - INFO - Tmin 45 Tmax 105 Update of the spatiotemporalframe: 595 ms
2021-07-16 11:04:58,931 - deformetrica.core.estimators.gradient_ascent - INFO - >> Step size and gradient norm: 
2021-07-16 11:04:58,932 - deformetrica.core.estimators.gradient_ascent - INFO - 		6.565E+00   and   3.811E+00 	[ onset_age ]
2021-07-16 11:04:58,932 - deformetrica.core.estimators.gradient_ascent - INFO - 		3.273E-03   and   4.276E+01 	[ log_acceleration ]
2021-07-16 11:04:58,932 - deformetrica.core.estimators.gradient_ascent - INFO - 		1.615E-03   and   1.307E+02 	[ sources ]
2021-07-16 11:04:58,933 - deformetrica.core.models.longitudinal_metric_learning - INFO - Acceleration factors max/min: (1.6625103, 26, 0.4408203, 69)
2021-07-16 11:04:59,551 - deformetrica.core.models.longitudinal_metric_learning - INFO - Tmin 45 Tmax 105 Update of the spatiotemporalframe: 602 ms
2021-07-16 11:05:02,420 - deformetrica.core.estimators.gradient_ascent - INFO - --------------------------------- GA Iteration: 29/43 -----------------------------------
2021-07-16 11:05:02,420 - deformetrica.core.estimators.gradient_ascent - INFO - >> Log-likelihood = -6.474E+02 	 [ attachment = -5.364E+02 ; regularity = -1.110E+02 ]
2021-07-16 11:05:02,421 - deformetrica.core.models.longitudinal_metric_learning - INFO - Acceleration factors max/min: (1.6625103, 26, 0.4408203, 69)
2021-07-16 11:05:03,039 - deformetrica.core.models.longitudinal_metric_learning - INFO - Tmin 45 Tmax 105 Update of the spatiotemporalframe: 600 ms
