2021-07-16 11:05:12,069 - root - ERROR - Logger has been set to: NOTSET
2021-07-16 11:05:12,104 - deformetrica.in_out.array_readers_and_writers - INFO - Performing initial least square regressions on the subjects, for initialization purposes.
2021-07-16 11:05:12,201 - deformetrica.in_out.array_readers_and_writers - INFO - Performing principal component analysis on the orthogonal variations, for initialization of A and s_i.
2021-07-16 11:05:12,238 - deformetrica.in_out.array_readers_and_writers - INFO -  >>> Performing gradient descent on the mode.
2021-07-16 11:05:12,238 - deformetrica.in_out.array_readers_and_writers - INFO - 
2021-07-16 11:05:12,238 - deformetrica.in_out.array_readers_and_writers - INFO - [ estimate_longitudinal_metric_model function ]
2021-07-16 11:05:12,273 - deformetrica.in_out.array_readers_and_writers - INFO - Setting initial onset ages from preprocessing_4/1_smart_initialization/SmartInitialization_onset_ages.txt file
2021-07-16 11:05:12,273 - deformetrica.in_out.array_readers_and_writers - INFO - Setting initial log accelerations from preprocessing_4/1_smart_initialization/SmartInitialization_log_accelerations.txt file
2021-07-16 11:05:12,274 - deformetrica.in_out.array_readers_and_writers - INFO - Initializing exponential type to parametric
2021-07-16 11:05:12,274 - deformetrica.in_out.array_readers_and_writers - INFO - I am initializing the interpolation points using the width 0.15
2021-07-16 11:05:12,274 - deformetrica.in_out.array_readers_and_writers - INFO - Suggested cp to fill the box: 49
2021-07-16 11:05:12,277 - deformetrica.in_out.array_readers_and_writers - INFO - Cp after filtering: 31
2021-07-16 11:05:12,277 - deformetrica.in_out.array_readers_and_writers - INFO - The width for the metric interpolation is set to 0.15
2021-07-16 11:05:12,277 - deformetrica.in_out.array_readers_and_writers - INFO - I am setting the no_parallel_transport flag to False.
2021-07-16 11:05:12,278 - deformetrica.in_out.array_readers_and_writers - INFO - >> Reading 1-source initial modulation matrix from file: preprocessing_4/1_smart_initialization/SmartInitialization_modulation_matrix.txt
2021-07-16 11:05:12,278 - deformetrica.in_out.array_readers_and_writers - INFO - Setting initial sources from preprocessing_4/1_smart_initialization/SmartInitialization_sources.txt file
2021-07-16 11:05:12,278 - deformetrica.core.models.longitudinal_metric_learning - INFO - ('v0', True)
2021-07-16 11:05:12,279 - deformetrica.core.models.longitudinal_metric_learning - INFO - ('p0', True)
2021-07-16 11:05:12,279 - deformetrica.core.models.longitudinal_metric_learning - INFO - ('reference_time', False)
2021-07-16 11:05:12,279 - deformetrica.core.models.longitudinal_metric_learning - INFO - ('onset_age_variance', True)
2021-07-16 11:05:12,279 - deformetrica.core.models.longitudinal_metric_learning - INFO - ('log_acceleration_variance', True)
2021-07-16 11:05:12,279 - deformetrica.core.models.longitudinal_metric_learning - INFO - ('noise_variance', True)
2021-07-16 11:05:12,279 - deformetrica.core.models.longitudinal_metric_learning - INFO - ('metric_parameters', False)
2021-07-16 11:05:12,279 - deformetrica.core.models.longitudinal_metric_learning - INFO - ('modulation_matrix', True)
2021-07-16 11:05:12,279 - deformetrica.in_out.array_readers_and_writers - INFO - 
2021-07-16 11:05:12,279 - deformetrica.in_out.array_readers_and_writers - INFO - [ update method of the GradientAscent  optimizer ]
2021-07-16 11:05:12,280 - deformetrica.core.models.longitudinal_metric_learning - INFO - Acceleration factors max/min: (1.7766526, 26, 0.43086863, 3)
2021-07-16 11:05:13,432 - deformetrica.core.models.longitudinal_metric_learning - INFO - Tmin 45 Tmax 105 Update of the spatiotemporalframe: 1127 ms
2021-07-16 11:05:25,803 - deformetrica.core.estimators.gradient_ascent - INFO - --------------------------------- GA Iteration: 0/43 -----------------------------------
2021-07-16 11:05:26,121 - deformetrica.core.estimators.gradient_ascent - INFO - >> Log-likelihood = -3.925E+03 	 [ attachment = -3.775E+03 ; regularity = -1.500E+02 ]
2021-07-16 11:05:26,123 - deformetrica.core.estimators.gradient_ascent - INFO - >> Step size and gradient norm: 
2021-07-16 11:05:26,124 - deformetrica.core.estimators.gradient_ascent - INFO - 		7.111E-06   and   1.406E+04 	[ metric_parameters ]
2021-07-16 11:05:26,126 - deformetrica.core.estimators.gradient_ascent - INFO - 		8.960E-02   and   1.116E+01 	[ onset_age ]
2021-07-16 11:05:26,127 - deformetrica.core.estimators.gradient_ascent - INFO - 		4.467E-05   and   2.239E+02 	[ log_acceleration ]
2021-07-16 11:05:26,128 - deformetrica.core.estimators.gradient_ascent - INFO - 		2.205E-05   and   4.535E+02 	[ sources ]
2021-07-16 11:05:26,129 - deformetrica.core.models.longitudinal_metric_learning - INFO - Acceleration factors max/min: (1.7763553, 26, 0.4307593, 69)
2021-07-16 11:05:26,830 - deformetrica.core.models.longitudinal_metric_learning - INFO - Tmin 45 Tmax 105 Update of the spatiotemporalframe: 684 ms
2021-07-16 11:05:29,836 - deformetrica.core.estimators.gradient_ascent - INFO - --------------------------------- GA Iteration: 1/43 -----------------------------------
2021-07-16 11:05:29,837 - deformetrica.core.estimators.gradient_ascent - INFO - >> Log-likelihood = -3.468E+03 	 [ attachment = -3.318E+03 ; regularity = -1.501E+02 ]
2021-07-16 11:05:29,838 - deformetrica.core.models.longitudinal_metric_learning - INFO - Acceleration factors max/min: (1.7763553, 26, 0.4307593, 69)
2021-07-16 11:05:30,468 - deformetrica.core.models.longitudinal_metric_learning - INFO - Tmin 45 Tmax 105 Update of the spatiotemporalframe: 611 ms
2021-07-16 11:05:45,127 - deformetrica.core.models.longitudinal_metric_learning - INFO - Acceleration factors max/min: (1.7763553, 26, 0.4307593, 69)
2021-07-16 11:05:46,075 - deformetrica.core.models.longitudinal_metric_learning - INFO - Tmin 45 Tmax 105 Update of the spatiotemporalframe: 926 ms
2021-07-16 11:05:58,267 - deformetrica.core.estimators.gradient_ascent - INFO - >> Step size and gradient norm: 
2021-07-16 11:05:58,270 - deformetrica.core.estimators.gradient_ascent - INFO - 		8.534E-06   and   1.064E+04 	[ metric_parameters ]
2021-07-16 11:05:58,270 - deformetrica.core.estimators.gradient_ascent - INFO - 		1.075E-01   and   1.011E+01 	[ onset_age ]
2021-07-16 11:05:58,270 - deformetrica.core.estimators.gradient_ascent - INFO - 		5.360E-05   and   1.651E+02 	[ log_acceleration ]
2021-07-16 11:05:58,270 - deformetrica.core.estimators.gradient_ascent - INFO - 		2.646E-05   and   4.238E+02 	[ sources ]
2021-07-16 11:05:58,271 - deformetrica.core.models.longitudinal_metric_learning - INFO - Acceleration factors max/min: (1.7757611, 26, 0.43064436, 69)
2021-07-16 11:05:58,979 - deformetrica.core.models.longitudinal_metric_learning - INFO - Tmin 45 Tmax 105 Update of the spatiotemporalframe: 689 ms
2021-07-16 11:06:01,940 - deformetrica.core.estimators.gradient_ascent - INFO - --------------------------------- GA Iteration: 2/43 -----------------------------------
2021-07-16 11:06:02,046 - deformetrica.core.estimators.gradient_ascent - INFO - >> Log-likelihood = -3.037E+03 	 [ attachment = -2.886E+03 ; regularity = -1.502E+02 ]
2021-07-16 11:06:02,047 - deformetrica.core.models.longitudinal_metric_learning - INFO - Acceleration factors max/min: (1.7757611, 26, 0.43064436, 69)
2021-07-16 11:06:02,681 - deformetrica.core.models.longitudinal_metric_learning - INFO - Tmin 45 Tmax 105 Update of the spatiotemporalframe: 614 ms
2021-07-16 11:06:17,388 - deformetrica.core.models.longitudinal_metric_learning - INFO - Acceleration factors max/min: (1.7757611, 26, 0.43064436, 69)
2021-07-16 11:06:18,372 - deformetrica.core.models.longitudinal_metric_learning - INFO - Tmin 45 Tmax 105 Update of the spatiotemporalframe: 962 ms
2021-07-16 11:06:30,688 - deformetrica.core.estimators.gradient_ascent - INFO - >> Step size and gradient norm: 
2021-07-16 11:06:30,691 - deformetrica.core.estimators.gradient_ascent - INFO - 		1.024E-05   and   7.414E+03 	[ metric_parameters ]
2021-07-16 11:06:30,693 - deformetrica.core.estimators.gradient_ascent - INFO - 		1.290E-01   and   1.084E+01 	[ onset_age ]
2021-07-16 11:06:30,695 - deformetrica.core.estimators.gradient_ascent - INFO - 		6.432E-05   and   1.472E+02 	[ log_acceleration ]
2021-07-16 11:06:30,696 - deformetrica.core.estimators.gradient_ascent - INFO - 		3.175E-05   and   3.942E+02 	[ sources ]
2021-07-16 11:06:30,697 - deformetrica.core.models.longitudinal_metric_learning - INFO - Acceleration factors max/min: (1.7749074, 26, 0.4305158, 69)
2021-07-16 11:06:31,460 - deformetrica.core.models.longitudinal_metric_learning - INFO - Tmin 45 Tmax 105 Update of the spatiotemporalframe: 728 ms
2021-07-16 11:06:34,594 - deformetrica.core.estimators.gradient_ascent - INFO - --------------------------------- GA Iteration: 3/43 -----------------------------------
2021-07-16 11:06:34,595 - deformetrica.core.estimators.gradient_ascent - INFO - >> Log-likelihood = -2.657E+03 	 [ attachment = -2.506E+03 ; regularity = -1.503E+02 ]
2021-07-16 11:06:34,595 - deformetrica.core.models.longitudinal_metric_learning - INFO - Acceleration factors max/min: (1.7749074, 26, 0.4305158, 69)
2021-07-16 11:06:35,221 - deformetrica.core.models.longitudinal_metric_learning - INFO - Tmin 45 Tmax 105 Update of the spatiotemporalframe: 607 ms
2021-07-16 11:06:50,212 - deformetrica.core.models.longitudinal_metric_learning - INFO - Acceleration factors max/min: (1.7749074, 26, 0.4305158, 69)
2021-07-16 11:06:51,120 - deformetrica.core.models.longitudinal_metric_learning - INFO - Tmin 45 Tmax 105 Update of the spatiotemporalframe: 886 ms
2021-07-16 11:07:03,349 - deformetrica.core.estimators.gradient_ascent - INFO - >> Step size and gradient norm: 
2021-07-16 11:07:03,350 - deformetrica.core.estimators.gradient_ascent - INFO - 		1.229E-05   and   5.412E+03 	[ metric_parameters ]
2021-07-16 11:07:03,352 - deformetrica.core.estimators.gradient_ascent - INFO - 		1.548E-01   and   1.119E+01 	[ onset_age ]
2021-07-16 11:07:03,353 - deformetrica.core.estimators.gradient_ascent - INFO - 		7.719E-05   and   1.289E+02 	[ log_acceleration ]
2021-07-16 11:07:03,354 - deformetrica.core.estimators.gradient_ascent - INFO - 		3.810E-05   and   3.668E+02 	[ sources ]
2021-07-16 11:07:03,355 - deformetrica.core.models.longitudinal_metric_learning - INFO - Acceleration factors max/min: (1.7741723, 94, 0.43035188, 69)
2021-07-16 11:07:04,015 - deformetrica.core.models.longitudinal_metric_learning - INFO - Tmin 45 Tmax 105 Update of the spatiotemporalframe: 644 ms
2021-07-16 11:07:06,957 - deformetrica.core.estimators.gradient_ascent - INFO - --------------------------------- GA Iteration: 4/43 -----------------------------------
2021-07-16 11:07:06,958 - deformetrica.core.estimators.gradient_ascent - INFO - >> Log-likelihood = -2.326E+03 	 [ attachment = -2.176E+03 ; regularity = -1.504E+02 ]
2021-07-16 11:07:06,958 - deformetrica.core.models.longitudinal_metric_learning - INFO - Acceleration factors max/min: (1.7741723, 94, 0.43035188, 69)
2021-07-16 11:07:07,575 - deformetrica.core.models.longitudinal_metric_learning - INFO - Tmin 45 Tmax 105 Update of the spatiotemporalframe: 598 ms
2021-07-16 11:07:22,554 - deformetrica.core.models.longitudinal_metric_learning - INFO - Acceleration factors max/min: (1.7741723, 94, 0.43035188, 69)
2021-07-16 11:07:23,463 - deformetrica.core.models.longitudinal_metric_learning - INFO - Tmin 45 Tmax 105 Update of the spatiotemporalframe: 887 ms
2021-07-16 11:07:35,474 - deformetrica.core.estimators.gradient_ascent - INFO - >> Step size and gradient norm: 
2021-07-16 11:07:35,477 - deformetrica.core.estimators.gradient_ascent - INFO - 		1.475E-05   and   4.386E+03 	[ metric_parameters ]
2021-07-16 11:07:35,479 - deformetrica.core.estimators.gradient_ascent - INFO - 		1.858E-01   and   1.058E+01 	[ onset_age ]
2021-07-16 11:07:35,482 - deformetrica.core.estimators.gradient_ascent - INFO - 		9.263E-05   and   1.214E+02 	[ log_acceleration ]
2021-07-16 11:07:35,482 - deformetrica.core.estimators.gradient_ascent - INFO - 		4.572E-05   and   3.417E+02 	[ sources ]
2021-07-16 11:07:35,484 - deformetrica.core.models.longitudinal_metric_learning - INFO - Acceleration factors max/min: (1.7742505, 94, 0.4301595, 69)
2021-07-16 11:07:36,178 - deformetrica.core.models.longitudinal_metric_learning - INFO - Tmin 45 Tmax 105 Update of the spatiotemporalframe: 676 ms
2021-07-16 11:07:39,209 - deformetrica.core.estimators.gradient_ascent - INFO - --------------------------------- GA Iteration: 5/43 -----------------------------------
2021-07-16 11:07:39,210 - deformetrica.core.estimators.gradient_ascent - INFO - >> Log-likelihood = -2.042E+03 	 [ attachment = -1.891E+03 ; regularity = -1.505E+02 ]
2021-07-16 11:07:39,210 - deformetrica.core.models.longitudinal_metric_learning - INFO - Acceleration factors max/min: (1.7742505, 94, 0.4301595, 69)
2021-07-16 11:07:39,830 - deformetrica.core.models.longitudinal_metric_learning - INFO - Tmin 45 Tmax 105 Update of the spatiotemporalframe: 600 ms
2021-07-16 11:07:54,248 - deformetrica.core.models.longitudinal_metric_learning - INFO - Acceleration factors max/min: (1.7742505, 94, 0.4301595, 69)
2021-07-16 11:07:55,167 - deformetrica.core.models.longitudinal_metric_learning - INFO - Tmin 45 Tmax 105 Update of the spatiotemporalframe: 897 ms
2021-07-16 11:08:07,122 - deformetrica.core.estimators.gradient_ascent - INFO - >> Step size and gradient norm: 
2021-07-16 11:08:07,125 - deformetrica.core.estimators.gradient_ascent - INFO - 		1.770E-05   and   3.801E+03 	[ metric_parameters ]
2021-07-16 11:08:07,127 - deformetrica.core.estimators.gradient_ascent - INFO - 		2.230E-01   and   9.517E+00 	[ onset_age ]
2021-07-16 11:08:07,130 - deformetrica.core.estimators.gradient_ascent - INFO - 		1.112E-04   and   9.488E+01 	[ log_acceleration ]
2021-07-16 11:08:07,131 - deformetrica.core.estimators.gradient_ascent - INFO - 		5.487E-05   and   3.179E+02 	[ sources ]
2021-07-16 11:08:07,132 - deformetrica.core.models.longitudinal_metric_learning - INFO - Acceleration factors max/min: (1.774128, 94, 0.4299447, 50)
2021-07-16 11:08:07,830 - deformetrica.core.models.longitudinal_metric_learning - INFO - Tmin 45 Tmax 105 Update of the spatiotemporalframe: 681 ms
2021-07-16 11:08:10,824 - deformetrica.core.estimators.gradient_ascent - INFO - --------------------------------- GA Iteration: 6/43 -----------------------------------
2021-07-16 11:08:10,825 - deformetrica.core.estimators.gradient_ascent - INFO - >> Log-likelihood = -1.794E+03 	 [ attachment = -1.644E+03 ; regularity = -1.506E+02 ]
2021-07-16 11:08:10,825 - deformetrica.core.models.longitudinal_metric_learning - INFO - Acceleration factors max/min: (1.774128, 94, 0.4299447, 50)
2021-07-16 11:08:11,467 - deformetrica.core.models.longitudinal_metric_learning - INFO - Tmin 45 Tmax 105 Update of the spatiotemporalframe: 623 ms
2021-07-16 11:08:27,517 - deformetrica.core.models.longitudinal_metric_learning - INFO - Acceleration factors max/min: (1.774128, 94, 0.4299447, 50)
2021-07-16 11:08:28,657 - deformetrica.core.models.longitudinal_metric_learning - INFO - Tmin 45 Tmax 105 Update of the spatiotemporalframe: 1116 ms
2021-07-16 11:08:40,881 - deformetrica.core.estimators.gradient_ascent - INFO - >> Step size and gradient norm: 
2021-07-16 11:08:40,883 - deformetrica.core.estimators.gradient_ascent - INFO - 		2.123E-05   and   3.363E+03 	[ metric_parameters ]
2021-07-16 11:08:40,884 - deformetrica.core.estimators.gradient_ascent - INFO - 		2.676E-01   and   8.839E+00 	[ onset_age ]
2021-07-16 11:08:40,886 - deformetrica.core.estimators.gradient_ascent - INFO - 		1.334E-04   and   1.063E+02 	[ log_acceleration ]
2021-07-16 11:08:40,886 - deformetrica.core.estimators.gradient_ascent - INFO - 		6.584E-05   and   2.945E+02 	[ sources ]
2021-07-16 11:08:40,887 - deformetrica.core.models.longitudinal_metric_learning - INFO - Acceleration factors max/min: (1.7736355, 94, 0.4295234, 50)
2021-07-16 11:08:41,583 - deformetrica.core.models.longitudinal_metric_learning - INFO - Tmin 45 Tmax 105 Update of the spatiotemporalframe: 679 ms
2021-07-16 11:08:44,591 - deformetrica.core.estimators.gradient_ascent - INFO - --------------------------------- GA Iteration: 7/43 -----------------------------------
2021-07-16 11:08:44,592 - deformetrica.core.estimators.gradient_ascent - INFO - >> Log-likelihood = -1.576E+03 	 [ attachment = -1.425E+03 ; regularity = -1.506E+02 ]
2021-07-16 11:08:44,592 - deformetrica.core.models.longitudinal_metric_learning - INFO - Acceleration factors max/min: (1.7736355, 94, 0.4295234, 50)
2021-07-16 11:08:45,233 - deformetrica.core.models.longitudinal_metric_learning - INFO - Tmin 45 Tmax 105 Update of the spatiotemporalframe: 621 ms
2021-07-16 11:09:00,902 - deformetrica.core.models.longitudinal_metric_learning - INFO - Acceleration factors max/min: (1.7736355, 94, 0.4295234, 50)
2021-07-16 11:09:01,836 - deformetrica.core.models.longitudinal_metric_learning - INFO - Tmin 45 Tmax 105 Update of the spatiotemporalframe: 913 ms
2021-07-16 11:09:13,482 - deformetrica.core.estimators.gradient_ascent - INFO - >> Step size and gradient norm: 
2021-07-16 11:09:13,484 - deformetrica.core.estimators.gradient_ascent - INFO - 		2.548E-05   and   2.934E+03 	[ metric_parameters ]
2021-07-16 11:09:13,485 - deformetrica.core.estimators.gradient_ascent - INFO - 		3.211E-01   and   7.640E+00 	[ onset_age ]
2021-07-16 11:09:13,486 - deformetrica.core.estimators.gradient_ascent - INFO - 		1.601E-04   and   8.256E+01 	[ log_acceleration ]
2021-07-16 11:09:13,487 - deformetrica.core.estimators.gradient_ascent - INFO - 		7.901E-05   and   2.712E+02 	[ sources ]
2021-07-16 11:09:13,488 - deformetrica.core.models.longitudinal_metric_learning - INFO - Acceleration factors max/min: (1.7732131, 94, 0.4288811, 50)
2021-07-16 11:09:14,169 - deformetrica.core.models.longitudinal_metric_learning - INFO - Tmin 45 Tmax 105 Update of the spatiotemporalframe: 665 ms
2021-07-16 11:09:17,074 - deformetrica.core.estimators.gradient_ascent - INFO - --------------------------------- GA Iteration: 8/43 -----------------------------------
2021-07-16 11:09:17,124 - deformetrica.core.estimators.gradient_ascent - INFO - >> Log-likelihood = -1.388E+03 	 [ attachment = -1.237E+03 ; regularity = -1.507E+02 ]
2021-07-16 11:09:17,125 - deformetrica.core.models.longitudinal_metric_learning - INFO - Acceleration factors max/min: (1.7732131, 94, 0.4288811, 50)
2021-07-16 11:09:17,763 - deformetrica.core.models.longitudinal_metric_learning - INFO - Tmin 45 Tmax 105 Update of the spatiotemporalframe: 619 ms
2021-07-16 11:09:33,292 - deformetrica.core.models.longitudinal_metric_learning - INFO - Acceleration factors max/min: (1.7732131, 94, 0.4288811, 50)
2021-07-16 11:09:34,258 - deformetrica.core.models.longitudinal_metric_learning - INFO - Tmin 45 Tmax 105 Update of the spatiotemporalframe: 944 ms
2021-07-16 11:09:46,558 - deformetrica.core.estimators.gradient_ascent - INFO - >> Step size and gradient norm: 
2021-07-16 11:09:46,560 - deformetrica.core.estimators.gradient_ascent - INFO - 		3.058E-05   and   2.530E+03 	[ metric_parameters ]
2021-07-16 11:09:46,563 - deformetrica.core.estimators.gradient_ascent - INFO - 		3.853E-01   and   6.759E+00 	[ onset_age ]
2021-07-16 11:09:46,565 - deformetrica.core.estimators.gradient_ascent - INFO - 		1.921E-04   and   8.302E+01 	[ log_acceleration ]
2021-07-16 11:09:46,566 - deformetrica.core.estimators.gradient_ascent - INFO - 		9.481E-05   and   2.497E+02 	[ sources ]
2021-07-16 11:09:46,567 - deformetrica.core.models.longitudinal_metric_learning - INFO - Acceleration factors max/min: (1.7725484, 94, 0.4280374, 50)
2021-07-16 11:09:47,261 - deformetrica.core.models.longitudinal_metric_learning - INFO - Tmin 45 Tmax 105 Update of the spatiotemporalframe: 677 ms
2021-07-16 11:09:50,342 - deformetrica.core.estimators.gradient_ascent - INFO - --------------------------------- GA Iteration: 9/43 -----------------------------------
2021-07-16 11:09:50,343 - deformetrica.core.estimators.gradient_ascent - INFO - >> Log-likelihood = -1.232E+03 	 [ attachment = -1.081E+03 ; regularity = -1.507E+02 ]
2021-07-16 11:09:50,343 - deformetrica.core.models.longitudinal_metric_learning - INFO - Acceleration factors max/min: (1.7725484, 94, 0.4280374, 50)
2021-07-16 11:09:50,972 - deformetrica.core.models.longitudinal_metric_learning - INFO - Tmin 45 Tmax 105 Update of the spatiotemporalframe: 609 ms
2021-07-16 11:10:05,740 - deformetrica.core.models.longitudinal_metric_learning - INFO - Acceleration factors max/min: (1.7725484, 94, 0.4280374, 50)
2021-07-16 11:10:06,683 - deformetrica.core.models.longitudinal_metric_learning - INFO - Tmin 45 Tmax 105 Update of the spatiotemporalframe: 920 ms
2021-07-16 11:10:19,708 - deformetrica.core.estimators.gradient_ascent - INFO - >> Step size and gradient norm: 
2021-07-16 11:10:19,710 - deformetrica.core.estimators.gradient_ascent - INFO - 		3.669E-05   and   2.136E+03 	[ metric_parameters ]
2021-07-16 11:10:19,711 - deformetrica.core.estimators.gradient_ascent - INFO - 		4.623E-01   and   5.993E+00 	[ onset_age ]
2021-07-16 11:10:19,713 - deformetrica.core.estimators.gradient_ascent - INFO - 		2.305E-04   and   8.171E+01 	[ log_acceleration ]
2021-07-16 11:10:19,713 - deformetrica.core.estimators.gradient_ascent - INFO - 		1.138E-04   and   2.303E+02 	[ sources ]
2021-07-16 11:10:19,714 - deformetrica.core.models.longitudinal_metric_learning - INFO - Acceleration factors max/min: (1.7718122, 94, 0.4271676, 50)
2021-07-16 11:10:20,547 - deformetrica.core.models.longitudinal_metric_learning - INFO - Tmin 45 Tmax 105 Update of the spatiotemporalframe: 814 ms
2021-07-16 11:10:23,646 - deformetrica.core.estimators.gradient_ascent - INFO - --------------------------------- GA Iteration: 10/43 -----------------------------------
2021-07-16 11:10:23,646 - deformetrica.core.estimators.gradient_ascent - INFO - >> Log-likelihood = -1.105E+03 	 [ attachment = -9.547E+02 ; regularity = -1.505E+02 ]
2021-07-16 11:10:23,647 - deformetrica.core.models.longitudinal_metric_learning - INFO - Acceleration factors max/min: (1.7718122, 94, 0.4271676, 50)
2021-07-16 11:10:24,476 - deformetrica.core.models.longitudinal_metric_learning - INFO - Tmin 45 Tmax 105 Update of the spatiotemporalframe: 810 ms
2021-07-16 11:10:40,210 - deformetrica.core.models.longitudinal_metric_learning - INFO - Acceleration factors max/min: (1.7718122, 94, 0.4271676, 50)
2021-07-16 11:10:41,089 - deformetrica.core.models.longitudinal_metric_learning - INFO - Tmin 45 Tmax 105 Update of the spatiotemporalframe: 857 ms
2021-07-16 11:10:53,213 - deformetrica.core.estimators.gradient_ascent - INFO - >> Step size and gradient norm: 
2021-07-16 11:10:53,216 - deformetrica.core.estimators.gradient_ascent - INFO - 		4.403E-05   and   1.855E+03 	[ metric_parameters ]
2021-07-16 11:10:53,219 - deformetrica.core.estimators.gradient_ascent - INFO - 		5.548E-01   and   5.387E+00 	[ onset_age ]
2021-07-16 11:10:53,221 - deformetrica.core.estimators.gradient_ascent - INFO - 		2.766E-04   and   6.881E+01 	[ log_acceleration ]
2021-07-16 11:10:53,221 - deformetrica.core.estimators.gradient_ascent - INFO - 		1.365E-04   and   2.135E+02 	[ sources ]
2021-07-16 11:10:53,222 - deformetrica.core.models.longitudinal_metric_learning - INFO - Acceleration factors max/min: (1.7706556, 94, 0.4260095, 50)
2021-07-16 11:10:53,926 - deformetrica.core.models.longitudinal_metric_learning - INFO - Tmin 45 Tmax 105 Update of the spatiotemporalframe: 686 ms
2021-07-16 11:10:56,923 - deformetrica.core.estimators.gradient_ascent - INFO - --------------------------------- GA Iteration: 11/43 -----------------------------------
2021-07-16 11:10:56,924 - deformetrica.core.estimators.gradient_ascent - INFO - >> Log-likelihood = -1.000E+03 	 [ attachment = -8.500E+02 ; regularity = -1.502E+02 ]
2021-07-16 11:10:56,924 - deformetrica.core.models.longitudinal_metric_learning - INFO - Acceleration factors max/min: (1.7706556, 94, 0.4260095, 50)
2021-07-16 11:10:57,554 - deformetrica.core.models.longitudinal_metric_learning - INFO - Tmin 45 Tmax 105 Update of the spatiotemporalframe: 610 ms
2021-07-16 11:11:12,383 - deformetrica.core.models.longitudinal_metric_learning - INFO - Acceleration factors max/min: (1.7706556, 94, 0.4260095, 50)
2021-07-16 11:11:13,303 - deformetrica.core.models.longitudinal_metric_learning - INFO - Tmin 45 Tmax 105 Update of the spatiotemporalframe: 898 ms
2021-07-16 11:11:25,314 - deformetrica.core.estimators.gradient_ascent - INFO - >> Step size and gradient norm: 
2021-07-16 11:11:25,317 - deformetrica.core.estimators.gradient_ascent - INFO - 		5.284E-05   and   1.650E+03 	[ metric_parameters ]
2021-07-16 11:11:25,319 - deformetrica.core.estimators.gradient_ascent - INFO - 		6.658E-01   and   4.828E+00 	[ onset_age ]
2021-07-16 11:11:25,321 - deformetrica.core.estimators.gradient_ascent - INFO - 		3.319E-04   and   6.527E+01 	[ log_acceleration ]
2021-07-16 11:11:25,322 - deformetrica.core.estimators.gradient_ascent - INFO - 		1.638E-04   and   1.987E+02 	[ sources ]
2021-07-16 11:11:25,323 - deformetrica.core.models.longitudinal_metric_learning - INFO - Acceleration factors max/min: (1.7692463, 94, 0.42519894, 50)
2021-07-16 11:11:26,013 - deformetrica.core.models.longitudinal_metric_learning - INFO - Tmin 45 Tmax 105 Update of the spatiotemporalframe: 672 ms
2021-07-16 11:11:28,997 - deformetrica.core.estimators.gradient_ascent - INFO - --------------------------------- GA Iteration: 12/43 -----------------------------------
2021-07-16 11:11:28,998 - deformetrica.core.estimators.gradient_ascent - INFO - >> Log-likelihood = -9.127E+02 	 [ attachment = -7.631E+02 ; regularity = -1.497E+02 ]
2021-07-16 11:11:28,999 - deformetrica.core.models.longitudinal_metric_learning - INFO - Acceleration factors max/min: (1.7692463, 94, 0.42519894, 50)
2021-07-16 11:11:29,616 - deformetrica.core.models.longitudinal_metric_learning - INFO - Tmin 45 Tmax 105 Update of the spatiotemporalframe: 598 ms
2021-07-16 11:11:44,041 - deformetrica.core.models.longitudinal_metric_learning - INFO - Acceleration factors max/min: (1.7692463, 94, 0.42519894, 50)
2021-07-16 11:11:44,915 - deformetrica.core.models.longitudinal_metric_learning - INFO - Tmin 45 Tmax 105 Update of the spatiotemporalframe: 853 ms
2021-07-16 11:11:56,778 - deformetrica.core.estimators.gradient_ascent - INFO - >> Step size and gradient norm: 
2021-07-16 11:11:56,781 - deformetrica.core.estimators.gradient_ascent - INFO - 		6.340E-05   and   1.540E+03 	[ metric_parameters ]
2021-07-16 11:11:56,783 - deformetrica.core.estimators.gradient_ascent - INFO - 		7.989E-01   and   4.555E+00 	[ onset_age ]
2021-07-16 11:11:56,785 - deformetrica.core.estimators.gradient_ascent - INFO - 		3.983E-04   and   6.494E+01 	[ log_acceleration ]
2021-07-16 11:11:56,786 - deformetrica.core.estimators.gradient_ascent - INFO - 		1.966E-04   and   1.850E+02 	[ sources ]
2021-07-16 11:11:56,787 - deformetrica.core.models.longitudinal_metric_learning - INFO - Acceleration factors max/min: (1.7679414, 94, 0.42400452, 50)
2021-07-16 11:11:57,482 - deformetrica.core.models.longitudinal_metric_learning - INFO - Tmin 45 Tmax 105 Update of the spatiotemporalframe: 678 ms
2021-07-16 11:12:00,454 - deformetrica.core.estimators.gradient_ascent - INFO - --------------------------------- GA Iteration: 13/43 -----------------------------------
2021-07-16 11:12:00,455 - deformetrica.core.estimators.gradient_ascent - INFO - >> Log-likelihood = -8.386E+02 	 [ attachment = -6.896E+02 ; regularity = -1.490E+02 ]
2021-07-16 11:12:00,455 - deformetrica.core.models.longitudinal_metric_learning - INFO - Acceleration factors max/min: (1.7679414, 94, 0.42400452, 50)
2021-07-16 11:12:01,071 - deformetrica.core.models.longitudinal_metric_learning - INFO - Tmin 45 Tmax 105 Update of the spatiotemporalframe: 596 ms
2021-07-16 11:12:15,526 - deformetrica.core.models.longitudinal_metric_learning - INFO - Acceleration factors max/min: (1.7679414, 94, 0.42400452, 50)
2021-07-16 11:12:16,391 - deformetrica.core.models.longitudinal_metric_learning - INFO - Tmin 45 Tmax 105 Update of the spatiotemporalframe: 845 ms
2021-07-16 11:12:28,237 - deformetrica.core.estimators.gradient_ascent - INFO - >> Step size and gradient norm: 
2021-07-16 11:12:28,240 - deformetrica.core.estimators.gradient_ascent - INFO - 		7.609E-05   and   1.526E+03 	[ metric_parameters ]
2021-07-16 11:12:28,242 - deformetrica.core.estimators.gradient_ascent - INFO - 		9.587E-01   and   5.489E+00 	[ onset_age ]
2021-07-16 11:12:28,244 - deformetrica.core.estimators.gradient_ascent - INFO - 		4.779E-04   and   1.107E+02 	[ log_acceleration ]
2021-07-16 11:12:28,245 - deformetrica.core.estimators.gradient_ascent - INFO - 		2.359E-04   and   1.739E+02 	[ sources ]
2021-07-16 11:12:28,246 - deformetrica.core.models.longitudinal_metric_learning - INFO - Acceleration factors max/min: (1.766269, 94, 0.42296913, 50)
2021-07-16 11:12:28,942 - deformetrica.core.models.longitudinal_metric_learning - INFO - Tmin 45 Tmax 105 Update of the spatiotemporalframe: 679 ms
2021-07-16 11:12:31,916 - deformetrica.core.estimators.gradient_ascent - INFO - --------------------------------- GA Iteration: 14/43 -----------------------------------
2021-07-16 11:12:31,917 - deformetrica.core.estimators.gradient_ascent - INFO - >> Log-likelihood = -7.766E+02 	 [ attachment = -6.281E+02 ; regularity = -1.485E+02 ]
2021-07-16 11:12:31,917 - deformetrica.core.models.longitudinal_metric_learning - INFO - Acceleration factors max/min: (1.766269, 94, 0.42296913, 50)
2021-07-16 11:12:32,538 - deformetrica.core.models.longitudinal_metric_learning - INFO - Tmin 45 Tmax 105 Update of the spatiotemporalframe: 602 ms
2021-07-16 11:12:47,167 - deformetrica.core.models.longitudinal_metric_learning - INFO - Acceleration factors max/min: (1.766269, 94, 0.42296913, 50)
2021-07-16 11:12:48,005 - deformetrica.core.models.longitudinal_metric_learning - INFO - Tmin 45 Tmax 105 Update of the spatiotemporalframe: 817 ms
2021-07-16 11:12:59,015 - deformetrica.core.estimators.gradient_ascent - INFO - >> Step size and gradient norm: 
2021-07-16 11:12:59,016 - deformetrica.core.estimators.gradient_ascent - INFO - 		9.130E-05   and   1.581E+03 	[ metric_parameters ]
2021-07-16 11:12:59,017 - deformetrica.core.estimators.gradient_ascent - INFO - 		1.150E+00   and   3.850E+00 	[ onset_age ]
2021-07-16 11:12:59,019 - deformetrica.core.estimators.gradient_ascent - INFO - 		5.735E-04   and   5.601E+01 	[ log_acceleration ]
2021-07-16 11:12:59,019 - deformetrica.core.estimators.gradient_ascent - INFO - 		2.831E-04   and   1.625E+02 	[ sources ]
2021-07-16 11:12:59,020 - deformetrica.core.models.longitudinal_metric_learning - INFO - Acceleration factors max/min: (1.7647353, 26, 0.42211834, 50)
2021-07-16 11:12:59,686 - deformetrica.core.models.longitudinal_metric_learning - INFO - Tmin 45 Tmax 105 Update of the spatiotemporalframe: 649 ms
2021-07-16 11:13:02,927 - deformetrica.core.estimators.gradient_ascent - INFO - --------------------------------- GA Iteration: 15/43 -----------------------------------
2021-07-16 11:13:02,928 - deformetrica.core.estimators.gradient_ascent - INFO - >> Log-likelihood = -7.260E+02 	 [ attachment = -5.781E+02 ; regularity = -1.479E+02 ]
2021-07-16 11:13:02,928 - deformetrica.core.models.longitudinal_metric_learning - INFO - Acceleration factors max/min: (1.7647353, 26, 0.42211834, 50)
2021-07-16 11:13:03,572 - deformetrica.core.models.longitudinal_metric_learning - INFO - Tmin 45 Tmax 105 Update of the spatiotemporalframe: 623 ms
2021-07-16 11:13:18,212 - deformetrica.core.models.longitudinal_metric_learning - INFO - Acceleration factors max/min: (1.7647353, 26, 0.42211834, 50)
2021-07-16 11:13:19,120 - deformetrica.core.models.longitudinal_metric_learning - INFO - Tmin 45 Tmax 105 Update of the spatiotemporalframe: 887 ms
2021-07-16 11:13:30,294 - deformetrica.core.estimators.gradient_ascent - INFO - >> Step size and gradient norm: 
2021-07-16 11:13:30,296 - deformetrica.core.estimators.gradient_ascent - INFO - 		1.096E-04   and   1.565E+03 	[ metric_parameters ]
2021-07-16 11:13:30,297 - deformetrica.core.estimators.gradient_ascent - INFO - 		1.380E+00   and   4.543E+00 	[ onset_age ]
2021-07-16 11:13:30,298 - deformetrica.core.estimators.gradient_ascent - INFO - 		6.882E-04   and   6.188E+01 	[ log_acceleration ]
2021-07-16 11:13:30,299 - deformetrica.core.estimators.gradient_ascent - INFO - 		3.397E-04   and   1.535E+02 	[ sources ]
2021-07-16 11:13:30,300 - deformetrica.core.models.longitudinal_metric_learning - INFO - Acceleration factors max/min: (1.7636288, 26, 0.4214843, 50)
2021-07-16 11:13:31,054 - deformetrica.core.models.longitudinal_metric_learning - INFO - Tmin 45 Tmax 105 Update of the spatiotemporalframe: 737 ms
2021-07-16 11:13:34,055 - deformetrica.core.estimators.gradient_ascent - INFO - --------------------------------- GA Iteration: 16/43 -----------------------------------
2021-07-16 11:13:34,056 - deformetrica.core.estimators.gradient_ascent - INFO - >> Log-likelihood = -6.876E+02 	 [ attachment = -5.409E+02 ; regularity = -1.467E+02 ]
2021-07-16 11:13:34,057 - deformetrica.core.models.longitudinal_metric_learning - INFO - Acceleration factors max/min: (1.7636288, 26, 0.4214843, 50)
2021-07-16 11:13:34,685 - deformetrica.core.models.longitudinal_metric_learning - INFO - Tmin 45 Tmax 105 Update of the spatiotemporalframe: 609 ms
2021-07-16 11:13:49,133 - deformetrica.core.models.longitudinal_metric_learning - INFO - Acceleration factors max/min: (1.7636288, 26, 0.4214843, 50)
2021-07-16 11:13:50,203 - deformetrica.core.models.longitudinal_metric_learning - INFO - Tmin 45 Tmax 105 Update of the spatiotemporalframe: 1049 ms
2021-07-16 11:14:02,482 - deformetrica.core.estimators.gradient_ascent - INFO - >> Step size and gradient norm: 
2021-07-16 11:14:02,485 - deformetrica.core.estimators.gradient_ascent - INFO - 		1.315E-04   and   1.506E+03 	[ metric_parameters ]
2021-07-16 11:14:02,488 - deformetrica.core.estimators.gradient_ascent - INFO - 		1.657E+00   and   4.482E+00 	[ onset_age ]
2021-07-16 11:14:02,490 - deformetrica.core.estimators.gradient_ascent - INFO - 		8.259E-04   and   5.147E+01 	[ log_acceleration ]
2021-07-16 11:14:02,491 - deformetrica.core.estimators.gradient_ascent - INFO - 		4.077E-04   and   1.414E+02 	[ sources ]
2021-07-16 11:14:02,492 - deformetrica.core.models.longitudinal_metric_learning - INFO - Acceleration factors max/min: (1.7622553, 26, 0.4214169, 50)
2021-07-16 11:14:03,200 - deformetrica.core.models.longitudinal_metric_learning - INFO - Tmin 45 Tmax 105 Update of the spatiotemporalframe: 690 ms
2021-07-16 11:14:06,252 - deformetrica.core.estimators.gradient_ascent - INFO - --------------------------------- GA Iteration: 17/43 -----------------------------------
2021-07-16 11:14:06,253 - deformetrica.core.estimators.gradient_ascent - INFO - >> Log-likelihood = -6.692E+02 	 [ attachment = -5.234E+02 ; regularity = -1.458E+02 ]
2021-07-16 11:14:06,253 - deformetrica.core.models.longitudinal_metric_learning - INFO - Acceleration factors max/min: (1.7622553, 26, 0.4214169, 50)
2021-07-16 11:14:06,871 - deformetrica.core.models.longitudinal_metric_learning - INFO - Tmin 45 Tmax 105 Update of the spatiotemporalframe: 599 ms
2021-07-16 11:14:21,410 - deformetrica.core.models.longitudinal_metric_learning - INFO - Acceleration factors max/min: (1.7622553, 26, 0.4214169, 50)
2021-07-16 11:14:22,356 - deformetrica.core.models.longitudinal_metric_learning - INFO - Tmin 45 Tmax 105 Update of the spatiotemporalframe: 924 ms
2021-07-16 11:14:34,502 - deformetrica.core.estimators.gradient_ascent - INFO - >> Step size and gradient norm: 
2021-07-16 11:14:34,505 - deformetrica.core.estimators.gradient_ascent - INFO - 		1.578E-04   and   2.150E+03 	[ metric_parameters ]
2021-07-16 11:14:34,507 - deformetrica.core.estimators.gradient_ascent - INFO - 		1.988E+00   and   4.607E+00 	[ onset_age ]
2021-07-16 11:14:34,509 - deformetrica.core.estimators.gradient_ascent - INFO - 		9.910E-04   and   7.968E+01 	[ log_acceleration ]
2021-07-16 11:14:34,510 - deformetrica.core.estimators.gradient_ascent - INFO - 		4.892E-04   and   1.364E+02 	[ sources ]
2021-07-16 11:14:34,511 - deformetrica.core.models.longitudinal_metric_learning - INFO - Acceleration factors max/min: (1.7565292, 26, 0.42189166, 50)
2021-07-16 11:14:35,186 - deformetrica.core.models.longitudinal_metric_learning - INFO - Tmin 45 Tmax 105 Update of the spatiotemporalframe: 658 ms
2021-07-16 11:14:38,193 - deformetrica.core.models.longitudinal_metric_learning - INFO - Acceleration factors max/min: (1.7576729, 26, 0.42179668, 50)
2021-07-16 11:14:38,799 - deformetrica.core.models.longitudinal_metric_learning - INFO - Tmin 45 Tmax 105 Update of the spatiotemporalframe: 590 ms
2021-07-16 11:14:41,658 - deformetrica.core.models.longitudinal_metric_learning - INFO - Acceleration factors max/min: (1.7576729, 26, 0.42179668, 50)
2021-07-16 11:14:42,430 - deformetrica.core.models.longitudinal_metric_learning - INFO - Tmin 45 Tmax 105 Update of the spatiotemporalframe: 756 ms
2021-07-16 11:14:45,259 - deformetrica.core.models.longitudinal_metric_learning - INFO - Acceleration factors max/min: (1.7565292, 26, 0.42189166, 50)
2021-07-16 11:14:45,863 - deformetrica.core.models.longitudinal_metric_learning - INFO - Tmin 45 Tmax 105 Update of the spatiotemporalframe: 588 ms
2021-07-16 11:14:49,827 - deformetrica.core.models.longitudinal_metric_learning - INFO - Acceleration factors max/min: (1.7576729, 26, 0.42179668, 50)
2021-07-16 11:14:50,953 - deformetrica.core.models.longitudinal_metric_learning - INFO - Tmin 45 Tmax 105 Update of the spatiotemporalframe: 1096 ms
2021-07-16 11:14:55,119 - deformetrica.core.estimators.gradient_ascent - INFO - >> Step size and gradient norm: 
2021-07-16 11:14:55,120 - deformetrica.core.estimators.gradient_ascent - INFO - 		1.262E-04   and   2.150E+03 	[ metric_parameters ]
2021-07-16 11:14:55,120 - deformetrica.core.estimators.gradient_ascent - INFO - 		1.590E+00   and   4.607E+00 	[ onset_age ]
2021-07-16 11:14:55,120 - deformetrica.core.estimators.gradient_ascent - INFO - 		7.928E-04   and   7.968E+01 	[ log_acceleration ]
2021-07-16 11:14:55,120 - deformetrica.core.estimators.gradient_ascent - INFO - 		3.914E-04   and   1.364E+02 	[ sources ]
2021-07-16 11:14:55,121 - deformetrica.core.models.longitudinal_metric_learning - INFO - Acceleration factors max/min: (1.7576729, 26, 0.42179668, 50)
2021-07-16 11:14:56,000 - deformetrica.core.models.longitudinal_metric_learning - INFO - Tmin 45 Tmax 105 Update of the spatiotemporalframe: 856 ms
2021-07-16 11:15:00,011 - deformetrica.core.models.longitudinal_metric_learning - INFO - Acceleration factors max/min: (1.7585884, 26, 0.4217207, 50)
2021-07-16 11:15:00,891 - deformetrica.core.models.longitudinal_metric_learning - INFO - Tmin 45 Tmax 105 Update of the spatiotemporalframe: 856 ms
2021-07-16 11:15:04,881 - deformetrica.core.models.longitudinal_metric_learning - INFO - Acceleration factors max/min: (1.7585884, 26, 0.4217207, 50)
2021-07-16 11:15:05,761 - deformetrica.core.models.longitudinal_metric_learning - INFO - Tmin 45 Tmax 105 Update of the spatiotemporalframe: 855 ms
2021-07-16 11:15:09,768 - deformetrica.core.models.longitudinal_metric_learning - INFO - Acceleration factors max/min: (1.7576729, 26, 0.42179668, 50)
2021-07-16 11:15:10,649 - deformetrica.core.models.longitudinal_metric_learning - INFO - Tmin 45 Tmax 105 Update of the spatiotemporalframe: 858 ms
2021-07-16 11:15:14,649 - deformetrica.core.models.longitudinal_metric_learning - INFO - Acceleration factors max/min: (1.7585884, 26, 0.4217207, 50)
2021-07-16 11:15:15,536 - deformetrica.core.models.longitudinal_metric_learning - INFO - Tmin 45 Tmax 105 Update of the spatiotemporalframe: 862 ms
2021-07-16 11:15:19,551 - deformetrica.core.estimators.gradient_ascent - INFO - >> Step size and gradient norm: 
2021-07-16 11:15:19,552 - deformetrica.core.estimators.gradient_ascent - INFO - 		1.010E-04   and   2.150E+03 	[ metric_parameters ]
2021-07-16 11:15:19,552 - deformetrica.core.estimators.gradient_ascent - INFO - 		1.272E+00   and   4.607E+00 	[ onset_age ]
2021-07-16 11:15:19,552 - deformetrica.core.estimators.gradient_ascent - INFO - 		6.343E-04   and   7.968E+01 	[ log_acceleration ]
2021-07-16 11:15:19,552 - deformetrica.core.estimators.gradient_ascent - INFO - 		3.131E-04   and   1.364E+02 	[ sources ]
2021-07-16 11:15:19,553 - deformetrica.core.models.longitudinal_metric_learning - INFO - Acceleration factors max/min: (1.7585884, 26, 0.4217207, 50)
2021-07-16 11:15:20,436 - deformetrica.core.models.longitudinal_metric_learning - INFO - Tmin 45 Tmax 105 Update of the spatiotemporalframe: 860 ms
2021-07-16 11:15:24,459 - deformetrica.core.models.longitudinal_metric_learning - INFO - Acceleration factors max/min: (1.7593212, 26, 0.42165992, 50)
2021-07-16 11:15:25,340 - deformetrica.core.models.longitudinal_metric_learning - INFO - Tmin 45 Tmax 105 Update of the spatiotemporalframe: 857 ms
2021-07-16 11:15:29,350 - deformetrica.core.models.longitudinal_metric_learning - INFO - Acceleration factors max/min: (1.7593212, 26, 0.42165992, 50)
2021-07-16 11:15:30,231 - deformetrica.core.models.longitudinal_metric_learning - INFO - Tmin 45 Tmax 105 Update of the spatiotemporalframe: 855 ms
2021-07-16 11:15:34,267 - deformetrica.core.models.longitudinal_metric_learning - INFO - Acceleration factors max/min: (1.7585884, 26, 0.4217207, 50)
2021-07-16 11:15:35,145 - deformetrica.core.models.longitudinal_metric_learning - INFO - Tmin 45 Tmax 105 Update of the spatiotemporalframe: 854 ms
2021-07-16 11:15:39,279 - deformetrica.core.models.longitudinal_metric_learning - INFO - Acceleration factors max/min: (1.7593212, 26, 0.42165992, 50)
2021-07-16 11:15:40,403 - deformetrica.core.models.longitudinal_metric_learning - INFO - Tmin 45 Tmax 105 Update of the spatiotemporalframe: 1093 ms
2021-07-16 11:15:45,518 - deformetrica.core.estimators.gradient_ascent - INFO - >> Step size and gradient norm: 
2021-07-16 11:15:45,521 - deformetrica.core.estimators.gradient_ascent - INFO - 		8.078E-05   and   2.150E+03 	[ metric_parameters ]
2021-07-16 11:15:45,521 - deformetrica.core.estimators.gradient_ascent - INFO - 		1.018E+00   and   4.607E+00 	[ onset_age ]
2021-07-16 11:15:45,521 - deformetrica.core.estimators.gradient_ascent - INFO - 		5.074E-04   and   7.968E+01 	[ log_acceleration ]
2021-07-16 11:15:45,521 - deformetrica.core.estimators.gradient_ascent - INFO - 		2.505E-04   and   1.364E+02 	[ sources ]
2021-07-16 11:15:45,522 - deformetrica.core.models.longitudinal_metric_learning - INFO - Acceleration factors max/min: (1.7593212, 26, 0.42165992, 50)
2021-07-16 11:15:46,640 - deformetrica.core.models.longitudinal_metric_learning - INFO - Tmin 45 Tmax 105 Update of the spatiotemporalframe: 1093 ms
2021-07-16 11:15:49,851 - deformetrica.core.models.longitudinal_metric_learning - INFO - Acceleration factors max/min: (1.7599077, 26, 0.42161134, 50)
2021-07-16 11:15:50,486 - deformetrica.core.models.longitudinal_metric_learning - INFO - Tmin 45 Tmax 105 Update of the spatiotemporalframe: 614 ms
2021-07-16 11:15:53,599 - deformetrica.core.models.longitudinal_metric_learning - INFO - Acceleration factors max/min: (1.7599077, 26, 0.42161134, 50)
2021-07-16 11:15:54,232 - deformetrica.core.models.longitudinal_metric_learning - INFO - Tmin 45 Tmax 105 Update of the spatiotemporalframe: 615 ms
2021-07-16 11:15:57,249 - deformetrica.core.models.longitudinal_metric_learning - INFO - Acceleration factors max/min: (1.7593212, 26, 0.42165992, 50)
2021-07-16 11:15:57,933 - deformetrica.core.models.longitudinal_metric_learning - INFO - Tmin 45 Tmax 105 Update of the spatiotemporalframe: 663 ms
2021-07-16 11:16:00,956 - deformetrica.core.models.longitudinal_metric_learning - INFO - Acceleration factors max/min: (1.7599077, 26, 0.42161134, 50)
2021-07-16 11:16:01,592 - deformetrica.core.models.longitudinal_metric_learning - INFO - Tmin 45 Tmax 105 Update of the spatiotemporalframe: 614 ms
2021-07-16 11:16:04,607 - deformetrica.core.estimators.gradient_ascent - INFO - --------------------------------- GA Iteration: 18/43 -----------------------------------
2021-07-16 11:16:04,610 - deformetrica.core.estimators.gradient_ascent - INFO - >> Log-likelihood = -6.477E+02 	 [ attachment = -5.026E+02 ; regularity = -1.451E+02 ]
2021-07-16 11:16:04,611 - deformetrica.core.models.longitudinal_metric_learning - INFO - Acceleration factors max/min: (1.7599077, 26, 0.42161134, 50)
2021-07-16 11:16:05,244 - deformetrica.core.models.longitudinal_metric_learning - INFO - Tmin 45 Tmax 105 Update of the spatiotemporalframe: 614 ms
2021-07-16 11:16:20,231 - deformetrica.core.models.longitudinal_metric_learning - INFO - Acceleration factors max/min: (1.7599077, 26, 0.42161134, 50)
2021-07-16 11:16:21,193 - deformetrica.core.models.longitudinal_metric_learning - INFO - Tmin 45 Tmax 105 Update of the spatiotemporalframe: 939 ms
2021-07-16 11:16:33,441 - deformetrica.core.estimators.gradient_ascent - INFO - >> Step size and gradient norm: 
2021-07-16 11:16:33,444 - deformetrica.core.estimators.gradient_ascent - INFO - 		6.462E-05   and   1.801E+03 	[ metric_parameters ]
2021-07-16 11:16:33,446 - deformetrica.core.estimators.gradient_ascent - INFO - 		1.018E+00   and   5.052E+00 	[ onset_age ]
2021-07-16 11:16:33,448 - deformetrica.core.estimators.gradient_ascent - INFO - 		4.059E-04   and   9.748E+01 	[ log_acceleration ]
2021-07-16 11:16:33,449 - deformetrica.core.estimators.gradient_ascent - INFO - 		2.004E-04   and   1.286E+02 	[ sources ]
2021-07-16 11:16:33,450 - deformetrica.core.models.longitudinal_metric_learning - INFO - Acceleration factors max/min: (1.758282, 26, 0.4218609, 50)
2021-07-16 11:16:34,142 - deformetrica.core.models.longitudinal_metric_learning - INFO - Tmin 45 Tmax 105 Update of the spatiotemporalframe: 675 ms
2021-07-16 11:16:37,109 - deformetrica.core.estimators.gradient_ascent - INFO - --------------------------------- GA Iteration: 19/43 -----------------------------------
2021-07-16 11:16:37,110 - deformetrica.core.estimators.gradient_ascent - INFO - >> Log-likelihood = -6.032E+02 	 [ attachment = -4.592E+02 ; regularity = -1.440E+02 ]
2021-07-16 11:16:37,111 - deformetrica.core.models.longitudinal_metric_learning - INFO - Acceleration factors max/min: (1.758282, 26, 0.4218609, 50)
2021-07-16 11:16:37,740 - deformetrica.core.models.longitudinal_metric_learning - INFO - Tmin 45 Tmax 105 Update of the spatiotemporalframe: 610 ms
2021-07-16 11:16:51,909 - deformetrica.core.models.longitudinal_metric_learning - INFO - Acceleration factors max/min: (1.758282, 26, 0.4218609, 50)
2021-07-16 11:16:52,823 - deformetrica.core.models.longitudinal_metric_learning - INFO - Tmin 45 Tmax 105 Update of the spatiotemporalframe: 893 ms
2021-07-16 11:17:04,711 - deformetrica.core.estimators.gradient_ascent - INFO - >> Step size and gradient norm: 
2021-07-16 11:17:04,713 - deformetrica.core.estimators.gradient_ascent - INFO - 		7.755E-05   and   1.442E+03 	[ metric_parameters ]
2021-07-16 11:17:04,716 - deformetrica.core.estimators.gradient_ascent - INFO - 		1.221E+00   and   4.728E+00 	[ onset_age ]
2021-07-16 11:17:04,718 - deformetrica.core.estimators.gradient_ascent - INFO - 		4.871E-04   and   5.876E+01 	[ log_acceleration ]
2021-07-16 11:17:04,719 - deformetrica.core.estimators.gradient_ascent - INFO - 		2.405E-04   and   1.209E+02 	[ sources ]
2021-07-16 11:17:04,720 - deformetrica.core.models.longitudinal_metric_learning - INFO - Acceleration factors max/min: (1.7553365, 26, 0.42232785, 69)
2021-07-16 11:17:05,414 - deformetrica.core.models.longitudinal_metric_learning - INFO - Tmin 45 Tmax 105 Update of the spatiotemporalframe: 677 ms
2021-07-16 11:17:08,376 - deformetrica.core.estimators.gradient_ascent - INFO - --------------------------------- GA Iteration: 20/43 -----------------------------------
2021-07-16 11:17:08,376 - deformetrica.core.estimators.gradient_ascent - INFO - >> Log-likelihood = -5.796E+02 	 [ attachment = -4.367E+02 ; regularity = -1.429E+02 ]
2021-07-16 11:17:08,377 - deformetrica.core.models.longitudinal_metric_learning - INFO - Acceleration factors max/min: (1.7553365, 26, 0.42232785, 69)
2021-07-16 11:17:09,176 - deformetrica.core.models.longitudinal_metric_learning - INFO - Tmin 45 Tmax 105 Update of the spatiotemporalframe: 781 ms
2021-07-16 11:17:23,927 - deformetrica.core.models.longitudinal_metric_learning - INFO - Acceleration factors max/min: (1.7553365, 26, 0.42232785, 69)
2021-07-16 11:17:24,823 - deformetrica.core.models.longitudinal_metric_learning - INFO - Tmin 45 Tmax 105 Update of the spatiotemporalframe: 872 ms
2021-07-16 11:17:36,114 - deformetrica.core.estimators.gradient_ascent - INFO - >> Step size and gradient norm: 
2021-07-16 11:17:36,114 - deformetrica.core.estimators.gradient_ascent - INFO - 		9.306E-05   and   1.170E+03 	[ metric_parameters ]
2021-07-16 11:17:36,114 - deformetrica.core.estimators.gradient_ascent - INFO - 		1.466E+00   and   4.168E+00 	[ onset_age ]
2021-07-16 11:17:36,115 - deformetrica.core.estimators.gradient_ascent - INFO - 		5.845E-04   and   5.144E+01 	[ log_acceleration ]
2021-07-16 11:17:36,115 - deformetrica.core.estimators.gradient_ascent - INFO - 		2.885E-04   and   1.159E+02 	[ sources ]
2021-07-16 11:17:36,116 - deformetrica.core.models.longitudinal_metric_learning - INFO - Acceleration factors max/min: (1.7544994, 26, 0.42169762, 69)
2021-07-16 11:17:36,803 - deformetrica.core.models.longitudinal_metric_learning - INFO - Tmin 45 Tmax 105 Update of the spatiotemporalframe: 670 ms
2021-07-16 11:17:39,815 - deformetrica.core.estimators.gradient_ascent - INFO - --------------------------------- GA Iteration: 21/43 -----------------------------------
2021-07-16 11:17:39,816 - deformetrica.core.estimators.gradient_ascent - INFO - >> Log-likelihood = -5.567E+02 	 [ attachment = -4.149E+02 ; regularity = -1.418E+02 ]
2021-07-16 11:17:39,816 - deformetrica.core.models.longitudinal_metric_learning - INFO - Acceleration factors max/min: (1.7544994, 26, 0.42169762, 69)
2021-07-16 11:17:40,456 - deformetrica.core.models.longitudinal_metric_learning - INFO - Tmin 45 Tmax 105 Update of the spatiotemporalframe: 621 ms
2021-07-16 11:17:55,686 - deformetrica.core.models.longitudinal_metric_learning - INFO - Acceleration factors max/min: (1.7544994, 26, 0.42169762, 69)
2021-07-16 11:17:56,299 - deformetrica.core.models.longitudinal_metric_learning - INFO - Tmin 45 Tmax 105 Update of the spatiotemporalframe: 594 ms
2021-07-16 11:18:06,087 - deformetrica.core.estimators.gradient_ascent - INFO - >> Step size and gradient norm: 
2021-07-16 11:18:06,087 - deformetrica.core.estimators.gradient_ascent - INFO - 		1.759E+00   and   4.603E+00 	[ onset_age ]
2021-07-16 11:18:06,087 - deformetrica.core.estimators.gradient_ascent - INFO - 		7.015E-04   and   4.745E+01 	[ log_acceleration ]
2021-07-16 11:18:06,088 - deformetrica.core.estimators.gradient_ascent - INFO - 		3.463E-04   and   1.122E+02 	[ sources ]
2021-07-16 11:18:06,088 - deformetrica.core.models.longitudinal_metric_learning - INFO - Acceleration factors max/min: (1.74933, 26, 0.42105553, 69)
2021-07-16 11:18:06,699 - deformetrica.core.models.longitudinal_metric_learning - INFO - Tmin 45 Tmax 105 Update of the spatiotemporalframe: 593 ms
2021-07-16 11:18:09,545 - deformetrica.core.models.longitudinal_metric_learning - INFO - Acceleration factors max/min: (1.7503628, 26, 0.42118388, 69)
2021-07-16 11:18:10,153 - deformetrica.core.models.longitudinal_metric_learning - INFO - Tmin 45 Tmax 105 Update of the spatiotemporalframe: 592 ms
2021-07-16 11:18:12,976 - deformetrica.core.models.longitudinal_metric_learning - INFO - Acceleration factors max/min: (1.7503628, 26, 0.42118388, 69)
2021-07-16 11:18:13,591 - deformetrica.core.models.longitudinal_metric_learning - INFO - Tmin 45 Tmax 105 Update of the spatiotemporalframe: 593 ms
2021-07-16 11:18:16,416 - deformetrica.core.models.longitudinal_metric_learning - INFO - Acceleration factors max/min: (1.74933, 26, 0.42105553, 69)
2021-07-16 11:18:17,032 - deformetrica.core.models.longitudinal_metric_learning - INFO - Tmin 45 Tmax 105 Update of the spatiotemporalframe: 589 ms
2021-07-16 11:18:19,865 - deformetrica.core.models.longitudinal_metric_learning - INFO - Acceleration factors max/min: (1.7503628, 26, 0.42118388, 69)
2021-07-16 11:18:20,475 - deformetrica.core.models.longitudinal_metric_learning - INFO - Tmin 45 Tmax 105 Update of the spatiotemporalframe: 593 ms
2021-07-16 11:18:23,311 - deformetrica.core.estimators.gradient_ascent - INFO - --------------------------------- GA Iteration: 22/43 -----------------------------------
2021-07-16 11:18:23,311 - deformetrica.core.estimators.gradient_ascent - INFO - >> Log-likelihood = -5.553E+02 	 [ attachment = -4.145E+02 ; regularity = -1.409E+02 ]
2021-07-16 11:18:23,311 - deformetrica.core.models.longitudinal_metric_learning - INFO - Acceleration factors max/min: (1.7503628, 26, 0.42118388, 69)
2021-07-16 11:18:23,922 - deformetrica.core.models.longitudinal_metric_learning - INFO - Tmin 45 Tmax 105 Update of the spatiotemporalframe: 592 ms
2021-07-16 11:18:38,156 - deformetrica.core.models.longitudinal_metric_learning - INFO - Acceleration factors max/min: (1.7503628, 26, 0.42118388, 69)
2021-07-16 11:18:38,769 - deformetrica.core.models.longitudinal_metric_learning - INFO - Tmin 45 Tmax 105 Update of the spatiotemporalframe: 594 ms
2021-07-16 11:18:48,756 - deformetrica.core.estimators.gradient_ascent - INFO - >> Step size and gradient norm: 
2021-07-16 11:18:48,757 - deformetrica.core.estimators.gradient_ascent - INFO - 		1.407E+00   and   4.457E+00 	[ onset_age ]
2021-07-16 11:18:48,757 - deformetrica.core.estimators.gradient_ascent - INFO - 		5.612E-04   and   3.798E+01 	[ log_acceleration ]
2021-07-16 11:18:48,757 - deformetrica.core.estimators.gradient_ascent - INFO - 		2.770E-04   and   1.083E+02 	[ sources ]
2021-07-16 11:18:48,758 - deformetrica.core.models.longitudinal_metric_learning - INFO - Acceleration factors max/min: (1.7488474, 26, 0.42071256, 69)
2021-07-16 11:18:49,371 - deformetrica.core.models.longitudinal_metric_learning - INFO - Tmin 45 Tmax 105 Update of the spatiotemporalframe: 596 ms
2021-07-16 11:18:52,206 - deformetrica.core.estimators.gradient_ascent - INFO - --------------------------------- GA Iteration: 23/43 -----------------------------------
2021-07-16 11:18:52,206 - deformetrica.core.estimators.gradient_ascent - INFO - >> Log-likelihood = -5.432E+02 	 [ attachment = -4.031E+02 ; regularity = -1.401E+02 ]
2021-07-16 11:18:52,207 - deformetrica.core.models.longitudinal_metric_learning - INFO - Acceleration factors max/min: (1.7488474, 26, 0.42071256, 69)
2021-07-16 11:18:52,821 - deformetrica.core.models.longitudinal_metric_learning - INFO - Tmin 45 Tmax 105 Update of the spatiotemporalframe: 596 ms
2021-07-16 11:19:07,189 - deformetrica.core.models.longitudinal_metric_learning - INFO - Acceleration factors max/min: (1.7488474, 26, 0.42071256, 69)
2021-07-16 11:19:07,804 - deformetrica.core.models.longitudinal_metric_learning - INFO - Tmin 45 Tmax 105 Update of the spatiotemporalframe: 595 ms
2021-07-16 11:19:17,719 - deformetrica.core.estimators.gradient_ascent - INFO - >> Step size and gradient norm: 
2021-07-16 11:19:17,720 - deformetrica.core.estimators.gradient_ascent - INFO - 		1.688E+00   and   3.966E+00 	[ onset_age ]
2021-07-16 11:19:17,720 - deformetrica.core.estimators.gradient_ascent - INFO - 		6.734E-04   and   4.742E+01 	[ log_acceleration ]
2021-07-16 11:19:17,720 - deformetrica.core.estimators.gradient_ascent - INFO - 		3.324E-04   and   1.089E+02 	[ sources ]
2021-07-16 11:19:17,721 - deformetrica.core.models.longitudinal_metric_learning - INFO - Acceleration factors max/min: (1.7448486, 26, 0.42025977, 69)
2021-07-16 11:19:18,330 - deformetrica.core.models.longitudinal_metric_learning - INFO - Tmin 45 Tmax 105 Update of the spatiotemporalframe: 593 ms
2021-07-16 11:19:21,158 - deformetrica.core.estimators.gradient_ascent - INFO - --------------------------------- GA Iteration: 24/43 -----------------------------------
2021-07-16 11:19:21,158 - deformetrica.core.estimators.gradient_ascent - INFO - >> Log-likelihood = -5.413E+02 	 [ attachment = -4.027E+02 ; regularity = -1.386E+02 ]
2021-07-16 11:19:21,159 - deformetrica.core.models.longitudinal_metric_learning - INFO - Acceleration factors max/min: (1.7448486, 26, 0.42025977, 69)
2021-07-16 11:19:21,767 - deformetrica.core.models.longitudinal_metric_learning - INFO - Tmin 45 Tmax 105 Update of the spatiotemporalframe: 590 ms
2021-07-16 11:19:36,010 - deformetrica.core.models.longitudinal_metric_learning - INFO - Acceleration factors max/min: (1.7448486, 26, 0.42025977, 69)
2021-07-16 11:19:36,622 - deformetrica.core.models.longitudinal_metric_learning - INFO - Tmin 45 Tmax 105 Update of the spatiotemporalframe: 593 ms
2021-07-16 11:19:46,441 - deformetrica.core.estimators.gradient_ascent - INFO - >> Step size and gradient norm: 
2021-07-16 11:19:46,442 - deformetrica.core.estimators.gradient_ascent - INFO - 		2.026E+00   and   4.541E+00 	[ onset_age ]
2021-07-16 11:19:46,442 - deformetrica.core.estimators.gradient_ascent - INFO - 		8.081E-04   and   3.214E+01 	[ log_acceleration ]
2021-07-16 11:19:46,442 - deformetrica.core.estimators.gradient_ascent - INFO - 		3.989E-04   and   1.045E+02 	[ sources ]
2021-07-16 11:19:46,443 - deformetrica.core.models.longitudinal_metric_learning - INFO - Acceleration factors max/min: (1.7430899, 26, 0.41988063, 69)
2021-07-16 11:19:47,056 - deformetrica.core.models.longitudinal_metric_learning - INFO - Tmin 45 Tmax 105 Update of the spatiotemporalframe: 596 ms
