2021-08-26 10:25:07,431 - root - ERROR - Logger has been set to: INFO
2021-08-26 10:25:07,833 - __main__ - INFO -  >>> Personalizing for each individual.
2021-08-26 10:25:08,235 - __main__ - INFO - Initializing all the onset_ages to the reference time.
2021-08-26 10:25:08,235 - __main__ - INFO - Initializing all log-accelerations to zero.
2021-08-26 10:25:08,235 - __main__ - INFO - Initializing exponential type to parametric
2021-08-26 10:25:08,235 - __main__ - INFO - Loading metric parameters from file simulated_study/output_1/LongitudinalMetricModel_metric_parameters.txt
2021-08-26 10:25:08,236 - __main__ - INFO - Loading the interpolation points from file simulated_study/output_1/LongitudinalMetricModel_interpolation_points.txt
2021-08-26 10:25:08,237 - __main__ - INFO - The width for the metric interpolation is set to 0.15
2021-08-26 10:25:08,237 - __main__ - INFO - I am setting the no_parallel_transport flag to False.
2021-08-26 10:25:08,238 - __main__ - INFO - >> Reading 1-source initial modulation matrix from file: simulated_study/output_1/LongitudinalMetricModel_modulation_matrix.txt
2021-08-26 10:25:08,238 - __main__ - INFO - Initializing all sources to zero
2021-08-26 10:25:22,485 - __main__ - INFO - >> Initial noise variance set to 0.033735852103757985 based on the initial mean residual value.
2021-08-26 10:25:22,486 - deformetrica.core.models.longitudinal_metric_learning - INFO - ('v0', True)
2021-08-26 10:25:22,486 - deformetrica.core.models.longitudinal_metric_learning - INFO - ('p0', True)
2021-08-26 10:25:22,486 - deformetrica.core.models.longitudinal_metric_learning - INFO - ('reference_time', True)
2021-08-26 10:25:22,487 - deformetrica.core.models.longitudinal_metric_learning - INFO - ('onset_age_variance', True)
2021-08-26 10:25:22,487 - deformetrica.core.models.longitudinal_metric_learning - INFO - ('log_acceleration_variance', True)
2021-08-26 10:25:22,487 - deformetrica.core.models.longitudinal_metric_learning - INFO - ('noise_variance', True)
2021-08-26 10:25:22,487 - deformetrica.core.models.longitudinal_metric_learning - INFO - ('metric_parameters', True)
2021-08-26 10:25:22,487 - deformetrica.core.models.longitudinal_metric_learning - INFO - ('modulation_matrix', True)
