2021-07-20 10:28:09,275 - root - ERROR - Logger has been set to: NOTSET
2021-07-20 10:28:09,662 - deformetrica.in_out.array_readers_and_writers - INFO - Performing initial least square regressions on the subjects, for initialization purposes.
2021-07-20 10:28:09,956 - deformetrica.in_out.array_readers_and_writers - INFO - Performing principal component analysis on the orthogonal variations, for initialization of A and s_i.
2021-07-20 10:28:10,032 - deformetrica.in_out.array_readers_and_writers - INFO -  >>> Performing gradient descent on the mode.
2021-07-20 10:28:10,032 - deformetrica.in_out.array_readers_and_writers - INFO - 
2021-07-20 10:28:10,032 - deformetrica.in_out.array_readers_and_writers - INFO - [ estimate_longitudinal_metric_model function ]
2021-07-20 10:28:10,419 - deformetrica.in_out.array_readers_and_writers - INFO - Setting initial onset ages from preprocessing_7/1_smart_initialization/SmartInitialization_onset_ages.txt file
2021-07-20 10:28:10,421 - deformetrica.in_out.array_readers_and_writers - INFO - Setting initial log accelerations from preprocessing_7/1_smart_initialization/SmartInitialization_log_accelerations.txt file
2021-07-20 10:28:10,422 - deformetrica.in_out.array_readers_and_writers - INFO - Initializing exponential type to parametric
2021-07-20 10:28:10,423 - deformetrica.in_out.array_readers_and_writers - INFO - I am initializing the interpolation points using the width 0.2
2021-07-20 10:28:10,423 - deformetrica.in_out.array_readers_and_writers - INFO - Suggested cp to fill the box: 36
2021-07-20 10:28:10,431 - deformetrica.in_out.array_readers_and_writers - INFO - Cp after filtering: 27
2021-07-20 10:28:10,431 - deformetrica.in_out.array_readers_and_writers - INFO - The width for the metric interpolation is set to 0.2
2021-07-20 10:28:10,432 - deformetrica.in_out.array_readers_and_writers - INFO - I am setting the no_parallel_transport flag to False.
2021-07-20 10:28:10,432 - deformetrica.in_out.array_readers_and_writers - INFO - >> Reading 1-source initial modulation matrix from file: preprocessing_7/1_smart_initialization/SmartInitialization_modulation_matrix.txt
2021-07-20 10:28:10,432 - deformetrica.in_out.array_readers_and_writers - INFO - Setting initial sources from preprocessing_7/1_smart_initialization/SmartInitialization_sources.txt file
2021-07-20 10:28:10,434 - deformetrica.core.models.longitudinal_metric_learning - INFO - ('v0', True)
2021-07-20 10:28:10,434 - deformetrica.core.models.longitudinal_metric_learning - INFO - ('p0', True)
2021-07-20 10:28:10,434 - deformetrica.core.models.longitudinal_metric_learning - INFO - ('reference_time', False)
2021-07-20 10:28:10,434 - deformetrica.core.models.longitudinal_metric_learning - INFO - ('onset_age_variance', True)
2021-07-20 10:28:10,434 - deformetrica.core.models.longitudinal_metric_learning - INFO - ('log_acceleration_variance', True)
2021-07-20 10:28:10,434 - deformetrica.core.models.longitudinal_metric_learning - INFO - ('noise_variance', True)
2021-07-20 10:28:10,435 - deformetrica.core.models.longitudinal_metric_learning - INFO - ('metric_parameters', False)
2021-07-20 10:28:10,435 - deformetrica.core.models.longitudinal_metric_learning - INFO - ('modulation_matrix', True)
2021-07-20 10:28:10,435 - deformetrica.in_out.array_readers_and_writers - INFO - 
2021-07-20 10:28:10,435 - deformetrica.in_out.array_readers_and_writers - INFO - [ update method of the GradientAscent  optimizer ]
2021-07-20 10:28:10,436 - deformetrica.core.models.longitudinal_metric_learning - INFO - Acceleration factors max/min: (1.8765143, 113, 0.28654748, 5)
2021-07-20 10:28:13,794 - deformetrica.core.models.longitudinal_metric_learning - INFO - Tmin 45 Tmax 105 Update of the spatiotemporalframe: 3269 ms
2021-07-20 10:29:25,981 - deformetrica.core.estimators.gradient_ascent - INFO - --------------------------------- GA Iteration: 0/32 -----------------------------------
2021-07-20 10:29:25,989 - deformetrica.core.estimators.gradient_ascent - INFO - >> Log-likelihood = -2.070E+04 	 [ attachment = -2.048E+04 ; regularity = -2.250E+02 ]
2021-07-20 10:29:25,992 - deformetrica.core.estimators.gradient_ascent - INFO - >> Step size and gradient norm: 
2021-07-20 10:29:25,994 - deformetrica.core.estimators.gradient_ascent - INFO - 		1.560E-06   and   6.409E+04 	[ metric_parameters ]
2021-07-20 10:29:25,995 - deformetrica.core.estimators.gradient_ascent - INFO - 		2.640E-02   and   3.788E+01 	[ onset_age ]
2021-07-20 10:29:25,997 - deformetrica.core.estimators.gradient_ascent - INFO - 		1.341E-05   and   7.454E+02 	[ log_acceleration ]
2021-07-20 10:29:25,999 - deformetrica.core.estimators.gradient_ascent - INFO - 		4.536E-06   and   2.205E+03 	[ sources ]
2021-07-20 10:29:26,003 - deformetrica.core.models.longitudinal_metric_learning - INFO - Acceleration factors max/min: (1.8765339, 113, 0.2863987, 35)
2021-07-20 10:29:28,882 - deformetrica.core.models.longitudinal_metric_learning - INFO - Tmin 45 Tmax 105 Update of the spatiotemporalframe: 2711 ms
2021-07-20 10:29:53,964 - deformetrica.core.estimators.gradient_ascent - INFO - --------------------------------- GA Iteration: 1/32 -----------------------------------
2021-07-20 10:29:53,965 - deformetrica.core.estimators.gradient_ascent - INFO - >> Log-likelihood = -1.820E+04 	 [ attachment = -1.797E+04 ; regularity = -2.252E+02 ]
2021-07-20 10:29:53,965 - deformetrica.core.models.longitudinal_metric_learning - INFO - Acceleration factors max/min: (1.8765339, 113, 0.2863987, 35)
2021-07-20 10:29:56,180 - deformetrica.core.models.longitudinal_metric_learning - INFO - Tmin 45 Tmax 105 Update of the spatiotemporalframe: 1865 ms
2021-07-20 10:30:57,299 - deformetrica.core.models.longitudinal_metric_learning - INFO - Acceleration factors max/min: (1.8765339, 113, 0.2863987, 35)
2021-07-20 10:31:02,330 - deformetrica.core.models.longitudinal_metric_learning - INFO - Tmin 45 Tmax 105 Update of the spatiotemporalframe: 4902 ms
2021-07-20 10:32:51,152 - deformetrica.core.estimators.gradient_ascent - INFO - >> Step size and gradient norm: 
2021-07-20 10:32:51,156 - deformetrica.core.estimators.gradient_ascent - INFO - 		1.872E-06   and   4.326E+04 	[ metric_parameters ]
2021-07-20 10:32:51,159 - deformetrica.core.estimators.gradient_ascent - INFO - 		3.168E-02   and   3.870E+01 	[ onset_age ]
2021-07-20 10:32:51,163 - deformetrica.core.estimators.gradient_ascent - INFO - 		1.610E-05   and   8.045E+02 	[ log_acceleration ]
2021-07-20 10:32:51,164 - deformetrica.core.estimators.gradient_ascent - INFO - 		5.443E-06   and   1.974E+03 	[ sources ]
2021-07-20 10:32:51,165 - deformetrica.core.models.longitudinal_metric_learning - INFO - Acceleration factors max/min: (1.8764968, 113, 0.28620517, 35)
2021-07-20 10:32:52,870 - deformetrica.core.models.longitudinal_metric_learning - INFO - Tmin 45 Tmax 105 Update of the spatiotemporalframe: 1678 ms
2021-07-20 10:33:13,737 - deformetrica.core.estimators.gradient_ascent - INFO - --------------------------------- GA Iteration: 2/32 -----------------------------------
2021-07-20 10:33:13,738 - deformetrica.core.estimators.gradient_ascent - INFO - >> Log-likelihood = -1.654E+04 	 [ attachment = -1.632E+04 ; regularity = -2.254E+02 ]
2021-07-20 10:33:13,739 - deformetrica.core.models.longitudinal_metric_learning - INFO - Acceleration factors max/min: (1.8764968, 113, 0.28620517, 35)
2021-07-20 10:33:17,902 - deformetrica.core.models.longitudinal_metric_learning - INFO - Tmin 45 Tmax 105 Update of the spatiotemporalframe: 3908 ms
2021-07-20 10:34:27,974 - deformetrica.core.models.longitudinal_metric_learning - INFO - Acceleration factors max/min: (1.8764968, 113, 0.28620517, 35)
2021-07-20 10:34:32,329 - deformetrica.core.models.longitudinal_metric_learning - INFO - Tmin 45 Tmax 105 Update of the spatiotemporalframe: 4284 ms
2021-07-20 10:36:24,525 - deformetrica.core.estimators.gradient_ascent - INFO - >> Step size and gradient norm: 
2021-07-20 10:36:24,528 - deformetrica.core.estimators.gradient_ascent - INFO - 		2.247E-06   and   3.333E+04 	[ metric_parameters ]
2021-07-20 10:36:24,530 - deformetrica.core.estimators.gradient_ascent - INFO - 		3.802E-02   and   3.531E+01 	[ onset_age ]
2021-07-20 10:36:24,532 - deformetrica.core.estimators.gradient_ascent - INFO - 		1.932E-05   and   6.630E+02 	[ log_acceleration ]
2021-07-20 10:36:24,535 - deformetrica.core.estimators.gradient_ascent - INFO - 		6.531E-06   and   1.810E+03 	[ sources ]
2021-07-20 10:36:24,538 - deformetrica.core.models.longitudinal_metric_learning - INFO - Acceleration factors max/min: (1.87645, 113, 0.28597528, 35)
2021-07-20 10:36:26,031 - deformetrica.core.models.longitudinal_metric_learning - INFO - Tmin 45 Tmax 105 Update of the spatiotemporalframe: 1469 ms
2021-07-20 10:36:47,197 - deformetrica.core.estimators.gradient_ascent - INFO - --------------------------------- GA Iteration: 3/32 -----------------------------------
2021-07-20 10:36:47,199 - deformetrica.core.estimators.gradient_ascent - INFO - >> Log-likelihood = -1.504E+04 	 [ attachment = -1.481E+04 ; regularity = -2.257E+02 ]
2021-07-20 10:36:47,199 - deformetrica.core.models.longitudinal_metric_learning - INFO - Acceleration factors max/min: (1.87645, 113, 0.28597528, 35)
2021-07-20 10:36:52,038 - deformetrica.core.models.longitudinal_metric_learning - INFO - Tmin 45 Tmax 105 Update of the spatiotemporalframe: 4604 ms
2021-07-20 10:37:51,594 - deformetrica.core.models.longitudinal_metric_learning - INFO - Acceleration factors max/min: (1.87645, 113, 0.28597528, 35)
2021-07-20 10:37:54,606 - deformetrica.core.models.longitudinal_metric_learning - INFO - Tmin 45 Tmax 105 Update of the spatiotemporalframe: 2900 ms
2021-07-20 10:39:43,772 - deformetrica.core.estimators.gradient_ascent - INFO - >> Step size and gradient norm: 
2021-07-20 10:39:43,774 - deformetrica.core.estimators.gradient_ascent - INFO - 		2.696E-06   and   2.564E+04 	[ metric_parameters ]
2021-07-20 10:39:43,777 - deformetrica.core.estimators.gradient_ascent - INFO - 		4.562E-02   and   3.695E+01 	[ onset_age ]
2021-07-20 10:39:43,779 - deformetrica.core.estimators.gradient_ascent - INFO - 		2.318E-05   and   7.820E+02 	[ log_acceleration ]
2021-07-20 10:39:43,779 - deformetrica.core.estimators.gradient_ascent - INFO - 		7.837E-06   and   1.669E+03 	[ sources ]
2021-07-20 10:39:43,781 - deformetrica.core.models.longitudinal_metric_learning - INFO - Acceleration factors max/min: (1.8764014, 113, 0.28564033, 35)
2021-07-20 10:39:47,616 - deformetrica.core.models.longitudinal_metric_learning - INFO - Tmin 45 Tmax 105 Update of the spatiotemporalframe: 3729 ms
2021-07-20 10:40:07,347 - deformetrica.core.estimators.gradient_ascent - INFO - --------------------------------- GA Iteration: 4/32 -----------------------------------
2021-07-20 10:40:07,349 - deformetrica.core.estimators.gradient_ascent - INFO - >> Log-likelihood = -1.375E+04 	 [ attachment = -1.352E+04 ; regularity = -2.257E+02 ]
2021-07-20 10:40:07,350 - deformetrica.core.models.longitudinal_metric_learning - INFO - Acceleration factors max/min: (1.8764014, 113, 0.28564033, 35)
2021-07-20 10:40:09,256 - deformetrica.core.models.longitudinal_metric_learning - INFO - Tmin 45 Tmax 105 Update of the spatiotemporalframe: 1671 ms
2021-07-20 10:41:03,695 - deformetrica.core.models.longitudinal_metric_learning - INFO - Acceleration factors max/min: (1.8764014, 113, 0.28564033, 35)
2021-07-20 10:41:05,932 - deformetrica.core.models.longitudinal_metric_learning - INFO - Tmin 45 Tmax 105 Update of the spatiotemporalframe: 2209 ms
2021-07-20 10:42:35,922 - deformetrica.core.estimators.gradient_ascent - INFO - >> Step size and gradient norm: 
2021-07-20 10:42:35,924 - deformetrica.core.estimators.gradient_ascent - INFO - 		3.235E-06   and   1.992E+04 	[ metric_parameters ]
2021-07-20 10:42:35,927 - deformetrica.core.estimators.gradient_ascent - INFO - 		5.474E-02   and   3.165E+01 	[ onset_age ]
2021-07-20 10:42:35,930 - deformetrica.core.estimators.gradient_ascent - INFO - 		2.782E-05   and   5.864E+02 	[ log_acceleration ]
2021-07-20 10:42:35,931 - deformetrica.core.estimators.gradient_ascent - INFO - 		9.405E-06   and   1.540E+03 	[ sources ]
2021-07-20 10:42:35,932 - deformetrica.core.models.longitudinal_metric_learning - INFO - Acceleration factors max/min: (1.8772234, 113, 0.28530678, 35)
2021-07-20 10:42:37,986 - deformetrica.core.models.longitudinal_metric_learning - INFO - Tmin 45 Tmax 105 Update of the spatiotemporalframe: 1954 ms
2021-07-20 10:42:55,656 - deformetrica.core.estimators.gradient_ascent - INFO - --------------------------------- GA Iteration: 5/32 -----------------------------------
2021-07-20 10:42:55,658 - deformetrica.core.estimators.gradient_ascent - INFO - >> Log-likelihood = -1.257E+04 	 [ attachment = -1.234E+04 ; regularity = -2.258E+02 ]
2021-07-20 10:42:55,658 - deformetrica.core.models.longitudinal_metric_learning - INFO - Acceleration factors max/min: (1.8772234, 113, 0.28530678, 35)
2021-07-20 10:42:57,945 - deformetrica.core.models.longitudinal_metric_learning - INFO - Tmin 45 Tmax 105 Update of the spatiotemporalframe: 2102 ms
2021-07-20 10:43:48,092 - deformetrica.core.models.longitudinal_metric_learning - INFO - Acceleration factors max/min: (1.8772234, 113, 0.28530678, 35)
2021-07-20 10:43:53,036 - deformetrica.core.models.longitudinal_metric_learning - INFO - Tmin 45 Tmax 105 Update of the spatiotemporalframe: 4524 ms
2021-07-20 10:45:32,601 - deformetrica.core.estimators.gradient_ascent - INFO - >> Step size and gradient norm: 
2021-07-20 10:45:32,604 - deformetrica.core.estimators.gradient_ascent - INFO - 		3.882E-06   and   1.733E+04 	[ metric_parameters ]
2021-07-20 10:45:32,607 - deformetrica.core.estimators.gradient_ascent - INFO - 		6.569E-02   and   3.906E+01 	[ onset_age ]
2021-07-20 10:45:32,609 - deformetrica.core.estimators.gradient_ascent - INFO - 		3.338E-05   and   7.301E+02 	[ log_acceleration ]
2021-07-20 10:45:32,609 - deformetrica.core.estimators.gradient_ascent - INFO - 		1.129E-05   and   1.424E+03 	[ sources ]
2021-07-20 10:45:32,611 - deformetrica.core.models.longitudinal_metric_learning - INFO - Acceleration factors max/min: (1.8769499, 113, 0.28493658, 35)
2021-07-20 10:45:37,242 - deformetrica.core.models.longitudinal_metric_learning - INFO - Tmin 45 Tmax 105 Update of the spatiotemporalframe: 4608 ms
2021-07-20 10:45:55,519 - deformetrica.core.estimators.gradient_ascent - INFO - --------------------------------- GA Iteration: 6/32 -----------------------------------
2021-07-20 10:45:55,520 - deformetrica.core.estimators.gradient_ascent - INFO - >> Log-likelihood = -1.155E+04 	 [ attachment = -1.132E+04 ; regularity = -2.259E+02 ]
2021-07-20 10:45:55,521 - deformetrica.core.models.longitudinal_metric_learning - INFO - Acceleration factors max/min: (1.8769499, 113, 0.28493658, 35)
2021-07-20 10:45:58,033 - deformetrica.core.models.longitudinal_metric_learning - INFO - Tmin 45 Tmax 105 Update of the spatiotemporalframe: 2474 ms
2021-07-20 10:46:58,594 - deformetrica.core.models.longitudinal_metric_learning - INFO - Acceleration factors max/min: (1.8769499, 113, 0.28493658, 35)
2021-07-20 10:47:01,585 - deformetrica.core.models.longitudinal_metric_learning - INFO - Tmin 45 Tmax 105 Update of the spatiotemporalframe: 2903 ms
2021-07-20 10:48:45,783 - deformetrica.core.estimators.gradient_ascent - INFO - >> Step size and gradient norm: 
2021-07-20 10:48:45,784 - deformetrica.core.estimators.gradient_ascent - INFO - 		4.659E-06   and   1.520E+04 	[ metric_parameters ]
2021-07-20 10:48:45,785 - deformetrica.core.estimators.gradient_ascent - INFO - 		7.883E-02   and   2.473E+01 	[ onset_age ]
2021-07-20 10:48:45,785 - deformetrica.core.estimators.gradient_ascent - INFO - 		4.006E-05   and   4.819E+02 	[ log_acceleration ]
2021-07-20 10:48:45,785 - deformetrica.core.estimators.gradient_ascent - INFO - 		1.354E-05   and   1.316E+03 	[ sources ]
2021-07-20 10:48:45,786 - deformetrica.core.models.longitudinal_metric_learning - INFO - Acceleration factors max/min: (1.8768883, 113, 0.28446782, 35)
2021-07-20 10:48:51,304 - deformetrica.core.models.longitudinal_metric_learning - INFO - Tmin 45 Tmax 105 Update of the spatiotemporalframe: 5438 ms
2021-07-20 10:49:13,775 - deformetrica.core.estimators.gradient_ascent - INFO - --------------------------------- GA Iteration: 7/32 -----------------------------------
2021-07-20 10:49:13,776 - deformetrica.core.estimators.gradient_ascent - INFO - >> Log-likelihood = -1.064E+04 	 [ attachment = -1.042E+04 ; regularity = -2.258E+02 ]
2021-07-20 10:49:13,776 - deformetrica.core.models.longitudinal_metric_learning - INFO - Acceleration factors max/min: (1.8768883, 113, 0.28446782, 35)
2021-07-20 10:49:19,397 - deformetrica.core.models.longitudinal_metric_learning - INFO - Tmin 45 Tmax 105 Update of the spatiotemporalframe: 5175 ms
2021-07-20 10:50:10,746 - deformetrica.core.models.longitudinal_metric_learning - INFO - Acceleration factors max/min: (1.8768883, 113, 0.28446782, 35)
2021-07-20 10:50:13,800 - deformetrica.core.models.longitudinal_metric_learning - INFO - Tmin 45 Tmax 105 Update of the spatiotemporalframe: 3018 ms
2021-07-20 10:51:51,335 - deformetrica.core.estimators.gradient_ascent - INFO - >> Step size and gradient norm: 
2021-07-20 10:51:51,339 - deformetrica.core.estimators.gradient_ascent - INFO - 		5.591E-06   and   1.382E+04 	[ metric_parameters ]
2021-07-20 10:51:51,342 - deformetrica.core.estimators.gradient_ascent - INFO - 		9.460E-02   and   4.633E+01 	[ onset_age ]
2021-07-20 10:51:51,345 - deformetrica.core.estimators.gradient_ascent - INFO - 		4.807E-05   and   8.527E+02 	[ log_acceleration ]
2021-07-20 10:51:51,345 - deformetrica.core.estimators.gradient_ascent - INFO - 		1.625E-05   and   1.220E+03 	[ sources ]
2021-07-20 10:51:51,347 - deformetrica.core.models.longitudinal_metric_learning - INFO - Acceleration factors max/min: (1.8786213, 113, 0.2837724, 35)
2021-07-20 10:51:53,505 - deformetrica.core.models.longitudinal_metric_learning - INFO - Tmin 45 Tmax 105 Update of the spatiotemporalframe: 2121 ms
2021-07-20 10:52:19,115 - deformetrica.core.estimators.gradient_ascent - INFO - --------------------------------- GA Iteration: 8/32 -----------------------------------
2021-07-20 10:52:19,116 - deformetrica.core.estimators.gradient_ascent - INFO - >> Log-likelihood = -9.845E+03 	 [ attachment = -9.618E+03 ; regularity = -2.263E+02 ]
2021-07-20 10:52:19,117 - deformetrica.core.models.longitudinal_metric_learning - INFO - Acceleration factors max/min: (1.8786213, 113, 0.2837724, 35)
2021-07-20 10:52:21,121 - deformetrica.core.models.longitudinal_metric_learning - INFO - Tmin 45 Tmax 105 Update of the spatiotemporalframe: 1623 ms
2021-07-20 10:53:27,249 - deformetrica.core.models.longitudinal_metric_learning - INFO - Acceleration factors max/min: (1.8786213, 113, 0.2837724, 35)
2021-07-20 10:53:30,060 - deformetrica.core.models.longitudinal_metric_learning - INFO - Tmin 45 Tmax 105 Update of the spatiotemporalframe: 2783 ms
2021-07-20 10:55:15,478 - deformetrica.core.estimators.gradient_ascent - INFO - >> Step size and gradient norm: 
2021-07-20 10:55:15,481 - deformetrica.core.estimators.gradient_ascent - INFO - 		6.709E-06   and   1.361E+04 	[ metric_parameters ]
2021-07-20 10:55:15,484 - deformetrica.core.estimators.gradient_ascent - INFO - 		1.135E-01   and   2.102E+01 	[ onset_age ]
2021-07-20 10:55:15,486 - deformetrica.core.estimators.gradient_ascent - INFO - 		5.768E-05   and   3.791E+02 	[ log_acceleration ]
2021-07-20 10:55:15,486 - deformetrica.core.estimators.gradient_ascent - INFO - 		1.950E-05   and   1.135E+03 	[ sources ]
2021-07-20 10:55:15,488 - deformetrica.core.models.longitudinal_metric_learning - INFO - Acceleration factors max/min: (1.8785303, 113, 0.28316334, 35)
2021-07-20 10:55:16,880 - deformetrica.core.models.longitudinal_metric_learning - INFO - Tmin 45 Tmax 105 Update of the spatiotemporalframe: 1366 ms
2021-07-20 10:55:33,890 - deformetrica.core.estimators.gradient_ascent - INFO - --------------------------------- GA Iteration: 9/32 -----------------------------------
2021-07-20 10:55:33,891 - deformetrica.core.estimators.gradient_ascent - INFO - >> Log-likelihood = -9.134E+03 	 [ attachment = -8.908E+03 ; regularity = -2.265E+02 ]
2021-07-20 10:55:33,892 - deformetrica.core.models.longitudinal_metric_learning - INFO - Acceleration factors max/min: (1.8785303, 113, 0.28316334, 35)
2021-07-20 10:55:39,621 - deformetrica.core.models.longitudinal_metric_learning - INFO - Tmin 45 Tmax 105 Update of the spatiotemporalframe: 5701 ms
2021-07-20 10:56:34,981 - deformetrica.core.models.longitudinal_metric_learning - INFO - Acceleration factors max/min: (1.8785303, 113, 0.28316334, 35)
2021-07-20 10:56:37,743 - deformetrica.core.models.longitudinal_metric_learning - INFO - Tmin 45 Tmax 105 Update of the spatiotemporalframe: 2607 ms
2021-07-20 10:58:27,115 - deformetrica.core.estimators.gradient_ascent - INFO - >> Step size and gradient norm: 
2021-07-20 10:58:27,119 - deformetrica.core.estimators.gradient_ascent - INFO - 		8.050E-06   and   1.265E+04 	[ metric_parameters ]
2021-07-20 10:58:27,121 - deformetrica.core.estimators.gradient_ascent - INFO - 		1.362E-01   and   2.858E+01 	[ onset_age ]
2021-07-20 10:58:27,124 - deformetrica.core.estimators.gradient_ascent - INFO - 		6.922E-05   and   4.991E+02 	[ log_acceleration ]
2021-07-20 10:58:27,127 - deformetrica.core.estimators.gradient_ascent - INFO - 		2.340E-05   and   1.056E+03 	[ sources ]
2021-07-20 10:58:27,128 - deformetrica.core.models.longitudinal_metric_learning - INFO - Acceleration factors max/min: (1.8781604, 113, 0.2824269, 35)
2021-07-20 10:58:33,613 - deformetrica.core.models.longitudinal_metric_learning - INFO - Tmin 45 Tmax 105 Update of the spatiotemporalframe: 6459 ms
2021-07-20 10:58:56,171 - deformetrica.core.estimators.gradient_ascent - INFO - --------------------------------- GA Iteration: 10/32 -----------------------------------
2021-07-20 10:58:56,173 - deformetrica.core.estimators.gradient_ascent - INFO - >> Log-likelihood = -8.525E+03 	 [ attachment = -8.298E+03 ; regularity = -2.268E+02 ]
2021-07-20 10:58:56,174 - deformetrica.core.models.longitudinal_metric_learning - INFO - Acceleration factors max/min: (1.8781604, 113, 0.2824269, 35)
2021-07-20 10:58:58,148 - deformetrica.core.models.longitudinal_metric_learning - INFO - Tmin 45 Tmax 105 Update of the spatiotemporalframe: 1945 ms
2021-07-20 11:00:10,706 - deformetrica.core.models.longitudinal_metric_learning - INFO - Acceleration factors max/min: (1.8781604, 113, 0.2824269, 35)
2021-07-20 11:00:13,664 - deformetrica.core.models.longitudinal_metric_learning - INFO - Tmin 45 Tmax 105 Update of the spatiotemporalframe: 2929 ms
2021-07-20 11:01:57,280 - deformetrica.core.estimators.gradient_ascent - INFO - >> Step size and gradient norm: 
2021-07-20 11:01:57,284 - deformetrica.core.estimators.gradient_ascent - INFO - 		9.661E-06   and   1.247E+04 	[ metric_parameters ]
2021-07-20 11:01:57,286 - deformetrica.core.estimators.gradient_ascent - INFO - 		1.635E-01   and   1.892E+01 	[ onset_age ]
2021-07-20 11:01:57,289 - deformetrica.core.estimators.gradient_ascent - INFO - 		8.306E-05   and   3.557E+02 	[ log_acceleration ]
2021-07-20 11:01:57,289 - deformetrica.core.estimators.gradient_ascent - INFO - 		2.808E-05   and   9.895E+02 	[ sources ]
2021-07-20 11:01:57,290 - deformetrica.core.models.longitudinal_metric_learning - INFO - Acceleration factors max/min: (1.878328, 113, 0.28144217, 35)
2021-07-20 11:02:03,402 - deformetrica.core.models.longitudinal_metric_learning - INFO - Tmin 45 Tmax 105 Update of the spatiotemporalframe: 5907 ms
2021-07-20 11:02:33,343 - deformetrica.core.estimators.gradient_ascent - INFO - --------------------------------- GA Iteration: 11/32 -----------------------------------
2021-07-20 11:02:33,344 - deformetrica.core.estimators.gradient_ascent - INFO - >> Log-likelihood = -7.999E+03 	 [ attachment = -7.772E+03 ; regularity = -2.271E+02 ]
2021-07-20 11:02:33,345 - deformetrica.core.models.longitudinal_metric_learning - INFO - Acceleration factors max/min: (1.878328, 113, 0.28144217, 35)
2021-07-20 11:02:36,904 - deformetrica.core.models.longitudinal_metric_learning - INFO - Tmin 45 Tmax 105 Update of the spatiotemporalframe: 3487 ms
2021-07-20 11:03:47,430 - deformetrica.core.models.longitudinal_metric_learning - INFO - Acceleration factors max/min: (1.878328, 113, 0.28144217, 35)
2021-07-20 11:03:51,698 - deformetrica.core.models.longitudinal_metric_learning - INFO - Tmin 45 Tmax 105 Update of the spatiotemporalframe: 4137 ms
2021-07-20 11:05:48,538 - deformetrica.core.estimators.gradient_ascent - INFO - >> Step size and gradient norm: 
2021-07-20 11:05:48,541 - deformetrica.core.estimators.gradient_ascent - INFO - 		1.159E-05   and   1.217E+04 	[ metric_parameters ]
2021-07-20 11:05:48,543 - deformetrica.core.estimators.gradient_ascent - INFO - 		1.962E-01   and   1.702E+01 	[ onset_age ]
2021-07-20 11:05:48,546 - deformetrica.core.estimators.gradient_ascent - INFO - 		9.967E-05   and   3.227E+02 	[ log_acceleration ]
2021-07-20 11:05:48,546 - deformetrica.core.estimators.gradient_ascent - INFO - 		3.370E-05   and   9.288E+02 	[ sources ]
2021-07-20 11:05:48,547 - deformetrica.core.models.longitudinal_metric_learning - INFO - Acceleration factors max/min: (1.8785129, 113, 0.28042907, 35)
2021-07-20 11:05:52,902 - deformetrica.core.models.longitudinal_metric_learning - INFO - Tmin 45 Tmax 105 Update of the spatiotemporalframe: 4270 ms
2021-07-20 11:06:14,231 - deformetrica.core.estimators.gradient_ascent - INFO - --------------------------------- GA Iteration: 12/32 -----------------------------------
2021-07-20 11:06:14,232 - deformetrica.core.estimators.gradient_ascent - INFO - >> Log-likelihood = -7.541E+03 	 [ attachment = -7.313E+03 ; regularity = -2.274E+02 ]
2021-07-20 11:06:14,233 - deformetrica.core.models.longitudinal_metric_learning - INFO - Acceleration factors max/min: (1.8785129, 113, 0.28042907, 35)
2021-07-20 11:06:16,367 - deformetrica.core.models.longitudinal_metric_learning - INFO - Tmin 45 Tmax 105 Update of the spatiotemporalframe: 2059 ms
2021-07-20 11:07:16,642 - deformetrica.core.models.longitudinal_metric_learning - INFO - Acceleration factors max/min: (1.8785129, 113, 0.28042907, 35)
2021-07-20 11:07:19,772 - deformetrica.core.models.longitudinal_metric_learning - INFO - Tmin 45 Tmax 105 Update of the spatiotemporalframe: 3096 ms
2021-07-20 11:08:57,462 - deformetrica.core.estimators.gradient_ascent - INFO - >> Step size and gradient norm: 
2021-07-20 11:08:57,465 - deformetrica.core.estimators.gradient_ascent - INFO - 		1.391E-05   and   1.143E+04 	[ metric_parameters ]
2021-07-20 11:08:57,468 - deformetrica.core.estimators.gradient_ascent - INFO - 		2.354E-01   and   1.749E+01 	[ onset_age ]
2021-07-20 11:08:57,470 - deformetrica.core.estimators.gradient_ascent - INFO - 		1.196E-04   and   3.483E+02 	[ log_acceleration ]
2021-07-20 11:08:57,471 - deformetrica.core.estimators.gradient_ascent - INFO - 		4.044E-05   and   8.783E+02 	[ sources ]
2021-07-20 11:08:57,472 - deformetrica.core.models.longitudinal_metric_learning - INFO - Acceleration factors max/min: (1.8800575, 113, 0.2791558, 35)
2021-07-20 11:09:02,700 - deformetrica.core.models.longitudinal_metric_learning - INFO - Tmin 45 Tmax 105 Update of the spatiotemporalframe: 4792 ms
2021-07-20 11:09:32,569 - deformetrica.core.estimators.gradient_ascent - INFO - --------------------------------- GA Iteration: 13/32 -----------------------------------
2021-07-20 11:09:32,571 - deformetrica.core.estimators.gradient_ascent - INFO - >> Log-likelihood = -7.139E+03 	 [ attachment = -6.910E+03 ; regularity = -2.281E+02 ]
2021-07-20 11:09:32,571 - deformetrica.core.models.longitudinal_metric_learning - INFO - Acceleration factors max/min: (1.8800575, 113, 0.2791558, 35)
2021-07-20 11:09:33,855 - deformetrica.core.models.longitudinal_metric_learning - INFO - Tmin 45 Tmax 105 Update of the spatiotemporalframe: 1246 ms
2021-07-20 11:10:33,576 - deformetrica.core.models.longitudinal_metric_learning - INFO - Acceleration factors max/min: (1.8800575, 113, 0.2791558, 35)
2021-07-20 11:10:36,336 - deformetrica.core.models.longitudinal_metric_learning - INFO - Tmin 45 Tmax 105 Update of the spatiotemporalframe: 2725 ms
2021-07-20 11:12:24,221 - deformetrica.core.estimators.gradient_ascent - INFO - >> Step size and gradient norm: 
2021-07-20 11:12:24,224 - deformetrica.core.estimators.gradient_ascent - INFO - 		1.669E-05   and   1.102E+04 	[ metric_parameters ]
2021-07-20 11:12:24,226 - deformetrica.core.estimators.gradient_ascent - INFO - 		2.825E-01   and   2.592E+01 	[ onset_age ]
2021-07-20 11:12:24,229 - deformetrica.core.estimators.gradient_ascent - INFO - 		1.435E-04   and   4.635E+02 	[ log_acceleration ]
2021-07-20 11:12:24,229 - deformetrica.core.estimators.gradient_ascent - INFO - 		4.853E-05   and   8.332E+02 	[ sources ]
2021-07-20 11:12:24,230 - deformetrica.core.models.longitudinal_metric_learning - INFO - Acceleration factors max/min: (1.880697, 113, 0.27776507, 35)
2021-07-20 11:12:31,126 - deformetrica.core.models.longitudinal_metric_learning - INFO - Tmin 45 Tmax 105 Update of the spatiotemporalframe: 6870 ms
2021-07-20 11:12:54,092 - deformetrica.core.estimators.gradient_ascent - INFO - --------------------------------- GA Iteration: 14/32 -----------------------------------
2021-07-20 11:12:54,094 - deformetrica.core.estimators.gradient_ascent - INFO - >> Log-likelihood = -6.770E+03 	 [ attachment = -6.541E+03 ; regularity = -2.288E+02 ]
2021-07-20 11:12:54,094 - deformetrica.core.models.longitudinal_metric_learning - INFO - Acceleration factors max/min: (1.880697, 113, 0.27776507, 35)
2021-07-20 11:13:01,329 - deformetrica.core.models.longitudinal_metric_learning - INFO - Tmin 45 Tmax 105 Update of the spatiotemporalframe: 6774 ms
2021-07-20 11:13:52,411 - deformetrica.core.models.longitudinal_metric_learning - INFO - Acceleration factors max/min: (1.880697, 113, 0.27776507, 35)
2021-07-20 11:13:55,379 - deformetrica.core.models.longitudinal_metric_learning - INFO - Tmin 45 Tmax 105 Update of the spatiotemporalframe: 2818 ms
2021-07-20 11:15:40,273 - deformetrica.core.estimators.gradient_ascent - INFO - >> Step size and gradient norm: 
2021-07-20 11:15:40,277 - deformetrica.core.estimators.gradient_ascent - INFO - 		2.003E-05   and   9.607E+03 	[ metric_parameters ]
2021-07-20 11:15:40,280 - deformetrica.core.estimators.gradient_ascent - INFO - 		3.390E-01   and   2.182E+01 	[ onset_age ]
2021-07-20 11:15:40,283 - deformetrica.core.estimators.gradient_ascent - INFO - 		1.722E-04   and   4.803E+02 	[ log_acceleration ]
2021-07-20 11:15:40,286 - deformetrica.core.estimators.gradient_ascent - INFO - 		5.823E-05   and   7.943E+02 	[ sources ]
2021-07-20 11:15:40,288 - deformetrica.core.models.longitudinal_metric_learning - INFO - Acceleration factors max/min: (1.8835734, 113, 0.2760948, 35)
2021-07-20 11:15:43,427 - deformetrica.core.models.longitudinal_metric_learning - INFO - Tmin 45 Tmax 105 Update of the spatiotemporalframe: 3058 ms
2021-07-20 11:16:08,156 - deformetrica.core.estimators.gradient_ascent - INFO - --------------------------------- GA Iteration: 15/32 -----------------------------------
2021-07-20 11:16:08,158 - deformetrica.core.estimators.gradient_ascent - INFO - >> Log-likelihood = -6.415E+03 	 [ attachment = -6.186E+03 ; regularity = -2.291E+02 ]
2021-07-20 11:16:08,158 - deformetrica.core.models.longitudinal_metric_learning - INFO - Acceleration factors max/min: (1.8835734, 113, 0.2760948, 35)
2021-07-20 11:16:12,075 - deformetrica.core.models.longitudinal_metric_learning - INFO - Tmin 45 Tmax 105 Update of the spatiotemporalframe: 3888 ms
2021-07-20 11:17:06,288 - deformetrica.core.models.longitudinal_metric_learning - INFO - Acceleration factors max/min: (1.8835734, 113, 0.2760948, 35)
2021-07-20 11:17:09,700 - deformetrica.core.models.longitudinal_metric_learning - INFO - Tmin 45 Tmax 105 Update of the spatiotemporalframe: 3377 ms
2021-07-20 11:18:59,489 - deformetrica.core.estimators.gradient_ascent - INFO - >> Step size and gradient norm: 
2021-07-20 11:18:59,493 - deformetrica.core.estimators.gradient_ascent - INFO - 		2.404E-05   and   9.570E+03 	[ metric_parameters ]
2021-07-20 11:18:59,496 - deformetrica.core.estimators.gradient_ascent - INFO - 		4.068E-01   and   1.571E+01 	[ onset_age ]
2021-07-20 11:18:59,498 - deformetrica.core.estimators.gradient_ascent - INFO - 		2.067E-04   and   3.482E+02 	[ log_acceleration ]
2021-07-20 11:18:59,501 - deformetrica.core.estimators.gradient_ascent - INFO - 		6.988E-05   and   7.578E+02 	[ sources ]
2021-07-20 11:18:59,502 - deformetrica.core.models.longitudinal_metric_learning - INFO - Acceleration factors max/min: (1.888557, 113, 0.27441254, 35)
2021-07-20 11:19:01,143 - deformetrica.core.models.longitudinal_metric_learning - INFO - Tmin 45 Tmax 105 Update of the spatiotemporalframe: 1611 ms
2021-07-20 11:19:21,042 - deformetrica.core.estimators.gradient_ascent - INFO - --------------------------------- GA Iteration: 16/32 -----------------------------------
2021-07-20 11:19:21,044 - deformetrica.core.estimators.gradient_ascent - INFO - >> Log-likelihood = -6.100E+03 	 [ attachment = -5.870E+03 ; regularity = -2.302E+02 ]
2021-07-20 11:19:21,044 - deformetrica.core.models.longitudinal_metric_learning - INFO - Acceleration factors max/min: (1.888557, 113, 0.27441254, 35)
2021-07-20 11:19:24,336 - deformetrica.core.models.longitudinal_metric_learning - INFO - Tmin 45 Tmax 105 Update of the spatiotemporalframe: 3262 ms
2021-07-20 11:20:19,001 - deformetrica.core.models.longitudinal_metric_learning - INFO - Acceleration factors max/min: (1.888557, 113, 0.27441254, 35)
2021-07-20 11:20:22,731 - deformetrica.core.models.longitudinal_metric_learning - INFO - Tmin 45 Tmax 105 Update of the spatiotemporalframe: 3698 ms
2021-07-20 11:22:20,041 - deformetrica.core.estimators.gradient_ascent - INFO - >> Step size and gradient norm: 
2021-07-20 11:22:20,044 - deformetrica.core.estimators.gradient_ascent - INFO - 		2.885E-05   and   8.557E+03 	[ metric_parameters ]
2021-07-20 11:22:20,047 - deformetrica.core.estimators.gradient_ascent - INFO - 		4.881E-01   and   2.683E+01 	[ onset_age ]
2021-07-20 11:22:20,049 - deformetrica.core.estimators.gradient_ascent - INFO - 		2.480E-04   and   5.404E+02 	[ log_acceleration ]
2021-07-20 11:22:20,052 - deformetrica.core.estimators.gradient_ascent - INFO - 		8.385E-05   and   7.284E+02 	[ sources ]
2021-07-20 11:22:20,053 - deformetrica.core.models.longitudinal_metric_learning - INFO - Acceleration factors max/min: (1.8920426, 113, 0.27234924, 35)
2021-07-20 11:22:26,546 - deformetrica.core.models.longitudinal_metric_learning - INFO - Tmin 45 Tmax 105 Update of the spatiotemporalframe: 6064 ms
2021-07-20 11:22:44,649 - deformetrica.core.estimators.gradient_ascent - INFO - --------------------------------- GA Iteration: 17/32 -----------------------------------
2021-07-20 11:22:44,651 - deformetrica.core.estimators.gradient_ascent - INFO - >> Log-likelihood = -5.792E+03 	 [ attachment = -5.561E+03 ; regularity = -2.315E+02 ]
2021-07-20 11:22:44,651 - deformetrica.core.models.longitudinal_metric_learning - INFO - Acceleration factors max/min: (1.8920426, 113, 0.27234924, 35)
2021-07-20 11:22:49,214 - deformetrica.core.models.longitudinal_metric_learning - INFO - Tmin 45 Tmax 105 Update of the spatiotemporalframe: 4333 ms
2021-07-20 11:23:46,398 - deformetrica.core.models.longitudinal_metric_learning - INFO - Acceleration factors max/min: (1.8920426, 113, 0.27234924, 35)
2021-07-20 11:23:48,465 - deformetrica.core.models.longitudinal_metric_learning - INFO - Tmin 45 Tmax 105 Update of the spatiotemporalframe: 2037 ms
2021-07-20 11:25:34,437 - deformetrica.core.estimators.gradient_ascent - INFO - >> Step size and gradient norm: 
2021-07-20 11:25:34,440 - deformetrica.core.estimators.gradient_ascent - INFO - 		3.462E-05   and   8.796E+03 	[ metric_parameters ]
2021-07-20 11:25:34,442 - deformetrica.core.estimators.gradient_ascent - INFO - 		5.857E-01   and   2.516E+01 	[ onset_age ]
2021-07-20 11:25:34,445 - deformetrica.core.estimators.gradient_ascent - INFO - 		2.976E-04   and   5.539E+02 	[ log_acceleration ]
2021-07-20 11:25:34,447 - deformetrica.core.estimators.gradient_ascent - INFO - 		1.006E-04   and   6.979E+02 	[ sources ]
2021-07-20 11:25:34,449 - deformetrica.core.models.longitudinal_metric_learning - INFO - Acceleration factors max/min: (1.8918346, 113, 0.27041116, 35)
2021-07-20 11:25:39,106 - deformetrica.core.models.longitudinal_metric_learning - INFO - Tmin 45 Tmax 105 Update of the spatiotemporalframe: 4412 ms
2021-07-20 11:26:05,991 - deformetrica.core.models.longitudinal_metric_learning - INFO - Acceleration factors max/min: (1.8918761, 113, 0.27079767, 35)
2021-07-20 11:26:07,469 - deformetrica.core.models.longitudinal_metric_learning - INFO - Tmin 45 Tmax 105 Update of the spatiotemporalframe: 1455 ms
2021-07-20 11:26:28,351 - deformetrica.core.models.longitudinal_metric_learning - INFO - Acceleration factors max/min: (1.8918761, 113, 0.27079767, 35)
2021-07-20 11:26:35,551 - deformetrica.core.models.longitudinal_metric_learning - INFO - Tmin 45 Tmax 105 Update of the spatiotemporalframe: 6958 ms
2021-07-20 11:26:57,217 - deformetrica.core.models.longitudinal_metric_learning - INFO - Acceleration factors max/min: (1.8918346, 113, 0.27041116, 35)
2021-07-20 11:27:00,927 - deformetrica.core.models.longitudinal_metric_learning - INFO - Tmin 45 Tmax 105 Update of the spatiotemporalframe: 3442 ms
2021-07-20 11:27:25,528 - deformetrica.core.models.longitudinal_metric_learning - INFO - Acceleration factors max/min: (1.8918761, 113, 0.27079767, 35)
2021-07-20 11:27:28,577 - deformetrica.core.models.longitudinal_metric_learning - INFO - Tmin 45 Tmax 105 Update of the spatiotemporalframe: 3016 ms
2021-07-20 11:27:54,711 - deformetrica.core.estimators.gradient_ascent - INFO - --------------------------------- GA Iteration: 18/32 -----------------------------------
2021-07-20 11:27:54,712 - deformetrica.core.estimators.gradient_ascent - INFO - >> Log-likelihood = -5.786E+03 	 [ attachment = -5.553E+03 ; regularity = -2.332E+02 ]
2021-07-20 11:27:54,713 - deformetrica.core.models.longitudinal_metric_learning - INFO - Acceleration factors max/min: (1.8918761, 113, 0.27079767, 35)
2021-07-20 11:27:57,660 - deformetrica.core.models.longitudinal_metric_learning - INFO - Tmin 45 Tmax 105 Update of the spatiotemporalframe: 2252 ms
2021-07-20 11:28:50,523 - deformetrica.core.models.longitudinal_metric_learning - INFO - Acceleration factors max/min: (1.8918761, 113, 0.27079767, 35)
2021-07-20 11:28:53,636 - deformetrica.core.models.longitudinal_metric_learning - INFO - Tmin 45 Tmax 105 Update of the spatiotemporalframe: 3075 ms
2021-07-20 11:30:44,770 - deformetrica.core.estimators.gradient_ascent - INFO - >> Step size and gradient norm: 
2021-07-20 11:30:44,773 - deformetrica.core.estimators.gradient_ascent - INFO - 		2.769E-05   and   1.469E+04 	[ metric_parameters ]
2021-07-20 11:30:44,776 - deformetrica.core.estimators.gradient_ascent - INFO - 		4.686E-01   and   3.444E+01 	[ onset_age ]
2021-07-20 11:30:44,778 - deformetrica.core.estimators.gradient_ascent - INFO - 		2.381E-04   and   6.492E+02 	[ log_acceleration ]
2021-07-20 11:30:44,781 - deformetrica.core.estimators.gradient_ascent - INFO - 		1.006E-04   and   6.885E+02 	[ sources ]
2021-07-20 11:30:44,782 - deformetrica.core.models.longitudinal_metric_learning - INFO - Acceleration factors max/min: (1.8900921, 113, 0.26909637, 35)
2021-07-20 11:30:50,378 - deformetrica.core.models.longitudinal_metric_learning - INFO - Tmin 45 Tmax 105 Update of the spatiotemporalframe: 5132 ms
2021-07-20 11:31:08,132 - deformetrica.core.models.longitudinal_metric_learning - INFO - Acceleration factors max/min: (1.8904488, 113, 0.26943576, 35)
2021-07-20 11:31:11,846 - deformetrica.core.models.longitudinal_metric_learning - INFO - Tmin 45 Tmax 105 Update of the spatiotemporalframe: 3693 ms
2021-07-20 11:31:33,645 - deformetrica.core.models.longitudinal_metric_learning - INFO - Acceleration factors max/min: (1.8904488, 113, 0.26943576, 35)
2021-07-20 11:31:35,596 - deformetrica.core.models.longitudinal_metric_learning - INFO - Tmin 45 Tmax 105 Update of the spatiotemporalframe: 1895 ms
2021-07-20 11:32:04,767 - deformetrica.core.models.longitudinal_metric_learning - INFO - Acceleration factors max/min: (1.8900921, 113, 0.26909637, 35)
2021-07-20 11:32:06,200 - deformetrica.core.models.longitudinal_metric_learning - INFO - Tmin 45 Tmax 105 Update of the spatiotemporalframe: 1412 ms
2021-07-20 11:32:38,223 - deformetrica.core.models.longitudinal_metric_learning - INFO - Acceleration factors max/min: (1.8904488, 113, 0.26943576, 35)
2021-07-20 11:32:46,890 - deformetrica.core.models.longitudinal_metric_learning - INFO - Tmin 45 Tmax 105 Update of the spatiotemporalframe: 8206 ms
2021-07-20 11:33:11,521 - deformetrica.core.estimators.gradient_ascent - INFO - >> Step size and gradient norm: 
2021-07-20 11:33:11,523 - deformetrica.core.estimators.gradient_ascent - INFO - 		2.215E-05   and   1.469E+04 	[ metric_parameters ]
2021-07-20 11:33:11,523 - deformetrica.core.estimators.gradient_ascent - INFO - 		3.749E-01   and   3.444E+01 	[ onset_age ]
2021-07-20 11:33:11,523 - deformetrica.core.estimators.gradient_ascent - INFO - 		1.905E-04   and   6.492E+02 	[ log_acceleration ]
2021-07-20 11:33:11,523 - deformetrica.core.estimators.gradient_ascent - INFO - 		8.050E-05   and   6.885E+02 	[ sources ]
2021-07-20 11:33:11,524 - deformetrica.core.models.longitudinal_metric_learning - INFO - Acceleration factors max/min: (1.8904488, 113, 0.26943576, 35)
2021-07-20 11:33:13,722 - deformetrica.core.models.longitudinal_metric_learning - INFO - Tmin 45 Tmax 105 Update of the spatiotemporalframe: 1986 ms
2021-07-20 11:33:30,195 - deformetrica.core.models.longitudinal_metric_learning - INFO - Acceleration factors max/min: (1.8907343, 113, 0.2697076, 35)
2021-07-20 11:33:32,135 - deformetrica.core.models.longitudinal_metric_learning - INFO - Tmin 45 Tmax 105 Update of the spatiotemporalframe: 1814 ms
2021-07-20 11:33:59,610 - deformetrica.core.models.longitudinal_metric_learning - INFO - Acceleration factors max/min: (1.8907343, 113, 0.2697076, 35)
2021-07-20 11:34:03,183 - deformetrica.core.models.longitudinal_metric_learning - INFO - Tmin 45 Tmax 105 Update of the spatiotemporalframe: 3150 ms
2021-07-20 11:34:27,266 - deformetrica.core.models.longitudinal_metric_learning - INFO - Acceleration factors max/min: (1.8904488, 113, 0.26943576, 35)
2021-07-20 11:34:28,730 - deformetrica.core.models.longitudinal_metric_learning - INFO - Tmin 45 Tmax 105 Update of the spatiotemporalframe: 1442 ms
2021-07-20 11:34:49,363 - deformetrica.core.models.longitudinal_metric_learning - INFO - Acceleration factors max/min: (1.8907343, 113, 0.2697076, 35)
2021-07-20 11:34:51,615 - deformetrica.core.models.longitudinal_metric_learning - INFO - Tmin 45 Tmax 105 Update of the spatiotemporalframe: 1860 ms
2021-07-20 11:35:17,397 - deformetrica.core.estimators.gradient_ascent - INFO - >> Step size and gradient norm: 
2021-07-20 11:35:17,398 - deformetrica.core.estimators.gradient_ascent - INFO - 		1.772E-05   and   1.469E+04 	[ metric_parameters ]
2021-07-20 11:35:17,398 - deformetrica.core.estimators.gradient_ascent - INFO - 		2.999E-01   and   3.444E+01 	[ onset_age ]
2021-07-20 11:35:17,398 - deformetrica.core.estimators.gradient_ascent - INFO - 		1.524E-04   and   6.492E+02 	[ log_acceleration ]
2021-07-20 11:35:17,399 - deformetrica.core.estimators.gradient_ascent - INFO - 		6.440E-05   and   6.885E+02 	[ sources ]
2021-07-20 11:35:17,400 - deformetrica.core.models.longitudinal_metric_learning - INFO - Acceleration factors max/min: (1.8907343, 113, 0.2697076, 35)
2021-07-20 11:35:19,772 - deformetrica.core.models.longitudinal_metric_learning - INFO - Tmin 45 Tmax 105 Update of the spatiotemporalframe: 1943 ms
2021-07-20 11:35:40,795 - deformetrica.core.models.longitudinal_metric_learning - INFO - Acceleration factors max/min: (1.8909626, 113, 0.26992527, 35)
2021-07-20 11:35:42,414 - deformetrica.core.models.longitudinal_metric_learning - INFO - Tmin 45 Tmax 105 Update of the spatiotemporalframe: 1596 ms
2021-07-20 11:36:03,585 - deformetrica.core.models.longitudinal_metric_learning - INFO - Acceleration factors max/min: (1.8909626, 113, 0.26992527, 35)
2021-07-20 11:36:04,976 - deformetrica.core.models.longitudinal_metric_learning - INFO - Tmin 45 Tmax 105 Update of the spatiotemporalframe: 1369 ms
2021-07-20 11:36:25,535 - deformetrica.core.models.longitudinal_metric_learning - INFO - Acceleration factors max/min: (1.8907343, 113, 0.2697076, 35)
2021-07-20 11:36:27,637 - deformetrica.core.models.longitudinal_metric_learning - INFO - Tmin 45 Tmax 105 Update of the spatiotemporalframe: 2077 ms
2021-07-20 11:36:52,375 - deformetrica.core.models.longitudinal_metric_learning - INFO - Acceleration factors max/min: (1.8909626, 113, 0.26992527, 35)
2021-07-20 11:36:53,929 - deformetrica.core.models.longitudinal_metric_learning - INFO - Tmin 45 Tmax 105 Update of the spatiotemporalframe: 1531 ms
2021-07-20 11:37:14,902 - deformetrica.core.estimators.gradient_ascent - INFO - >> Step size and gradient norm: 
2021-07-20 11:37:14,902 - deformetrica.core.estimators.gradient_ascent - INFO - 		1.418E-05   and   1.469E+04 	[ metric_parameters ]
2021-07-20 11:37:14,903 - deformetrica.core.estimators.gradient_ascent - INFO - 		2.399E-01   and   3.444E+01 	[ onset_age ]
2021-07-20 11:37:14,903 - deformetrica.core.estimators.gradient_ascent - INFO - 		1.219E-04   and   6.492E+02 	[ log_acceleration ]
2021-07-20 11:37:14,903 - deformetrica.core.estimators.gradient_ascent - INFO - 		5.152E-05   and   6.885E+02 	[ sources ]
2021-07-20 11:37:14,904 - deformetrica.core.models.longitudinal_metric_learning - INFO - Acceleration factors max/min: (1.8909626, 113, 0.26992527, 35)
2021-07-20 11:37:17,004 - deformetrica.core.models.longitudinal_metric_learning - INFO - Tmin 45 Tmax 105 Update of the spatiotemporalframe: 2050 ms
2021-07-20 11:37:45,850 - deformetrica.core.models.longitudinal_metric_learning - INFO - Acceleration factors max/min: (1.8911452, 113, 0.27009952, 35)
2021-07-20 11:37:48,934 - deformetrica.core.models.longitudinal_metric_learning - INFO - Tmin 45 Tmax 105 Update of the spatiotemporalframe: 2653 ms
2021-07-20 11:38:05,277 - deformetrica.core.models.longitudinal_metric_learning - INFO - Acceleration factors max/min: (1.8911452, 113, 0.27009952, 35)
2021-07-20 11:38:06,767 - deformetrica.core.models.longitudinal_metric_learning - INFO - Tmin 45 Tmax 105 Update of the spatiotemporalframe: 1462 ms
2021-07-20 11:38:32,992 - deformetrica.core.models.longitudinal_metric_learning - INFO - Acceleration factors max/min: (1.8909626, 113, 0.26992527, 35)
2021-07-20 11:38:35,372 - deformetrica.core.models.longitudinal_metric_learning - INFO - Tmin 45 Tmax 105 Update of the spatiotemporalframe: 1966 ms
2021-07-20 11:39:07,371 - deformetrica.core.models.longitudinal_metric_learning - INFO - Acceleration factors max/min: (1.8911452, 113, 0.27009952, 35)
2021-07-20 11:39:09,325 - deformetrica.core.models.longitudinal_metric_learning - INFO - Tmin 45 Tmax 105 Update of the spatiotemporalframe: 1897 ms
2021-07-20 11:39:31,242 - deformetrica.core.estimators.gradient_ascent - INFO - Number of line search loops exceeded. Stopping.
2021-07-20 11:39:31,246 - deformetrica.core.estimators.gradient_ascent - INFO - --------------------------------- GA Iteration: 19/32 -----------------------------------
2021-07-20 11:39:31,246 - deformetrica.core.estimators.gradient_ascent - INFO - >> Log-likelihood = -6.714E+03 	 [ attachment = -6.481E+03 ; regularity = -2.328E+02 ]
2021-07-20 11:39:31,247 - deformetrica.core.models.longitudinal_metric_learning - INFO - Acceleration factors max/min: (1.8909626, 113, 0.26992527, 35)
2021-07-20 11:39:35,327 - deformetrica.core.models.longitudinal_metric_learning - INFO - Tmin 45 Tmax 105 Update of the spatiotemporalframe: 4022 ms
2021-07-20 11:40:25,916 - deformetrica.core.models.longitudinal_metric_learning - INFO - Acceleration factors max/min: (1.8909626, 113, 0.26992527, 35)
2021-07-20 11:40:27,995 - deformetrica.core.models.longitudinal_metric_learning - INFO - Tmin 45 Tmax 105 Update of the spatiotemporalframe: 2050 ms
2021-07-20 11:42:04,019 - deformetrica.core.estimators.gradient_ascent - INFO - >> Step size and gradient norm: 
2021-07-20 11:42:04,022 - deformetrica.core.estimators.gradient_ascent - INFO - 		1.134E-05   and   1.904E+04 	[ metric_parameters ]
2021-07-20 11:42:04,025 - deformetrica.core.estimators.gradient_ascent - INFO - 		1.919E-01   and   4.896E+01 	[ onset_age ]
2021-07-20 11:42:04,027 - deformetrica.core.estimators.gradient_ascent - INFO - 		9.752E-05   and   7.710E+02 	[ log_acceleration ]
2021-07-20 11:42:04,028 - deformetrica.core.estimators.gradient_ascent - INFO - 		4.122E-05   and   7.256E+02 	[ sources ]
2021-07-20 11:42:04,029 - deformetrica.core.models.longitudinal_metric_learning - INFO - Acceleration factors max/min: (1.8820142, 113, 0.2687928, 35)
2021-07-20 11:42:06,786 - deformetrica.core.models.longitudinal_metric_learning - INFO - Tmin 45 Tmax 105 Update of the spatiotemporalframe: 2726 ms
2021-07-20 11:42:31,080 - deformetrica.core.estimators.gradient_ascent - INFO - --------------------------------- GA Iteration: 20/32 -----------------------------------
2021-07-20 11:42:31,081 - deformetrica.core.estimators.gradient_ascent - INFO - >> Log-likelihood = -5.467E+03 	 [ attachment = -5.236E+03 ; regularity = -2.309E+02 ]
2021-07-20 11:42:31,081 - deformetrica.core.models.longitudinal_metric_learning - INFO - Acceleration factors max/min: (1.8820142, 113, 0.2687928, 35)
2021-07-20 11:42:36,864 - deformetrica.core.models.longitudinal_metric_learning - INFO - Tmin 45 Tmax 105 Update of the spatiotemporalframe: 5755 ms
2021-07-20 11:43:29,487 - deformetrica.core.models.longitudinal_metric_learning - INFO - Acceleration factors max/min: (1.8820142, 113, 0.2687928, 35)
2021-07-20 11:43:32,639 - deformetrica.core.models.longitudinal_metric_learning - INFO - Tmin 45 Tmax 105 Update of the spatiotemporalframe: 2890 ms
2021-07-20 11:45:13,112 - deformetrica.core.estimators.gradient_ascent - INFO - >> Step size and gradient norm: 
2021-07-20 11:45:13,113 - deformetrica.core.estimators.gradient_ascent - INFO - 		1.361E-05   and   1.189E+04 	[ metric_parameters ]
2021-07-20 11:45:13,113 - deformetrica.core.estimators.gradient_ascent - INFO - 		2.303E-01   and   2.884E+01 	[ onset_age ]
2021-07-20 11:45:13,113 - deformetrica.core.estimators.gradient_ascent - INFO - 		1.170E-04   and   4.416E+02 	[ log_acceleration ]
2021-07-20 11:45:13,114 - deformetrica.core.estimators.gradient_ascent - INFO - 		4.946E-05   and   6.044E+02 	[ sources ]
2021-07-20 11:45:13,115 - deformetrica.core.models.longitudinal_metric_learning - INFO - Acceleration factors max/min: (1.876226, 113, 0.26754448, 35)
2021-07-20 11:45:15,201 - deformetrica.core.models.longitudinal_metric_learning - INFO - Tmin 45 Tmax 105 Update of the spatiotemporalframe: 2039 ms
2021-07-20 11:45:34,863 - deformetrica.core.estimators.gradient_ascent - INFO - --------------------------------- GA Iteration: 21/32 -----------------------------------
2021-07-20 11:45:34,864 - deformetrica.core.estimators.gradient_ascent - INFO - >> Log-likelihood = -5.185E+03 	 [ attachment = -4.956E+03 ; regularity = -2.294E+02 ]
2021-07-20 11:45:34,865 - deformetrica.core.models.longitudinal_metric_learning - INFO - Acceleration factors max/min: (1.876226, 113, 0.26754448, 35)
2021-07-20 11:45:37,241 - deformetrica.core.models.longitudinal_metric_learning - INFO - Tmin 45 Tmax 105 Update of the spatiotemporalframe: 2015 ms
2021-07-20 11:46:26,456 - deformetrica.core.models.longitudinal_metric_learning - INFO - Acceleration factors max/min: (1.876226, 113, 0.26754448, 35)
2021-07-20 11:46:29,443 - deformetrica.core.models.longitudinal_metric_learning - INFO - Tmin 45 Tmax 105 Update of the spatiotemporalframe: 2951 ms
2021-07-20 11:48:23,574 - deformetrica.core.estimators.gradient_ascent - INFO - >> Step size and gradient norm: 
2021-07-20 11:48:23,577 - deformetrica.core.estimators.gradient_ascent - INFO - 		1.633E-05   and   1.133E+04 	[ metric_parameters ]
2021-07-20 11:48:23,579 - deformetrica.core.estimators.gradient_ascent - INFO - 		2.764E-01   and   3.414E+01 	[ onset_age ]
2021-07-20 11:48:23,581 - deformetrica.core.estimators.gradient_ascent - INFO - 		1.404E-04   and   6.222E+02 	[ log_acceleration ]
2021-07-20 11:48:23,584 - deformetrica.core.estimators.gradient_ascent - INFO - 		5.935E-05   and   5.899E+02 	[ sources ]
2021-07-20 11:48:23,585 - deformetrica.core.models.longitudinal_metric_learning - INFO - Acceleration factors max/min: (1.8736565, 113, 0.26605058, 35)
2021-07-20 11:48:28,600 - deformetrica.core.models.longitudinal_metric_learning - INFO - Tmin 45 Tmax 105 Update of the spatiotemporalframe: 4768 ms
2021-07-20 11:48:50,225 - deformetrica.core.models.longitudinal_metric_learning - INFO - Acceleration factors max/min: (1.8741701, 113, 0.26634866, 35)
2021-07-20 11:48:53,024 - deformetrica.core.models.longitudinal_metric_learning - INFO - Tmin 45 Tmax 105 Update of the spatiotemporalframe: 2707 ms
2021-07-20 11:49:11,396 - deformetrica.core.models.longitudinal_metric_learning - INFO - Acceleration factors max/min: (1.8741701, 113, 0.26634866, 35)
2021-07-20 11:49:14,579 - deformetrica.core.models.longitudinal_metric_learning - INFO - Tmin 45 Tmax 105 Update of the spatiotemporalframe: 2817 ms
2021-07-20 11:49:34,445 - deformetrica.core.models.longitudinal_metric_learning - INFO - Acceleration factors max/min: (1.8736565, 113, 0.26605058, 35)
2021-07-20 11:49:38,503 - deformetrica.core.models.longitudinal_metric_learning - INFO - Tmin 45 Tmax 105 Update of the spatiotemporalframe: 3577 ms
2021-07-20 11:49:57,045 - deformetrica.core.models.longitudinal_metric_learning - INFO - Acceleration factors max/min: (1.8741701, 113, 0.26634866, 35)
2021-07-20 11:49:58,417 - deformetrica.core.models.longitudinal_metric_learning - INFO - Tmin 45 Tmax 105 Update of the spatiotemporalframe: 1323 ms
2021-07-20 11:50:23,404 - deformetrica.core.estimators.gradient_ascent - INFO - --------------------------------- GA Iteration: 22/32 -----------------------------------
2021-07-20 11:50:23,405 - deformetrica.core.estimators.gradient_ascent - INFO - >> Log-likelihood = -5.171E+03 	 [ attachment = -4.942E+03 ; regularity = -2.286E+02 ]
2021-07-20 11:50:23,406 - deformetrica.core.models.longitudinal_metric_learning - INFO - Acceleration factors max/min: (1.8741701, 113, 0.26634866, 35)
2021-07-20 11:50:25,968 - deformetrica.core.models.longitudinal_metric_learning - INFO - Tmin 45 Tmax 105 Update of the spatiotemporalframe: 2159 ms
2021-07-20 11:51:27,204 - deformetrica.core.models.longitudinal_metric_learning - INFO - Acceleration factors max/min: (1.8741701, 113, 0.26634866, 35)
2021-07-20 11:51:35,148 - deformetrica.core.models.longitudinal_metric_learning - INFO - Tmin 45 Tmax 105 Update of the spatiotemporalframe: 7812 ms
2021-07-20 11:53:12,125 - deformetrica.core.estimators.gradient_ascent - INFO - >> Step size and gradient norm: 
2021-07-20 11:53:12,130 - deformetrica.core.estimators.gradient_ascent - INFO - 		1.307E-05   and   1.329E+04 	[ metric_parameters ]
2021-07-20 11:53:12,133 - deformetrica.core.estimators.gradient_ascent - INFO - 		2.764E-01   and   4.695E+01 	[ onset_age ]
2021-07-20 11:53:12,135 - deformetrica.core.estimators.gradient_ascent - INFO - 		1.123E-04   and   6.600E+02 	[ log_acceleration ]
2021-07-20 11:53:12,136 - deformetrica.core.estimators.gradient_ascent - INFO - 		4.748E-05   and   5.796E+02 	[ sources ]
2021-07-20 11:53:12,137 - deformetrica.core.models.longitudinal_metric_learning - INFO - Acceleration factors max/min: (1.8733733, 113, 0.265099, 35)
2021-07-20 11:53:16,478 - deformetrica.core.models.longitudinal_metric_learning - INFO - Tmin 45 Tmax 105 Update of the spatiotemporalframe: 4222 ms
2021-07-20 11:53:33,983 - deformetrica.core.estimators.gradient_ascent - INFO - --------------------------------- GA Iteration: 23/32 -----------------------------------
2021-07-20 11:53:33,984 - deformetrica.core.estimators.gradient_ascent - INFO - >> Log-likelihood = -5.093E+03 	 [ attachment = -4.866E+03 ; regularity = -2.275E+02 ]
2021-07-20 11:53:33,984 - deformetrica.core.models.longitudinal_metric_learning - INFO - Acceleration factors max/min: (1.8733733, 113, 0.265099, 35)
2021-07-20 11:53:35,504 - deformetrica.core.models.longitudinal_metric_learning - INFO - Tmin 45 Tmax 105 Update of the spatiotemporalframe: 1416 ms
2021-07-20 11:54:35,488 - deformetrica.core.models.longitudinal_metric_learning - INFO - Acceleration factors max/min: (1.8733733, 113, 0.265099, 35)
2021-07-20 11:54:37,925 - deformetrica.core.models.longitudinal_metric_learning - INFO - Tmin 45 Tmax 105 Update of the spatiotemporalframe: 2401 ms
2021-07-20 11:56:25,275 - deformetrica.core.estimators.gradient_ascent - INFO - >> Step size and gradient norm: 
2021-07-20 11:56:25,277 - deformetrica.core.estimators.gradient_ascent - INFO - 		1.568E-05   and   1.183E+04 	[ metric_parameters ]
2021-07-20 11:56:25,279 - deformetrica.core.estimators.gradient_ascent - INFO - 		3.317E-01   and   2.747E+01 	[ onset_age ]
2021-07-20 11:56:25,281 - deformetrica.core.estimators.gradient_ascent - INFO - 		1.348E-04   and   4.744E+02 	[ log_acceleration ]
2021-07-20 11:56:25,283 - deformetrica.core.estimators.gradient_ascent - INFO - 		5.698E-05   and   5.765E+02 	[ sources ]
2021-07-20 11:56:25,284 - deformetrica.core.models.longitudinal_metric_learning - INFO - Acceleration factors max/min: (1.8699242, 113, 0.2637821, 35)
2021-07-20 11:56:28,514 - deformetrica.core.models.longitudinal_metric_learning - INFO - Tmin 45 Tmax 105 Update of the spatiotemporalframe: 3197 ms
2021-07-20 11:56:51,586 - deformetrica.core.models.longitudinal_metric_learning - INFO - Acceleration factors max/min: (1.8706135, 113, 0.26404497, 35)
2021-07-20 11:56:55,581 - deformetrica.core.models.longitudinal_metric_learning - INFO - Tmin 45 Tmax 105 Update of the spatiotemporalframe: 3580 ms
2021-07-20 11:57:16,017 - deformetrica.core.models.longitudinal_metric_learning - INFO - Acceleration factors max/min: (1.8706135, 113, 0.26404497, 35)
2021-07-20 11:57:20,122 - deformetrica.core.models.longitudinal_metric_learning - INFO - Tmin 45 Tmax 105 Update of the spatiotemporalframe: 3674 ms
2021-07-20 11:57:45,084 - deformetrica.core.models.longitudinal_metric_learning - INFO - Acceleration factors max/min: (1.8699242, 113, 0.2637821, 35)
2021-07-20 11:57:47,399 - deformetrica.core.models.longitudinal_metric_learning - INFO - Tmin 45 Tmax 105 Update of the spatiotemporalframe: 1893 ms
2021-07-20 11:58:13,429 - deformetrica.core.models.longitudinal_metric_learning - INFO - Acceleration factors max/min: (1.8706135, 113, 0.26404497, 35)
2021-07-20 11:58:14,868 - deformetrica.core.models.longitudinal_metric_learning - INFO - Tmin 45 Tmax 105 Update of the spatiotemporalframe: 1412 ms
2021-07-20 11:58:44,968 - deformetrica.core.estimators.gradient_ascent - INFO - >> Step size and gradient norm: 
2021-07-20 11:58:44,969 - deformetrica.core.estimators.gradient_ascent - INFO - 		1.254E-05   and   1.183E+04 	[ metric_parameters ]
2021-07-20 11:58:44,970 - deformetrica.core.estimators.gradient_ascent - INFO - 		2.653E-01   and   2.747E+01 	[ onset_age ]
2021-07-20 11:58:44,970 - deformetrica.core.estimators.gradient_ascent - INFO - 		1.079E-04   and   4.744E+02 	[ log_acceleration ]
2021-07-20 11:58:44,970 - deformetrica.core.estimators.gradient_ascent - INFO - 		4.558E-05   and   5.765E+02 	[ sources ]
2021-07-20 11:58:44,971 - deformetrica.core.models.longitudinal_metric_learning - INFO - Acceleration factors max/min: (1.8706135, 113, 0.26404497, 35)
2021-07-20 11:58:47,170 - deformetrica.core.models.longitudinal_metric_learning - INFO - Tmin 45 Tmax 105 Update of the spatiotemporalframe: 1983 ms
2021-07-20 11:59:09,690 - deformetrica.core.models.longitudinal_metric_learning - INFO - Acceleration factors max/min: (1.871165, 113, 0.26425546, 35)
2021-07-20 11:59:12,140 - deformetrica.core.models.longitudinal_metric_learning - INFO - Tmin 45 Tmax 105 Update of the spatiotemporalframe: 2410 ms
2021-07-20 11:59:29,463 - deformetrica.core.models.longitudinal_metric_learning - INFO - Acceleration factors max/min: (1.871165, 113, 0.26425546, 35)
2021-07-20 11:59:32,647 - deformetrica.core.models.longitudinal_metric_learning - INFO - Tmin 45 Tmax 105 Update of the spatiotemporalframe: 2876 ms
2021-07-20 12:00:01,605 - deformetrica.core.models.longitudinal_metric_learning - INFO - Acceleration factors max/min: (1.8706135, 113, 0.26404497, 35)
2021-07-20 12:00:06,910 - deformetrica.core.models.longitudinal_metric_learning - INFO - Tmin 45 Tmax 105 Update of the spatiotemporalframe: 4843 ms
2021-07-20 12:00:34,460 - deformetrica.core.models.longitudinal_metric_learning - INFO - Acceleration factors max/min: (1.871165, 113, 0.26425546, 35)
2021-07-20 12:00:35,984 - deformetrica.core.models.longitudinal_metric_learning - INFO - Tmin 45 Tmax 105 Update of the spatiotemporalframe: 1499 ms
2021-07-20 12:00:57,152 - deformetrica.core.estimators.gradient_ascent - INFO - >> Step size and gradient norm: 
2021-07-20 12:00:57,153 - deformetrica.core.estimators.gradient_ascent - INFO - 		1.004E-05   and   1.183E+04 	[ metric_parameters ]
2021-07-20 12:00:57,153 - deformetrica.core.estimators.gradient_ascent - INFO - 		2.123E-01   and   2.747E+01 	[ onset_age ]
2021-07-20 12:00:57,153 - deformetrica.core.estimators.gradient_ascent - INFO - 		8.628E-05   and   4.744E+02 	[ log_acceleration ]
2021-07-20 12:00:57,153 - deformetrica.core.estimators.gradient_ascent - INFO - 		3.647E-05   and   5.765E+02 	[ sources ]
2021-07-20 12:00:57,154 - deformetrica.core.models.longitudinal_metric_learning - INFO - Acceleration factors max/min: (1.871165, 113, 0.26425546, 35)
2021-07-20 12:00:59,230 - deformetrica.core.models.longitudinal_metric_learning - INFO - Tmin 45 Tmax 105 Update of the spatiotemporalframe: 1982 ms
2021-07-20 12:01:24,544 - deformetrica.core.models.longitudinal_metric_learning - INFO - Acceleration factors max/min: (1.8716065, 113, 0.26442394, 35)
2021-07-20 12:01:27,589 - deformetrica.core.models.longitudinal_metric_learning - INFO - Tmin 45 Tmax 105 Update of the spatiotemporalframe: 2622 ms
2021-07-20 12:01:51,245 - deformetrica.core.models.longitudinal_metric_learning - INFO - Acceleration factors max/min: (1.8716065, 113, 0.26442394, 35)
2021-07-20 12:01:56,280 - deformetrica.core.models.longitudinal_metric_learning - INFO - Tmin 45 Tmax 105 Update of the spatiotemporalframe: 4952 ms
2021-07-20 12:02:29,782 - deformetrica.core.models.longitudinal_metric_learning - INFO - Acceleration factors max/min: (1.871165, 113, 0.26425546, 35)
2021-07-20 12:02:34,334 - deformetrica.core.models.longitudinal_metric_learning - INFO - Tmin 45 Tmax 105 Update of the spatiotemporalframe: 4083 ms
2021-07-20 12:02:57,563 - deformetrica.core.models.longitudinal_metric_learning - INFO - Acceleration factors max/min: (1.8716065, 113, 0.26442394, 35)
2021-07-20 12:02:59,215 - deformetrica.core.models.longitudinal_metric_learning - INFO - Tmin 45 Tmax 105 Update of the spatiotemporalframe: 1626 ms
2021-07-20 12:03:17,727 - deformetrica.core.estimators.gradient_ascent - INFO - >> Step size and gradient norm: 
2021-07-20 12:03:17,727 - deformetrica.core.estimators.gradient_ascent - INFO - 		8.028E-06   and   1.183E+04 	[ metric_parameters ]
2021-07-20 12:03:17,727 - deformetrica.core.estimators.gradient_ascent - INFO - 		1.698E-01   and   2.747E+01 	[ onset_age ]
2021-07-20 12:03:17,728 - deformetrica.core.estimators.gradient_ascent - INFO - 		6.903E-05   and   4.744E+02 	[ log_acceleration ]
2021-07-20 12:03:17,728 - deformetrica.core.estimators.gradient_ascent - INFO - 		2.917E-05   and   5.765E+02 	[ sources ]
2021-07-20 12:03:17,729 - deformetrica.core.models.longitudinal_metric_learning - INFO - Acceleration factors max/min: (1.8716065, 113, 0.26442394, 35)
2021-07-20 12:03:20,001 - deformetrica.core.models.longitudinal_metric_learning - INFO - Tmin 45 Tmax 105 Update of the spatiotemporalframe: 1972 ms
2021-07-20 12:03:40,783 - deformetrica.core.models.longitudinal_metric_learning - INFO - Acceleration factors max/min: (1.8719597, 113, 0.26455882, 35)
2021-07-20 12:03:44,523 - deformetrica.core.models.longitudinal_metric_learning - INFO - Tmin 45 Tmax 105 Update of the spatiotemporalframe: 3714 ms
2021-07-20 12:04:07,871 - deformetrica.core.models.longitudinal_metric_learning - INFO - Acceleration factors max/min: (1.8719597, 113, 0.26455882, 35)
2021-07-20 12:04:09,232 - deformetrica.core.models.longitudinal_metric_learning - INFO - Tmin 45 Tmax 105 Update of the spatiotemporalframe: 1335 ms
2021-07-20 12:04:29,247 - deformetrica.core.models.longitudinal_metric_learning - INFO - Acceleration factors max/min: (1.8716065, 113, 0.26442394, 35)
2021-07-20 12:04:31,148 - deformetrica.core.models.longitudinal_metric_learning - INFO - Tmin 45 Tmax 105 Update of the spatiotemporalframe: 1725 ms
2021-07-20 12:05:01,804 - deformetrica.core.models.longitudinal_metric_learning - INFO - Acceleration factors max/min: (1.8719597, 113, 0.26455882, 35)
2021-07-20 12:05:04,326 - deformetrica.core.models.longitudinal_metric_learning - INFO - Tmin 45 Tmax 105 Update of the spatiotemporalframe: 2090 ms
2021-07-20 12:05:24,425 - deformetrica.core.estimators.gradient_ascent - INFO - Number of line search loops exceeded. Stopping.
2021-07-20 12:05:24,426 - deformetrica.core.estimators.gradient_ascent - INFO - --------------------------------- GA Iteration: 24/32 -----------------------------------
2021-07-20 12:05:24,427 - deformetrica.core.estimators.gradient_ascent - INFO - >> Log-likelihood = -5.494E+03 	 [ attachment = -5.267E+03 ; regularity = -2.268E+02 ]
2021-07-20 12:05:24,427 - deformetrica.core.models.longitudinal_metric_learning - INFO - Acceleration factors max/min: (1.8716065, 113, 0.26442394, 35)
2021-07-20 12:05:26,220 - deformetrica.core.models.longitudinal_metric_learning - INFO - Tmin 45 Tmax 105 Update of the spatiotemporalframe: 1765 ms
2021-07-20 12:06:29,404 - deformetrica.core.models.longitudinal_metric_learning - INFO - Acceleration factors max/min: (1.8716065, 113, 0.26442394, 35)
2021-07-20 12:06:31,414 - deformetrica.core.models.longitudinal_metric_learning - INFO - Tmin 45 Tmax 105 Update of the spatiotemporalframe: 1982 ms
2021-07-20 12:07:58,899 - deformetrica.core.estimators.gradient_ascent - INFO - >> Step size and gradient norm: 
2021-07-20 12:07:58,904 - deformetrica.core.estimators.gradient_ascent - INFO - 		6.423E-06   and   1.682E+04 	[ metric_parameters ]
2021-07-20 12:07:58,907 - deformetrica.core.estimators.gradient_ascent - INFO - 		1.358E-01   and   6.205E+01 	[ onset_age ]
2021-07-20 12:07:58,911 - deformetrica.core.estimators.gradient_ascent - INFO - 		5.522E-05   and   9.715E+02 	[ log_acceleration ]
2021-07-20 12:07:58,914 - deformetrica.core.estimators.gradient_ascent - INFO - 		2.334E-05   and   5.509E+02 	[ sources ]
2021-07-20 12:07:58,916 - deformetrica.core.models.longitudinal_metric_learning - INFO - Acceleration factors max/min: (1.870854, 113, 0.2637938, 35)
2021-07-20 12:08:01,917 - deformetrica.core.models.longitudinal_metric_learning - INFO - Tmin 45 Tmax 105 Update of the spatiotemporalframe: 2972 ms
2021-07-20 12:08:26,018 - deformetrica.core.estimators.gradient_ascent - INFO - --------------------------------- GA Iteration: 25/32 -----------------------------------
2021-07-20 12:08:26,019 - deformetrica.core.estimators.gradient_ascent - INFO - >> Log-likelihood = -5.453E+03 	 [ attachment = -5.227E+03 ; regularity = -2.254E+02 ]
2021-07-20 12:08:26,020 - deformetrica.core.models.longitudinal_metric_learning - INFO - Acceleration factors max/min: (1.870854, 113, 0.2637938, 35)
2021-07-20 12:08:30,855 - deformetrica.core.models.longitudinal_metric_learning - INFO - Tmin 45 Tmax 105 Update of the spatiotemporalframe: 4403 ms
2021-07-20 12:09:39,726 - deformetrica.core.models.longitudinal_metric_learning - INFO - Acceleration factors max/min: (1.870854, 113, 0.2637938, 35)
2021-07-20 12:09:45,387 - deformetrica.core.models.longitudinal_metric_learning - INFO - Tmin 45 Tmax 105 Update of the spatiotemporalframe: 5206 ms
2021-07-20 12:11:40,642 - deformetrica.core.estimators.gradient_ascent - INFO - >> Step size and gradient norm: 
2021-07-20 12:11:40,645 - deformetrica.core.estimators.gradient_ascent - INFO - 		7.707E-06   and   1.447E+04 	[ metric_parameters ]
2021-07-20 12:11:40,646 - deformetrica.core.estimators.gradient_ascent - INFO - 		1.630E-01   and   4.322E+01 	[ onset_age ]
2021-07-20 12:11:40,648 - deformetrica.core.estimators.gradient_ascent - INFO - 		6.627E-05   and   8.166E+02 	[ log_acceleration ]
2021-07-20 12:11:40,648 - deformetrica.core.estimators.gradient_ascent - INFO - 		2.801E-05   and   5.370E+02 	[ sources ]
2021-07-20 12:11:40,649 - deformetrica.core.models.longitudinal_metric_learning - INFO - Acceleration factors max/min: (1.8684272, 113, 0.2631108, 35)
2021-07-20 12:11:43,643 - deformetrica.core.models.longitudinal_metric_learning - INFO - Tmin 45 Tmax 105 Update of the spatiotemporalframe: 2859 ms
2021-07-20 12:12:09,598 - deformetrica.core.estimators.gradient_ascent - INFO - --------------------------------- GA Iteration: 26/32 -----------------------------------
2021-07-20 12:12:09,600 - deformetrica.core.estimators.gradient_ascent - INFO - >> Log-likelihood = -5.345E+03 	 [ attachment = -5.120E+03 ; regularity = -2.247E+02 ]
2021-07-20 12:12:09,600 - deformetrica.core.models.longitudinal_metric_learning - INFO - Acceleration factors max/min: (1.8684272, 113, 0.2631108, 35)
2021-07-20 12:12:12,365 - deformetrica.core.models.longitudinal_metric_learning - INFO - Tmin 45 Tmax 105 Update of the spatiotemporalframe: 2643 ms
2021-07-20 12:13:14,886 - deformetrica.core.models.longitudinal_metric_learning - INFO - Acceleration factors max/min: (1.8684272, 113, 0.2631108, 35)
2021-07-20 12:13:18,109 - deformetrica.core.models.longitudinal_metric_learning - INFO - Tmin 45 Tmax 105 Update of the spatiotemporalframe: 3152 ms
2021-07-20 12:14:48,807 - deformetrica.core.estimators.gradient_ascent - INFO - >> Step size and gradient norm: 
2021-07-20 12:14:48,810 - deformetrica.core.estimators.gradient_ascent - INFO - 		9.249E-06   and   1.422E+04 	[ metric_parameters ]
2021-07-20 12:14:48,812 - deformetrica.core.estimators.gradient_ascent - INFO - 		1.956E-01   and   5.408E+01 	[ onset_age ]
2021-07-20 12:14:48,814 - deformetrica.core.estimators.gradient_ascent - INFO - 		7.952E-05   and   1.240E+03 	[ log_acceleration ]
2021-07-20 12:14:48,817 - deformetrica.core.estimators.gradient_ascent - INFO - 		3.361E-05   and   5.333E+02 	[ sources ]
2021-07-20 12:14:48,818 - deformetrica.core.models.longitudinal_metric_learning - INFO - Acceleration factors max/min: (1.86802, 113, 0.26238537, 35)
2021-07-20 12:14:50,335 - deformetrica.core.models.longitudinal_metric_learning - INFO - Tmin 45 Tmax 105 Update of the spatiotemporalframe: 1492 ms
2021-07-20 12:15:12,315 - deformetrica.core.estimators.gradient_ascent - INFO - --------------------------------- GA Iteration: 27/32 -----------------------------------
2021-07-20 12:15:12,316 - deformetrica.core.estimators.gradient_ascent - INFO - >> Log-likelihood = -5.090E+03 	 [ attachment = -4.867E+03 ; regularity = -2.230E+02 ]
2021-07-20 12:15:12,317 - deformetrica.core.models.longitudinal_metric_learning - INFO - Acceleration factors max/min: (1.86802, 113, 0.26238537, 35)
2021-07-20 12:15:14,089 - deformetrica.core.models.longitudinal_metric_learning - INFO - Tmin 45 Tmax 105 Update of the spatiotemporalframe: 1688 ms
2021-07-20 12:16:12,376 - deformetrica.core.models.longitudinal_metric_learning - INFO - Acceleration factors max/min: (1.86802, 113, 0.26238537, 35)
2021-07-20 12:16:14,731 - deformetrica.core.models.longitudinal_metric_learning - INFO - Tmin 45 Tmax 105 Update of the spatiotemporalframe: 2314 ms
2021-07-20 12:17:50,863 - deformetrica.core.estimators.gradient_ascent - INFO - >> Step size and gradient norm: 
2021-07-20 12:17:50,866 - deformetrica.core.estimators.gradient_ascent - INFO - 		1.110E-05   and   1.362E+04 	[ metric_parameters ]
2021-07-20 12:17:50,869 - deformetrica.core.estimators.gradient_ascent - INFO - 		2.347E-01   and   3.118E+01 	[ onset_age ]
2021-07-20 12:17:50,872 - deformetrica.core.estimators.gradient_ascent - INFO - 		9.542E-05   and   4.986E+02 	[ log_acceleration ]
2021-07-20 12:17:50,873 - deformetrica.core.estimators.gradient_ascent - INFO - 		4.033E-05   and   5.325E+02 	[ sources ]
2021-07-20 12:17:50,874 - deformetrica.core.models.longitudinal_metric_learning - INFO - Acceleration factors max/min: (1.8665863, 113, 0.26168606, 35)
2021-07-20 12:17:55,452 - deformetrica.core.models.longitudinal_metric_learning - INFO - Tmin 45 Tmax 105 Update of the spatiotemporalframe: 4259 ms
2021-07-20 12:18:16,479 - deformetrica.core.estimators.gradient_ascent - INFO - --------------------------------- GA Iteration: 28/32 -----------------------------------
2021-07-20 12:18:16,481 - deformetrica.core.estimators.gradient_ascent - INFO - >> Log-likelihood = -4.931E+03 	 [ attachment = -4.709E+03 ; regularity = -2.221E+02 ]
2021-07-20 12:18:16,481 - deformetrica.core.models.longitudinal_metric_learning - INFO - Acceleration factors max/min: (1.8665863, 113, 0.26168606, 35)
2021-07-20 12:18:18,110 - deformetrica.core.models.longitudinal_metric_learning - INFO - Tmin 45 Tmax 105 Update of the spatiotemporalframe: 1600 ms
2021-07-20 12:18:57,047 - deformetrica.core.models.longitudinal_metric_learning - INFO - Acceleration factors max/min: (1.8665863, 113, 0.26168606, 35)
2021-07-20 12:19:01,072 - deformetrica.core.models.longitudinal_metric_learning - INFO - Tmin 45 Tmax 105 Update of the spatiotemporalframe: 3702 ms
2021-07-20 12:20:38,551 - deformetrica.core.estimators.gradient_ascent - INFO - >> Step size and gradient norm: 
2021-07-20 12:20:38,554 - deformetrica.core.estimators.gradient_ascent - INFO - 		1.332E-05   and   1.364E+04 	[ metric_parameters ]
2021-07-20 12:20:38,557 - deformetrica.core.estimators.gradient_ascent - INFO - 		2.817E-01   and   3.722E+01 	[ onset_age ]
2021-07-20 12:20:38,559 - deformetrica.core.estimators.gradient_ascent - INFO - 		1.145E-04   and   6.587E+02 	[ log_acceleration ]
2021-07-20 12:20:38,561 - deformetrica.core.estimators.gradient_ascent - INFO - 		4.839E-05   and   5.282E+02 	[ sources ]
2021-07-20 12:20:38,563 - deformetrica.core.models.longitudinal_metric_learning - INFO - Acceleration factors max/min: (1.8655974, 113, 0.26108387, 35)
2021-07-20 12:20:40,006 - deformetrica.core.models.longitudinal_metric_learning - INFO - Tmin 45 Tmax 105 Update of the spatiotemporalframe: 1376 ms
2021-07-20 12:20:57,110 - deformetrica.core.estimators.gradient_ascent - INFO - --------------------------------- GA Iteration: 29/32 -----------------------------------
2021-07-20 12:20:57,111 - deformetrica.core.estimators.gradient_ascent - INFO - >> Log-likelihood = -4.776E+03 	 [ attachment = -4.555E+03 ; regularity = -2.208E+02 ]
2021-07-20 12:20:57,112 - deformetrica.core.models.longitudinal_metric_learning - INFO - Acceleration factors max/min: (1.8655974, 113, 0.26108387, 35)
2021-07-20 12:20:58,824 - deformetrica.core.models.longitudinal_metric_learning - INFO - Tmin 45 Tmax 105 Update of the spatiotemporalframe: 1670 ms
2021-07-20 12:21:48,534 - deformetrica.core.models.longitudinal_metric_learning - INFO - Acceleration factors max/min: (1.8655974, 113, 0.26108387, 35)
2021-07-20 12:21:50,942 - deformetrica.core.models.longitudinal_metric_learning - INFO - Tmin 45 Tmax 105 Update of the spatiotemporalframe: 2348 ms
2021-07-20 12:23:16,155 - deformetrica.core.estimators.gradient_ascent - INFO - >> Step size and gradient norm: 
2021-07-20 12:23:16,159 - deformetrica.core.estimators.gradient_ascent - INFO - 		1.598E-05   and   1.400E+04 	[ metric_parameters ]
2021-07-20 12:23:16,161 - deformetrica.core.estimators.gradient_ascent - INFO - 		3.380E-01   and   6.122E+01 	[ onset_age ]
2021-07-20 12:23:16,162 - deformetrica.core.estimators.gradient_ascent - INFO - 		1.374E-04   and   1.169E+03 	[ log_acceleration ]
2021-07-20 12:23:16,162 - deformetrica.core.estimators.gradient_ascent - INFO - 		5.807E-05   and   5.298E+02 	[ sources ]
2021-07-20 12:23:16,164 - deformetrica.core.models.longitudinal_metric_learning - INFO - Acceleration factors max/min: (1.8642929, 113, 0.26068702, 35)
2021-07-20 12:23:19,390 - deformetrica.core.models.longitudinal_metric_learning - INFO - Tmin 45 Tmax 105 Update of the spatiotemporalframe: 3177 ms
2021-07-20 12:23:47,863 - deformetrica.core.estimators.gradient_ascent - INFO - --------------------------------- GA Iteration: 30/32 -----------------------------------
2021-07-20 12:23:47,864 - deformetrica.core.estimators.gradient_ascent - INFO - >> Log-likelihood = -4.698E+03 	 [ attachment = -4.476E+03 ; regularity = -2.217E+02 ]
2021-07-20 12:23:47,865 - deformetrica.core.models.longitudinal_metric_learning - INFO - Acceleration factors max/min: (1.8642929, 113, 0.26068702, 35)
2021-07-20 12:23:49,688 - deformetrica.core.models.longitudinal_metric_learning - INFO - Tmin 45 Tmax 105 Update of the spatiotemporalframe: 1550 ms
2021-07-20 12:24:47,432 - deformetrica.core.models.longitudinal_metric_learning - INFO - Acceleration factors max/min: (1.8642929, 113, 0.26068702, 35)
2021-07-20 12:24:51,062 - deformetrica.core.models.longitudinal_metric_learning - INFO - Tmin 45 Tmax 105 Update of the spatiotemporalframe: 3466 ms
2021-07-20 12:26:31,169 - deformetrica.core.estimators.gradient_ascent - INFO - >> Step size and gradient norm: 
2021-07-20 12:26:31,171 - deformetrica.core.estimators.gradient_ascent - INFO - 		1.918E-05   and   1.355E+04 	[ metric_parameters ]
2021-07-20 12:26:31,173 - deformetrica.core.estimators.gradient_ascent - INFO - 		4.056E-01   and   1.605E+01 	[ onset_age ]
2021-07-20 12:26:31,175 - deformetrica.core.estimators.gradient_ascent - INFO - 		1.649E-04   and   2.985E+02 	[ log_acceleration ]
2021-07-20 12:26:31,175 - deformetrica.core.estimators.gradient_ascent - INFO - 		6.969E-05   and   5.286E+02 	[ sources ]
2021-07-20 12:26:31,176 - deformetrica.core.models.longitudinal_metric_learning - INFO - Acceleration factors max/min: (1.862144, 113, 0.26065287, 35)
2021-07-20 12:26:34,504 - deformetrica.core.models.longitudinal_metric_learning - INFO - Tmin 45 Tmax 105 Update of the spatiotemporalframe: 3148 ms
2021-07-20 12:26:53,011 - deformetrica.core.estimators.gradient_ascent - INFO - --------------------------------- GA Iteration: 31/32 -----------------------------------
2021-07-20 12:26:53,013 - deformetrica.core.estimators.gradient_ascent - INFO - >> Log-likelihood = -4.647E+03 	 [ attachment = -4.426E+03 ; regularity = -2.204E+02 ]
2021-07-20 12:26:53,013 - deformetrica.core.models.longitudinal_metric_learning - INFO - Acceleration factors max/min: (1.862144, 113, 0.26065287, 35)
2021-07-20 12:26:55,561 - deformetrica.core.models.longitudinal_metric_learning - INFO - Tmin 45 Tmax 105 Update of the spatiotemporalframe: 2308 ms
2021-07-20 12:27:42,098 - deformetrica.core.models.longitudinal_metric_learning - INFO - Acceleration factors max/min: (1.862144, 113, 0.26065287, 35)
2021-07-20 12:27:44,061 - deformetrica.core.models.longitudinal_metric_learning - INFO - Tmin 45 Tmax 105 Update of the spatiotemporalframe: 1869 ms
2021-07-20 12:29:07,174 - deformetrica.core.estimators.gradient_ascent - INFO - >> Step size and gradient norm: 
2021-07-20 12:29:07,175 - deformetrica.core.estimators.gradient_ascent - INFO - 		4.868E-01   and   1.927E+01 	[ onset_age ]
2021-07-20 12:29:07,175 - deformetrica.core.estimators.gradient_ascent - INFO - 		1.979E-04   and   3.232E+02 	[ log_acceleration ]
2021-07-20 12:29:07,175 - deformetrica.core.estimators.gradient_ascent - INFO - 		8.362E-05   and   5.343E+02 	[ sources ]
2021-07-20 12:29:07,176 - deformetrica.core.models.longitudinal_metric_learning - INFO - Acceleration factors max/min: (1.8596439, 113, 0.26116833, 35)
2021-07-20 12:29:09,432 - deformetrica.core.models.longitudinal_metric_learning - INFO - Tmin 45 Tmax 105 Update of the spatiotemporalframe: 2188 ms
2021-07-20 12:29:32,488 - deformetrica.core.estimators.gradient_ascent - INFO - --------------------------------- GA Iteration: 32/32 -----------------------------------
2021-07-20 12:29:32,489 - deformetrica.core.estimators.gradient_ascent - INFO - >> Log-likelihood = -4.620E+03 	 [ attachment = -4.401E+03 ; regularity = -2.189E+02 ]
2021-07-20 12:29:32,490 - deformetrica.core.models.longitudinal_metric_learning - INFO - Acceleration factors max/min: (1.8596439, 113, 0.26116833, 35)
2021-07-20 12:29:34,921 - deformetrica.core.models.longitudinal_metric_learning - INFO - Tmin 45 Tmax 105 Update of the spatiotemporalframe: 2159 ms
2021-07-20 12:30:18,919 - deformetrica.core.models.longitudinal_metric_learning - INFO - Acceleration factors max/min: (1.8596439, 113, 0.26116833, 35)
2021-07-20 12:30:23,815 - deformetrica.core.models.longitudinal_metric_learning - INFO - Tmin 45 Tmax 105 Update of the spatiotemporalframe: 4868 ms
2021-07-20 12:31:17,393 - deformetrica.in_out.array_readers_and_writers - INFO - >> Estimation took: 7386.958265781403
