2021-08-28 10:55:52,167 - root - ERROR - Logger has been set to: NOTSET
2021-08-28 10:55:52,551 - deformetrica.in_out.array_readers_and_writers - INFO - Performing initial least square regressions on the subjects, for initialization purposes.
2021-08-28 10:55:52,819 - deformetrica.in_out.array_readers_and_writers - INFO - Performing principal component analysis on the orthogonal variations, for initialization of A and s_i.
2021-08-28 10:55:52,896 - deformetrica.in_out.array_readers_and_writers - INFO -  >>> Performing gradient descent on the mode.
2021-08-28 10:55:52,896 - deformetrica.in_out.array_readers_and_writers - INFO - 
2021-08-28 10:55:52,896 - deformetrica.in_out.array_readers_and_writers - INFO - [ estimate_longitudinal_metric_model function ]
2021-08-28 10:55:53,283 - deformetrica.in_out.array_readers_and_writers - INFO - Setting initial onset ages from preprocessing_1/1_smart_initialization/SmartInitialization_onset_ages.txt file
2021-08-28 10:55:53,284 - deformetrica.in_out.array_readers_and_writers - INFO - Setting initial log accelerations from preprocessing_1/1_smart_initialization/SmartInitialization_log_accelerations.txt file
2021-08-28 10:55:53,285 - deformetrica.in_out.array_readers_and_writers - INFO - Initializing exponential type to parametric
2021-08-28 10:55:53,285 - deformetrica.in_out.array_readers_and_writers - INFO - I am initializing the interpolation points using the width 0.15
2021-08-28 10:55:53,286 - deformetrica.in_out.array_readers_and_writers - INFO - Suggested cp to fill the box: 49
2021-08-28 10:55:53,293 - deformetrica.in_out.array_readers_and_writers - INFO - Cp after filtering: 31
2021-08-28 10:55:53,294 - deformetrica.in_out.array_readers_and_writers - INFO - The width for the metric interpolation is set to 0.15
2021-08-28 10:55:53,294 - deformetrica.in_out.array_readers_and_writers - INFO - I am setting the no_parallel_transport flag to False.
2021-08-28 10:55:53,295 - deformetrica.in_out.array_readers_and_writers - INFO - >> Reading 1-source initial modulation matrix from file: preprocessing_1/1_smart_initialization/SmartInitialization_modulation_matrix.txt
2021-08-28 10:55:53,295 - deformetrica.in_out.array_readers_and_writers - INFO - Setting initial sources from preprocessing_1/1_smart_initialization/SmartInitialization_sources.txt file
2021-08-28 10:55:53,296 - deformetrica.core.models.longitudinal_metric_learning - INFO - ('v0', True)
2021-08-28 10:55:53,296 - deformetrica.core.models.longitudinal_metric_learning - INFO - ('p0', True)
2021-08-28 10:55:53,296 - deformetrica.core.models.longitudinal_metric_learning - INFO - ('reference_time', False)
2021-08-28 10:55:53,296 - deformetrica.core.models.longitudinal_metric_learning - INFO - ('onset_age_variance', True)
2021-08-28 10:55:53,296 - deformetrica.core.models.longitudinal_metric_learning - INFO - ('log_acceleration_variance', True)
2021-08-28 10:55:53,297 - deformetrica.core.models.longitudinal_metric_learning - INFO - ('noise_variance', True)
2021-08-28 10:55:53,297 - deformetrica.core.models.longitudinal_metric_learning - INFO - ('metric_parameters', False)
2021-08-28 10:55:53,297 - deformetrica.core.models.longitudinal_metric_learning - INFO - ('modulation_matrix', True)
2021-08-28 10:55:53,297 - deformetrica.in_out.array_readers_and_writers - INFO - 
2021-08-28 10:55:53,297 - deformetrica.in_out.array_readers_and_writers - INFO - [ update method of the GradientAscent  optimizer ]
2021-08-28 10:56:50,298 - deformetrica.core.estimators.gradient_ascent - INFO - --------------------------------- GA Iteration: 0/50 -----------------------------------
2021-08-28 10:56:50,367 - deformetrica.core.estimators.gradient_ascent - INFO - >> Log-likelihood = -1.759E+04 	 [ attachment = -1.714E+04 ; regularity = -4.500E+02 ]
2021-08-28 10:56:50,367 - deformetrica.core.estimators.gradient_ascent - INFO - >> Step size and gradient norm: 
2021-08-28 10:56:50,367 - deformetrica.core.estimators.gradient_ascent - INFO - 		3.081E-06   and   3.245E+04 	[ metric_parameters ]
2021-08-28 10:56:50,367 - deformetrica.core.estimators.gradient_ascent - INFO - 		2.188E-02   and   2.285E+01 	[ onset_age ]
2021-08-28 10:56:50,367 - deformetrica.core.estimators.gradient_ascent - INFO - 		2.719E-06   and   3.677E+02 	[ log_acceleration ]
2021-08-28 10:56:50,368 - deformetrica.core.estimators.gradient_ascent - INFO - 		6.263E-07   and   1.597E+03 	[ sources ]
2021-08-28 10:57:05,176 - deformetrica.core.estimators.gradient_ascent - INFO - --------------------------------- GA Iteration: 1/50 -----------------------------------
2021-08-28 10:57:05,177 - deformetrica.core.estimators.gradient_ascent - INFO - >> Log-likelihood = -1.525E+04 	 [ attachment = -1.480E+04 ; regularity = -4.501E+02 ]
2021-08-28 10:58:29,129 - deformetrica.core.estimators.gradient_ascent - INFO - >> Step size and gradient norm: 
2021-08-28 10:58:29,130 - deformetrica.core.estimators.gradient_ascent - INFO - 		4.314E-06   and   2.304E+04 	[ metric_parameters ]
2021-08-28 10:58:29,130 - deformetrica.core.estimators.gradient_ascent - INFO - 		3.063E-02   and   1.876E+01 	[ onset_age ]
2021-08-28 10:58:29,131 - deformetrica.core.estimators.gradient_ascent - INFO - 		3.807E-06   and   2.942E+02 	[ log_acceleration ]
2021-08-28 10:58:29,131 - deformetrica.core.estimators.gradient_ascent - INFO - 		8.768E-07   and   1.379E+03 	[ sources ]
2021-08-28 10:58:44,128 - deformetrica.core.estimators.gradient_ascent - INFO - --------------------------------- GA Iteration: 2/50 -----------------------------------
2021-08-28 10:58:44,129 - deformetrica.core.estimators.gradient_ascent - INFO - >> Log-likelihood = -1.321E+04 	 [ attachment = -1.276E+04 ; regularity = -4.502E+02 ]
2021-08-28 11:00:10,959 - deformetrica.core.estimators.gradient_ascent - INFO - >> Step size and gradient norm: 
2021-08-28 11:00:10,960 - deformetrica.core.estimators.gradient_ascent - INFO - 		6.039E-06   and   1.957E+04 	[ metric_parameters ]
2021-08-28 11:00:10,960 - deformetrica.core.estimators.gradient_ascent - INFO - 		4.288E-02   and   1.836E+01 	[ onset_age ]
2021-08-28 11:00:10,961 - deformetrica.core.estimators.gradient_ascent - INFO - 		5.330E-06   and   2.574E+02 	[ log_acceleration ]
2021-08-28 11:00:10,961 - deformetrica.core.estimators.gradient_ascent - INFO - 		1.228E-06   and   1.187E+03 	[ sources ]
2021-08-28 11:00:26,093 - deformetrica.core.estimators.gradient_ascent - INFO - --------------------------------- GA Iteration: 3/50 -----------------------------------
2021-08-28 11:00:26,094 - deformetrica.core.estimators.gradient_ascent - INFO - >> Log-likelihood = -1.136E+04 	 [ attachment = -1.091E+04 ; regularity = -4.503E+02 ]
2021-08-28 11:01:50,628 - deformetrica.core.estimators.gradient_ascent - INFO - >> Step size and gradient norm: 
2021-08-28 11:01:50,629 - deformetrica.core.estimators.gradient_ascent - INFO - 		8.455E-06   and   1.864E+04 	[ metric_parameters ]
2021-08-28 11:01:50,629 - deformetrica.core.estimators.gradient_ascent - INFO - 		6.004E-02   and   2.029E+01 	[ onset_age ]
2021-08-28 11:01:50,630 - deformetrica.core.estimators.gradient_ascent - INFO - 		7.462E-06   and   2.431E+02 	[ log_acceleration ]
2021-08-28 11:01:50,630 - deformetrica.core.estimators.gradient_ascent - INFO - 		1.719E-06   and   1.006E+03 	[ sources ]
2021-08-28 11:02:05,688 - deformetrica.core.estimators.gradient_ascent - INFO - --------------------------------- GA Iteration: 4/50 -----------------------------------
2021-08-28 11:02:05,689 - deformetrica.core.estimators.gradient_ascent - INFO - >> Log-likelihood = -9.652E+03 	 [ attachment = -9.201E+03 ; regularity = -4.505E+02 ]
2021-08-28 11:03:34,086 - deformetrica.core.estimators.gradient_ascent - INFO - >> Step size and gradient norm: 
2021-08-28 11:03:34,087 - deformetrica.core.estimators.gradient_ascent - INFO - 		1.184E-05   and   1.798E+04 	[ metric_parameters ]
2021-08-28 11:03:34,087 - deformetrica.core.estimators.gradient_ascent - INFO - 		8.405E-02   and   1.952E+01 	[ onset_age ]
2021-08-28 11:03:34,087 - deformetrica.core.estimators.gradient_ascent - INFO - 		1.045E-05   and   2.459E+02 	[ log_acceleration ]
2021-08-28 11:03:34,087 - deformetrica.core.estimators.gradient_ascent - INFO - 		2.406E-06   and   8.367E+02 	[ sources ]
2021-08-28 11:03:49,348 - deformetrica.core.estimators.gradient_ascent - INFO - --------------------------------- GA Iteration: 5/50 -----------------------------------
2021-08-28 11:03:49,348 - deformetrica.core.estimators.gradient_ascent - INFO - >> Log-likelihood = -8.201E+03 	 [ attachment = -7.750E+03 ; regularity = -4.507E+02 ]
2021-08-28 11:05:14,707 - deformetrica.core.estimators.gradient_ascent - INFO - >> Step size and gradient norm: 
2021-08-28 11:05:14,708 - deformetrica.core.estimators.gradient_ascent - INFO - 		1.657E-05   and   1.752E+04 	[ metric_parameters ]
2021-08-28 11:05:14,708 - deformetrica.core.estimators.gradient_ascent - INFO - 		1.177E-01   and   2.014E+01 	[ onset_age ]
2021-08-28 11:05:14,708 - deformetrica.core.estimators.gradient_ascent - INFO - 		1.463E-05   and   2.557E+02 	[ log_acceleration ]
2021-08-28 11:05:14,708 - deformetrica.core.estimators.gradient_ascent - INFO - 		3.368E-06   and   6.938E+02 	[ sources ]
2021-08-28 11:05:30,023 - deformetrica.core.estimators.gradient_ascent - INFO - --------------------------------- GA Iteration: 6/50 -----------------------------------
2021-08-28 11:05:30,024 - deformetrica.core.estimators.gradient_ascent - INFO - >> Log-likelihood = -7.068E+03 	 [ attachment = -6.616E+03 ; regularity = -4.512E+02 ]
2021-08-28 11:06:57,364 - deformetrica.core.estimators.gradient_ascent - INFO - >> Step size and gradient norm: 
2021-08-28 11:06:57,365 - deformetrica.core.estimators.gradient_ascent - INFO - 		2.320E-05   and   1.670E+04 	[ metric_parameters ]
2021-08-28 11:06:57,365 - deformetrica.core.estimators.gradient_ascent - INFO - 		1.647E-01   and   1.897E+01 	[ onset_age ]
2021-08-28 11:06:57,365 - deformetrica.core.estimators.gradient_ascent - INFO - 		2.048E-05   and   2.578E+02 	[ log_acceleration ]
2021-08-28 11:06:57,365 - deformetrica.core.estimators.gradient_ascent - INFO - 		4.716E-06   and   5.820E+02 	[ sources ]
2021-08-28 11:07:17,185 - deformetrica.core.estimators.gradient_ascent - INFO - --------------------------------- GA Iteration: 7/50 -----------------------------------
2021-08-28 11:07:17,186 - deformetrica.core.estimators.gradient_ascent - INFO - >> Log-likelihood = -6.302E+03 	 [ attachment = -5.850E+03 ; regularity = -4.518E+02 ]
2021-08-28 11:08:42,430 - deformetrica.core.estimators.gradient_ascent - INFO - >> Step size and gradient norm: 
2021-08-28 11:08:42,431 - deformetrica.core.estimators.gradient_ascent - INFO - 		3.248E-05   and   1.507E+04 	[ metric_parameters ]
2021-08-28 11:08:42,431 - deformetrica.core.estimators.gradient_ascent - INFO - 		2.306E-01   and   1.941E+01 	[ onset_age ]
2021-08-28 11:08:42,431 - deformetrica.core.estimators.gradient_ascent - INFO - 		2.867E-05   and   2.896E+02 	[ log_acceleration ]
2021-08-28 11:08:42,431 - deformetrica.core.estimators.gradient_ascent - INFO - 		6.602E-06   and   5.044E+02 	[ sources ]
2021-08-28 11:09:03,121 - deformetrica.core.estimators.gradient_ascent - INFO - --------------------------------- GA Iteration: 8/50 -----------------------------------
2021-08-28 11:09:03,122 - deformetrica.core.estimators.gradient_ascent - INFO - >> Log-likelihood = -5.907E+03 	 [ attachment = -5.454E+03 ; regularity = -4.528E+02 ]
2021-08-28 11:10:28,519 - deformetrica.core.estimators.gradient_ascent - INFO - >> Step size and gradient norm: 
2021-08-28 11:10:28,520 - deformetrica.core.estimators.gradient_ascent - INFO - 		4.547E-05   and   1.359E+04 	[ metric_parameters ]
2021-08-28 11:10:28,520 - deformetrica.core.estimators.gradient_ascent - INFO - 		3.229E-01   and   1.862E+01 	[ onset_age ]
2021-08-28 11:10:28,520 - deformetrica.core.estimators.gradient_ascent - INFO - 		4.013E-05   and   3.070E+02 	[ log_acceleration ]
2021-08-28 11:10:28,520 - deformetrica.core.estimators.gradient_ascent - INFO - 		9.243E-06   and   4.618E+02 	[ sources ]
2021-08-28 11:11:44,808 - deformetrica.core.estimators.gradient_ascent - INFO - --------------------------------- GA Iteration: 9/50 -----------------------------------
2021-08-28 11:11:44,809 - deformetrica.core.estimators.gradient_ascent - INFO - >> Log-likelihood = -5.823E+03 	 [ attachment = -5.369E+03 ; regularity = -4.540E+02 ]
2021-08-28 11:13:10,499 - deformetrica.core.estimators.gradient_ascent - INFO - >> Step size and gradient norm: 
2021-08-28 11:13:10,500 - deformetrica.core.estimators.gradient_ascent - INFO - 		2.728E-05   and   1.467E+04 	[ metric_parameters ]
2021-08-28 11:13:10,500 - deformetrica.core.estimators.gradient_ascent - INFO - 		3.229E-01   and   1.603E+01 	[ onset_age ]
2021-08-28 11:13:10,500 - deformetrica.core.estimators.gradient_ascent - INFO - 		2.408E-05   and   3.072E+02 	[ log_acceleration ]
2021-08-28 11:13:10,500 - deformetrica.core.estimators.gradient_ascent - INFO - 		5.546E-06   and   4.652E+02 	[ sources ]
2021-08-28 11:14:27,326 - deformetrica.core.estimators.gradient_ascent - INFO - >> Step size and gradient norm: 
2021-08-28 11:14:27,327 - deformetrica.core.estimators.gradient_ascent - INFO - 		1.637E-05   and   1.467E+04 	[ metric_parameters ]
2021-08-28 11:14:27,327 - deformetrica.core.estimators.gradient_ascent - INFO - 		1.937E-01   and   1.603E+01 	[ onset_age ]
2021-08-28 11:14:27,327 - deformetrica.core.estimators.gradient_ascent - INFO - 		1.445E-05   and   3.072E+02 	[ log_acceleration ]
2021-08-28 11:14:27,327 - deformetrica.core.estimators.gradient_ascent - INFO - 		3.327E-06   and   4.652E+02 	[ sources ]
2021-08-28 11:15:47,458 - deformetrica.core.estimators.gradient_ascent - INFO - --------------------------------- GA Iteration: 10/50 -----------------------------------
2021-08-28 11:15:47,459 - deformetrica.core.estimators.gradient_ascent - INFO - >> Log-likelihood = -5.719E+03 	 [ attachment = -5.265E+03 ; regularity = -4.547E+02 ]
2021-08-28 11:17:20,326 - deformetrica.core.estimators.gradient_ascent - INFO - >> Step size and gradient norm: 
2021-08-28 11:17:20,327 - deformetrica.core.estimators.gradient_ascent - INFO - 		9.822E-06   and   1.430E+04 	[ metric_parameters ]
2021-08-28 11:17:20,327 - deformetrica.core.estimators.gradient_ascent - INFO - 		1.937E-01   and   1.658E+01 	[ onset_age ]
2021-08-28 11:17:20,328 - deformetrica.core.estimators.gradient_ascent - INFO - 		8.668E-06   and   3.485E+02 	[ log_acceleration ]
2021-08-28 11:17:20,328 - deformetrica.core.estimators.gradient_ascent - INFO - 		1.996E-06   and   4.550E+02 	[ sources ]
2021-08-28 11:18:35,797 - deformetrica.core.estimators.gradient_ascent - INFO - --------------------------------- GA Iteration: 11/50 -----------------------------------
2021-08-28 11:18:35,798 - deformetrica.core.estimators.gradient_ascent - INFO - >> Log-likelihood = -5.598E+03 	 [ attachment = -5.142E+03 ; regularity = -4.553E+02 ]
2021-08-28 11:20:04,728 - deformetrica.core.estimators.gradient_ascent - INFO - >> Step size and gradient norm: 
2021-08-28 11:20:04,728 - deformetrica.core.estimators.gradient_ascent - INFO - 		5.893E-06   and   1.340E+04 	[ metric_parameters ]
2021-08-28 11:20:04,728 - deformetrica.core.estimators.gradient_ascent - INFO - 		1.937E-01   and   1.595E+01 	[ onset_age ]
2021-08-28 11:20:04,729 - deformetrica.core.estimators.gradient_ascent - INFO - 		5.201E-06   and   3.828E+02 	[ log_acceleration ]
2021-08-28 11:20:04,729 - deformetrica.core.estimators.gradient_ascent - INFO - 		1.198E-06   and   4.497E+02 	[ sources ]
2021-08-28 11:20:22,186 - deformetrica.core.estimators.gradient_ascent - INFO - --------------------------------- GA Iteration: 12/50 -----------------------------------
2021-08-28 11:20:22,186 - deformetrica.core.estimators.gradient_ascent - INFO - >> Log-likelihood = -5.538E+03 	 [ attachment = -5.082E+03 ; regularity = -4.557E+02 ]
