2021-08-28 11:22:01,099 - root - ERROR - Logger has been set to: NOTSET
2021-08-28 11:22:01,484 - deformetrica.in_out.array_readers_and_writers - INFO - Performing initial least square regressions on the subjects, for initialization purposes.
2021-08-28 11:22:01,765 - deformetrica.in_out.array_readers_and_writers - INFO - Performing principal component analysis on the orthogonal variations, for initialization of A and s_i.
2021-08-28 11:22:01,839 - deformetrica.in_out.array_readers_and_writers - INFO -  >>> Performing gradient descent on the mode.
2021-08-28 11:22:01,839 - deformetrica.in_out.array_readers_and_writers - INFO - 
2021-08-28 11:22:01,839 - deformetrica.in_out.array_readers_and_writers - INFO - [ estimate_longitudinal_metric_model function ]
2021-08-28 11:22:02,224 - deformetrica.in_out.array_readers_and_writers - INFO - Setting initial onset ages from preprocessing_1/1_smart_initialization/SmartInitialization_onset_ages.txt file
2021-08-28 11:22:02,226 - deformetrica.in_out.array_readers_and_writers - INFO - Setting initial log accelerations from preprocessing_1/1_smart_initialization/SmartInitialization_log_accelerations.txt file
2021-08-28 11:22:02,227 - deformetrica.in_out.array_readers_and_writers - INFO - Initializing exponential type to parametric
2021-08-28 11:22:02,227 - deformetrica.in_out.array_readers_and_writers - INFO - I am initializing the interpolation points using the width 0.16
2021-08-28 11:22:02,227 - deformetrica.in_out.array_readers_and_writers - INFO - Suggested cp to fill the box: 49
2021-08-28 11:22:02,235 - deformetrica.in_out.array_readers_and_writers - INFO - Cp after filtering: 30
2021-08-28 11:22:02,235 - deformetrica.in_out.array_readers_and_writers - INFO - The width for the metric interpolation is set to 0.16
2021-08-28 11:22:02,236 - deformetrica.in_out.array_readers_and_writers - INFO - I am setting the no_parallel_transport flag to False.
2021-08-28 11:22:02,236 - deformetrica.in_out.array_readers_and_writers - INFO - >> Reading 1-source initial modulation matrix from file: preprocessing_1/1_smart_initialization/SmartInitialization_modulation_matrix.txt
2021-08-28 11:22:02,236 - deformetrica.in_out.array_readers_and_writers - INFO - Setting initial sources from preprocessing_1/1_smart_initialization/SmartInitialization_sources.txt file
2021-08-28 11:22:02,238 - deformetrica.core.models.longitudinal_metric_learning - INFO - ('v0', True)
2021-08-28 11:22:02,238 - deformetrica.core.models.longitudinal_metric_learning - INFO - ('p0', True)
2021-08-28 11:22:02,238 - deformetrica.core.models.longitudinal_metric_learning - INFO - ('reference_time', False)
2021-08-28 11:22:02,238 - deformetrica.core.models.longitudinal_metric_learning - INFO - ('onset_age_variance', True)
2021-08-28 11:22:02,238 - deformetrica.core.models.longitudinal_metric_learning - INFO - ('log_acceleration_variance', True)
2021-08-28 11:22:02,238 - deformetrica.core.models.longitudinal_metric_learning - INFO - ('noise_variance', True)
2021-08-28 11:22:02,238 - deformetrica.core.models.longitudinal_metric_learning - INFO - ('metric_parameters', False)
2021-08-28 11:22:02,238 - deformetrica.core.models.longitudinal_metric_learning - INFO - ('modulation_matrix', True)
2021-08-28 11:22:02,239 - deformetrica.in_out.array_readers_and_writers - INFO - 
2021-08-28 11:22:02,239 - deformetrica.in_out.array_readers_and_writers - INFO - [ update method of the GradientAscent  optimizer ]
2021-08-28 11:23:04,069 - deformetrica.core.estimators.gradient_ascent - INFO - --------------------------------- GA Iteration: 0/50 -----------------------------------
2021-08-28 11:23:04,134 - deformetrica.core.estimators.gradient_ascent - INFO - >> Log-likelihood = -1.936E+04 	 [ attachment = -1.891E+04 ; regularity = -4.500E+02 ]
2021-08-28 11:23:04,135 - deformetrica.core.estimators.gradient_ascent - INFO - >> Step size and gradient norm: 
2021-08-28 11:23:04,135 - deformetrica.core.estimators.gradient_ascent - INFO - 		2.776E-06   and   3.602E+04 	[ metric_parameters ]
2021-08-28 11:23:04,135 - deformetrica.core.estimators.gradient_ascent - INFO - 		2.123E-02   and   2.355E+01 	[ onset_age ]
2021-08-28 11:23:04,136 - deformetrica.core.estimators.gradient_ascent - INFO - 		2.561E-06   and   3.905E+02 	[ log_acceleration ]
2021-08-28 11:23:04,136 - deformetrica.core.estimators.gradient_ascent - INFO - 		5.674E-07   and   1.762E+03 	[ sources ]
2021-08-28 11:23:19,435 - deformetrica.core.estimators.gradient_ascent - INFO - --------------------------------- GA Iteration: 1/50 -----------------------------------
2021-08-28 11:23:19,436 - deformetrica.core.estimators.gradient_ascent - INFO - >> Log-likelihood = -1.675E+04 	 [ attachment = -1.630E+04 ; regularity = -4.501E+02 ]
2021-08-28 11:24:52,901 - deformetrica.core.estimators.gradient_ascent - INFO - >> Step size and gradient norm: 
2021-08-28 11:24:52,902 - deformetrica.core.estimators.gradient_ascent - INFO - 		3.887E-06   and   2.594E+04 	[ metric_parameters ]
2021-08-28 11:24:52,902 - deformetrica.core.estimators.gradient_ascent - INFO - 		2.972E-02   and   1.917E+01 	[ onset_age ]
2021-08-28 11:24:52,902 - deformetrica.core.estimators.gradient_ascent - INFO - 		3.585E-06   and   3.036E+02 	[ log_acceleration ]
2021-08-28 11:24:52,902 - deformetrica.core.estimators.gradient_ascent - INFO - 		7.944E-07   and   1.517E+03 	[ sources ]
2021-08-28 11:25:09,239 - deformetrica.core.estimators.gradient_ascent - INFO - --------------------------------- GA Iteration: 2/50 -----------------------------------
2021-08-28 11:25:09,240 - deformetrica.core.estimators.gradient_ascent - INFO - >> Log-likelihood = -1.444E+04 	 [ attachment = -1.399E+04 ; regularity = -4.502E+02 ]
2021-08-28 11:26:28,186 - deformetrica.core.estimators.gradient_ascent - INFO - >> Step size and gradient norm: 
2021-08-28 11:26:28,186 - deformetrica.core.estimators.gradient_ascent - INFO - 		5.441E-06   and   2.186E+04 	[ metric_parameters ]
2021-08-28 11:26:28,186 - deformetrica.core.estimators.gradient_ascent - INFO - 		4.161E-02   and   1.880E+01 	[ onset_age ]
2021-08-28 11:26:28,187 - deformetrica.core.estimators.gradient_ascent - INFO - 		5.019E-06   and   2.629E+02 	[ log_acceleration ]
2021-08-28 11:26:28,187 - deformetrica.core.estimators.gradient_ascent - INFO - 		1.112E-06   and   1.298E+03 	[ sources ]
2021-08-28 11:26:43,015 - deformetrica.core.estimators.gradient_ascent - INFO - --------------------------------- GA Iteration: 3/50 -----------------------------------
2021-08-28 11:26:43,016 - deformetrica.core.estimators.gradient_ascent - INFO - >> Log-likelihood = -1.235E+04 	 [ attachment = -1.190E+04 ; regularity = -4.504E+02 ]
2021-08-28 11:28:11,313 - deformetrica.core.estimators.gradient_ascent - INFO - >> Step size and gradient norm: 
2021-08-28 11:28:11,314 - deformetrica.core.estimators.gradient_ascent - INFO - 		7.618E-06   and   2.043E+04 	[ metric_parameters ]
2021-08-28 11:28:11,314 - deformetrica.core.estimators.gradient_ascent - INFO - 		5.825E-02   and   2.043E+01 	[ onset_age ]
2021-08-28 11:28:11,314 - deformetrica.core.estimators.gradient_ascent - INFO - 		7.026E-06   and   2.562E+02 	[ log_acceleration ]
2021-08-28 11:28:11,315 - deformetrica.core.estimators.gradient_ascent - INFO - 		1.557E-06   and   1.093E+03 	[ sources ]
2021-08-28 11:28:26,140 - deformetrica.core.estimators.gradient_ascent - INFO - --------------------------------- GA Iteration: 4/50 -----------------------------------
2021-08-28 11:28:26,141 - deformetrica.core.estimators.gradient_ascent - INFO - >> Log-likelihood = -1.048E+04 	 [ attachment = -1.002E+04 ; regularity = -4.505E+02 ]
2021-08-28 11:29:44,709 - deformetrica.core.estimators.gradient_ascent - INFO - >> Step size and gradient norm: 
2021-08-28 11:29:44,710 - deformetrica.core.estimators.gradient_ascent - INFO - 		1.066E-05   and   1.963E+04 	[ metric_parameters ]
2021-08-28 11:29:44,710 - deformetrica.core.estimators.gradient_ascent - INFO - 		8.155E-02   and   2.141E+01 	[ onset_age ]
2021-08-28 11:29:44,710 - deformetrica.core.estimators.gradient_ascent - INFO - 		9.837E-06   and   2.558E+02 	[ log_acceleration ]
2021-08-28 11:29:44,710 - deformetrica.core.estimators.gradient_ascent - INFO - 		2.180E-06   and   9.075E+02 	[ sources ]
2021-08-28 11:29:59,374 - deformetrica.core.estimators.gradient_ascent - INFO - --------------------------------- GA Iteration: 5/50 -----------------------------------
2021-08-28 11:29:59,375 - deformetrica.core.estimators.gradient_ascent - INFO - >> Log-likelihood = -8.902E+03 	 [ attachment = -8.451E+03 ; regularity = -4.508E+02 ]
2021-08-28 11:31:17,137 - deformetrica.core.estimators.gradient_ascent - INFO - >> Step size and gradient norm: 
2021-08-28 11:31:17,138 - deformetrica.core.estimators.gradient_ascent - INFO - 		1.493E-05   and   1.888E+04 	[ metric_parameters ]
2021-08-28 11:31:17,138 - deformetrica.core.estimators.gradient_ascent - INFO - 		1.142E-01   and   2.046E+01 	[ onset_age ]
2021-08-28 11:31:17,138 - deformetrica.core.estimators.gradient_ascent - INFO - 		1.377E-05   and   2.610E+02 	[ log_acceleration ]
2021-08-28 11:31:17,138 - deformetrica.core.estimators.gradient_ascent - INFO - 		3.052E-06   and   7.524E+02 	[ sources ]
2021-08-28 11:31:31,851 - deformetrica.core.estimators.gradient_ascent - INFO - --------------------------------- GA Iteration: 6/50 -----------------------------------
2021-08-28 11:31:31,852 - deformetrica.core.estimators.gradient_ascent - INFO - >> Log-likelihood = -7.674E+03 	 [ attachment = -7.222E+03 ; regularity = -4.512E+02 ]
2021-08-28 11:32:51,587 - deformetrica.core.estimators.gradient_ascent - INFO - >> Step size and gradient norm: 
2021-08-28 11:32:51,587 - deformetrica.core.estimators.gradient_ascent - INFO - 		2.090E-05   and   1.765E+04 	[ metric_parameters ]
2021-08-28 11:32:51,588 - deformetrica.core.estimators.gradient_ascent - INFO - 		1.598E-01   and   1.903E+01 	[ onset_age ]
2021-08-28 11:32:51,588 - deformetrica.core.estimators.gradient_ascent - INFO - 		1.928E-05   and   2.687E+02 	[ log_acceleration ]
2021-08-28 11:32:51,588 - deformetrica.core.estimators.gradient_ascent - INFO - 		4.272E-06   and   6.314E+02 	[ sources ]
2021-08-28 11:33:10,628 - deformetrica.core.estimators.gradient_ascent - INFO - --------------------------------- GA Iteration: 7/50 -----------------------------------
2021-08-28 11:33:10,630 - deformetrica.core.estimators.gradient_ascent - INFO - >> Log-likelihood = -6.824E+03 	 [ attachment = -6.372E+03 ; regularity = -4.518E+02 ]
2021-08-28 11:34:48,310 - deformetrica.core.estimators.gradient_ascent - INFO - >> Step size and gradient norm: 
2021-08-28 11:34:48,311 - deformetrica.core.estimators.gradient_ascent - INFO - 		2.926E-05   and   1.578E+04 	[ metric_parameters ]
2021-08-28 11:34:48,311 - deformetrica.core.estimators.gradient_ascent - INFO - 		2.238E-01   and   2.023E+01 	[ onset_age ]
2021-08-28 11:34:48,311 - deformetrica.core.estimators.gradient_ascent - INFO - 		2.699E-05   and   2.873E+02 	[ log_acceleration ]
2021-08-28 11:34:48,311 - deformetrica.core.estimators.gradient_ascent - INFO - 		5.981E-06   and   5.475E+02 	[ sources ]
2021-08-28 11:35:03,023 - deformetrica.core.estimators.gradient_ascent - INFO - --------------------------------- GA Iteration: 8/50 -----------------------------------
2021-08-28 11:35:03,024 - deformetrica.core.estimators.gradient_ascent - INFO - >> Log-likelihood = -6.375E+03 	 [ attachment = -5.922E+03 ; regularity = -4.527E+02 ]
2021-08-28 11:36:28,713 - deformetrica.core.estimators.gradient_ascent - INFO - >> Step size and gradient norm: 
2021-08-28 11:36:28,714 - deformetrica.core.estimators.gradient_ascent - INFO - 		4.097E-05   and   1.520E+04 	[ metric_parameters ]
2021-08-28 11:36:28,714 - deformetrica.core.estimators.gradient_ascent - INFO - 		3.133E-01   and   2.086E+01 	[ onset_age ]
2021-08-28 11:36:28,714 - deformetrica.core.estimators.gradient_ascent - INFO - 		3.779E-05   and   3.723E+02 	[ log_acceleration ]
2021-08-28 11:36:28,714 - deformetrica.core.estimators.gradient_ascent - INFO - 		8.374E-06   and   5.033E+02 	[ sources ]
2021-08-28 11:38:13,760 - deformetrica.core.estimators.gradient_ascent - INFO - --------------------------------- GA Iteration: 9/50 -----------------------------------
2021-08-28 11:38:13,761 - deformetrica.core.estimators.gradient_ascent - INFO - >> Log-likelihood = -6.299E+03 	 [ attachment = -5.845E+03 ; regularity = -4.542E+02 ]
2021-08-28 11:39:40,005 - deformetrica.core.estimators.gradient_ascent - INFO - >> Step size and gradient norm: 
2021-08-28 11:39:40,005 - deformetrica.core.estimators.gradient_ascent - INFO - 		2.458E-05   and   1.505E+04 	[ metric_parameters ]
2021-08-28 11:39:40,006 - deformetrica.core.estimators.gradient_ascent - INFO - 		3.133E-01   and   1.794E+01 	[ onset_age ]
2021-08-28 11:39:40,006 - deformetrica.core.estimators.gradient_ascent - INFO - 		2.267E-05   and   3.324E+02 	[ log_acceleration ]
2021-08-28 11:39:40,006 - deformetrica.core.estimators.gradient_ascent - INFO - 		5.024E-06   and   4.989E+02 	[ sources ]
2021-08-28 11:41:05,076 - deformetrica.core.estimators.gradient_ascent - INFO - >> Step size and gradient norm: 
2021-08-28 11:41:05,077 - deformetrica.core.estimators.gradient_ascent - INFO - 		1.475E-05   and   1.505E+04 	[ metric_parameters ]
2021-08-28 11:41:05,077 - deformetrica.core.estimators.gradient_ascent - INFO - 		1.880E-01   and   1.794E+01 	[ onset_age ]
2021-08-28 11:41:05,078 - deformetrica.core.estimators.gradient_ascent - INFO - 		1.360E-05   and   3.324E+02 	[ log_acceleration ]
2021-08-28 11:41:05,078 - deformetrica.core.estimators.gradient_ascent - INFO - 		3.014E-06   and   4.989E+02 	[ sources ]
2021-08-28 11:42:21,042 - deformetrica.core.estimators.gradient_ascent - INFO - --------------------------------- GA Iteration: 10/50 -----------------------------------
2021-08-28 11:42:21,043 - deformetrica.core.estimators.gradient_ascent - INFO - >> Log-likelihood = -6.180E+03 	 [ attachment = -5.725E+03 ; regularity = -4.548E+02 ]
2021-08-28 11:43:47,423 - deformetrica.core.estimators.gradient_ascent - INFO - >> Step size and gradient norm: 
2021-08-28 11:43:47,424 - deformetrica.core.estimators.gradient_ascent - INFO - 		8.849E-06   and   1.502E+04 	[ metric_parameters ]
2021-08-28 11:43:47,424 - deformetrica.core.estimators.gradient_ascent - INFO - 		1.880E-01   and   1.598E+01 	[ onset_age ]
2021-08-28 11:43:47,425 - deformetrica.core.estimators.gradient_ascent - INFO - 		8.162E-06   and   3.140E+02 	[ log_acceleration ]
2021-08-28 11:43:47,425 - deformetrica.core.estimators.gradient_ascent - INFO - 		1.809E-06   and   4.991E+02 	[ sources ]
2021-08-28 11:44:08,118 - deformetrica.core.estimators.gradient_ascent - INFO - --------------------------------- GA Iteration: 11/50 -----------------------------------
2021-08-28 11:44:08,118 - deformetrica.core.estimators.gradient_ascent - INFO - >> Log-likelihood = -5.973E+03 	 [ attachment = -5.517E+03 ; regularity = -4.554E+02 ]
2021-08-28 11:45:35,990 - deformetrica.core.estimators.gradient_ascent - INFO - >> Step size and gradient norm: 
2021-08-28 11:45:35,991 - deformetrica.core.estimators.gradient_ascent - INFO - 		1.239E-05   and   1.340E+04 	[ metric_parameters ]
2021-08-28 11:45:35,991 - deformetrica.core.estimators.gradient_ascent - INFO - 		2.632E-01   and   1.911E+01 	[ onset_age ]
2021-08-28 11:45:35,991 - deformetrica.core.estimators.gradient_ascent - INFO - 		1.143E-05   and   3.220E+02 	[ log_acceleration ]
2021-08-28 11:45:35,991 - deformetrica.core.estimators.gradient_ascent - INFO - 		2.532E-06   and   4.814E+02 	[ sources ]
2021-08-28 11:45:51,109 - deformetrica.core.estimators.gradient_ascent - INFO - --------------------------------- GA Iteration: 12/50 -----------------------------------
2021-08-28 11:45:51,110 - deformetrica.core.estimators.gradient_ascent - INFO - >> Log-likelihood = -5.923E+03 	 [ attachment = -5.467E+03 ; regularity = -4.564E+02 ]
2021-08-28 11:47:16,089 - deformetrica.core.estimators.gradient_ascent - INFO - >> Step size and gradient norm: 
2021-08-28 11:47:16,090 - deformetrica.core.estimators.gradient_ascent - INFO - 		1.734E-05   and   1.415E+04 	[ metric_parameters ]
2021-08-28 11:47:16,090 - deformetrica.core.estimators.gradient_ascent - INFO - 		3.684E-01   and   1.510E+01 	[ onset_age ]
2021-08-28 11:47:16,090 - deformetrica.core.estimators.gradient_ascent - INFO - 		1.600E-05   and   3.044E+02 	[ log_acceleration ]
2021-08-28 11:47:16,090 - deformetrica.core.estimators.gradient_ascent - INFO - 		3.545E-06   and   4.812E+02 	[ sources ]
2021-08-28 11:48:32,374 - deformetrica.core.estimators.gradient_ascent - INFO - --------------------------------- GA Iteration: 13/50 -----------------------------------
2021-08-28 11:48:32,375 - deformetrica.core.estimators.gradient_ascent - INFO - >> Log-likelihood = -5.857E+03 	 [ attachment = -5.400E+03 ; regularity = -4.576E+02 ]
2021-08-28 11:49:57,599 - deformetrica.core.estimators.gradient_ascent - INFO - >> Step size and gradient norm: 
2021-08-28 11:49:57,600 - deformetrica.core.estimators.gradient_ascent - INFO - 		1.041E-05   and   1.381E+04 	[ metric_parameters ]
2021-08-28 11:49:57,600 - deformetrica.core.estimators.gradient_ascent - INFO - 		3.684E-01   and   1.417E+01 	[ onset_age ]
2021-08-28 11:49:57,600 - deformetrica.core.estimators.gradient_ascent - INFO - 		9.599E-06   and   3.025E+02 	[ log_acceleration ]
2021-08-28 11:49:57,600 - deformetrica.core.estimators.gradient_ascent - INFO - 		2.127E-06   and   4.776E+02 	[ sources ]
2021-08-28 11:50:13,433 - deformetrica.core.estimators.gradient_ascent - INFO - --------------------------------- GA Iteration: 14/50 -----------------------------------
2021-08-28 11:50:13,435 - deformetrica.core.estimators.gradient_ascent - INFO - >> Log-likelihood = -5.837E+03 	 [ attachment = -5.378E+03 ; regularity = -4.588E+02 ]
2021-08-28 11:51:40,799 - deformetrica.core.estimators.gradient_ascent - INFO - >> Step size and gradient norm: 
2021-08-28 11:51:40,800 - deformetrica.core.estimators.gradient_ascent - INFO - 		1.457E-05   and   1.510E+04 	[ metric_parameters ]
2021-08-28 11:51:40,800 - deformetrica.core.estimators.gradient_ascent - INFO - 		5.158E-01   and   1.297E+01 	[ onset_age ]
2021-08-28 11:51:40,801 - deformetrica.core.estimators.gradient_ascent - INFO - 		1.344E-05   and   3.304E+02 	[ log_acceleration ]
2021-08-28 11:51:40,801 - deformetrica.core.estimators.gradient_ascent - INFO - 		2.978E-06   and   4.788E+02 	[ sources ]
2021-08-28 11:53:00,442 - deformetrica.core.estimators.gradient_ascent - INFO - --------------------------------- GA Iteration: 15/50 -----------------------------------
2021-08-28 11:53:00,442 - deformetrica.core.estimators.gradient_ascent - INFO - >> Log-likelihood = -5.741E+03 	 [ attachment = -5.281E+03 ; regularity = -4.599E+02 ]
2021-08-28 11:54:29,550 - deformetrica.core.estimators.gradient_ascent - INFO - >> Step size and gradient norm: 
2021-08-28 11:54:29,551 - deformetrica.core.estimators.gradient_ascent - INFO - 		8.742E-06   and   1.438E+04 	[ metric_parameters ]
2021-08-28 11:54:29,551 - deformetrica.core.estimators.gradient_ascent - INFO - 		5.158E-01   and   1.337E+01 	[ onset_age ]
2021-08-28 11:54:29,551 - deformetrica.core.estimators.gradient_ascent - INFO - 		8.063E-06   and   2.900E+02 	[ log_acceleration ]
2021-08-28 11:54:29,552 - deformetrica.core.estimators.gradient_ascent - INFO - 		1.787E-06   and   4.743E+02 	[ sources ]
2021-08-28 11:55:43,648 - deformetrica.core.estimators.gradient_ascent - INFO - --------------------------------- GA Iteration: 16/50 -----------------------------------
2021-08-28 11:55:43,649 - deformetrica.core.estimators.gradient_ascent - INFO - >> Log-likelihood = -5.623E+03 	 [ attachment = -5.162E+03 ; regularity = -4.612E+02 ]
2021-08-28 11:57:11,929 - deformetrica.core.estimators.gradient_ascent - INFO - >> Step size and gradient norm: 
2021-08-28 11:57:11,930 - deformetrica.core.estimators.gradient_ascent - INFO - 		5.245E-06   and   1.411E+04 	[ metric_parameters ]
2021-08-28 11:57:11,930 - deformetrica.core.estimators.gradient_ascent - INFO - 		5.158E-01   and   1.158E+01 	[ onset_age ]
2021-08-28 11:57:11,930 - deformetrica.core.estimators.gradient_ascent - INFO - 		4.838E-06   and   2.914E+02 	[ log_acceleration ]
2021-08-28 11:57:11,930 - deformetrica.core.estimators.gradient_ascent - INFO - 		1.072E-06   and   4.680E+02 	[ sources ]
2021-08-28 11:57:27,446 - deformetrica.core.estimators.gradient_ascent - INFO - --------------------------------- GA Iteration: 17/50 -----------------------------------
2021-08-28 11:57:27,447 - deformetrica.core.estimators.gradient_ascent - INFO - >> Log-likelihood = -5.519E+03 	 [ attachment = -5.056E+03 ; regularity = -4.625E+02 ]
2021-08-28 11:58:51,866 - deformetrica.core.estimators.gradient_ascent - INFO - >> Step size and gradient norm: 
2021-08-28 11:58:51,867 - deformetrica.core.estimators.gradient_ascent - INFO - 		7.343E-06   and   1.288E+04 	[ metric_parameters ]
2021-08-28 11:58:51,867 - deformetrica.core.estimators.gradient_ascent - INFO - 		7.221E-01   and   1.103E+01 	[ onset_age ]
2021-08-28 11:58:51,867 - deformetrica.core.estimators.gradient_ascent - INFO - 		6.773E-06   and   3.135E+02 	[ log_acceleration ]
2021-08-28 11:58:51,867 - deformetrica.core.estimators.gradient_ascent - INFO - 		1.501E-06   and   4.634E+02 	[ sources ]
2021-08-28 11:59:09,547 - deformetrica.core.estimators.gradient_ascent - INFO - --------------------------------- GA Iteration: 18/50 -----------------------------------
2021-08-28 11:59:09,548 - deformetrica.core.estimators.gradient_ascent - INFO - >> Log-likelihood = -5.435E+03 	 [ attachment = -4.970E+03 ; regularity = -4.645E+02 ]
2021-08-28 12:00:36,215 - deformetrica.core.estimators.gradient_ascent - INFO - >> Step size and gradient norm: 
2021-08-28 12:00:36,215 - deformetrica.core.estimators.gradient_ascent - INFO - 		1.028E-05   and   1.291E+04 	[ metric_parameters ]
2021-08-28 12:00:36,215 - deformetrica.core.estimators.gradient_ascent - INFO - 		1.011E+00   and   1.111E+01 	[ onset_age ]
2021-08-28 12:00:36,216 - deformetrica.core.estimators.gradient_ascent - INFO - 		9.482E-06   and   2.729E+02 	[ log_acceleration ]
2021-08-28 12:00:36,216 - deformetrica.core.estimators.gradient_ascent - INFO - 		2.101E-06   and   4.604E+02 	[ sources ]
2021-08-28 12:00:51,433 - deformetrica.core.estimators.gradient_ascent - INFO - --------------------------------- GA Iteration: 19/50 -----------------------------------
2021-08-28 12:00:51,434 - deformetrica.core.estimators.gradient_ascent - INFO - >> Log-likelihood = -5.395E+03 	 [ attachment = -4.927E+03 ; regularity = -4.675E+02 ]
2021-08-28 12:02:22,634 - deformetrica.core.estimators.gradient_ascent - INFO - >> Step size and gradient norm: 
2021-08-28 12:02:22,634 - deformetrica.core.estimators.gradient_ascent - INFO - 		1.439E-05   and   1.458E+04 	[ metric_parameters ]
2021-08-28 12:02:22,635 - deformetrica.core.estimators.gradient_ascent - INFO - 		1.415E+00   and   1.226E+01 	[ onset_age ]
2021-08-28 12:02:22,635 - deformetrica.core.estimators.gradient_ascent - INFO - 		1.328E-05   and   2.964E+02 	[ log_acceleration ]
2021-08-28 12:02:22,635 - deformetrica.core.estimators.gradient_ascent - INFO - 		2.942E-06   and   4.605E+02 	[ sources ]
2021-08-28 12:03:49,123 - deformetrica.core.estimators.gradient_ascent - INFO - >> Step size and gradient norm: 
2021-08-28 12:03:49,123 - deformetrica.core.estimators.gradient_ascent - INFO - 		8.636E-06   and   1.458E+04 	[ metric_parameters ]
2021-08-28 12:03:49,124 - deformetrica.core.estimators.gradient_ascent - INFO - 		8.492E-01   and   1.226E+01 	[ onset_age ]
2021-08-28 12:03:49,124 - deformetrica.core.estimators.gradient_ascent - INFO - 		7.965E-06   and   2.964E+02 	[ log_acceleration ]
2021-08-28 12:03:49,124 - deformetrica.core.estimators.gradient_ascent - INFO - 		1.765E-06   and   4.605E+02 	[ sources ]
2021-08-28 12:05:04,136 - deformetrica.core.estimators.gradient_ascent - INFO - --------------------------------- GA Iteration: 20/50 -----------------------------------
2021-08-28 12:05:04,137 - deformetrica.core.estimators.gradient_ascent - INFO - >> Log-likelihood = -5.368E+03 	 [ attachment = -4.899E+03 ; regularity = -4.691E+02 ]
2021-08-28 12:06:30,666 - deformetrica.core.estimators.gradient_ascent - INFO - >> Step size and gradient norm: 
2021-08-28 12:06:30,667 - deformetrica.core.estimators.gradient_ascent - INFO - 		5.181E-06   and   1.523E+04 	[ metric_parameters ]
2021-08-28 12:06:30,667 - deformetrica.core.estimators.gradient_ascent - INFO - 		8.492E-01   and   1.599E+01 	[ onset_age ]
2021-08-28 12:06:30,667 - deformetrica.core.estimators.gradient_ascent - INFO - 		4.779E-06   and   3.100E+02 	[ log_acceleration ]
2021-08-28 12:06:30,667 - deformetrica.core.estimators.gradient_ascent - INFO - 		1.059E-06   and   4.565E+02 	[ sources ]
2021-08-28 12:06:45,551 - deformetrica.core.estimators.gradient_ascent - INFO - --------------------------------- GA Iteration: 21/50 -----------------------------------
2021-08-28 12:06:45,552 - deformetrica.core.estimators.gradient_ascent - INFO - >> Log-likelihood = -5.335E+03 	 [ attachment = -4.864E+03 ; regularity = -4.705E+02 ]
2021-08-28 12:08:04,556 - deformetrica.core.estimators.gradient_ascent - INFO - >> Step size and gradient norm: 
2021-08-28 12:08:04,556 - deformetrica.core.estimators.gradient_ascent - INFO - 		7.254E-06   and   1.480E+04 	[ metric_parameters ]
2021-08-28 12:08:04,556 - deformetrica.core.estimators.gradient_ascent - INFO - 		1.189E+00   and   1.041E+01 	[ onset_age ]
2021-08-28 12:08:04,557 - deformetrica.core.estimators.gradient_ascent - INFO - 		6.691E-06   and   2.758E+02 	[ log_acceleration ]
2021-08-28 12:08:04,557 - deformetrica.core.estimators.gradient_ascent - INFO - 		1.483E-06   and   4.557E+02 	[ sources ]
2021-08-28 12:09:19,046 - deformetrica.core.estimators.gradient_ascent - INFO - --------------------------------- GA Iteration: 22/50 -----------------------------------
2021-08-28 12:09:19,047 - deformetrica.core.estimators.gradient_ascent - INFO - >> Log-likelihood = -5.277E+03 	 [ attachment = -4.804E+03 ; regularity = -4.731E+02 ]
2021-08-28 12:10:41,846 - deformetrica.core.estimators.gradient_ascent - INFO - >> Step size and gradient norm: 
2021-08-28 12:10:41,847 - deformetrica.core.estimators.gradient_ascent - INFO - 		4.352E-06   and   1.464E+04 	[ metric_parameters ]
2021-08-28 12:10:41,847 - deformetrica.core.estimators.gradient_ascent - INFO - 		1.189E+00   and   9.749E+00 	[ onset_age ]
2021-08-28 12:10:41,847 - deformetrica.core.estimators.gradient_ascent - INFO - 		4.014E-06   and   2.564E+02 	[ log_acceleration ]
2021-08-28 12:10:41,847 - deformetrica.core.estimators.gradient_ascent - INFO - 		8.895E-07   and   4.509E+02 	[ sources ]
2021-08-28 12:10:57,102 - deformetrica.core.estimators.gradient_ascent - INFO - --------------------------------- GA Iteration: 23/50 -----------------------------------
2021-08-28 12:10:57,103 - deformetrica.core.estimators.gradient_ascent - INFO - >> Log-likelihood = -5.208E+03 	 [ attachment = -4.732E+03 ; regularity = -4.752E+02 ]
2021-08-28 12:12:27,805 - deformetrica.core.estimators.gradient_ascent - INFO - >> Step size and gradient norm: 
2021-08-28 12:12:27,806 - deformetrica.core.estimators.gradient_ascent - INFO - 		6.093E-06   and   1.482E+04 	[ metric_parameters ]
2021-08-28 12:12:27,806 - deformetrica.core.estimators.gradient_ascent - INFO - 		1.664E+00   and   1.730E+01 	[ onset_age ]
2021-08-28 12:12:27,806 - deformetrica.core.estimators.gradient_ascent - INFO - 		5.620E-06   and   3.627E+02 	[ log_acceleration ]
2021-08-28 12:12:27,806 - deformetrica.core.estimators.gradient_ascent - INFO - 		1.245E-06   and   4.521E+02 	[ sources ]
2021-08-28 12:13:46,121 - deformetrica.core.estimators.gradient_ascent - INFO - --------------------------------- GA Iteration: 24/50 -----------------------------------
2021-08-28 12:13:46,122 - deformetrica.core.estimators.gradient_ascent - INFO - >> Log-likelihood = -5.159E+03 	 [ attachment = -4.681E+03 ; regularity = -4.774E+02 ]
2021-08-28 12:15:13,094 - deformetrica.core.estimators.gradient_ascent - INFO - >> Step size and gradient norm: 
2021-08-28 12:15:13,095 - deformetrica.core.estimators.gradient_ascent - INFO - 		3.656E-06   and   1.411E+04 	[ metric_parameters ]
2021-08-28 12:15:13,095 - deformetrica.core.estimators.gradient_ascent - INFO - 		9.987E-01   and   1.179E+01 	[ onset_age ]
2021-08-28 12:15:13,096 - deformetrica.core.estimators.gradient_ascent - INFO - 		3.372E-06   and   2.684E+02 	[ log_acceleration ]
2021-08-28 12:15:13,096 - deformetrica.core.estimators.gradient_ascent - INFO - 		1.245E-06   and   4.448E+02 	[ sources ]
2021-08-28 12:15:29,921 - deformetrica.core.estimators.gradient_ascent - INFO - --------------------------------- GA Iteration: 25/50 -----------------------------------
2021-08-28 12:15:29,922 - deformetrica.core.estimators.gradient_ascent - INFO - >> Log-likelihood = -5.095E+03 	 [ attachment = -4.616E+03 ; regularity = -4.787E+02 ]
2021-08-28 12:16:56,824 - deformetrica.core.estimators.gradient_ascent - INFO - >> Step size and gradient norm: 
2021-08-28 12:16:56,824 - deformetrica.core.estimators.gradient_ascent - INFO - 		5.118E-06   and   1.208E+04 	[ metric_parameters ]
2021-08-28 12:16:56,825 - deformetrica.core.estimators.gradient_ascent - INFO - 		1.398E+00   and   9.935E+00 	[ onset_age ]
2021-08-28 12:16:56,825 - deformetrica.core.estimators.gradient_ascent - INFO - 		4.721E-06   and   2.574E+02 	[ log_acceleration ]
2021-08-28 12:16:56,825 - deformetrica.core.estimators.gradient_ascent - INFO - 		1.744E-06   and   4.429E+02 	[ sources ]
2021-08-28 12:17:12,456 - deformetrica.core.estimators.gradient_ascent - INFO - --------------------------------- GA Iteration: 26/50 -----------------------------------
2021-08-28 12:17:12,457 - deformetrica.core.estimators.gradient_ascent - INFO - >> Log-likelihood = -5.053E+03 	 [ attachment = -4.569E+03 ; regularity = -4.834E+02 ]
2021-08-28 12:18:46,167 - deformetrica.core.estimators.gradient_ascent - INFO - >> Step size and gradient norm: 
2021-08-28 12:18:46,168 - deformetrica.core.estimators.gradient_ascent - INFO - 		7.166E-06   and   1.315E+04 	[ metric_parameters ]
2021-08-28 12:18:46,168 - deformetrica.core.estimators.gradient_ascent - INFO - 		1.957E+00   and   1.229E+01 	[ onset_age ]
2021-08-28 12:18:46,168 - deformetrica.core.estimators.gradient_ascent - INFO - 		6.609E-06   and   2.499E+02 	[ log_acceleration ]
2021-08-28 12:18:46,168 - deformetrica.core.estimators.gradient_ascent - INFO - 		2.441E-06   and   4.388E+02 	[ sources ]
2021-08-28 12:20:01,031 - deformetrica.core.estimators.gradient_ascent - INFO - >> Step size and gradient norm: 
2021-08-28 12:20:01,032 - deformetrica.core.estimators.gradient_ascent - INFO - 		4.299E-06   and   1.315E+04 	[ metric_parameters ]
2021-08-28 12:20:01,032 - deformetrica.core.estimators.gradient_ascent - INFO - 		1.174E+00   and   1.229E+01 	[ onset_age ]
2021-08-28 12:20:01,032 - deformetrica.core.estimators.gradient_ascent - INFO - 		3.966E-06   and   2.499E+02 	[ log_acceleration ]
2021-08-28 12:20:01,032 - deformetrica.core.estimators.gradient_ascent - INFO - 		1.465E-06   and   4.388E+02 	[ sources ]
2021-08-28 12:21:19,943 - deformetrica.core.estimators.gradient_ascent - INFO - --------------------------------- GA Iteration: 27/50 -----------------------------------
2021-08-28 12:21:19,944 - deformetrica.core.estimators.gradient_ascent - INFO - >> Log-likelihood = -4.984E+03 	 [ attachment = -4.499E+03 ; regularity = -4.849E+02 ]
2021-08-28 12:22:48,141 - deformetrica.core.estimators.gradient_ascent - INFO - >> Step size and gradient norm: 
2021-08-28 12:22:48,142 - deformetrica.core.estimators.gradient_ascent - INFO - 		2.580E-06   and   1.249E+04 	[ metric_parameters ]
2021-08-28 12:22:48,142 - deformetrica.core.estimators.gradient_ascent - INFO - 		7.047E-01   and   8.877E+00 	[ onset_age ]
2021-08-28 12:22:48,142 - deformetrica.core.estimators.gradient_ascent - INFO - 		2.379E-06   and   2.459E+02 	[ log_acceleration ]
2021-08-28 12:22:48,142 - deformetrica.core.estimators.gradient_ascent - INFO - 		1.465E-06   and   4.398E+02 	[ sources ]
2021-08-28 12:23:13,174 - deformetrica.core.estimators.gradient_ascent - INFO - --------------------------------- GA Iteration: 28/50 -----------------------------------
2021-08-28 12:23:13,175 - deformetrica.core.estimators.gradient_ascent - INFO - >> Log-likelihood = -4.957E+03 	 [ attachment = -4.471E+03 ; regularity = -4.858E+02 ]
2021-08-28 12:24:59,809 - deformetrica.core.estimators.gradient_ascent - INFO - >> Step size and gradient norm: 
2021-08-28 12:24:59,810 - deformetrica.core.estimators.gradient_ascent - INFO - 		3.611E-06   and   1.240E+04 	[ metric_parameters ]
2021-08-28 12:24:59,810 - deformetrica.core.estimators.gradient_ascent - INFO - 		9.866E-01   and   6.754E+00 	[ onset_age ]
2021-08-28 12:24:59,810 - deformetrica.core.estimators.gradient_ascent - INFO - 		3.331E-06   and   2.354E+02 	[ log_acceleration ]
2021-08-28 12:24:59,811 - deformetrica.core.estimators.gradient_ascent - INFO - 		2.050E-06   and   4.358E+02 	[ sources ]
2021-08-28 12:25:14,888 - deformetrica.core.estimators.gradient_ascent - INFO - --------------------------------- GA Iteration: 29/50 -----------------------------------
2021-08-28 12:25:14,889 - deformetrica.core.estimators.gradient_ascent - INFO - >> Log-likelihood = -4.953E+03 	 [ attachment = -4.465E+03 ; regularity = -4.879E+02 ]
2021-08-28 12:26:33,295 - deformetrica.core.estimators.gradient_ascent - INFO - >> Step size and gradient norm: 
2021-08-28 12:26:33,295 - deformetrica.core.estimators.gradient_ascent - INFO - 		5.056E-06   and   1.429E+04 	[ metric_parameters ]
2021-08-28 12:26:33,296 - deformetrica.core.estimators.gradient_ascent - INFO - 		1.381E+00   and   1.437E+01 	[ onset_age ]
2021-08-28 12:26:33,296 - deformetrica.core.estimators.gradient_ascent - INFO - 		4.664E-06   and   3.221E+02 	[ log_acceleration ]
2021-08-28 12:26:33,296 - deformetrica.core.estimators.gradient_ascent - INFO - 		2.871E-06   and   4.394E+02 	[ sources ]
2021-08-28 12:27:51,282 - deformetrica.core.estimators.gradient_ascent - INFO - --------------------------------- GA Iteration: 30/50 -----------------------------------
2021-08-28 12:27:51,282 - deformetrica.core.estimators.gradient_ascent - INFO - >> Log-likelihood = -4.936E+03 	 [ attachment = -4.447E+03 ; regularity = -4.888E+02 ]
2021-08-28 12:29:21,022 - deformetrica.core.estimators.gradient_ascent - INFO - >> Step size and gradient norm: 
2021-08-28 12:29:21,023 - deformetrica.core.estimators.gradient_ascent - INFO - 		3.034E-06   and   1.390E+04 	[ metric_parameters ]
2021-08-28 12:29:21,023 - deformetrica.core.estimators.gradient_ascent - INFO - 		8.287E-01   and   9.497E+00 	[ onset_age ]
2021-08-28 12:29:21,023 - deformetrica.core.estimators.gradient_ascent - INFO - 		4.664E-06   and   2.340E+02 	[ log_acceleration ]
2021-08-28 12:29:21,023 - deformetrica.core.estimators.gradient_ascent - INFO - 		1.722E-06   and   4.350E+02 	[ sources ]
2021-08-28 12:29:36,910 - deformetrica.core.estimators.gradient_ascent - INFO - --------------------------------- GA Iteration: 31/50 -----------------------------------
2021-08-28 12:29:36,911 - deformetrica.core.estimators.gradient_ascent - INFO - >> Log-likelihood = -4.934E+03 	 [ attachment = -4.443E+03 ; regularity = -4.907E+02 ]
2021-08-28 12:30:56,284 - deformetrica.core.estimators.gradient_ascent - INFO - >> Step size and gradient norm: 
2021-08-28 12:30:56,284 - deformetrica.core.estimators.gradient_ascent - INFO - 		4.247E-06   and   1.653E+04 	[ metric_parameters ]
2021-08-28 12:30:56,284 - deformetrica.core.estimators.gradient_ascent - INFO - 		1.160E+00   and   1.566E+01 	[ onset_age ]
2021-08-28 12:30:56,285 - deformetrica.core.estimators.gradient_ascent - INFO - 		6.529E-06   and   3.782E+02 	[ log_acceleration ]
2021-08-28 12:30:56,285 - deformetrica.core.estimators.gradient_ascent - INFO - 		2.411E-06   and   4.392E+02 	[ sources ]
2021-08-28 12:32:16,549 - deformetrica.core.estimators.gradient_ascent - INFO - >> Step size and gradient norm: 
2021-08-28 12:32:16,550 - deformetrica.core.estimators.gradient_ascent - INFO - 		2.548E-06   and   1.653E+04 	[ metric_parameters ]
2021-08-28 12:32:16,550 - deformetrica.core.estimators.gradient_ascent - INFO - 		6.961E-01   and   1.566E+01 	[ onset_age ]
2021-08-28 12:32:16,550 - deformetrica.core.estimators.gradient_ascent - INFO - 		3.917E-06   and   3.782E+02 	[ log_acceleration ]
2021-08-28 12:32:16,550 - deformetrica.core.estimators.gradient_ascent - INFO - 		1.447E-06   and   4.392E+02 	[ sources ]
2021-08-28 12:32:32,388 - deformetrica.core.estimators.gradient_ascent - INFO - --------------------------------- GA Iteration: 32/50 -----------------------------------
2021-08-28 12:32:32,389 - deformetrica.core.estimators.gradient_ascent - INFO - >> Log-likelihood = -4.931E+03 	 [ attachment = -4.440E+03 ; regularity = -4.902E+02 ]
2021-08-28 12:33:50,242 - deformetrica.core.estimators.gradient_ascent - INFO - >> Step size and gradient norm: 
2021-08-28 12:33:50,242 - deformetrica.core.estimators.gradient_ascent - INFO - 		3.568E-06   and   1.471E+04 	[ metric_parameters ]
2021-08-28 12:33:50,242 - deformetrica.core.estimators.gradient_ascent - INFO - 		9.746E-01   and   1.734E+01 	[ onset_age ]
2021-08-28 12:33:50,242 - deformetrica.core.estimators.gradient_ascent - INFO - 		5.484E-06   and   3.133E+02 	[ log_acceleration ]
2021-08-28 12:33:50,243 - deformetrica.core.estimators.gradient_ascent - INFO - 		2.025E-06   and   4.332E+02 	[ sources ]
2021-08-28 12:34:07,569 - deformetrica.core.estimators.gradient_ascent - INFO - --------------------------------- GA Iteration: 33/50 -----------------------------------
2021-08-28 12:34:07,569 - deformetrica.core.estimators.gradient_ascent - INFO - >> Log-likelihood = -4.916E+03 	 [ attachment = -4.424E+03 ; regularity = -4.920E+02 ]
2021-08-28 12:35:29,693 - deformetrica.core.estimators.gradient_ascent - INFO - >> Step size and gradient norm: 
2021-08-28 12:35:29,693 - deformetrica.core.estimators.gradient_ascent - INFO - 		4.995E-06   and   1.500E+04 	[ metric_parameters ]
2021-08-28 12:35:29,693 - deformetrica.core.estimators.gradient_ascent - INFO - 		1.364E+00   and   1.042E+01 	[ onset_age ]
2021-08-28 12:35:29,694 - deformetrica.core.estimators.gradient_ascent - INFO - 		7.678E-06   and   2.516E+02 	[ log_acceleration ]
2021-08-28 12:35:29,694 - deformetrica.core.estimators.gradient_ascent - INFO - 		2.836E-06   and   4.372E+02 	[ sources ]
2021-08-28 12:36:42,498 - deformetrica.core.estimators.gradient_ascent - INFO - --------------------------------- GA Iteration: 34/50 -----------------------------------
2021-08-28 12:36:42,499 - deformetrica.core.estimators.gradient_ascent - INFO - >> Log-likelihood = -4.904E+03 	 [ attachment = -4.411E+03 ; regularity = -4.931E+02 ]
2021-08-28 12:38:08,262 - deformetrica.core.estimators.gradient_ascent - INFO - >> Step size and gradient norm: 
2021-08-28 12:38:08,262 - deformetrica.core.estimators.gradient_ascent - INFO - 		2.997E-06   and   1.521E+04 	[ metric_parameters ]
2021-08-28 12:38:08,262 - deformetrica.core.estimators.gradient_ascent - INFO - 		8.186E-01   and   8.759E+00 	[ onset_age ]
2021-08-28 12:38:08,263 - deformetrica.core.estimators.gradient_ascent - INFO - 		4.607E-06   and   2.189E+02 	[ log_acceleration ]
2021-08-28 12:38:08,263 - deformetrica.core.estimators.gradient_ascent - INFO - 		2.836E-06   and   4.340E+02 	[ sources ]
2021-08-28 12:38:26,776 - deformetrica.core.estimators.gradient_ascent - INFO - --------------------------------- GA Iteration: 35/50 -----------------------------------
2021-08-28 12:38:26,777 - deformetrica.core.estimators.gradient_ascent - INFO - >> Log-likelihood = -4.832E+03 	 [ attachment = -4.338E+03 ; regularity = -4.942E+02 ]
2021-08-28 12:39:58,453 - deformetrica.core.estimators.gradient_ascent - INFO - >> Step size and gradient norm: 
2021-08-28 12:39:58,454 - deformetrica.core.estimators.gradient_ascent - INFO - 		4.195E-06   and   1.435E+04 	[ metric_parameters ]
2021-08-28 12:39:58,454 - deformetrica.core.estimators.gradient_ascent - INFO - 		1.146E+00   and   2.545E+01 	[ onset_age ]
2021-08-28 12:39:58,454 - deformetrica.core.estimators.gradient_ascent - INFO - 		6.450E-06   and   4.091E+02 	[ log_acceleration ]
2021-08-28 12:39:58,454 - deformetrica.core.estimators.gradient_ascent - INFO - 		3.970E-06   and   4.359E+02 	[ sources ]
2021-08-28 12:41:26,765 - deformetrica.core.estimators.gradient_ascent - INFO - >> Step size and gradient norm: 
2021-08-28 12:41:26,765 - deformetrica.core.estimators.gradient_ascent - INFO - 		2.517E-06   and   1.435E+04 	[ metric_parameters ]
2021-08-28 12:41:26,766 - deformetrica.core.estimators.gradient_ascent - INFO - 		6.876E-01   and   2.545E+01 	[ onset_age ]
2021-08-28 12:41:26,766 - deformetrica.core.estimators.gradient_ascent - INFO - 		3.870E-06   and   4.091E+02 	[ log_acceleration ]
2021-08-28 12:41:26,766 - deformetrica.core.estimators.gradient_ascent - INFO - 		2.382E-06   and   4.359E+02 	[ sources ]
2021-08-28 12:42:42,554 - deformetrica.core.estimators.gradient_ascent - INFO - --------------------------------- GA Iteration: 36/50 -----------------------------------
2021-08-28 12:42:42,555 - deformetrica.core.estimators.gradient_ascent - INFO - >> Log-likelihood = -4.781E+03 	 [ attachment = -4.286E+03 ; regularity = -4.946E+02 ]
2021-08-28 12:44:06,759 - deformetrica.core.estimators.gradient_ascent - INFO - >> Step size and gradient norm: 
2021-08-28 12:44:06,759 - deformetrica.core.estimators.gradient_ascent - INFO - 		1.510E-06   and   1.242E+04 	[ metric_parameters ]
2021-08-28 12:44:06,760 - deformetrica.core.estimators.gradient_ascent - INFO - 		4.126E-01   and   1.892E+01 	[ onset_age ]
2021-08-28 12:44:06,760 - deformetrica.core.estimators.gradient_ascent - INFO - 		2.322E-06   and   3.611E+02 	[ log_acceleration ]
2021-08-28 12:44:06,760 - deformetrica.core.estimators.gradient_ascent - INFO - 		2.382E-06   and   4.309E+02 	[ sources ]
2021-08-28 12:44:21,871 - deformetrica.core.estimators.gradient_ascent - INFO - --------------------------------- GA Iteration: 37/50 -----------------------------------
2021-08-28 12:44:21,872 - deformetrica.core.estimators.gradient_ascent - INFO - >> Log-likelihood = -4.749E+03 	 [ attachment = -4.253E+03 ; regularity = -4.955E+02 ]
2021-08-28 12:45:42,680 - deformetrica.core.estimators.gradient_ascent - INFO - >> Step size and gradient norm: 
2021-08-28 12:45:42,681 - deformetrica.core.estimators.gradient_ascent - INFO - 		2.115E-06   and   1.152E+04 	[ metric_parameters ]
2021-08-28 12:45:42,681 - deformetrica.core.estimators.gradient_ascent - INFO - 		5.776E-01   and   7.985E+00 	[ onset_age ]
2021-08-28 12:45:42,681 - deformetrica.core.estimators.gradient_ascent - INFO - 		3.251E-06   and   2.327E+02 	[ log_acceleration ]
2021-08-28 12:45:42,681 - deformetrica.core.estimators.gradient_ascent - INFO - 		3.335E-06   and   4.289E+02 	[ sources ]
2021-08-28 12:45:57,769 - deformetrica.core.estimators.gradient_ascent - INFO - --------------------------------- GA Iteration: 38/50 -----------------------------------
2021-08-28 12:45:57,770 - deformetrica.core.estimators.gradient_ascent - INFO - >> Log-likelihood = -4.725E+03 	 [ attachment = -4.228E+03 ; regularity = -4.969E+02 ]
2021-08-28 12:47:24,190 - deformetrica.core.estimators.gradient_ascent - INFO - >> Step size and gradient norm: 
2021-08-28 12:47:24,191 - deformetrica.core.estimators.gradient_ascent - INFO - 		2.960E-06   and   1.155E+04 	[ metric_parameters ]
2021-08-28 12:47:24,191 - deformetrica.core.estimators.gradient_ascent - INFO - 		8.087E-01   and   7.077E+00 	[ onset_age ]
2021-08-28 12:47:24,191 - deformetrica.core.estimators.gradient_ascent - INFO - 		4.551E-06   and   2.156E+02 	[ log_acceleration ]
2021-08-28 12:47:24,191 - deformetrica.core.estimators.gradient_ascent - INFO - 		4.669E-06   and   4.287E+02 	[ sources ]
2021-08-28 12:47:39,692 - deformetrica.core.estimators.gradient_ascent - INFO - --------------------------------- GA Iteration: 39/50 -----------------------------------
2021-08-28 12:47:39,693 - deformetrica.core.estimators.gradient_ascent - INFO - >> Log-likelihood = -4.708E+03 	 [ attachment = -4.209E+03 ; regularity = -4.983E+02 ]
2021-08-28 12:49:04,222 - deformetrica.core.estimators.gradient_ascent - INFO - >> Step size and gradient norm: 
2021-08-28 12:49:04,222 - deformetrica.core.estimators.gradient_ascent - INFO - 		4.144E-06   and   1.202E+04 	[ metric_parameters ]
2021-08-28 12:49:04,223 - deformetrica.core.estimators.gradient_ascent - INFO - 		1.132E+00   and   8.954E+00 	[ onset_age ]
2021-08-28 12:49:04,223 - deformetrica.core.estimators.gradient_ascent - INFO - 		6.371E-06   and   2.321E+02 	[ log_acceleration ]
2021-08-28 12:49:04,223 - deformetrica.core.estimators.gradient_ascent - INFO - 		6.536E-06   and   4.280E+02 	[ sources ]
2021-08-28 12:50:16,847 - deformetrica.core.estimators.gradient_ascent - INFO - >> Step size and gradient norm: 
2021-08-28 12:50:16,848 - deformetrica.core.estimators.gradient_ascent - INFO - 		2.487E-06   and   1.202E+04 	[ metric_parameters ]
2021-08-28 12:50:16,848 - deformetrica.core.estimators.gradient_ascent - INFO - 		6.793E-01   and   8.954E+00 	[ onset_age ]
2021-08-28 12:50:16,848 - deformetrica.core.estimators.gradient_ascent - INFO - 		3.823E-06   and   2.321E+02 	[ log_acceleration ]
2021-08-28 12:50:16,848 - deformetrica.core.estimators.gradient_ascent - INFO - 		3.922E-06   and   4.280E+02 	[ sources ]
2021-08-28 12:51:30,662 - deformetrica.core.estimators.gradient_ascent - INFO - --------------------------------- GA Iteration: 40/50 -----------------------------------
2021-08-28 12:51:30,662 - deformetrica.core.estimators.gradient_ascent - INFO - >> Log-likelihood = -4.706E+03 	 [ attachment = -4.207E+03 ; regularity = -4.993E+02 ]
2021-08-28 12:52:59,834 - deformetrica.core.estimators.gradient_ascent - INFO - >> Step size and gradient norm: 
2021-08-28 12:52:59,835 - deformetrica.core.estimators.gradient_ascent - INFO - 		2.487E-06   and   1.254E+04 	[ metric_parameters ]
2021-08-28 12:52:59,835 - deformetrica.core.estimators.gradient_ascent - INFO - 		4.076E-01   and   4.497E+00 	[ onset_age ]
2021-08-28 12:52:59,835 - deformetrica.core.estimators.gradient_ascent - INFO - 		2.294E-06   and   2.126E+02 	[ log_acceleration ]
2021-08-28 12:52:59,835 - deformetrica.core.estimators.gradient_ascent - INFO - 		2.353E-06   and   4.283E+02 	[ sources ]
2021-08-28 12:53:18,196 - deformetrica.core.estimators.gradient_ascent - INFO - --------------------------------- GA Iteration: 41/50 -----------------------------------
2021-08-28 12:53:18,197 - deformetrica.core.estimators.gradient_ascent - INFO - >> Log-likelihood = -4.694E+03 	 [ attachment = -4.194E+03 ; regularity = -4.998E+02 ]
2021-08-28 12:54:47,991 - deformetrica.core.estimators.gradient_ascent - INFO - >> Step size and gradient norm: 
2021-08-28 12:54:47,991 - deformetrica.core.estimators.gradient_ascent - INFO - 		3.481E-06   and   1.225E+04 	[ metric_parameters ]
2021-08-28 12:54:47,992 - deformetrica.core.estimators.gradient_ascent - INFO - 		5.706E-01   and   9.612E+00 	[ onset_age ]
2021-08-28 12:54:47,992 - deformetrica.core.estimators.gradient_ascent - INFO - 		3.211E-06   and   2.419E+02 	[ log_acceleration ]
2021-08-28 12:54:47,992 - deformetrica.core.estimators.gradient_ascent - INFO - 		3.294E-06   and   4.282E+02 	[ sources ]
2021-08-28 12:56:11,647 - deformetrica.core.estimators.gradient_ascent - INFO - --------------------------------- GA Iteration: 42/50 -----------------------------------
2021-08-28 12:56:11,648 - deformetrica.core.estimators.gradient_ascent - INFO - >> Log-likelihood = -4.693E+03 	 [ attachment = -4.192E+03 ; regularity = -5.004E+02 ]
2021-08-28 12:57:36,587 - deformetrica.core.estimators.gradient_ascent - INFO - >> Step size and gradient norm: 
2021-08-28 12:57:36,588 - deformetrica.core.estimators.gradient_ascent - INFO - 		2.089E-06   and   1.299E+04 	[ metric_parameters ]
2021-08-28 12:57:36,588 - deformetrica.core.estimators.gradient_ascent - INFO - 		3.424E-01   and   3.390E+01 	[ onset_age ]
2021-08-28 12:57:36,588 - deformetrica.core.estimators.gradient_ascent - INFO - 		3.211E-06   and   5.754E+02 	[ log_acceleration ]
2021-08-28 12:57:36,588 - deformetrica.core.estimators.gradient_ascent - INFO - 		1.976E-06   and   4.299E+02 	[ sources ]
2021-08-28 12:57:51,735 - deformetrica.core.estimators.gradient_ascent - INFO - --------------------------------- GA Iteration: 43/50 -----------------------------------
2021-08-28 12:57:51,736 - deformetrica.core.estimators.gradient_ascent - INFO - >> Log-likelihood = -4.665E+03 	 [ attachment = -4.164E+03 ; regularity = -5.001E+02 ]
2021-08-28 12:59:21,015 - deformetrica.core.estimators.gradient_ascent - INFO - >> Step size and gradient norm: 
2021-08-28 12:59:21,015 - deformetrica.core.estimators.gradient_ascent - INFO - 		2.924E-06   and   1.215E+04 	[ metric_parameters ]
2021-08-28 12:59:21,016 - deformetrica.core.estimators.gradient_ascent - INFO - 		4.793E-01   and   6.287E+00 	[ onset_age ]
2021-08-28 12:59:21,016 - deformetrica.core.estimators.gradient_ascent - INFO - 		4.495E-06   and   2.132E+02 	[ log_acceleration ]
2021-08-28 12:59:21,016 - deformetrica.core.estimators.gradient_ascent - INFO - 		2.767E-06   and   4.267E+02 	[ sources ]
2021-08-28 13:00:36,975 - deformetrica.core.estimators.gradient_ascent - INFO - --------------------------------- GA Iteration: 44/50 -----------------------------------
2021-08-28 13:00:36,976 - deformetrica.core.estimators.gradient_ascent - INFO - >> Log-likelihood = -4.654E+03 	 [ attachment = -4.153E+03 ; regularity = -5.005E+02 ]
2021-08-28 13:02:05,311 - deformetrica.core.estimators.gradient_ascent - INFO - >> Step size and gradient norm: 
2021-08-28 13:02:05,312 - deformetrica.core.estimators.gradient_ascent - INFO - 		1.755E-06   and   1.293E+04 	[ metric_parameters ]
2021-08-28 13:02:05,312 - deformetrica.core.estimators.gradient_ascent - INFO - 		2.876E-01   and   7.662E+00 	[ onset_age ]
2021-08-28 13:02:05,312 - deformetrica.core.estimators.gradient_ascent - INFO - 		2.697E-06   and   2.350E+02 	[ log_acceleration ]
2021-08-28 13:02:05,312 - deformetrica.core.estimators.gradient_ascent - INFO - 		2.767E-06   and   4.259E+02 	[ sources ]
2021-08-28 13:02:20,633 - deformetrica.core.estimators.gradient_ascent - INFO - --------------------------------- GA Iteration: 45/50 -----------------------------------
2021-08-28 13:02:20,634 - deformetrica.core.estimators.gradient_ascent - INFO - >> Log-likelihood = -4.653E+03 	 [ attachment = -4.153E+03 ; regularity = -5.007E+02 ]
2021-08-28 13:03:45,975 - deformetrica.core.estimators.gradient_ascent - INFO - >> Step size and gradient norm: 
2021-08-28 13:03:45,975 - deformetrica.core.estimators.gradient_ascent - INFO - 		2.456E-06   and   1.247E+04 	[ metric_parameters ]
2021-08-28 13:03:45,976 - deformetrica.core.estimators.gradient_ascent - INFO - 		4.026E-01   and   6.583E+00 	[ onset_age ]
2021-08-28 13:03:45,976 - deformetrica.core.estimators.gradient_ascent - INFO - 		3.776E-06   and   2.169E+02 	[ log_acceleration ]
2021-08-28 13:03:45,976 - deformetrica.core.estimators.gradient_ascent - INFO - 		3.874E-06   and   4.239E+02 	[ sources ]
2021-08-28 13:04:01,241 - deformetrica.core.estimators.gradient_ascent - INFO - --------------------------------- GA Iteration: 46/50 -----------------------------------
2021-08-28 13:04:01,242 - deformetrica.core.estimators.gradient_ascent - INFO - >> Log-likelihood = -4.649E+03 	 [ attachment = -4.148E+03 ; regularity = -5.011E+02 ]
2021-08-28 13:05:23,121 - deformetrica.core.estimators.gradient_ascent - INFO - >> Step size and gradient norm: 
2021-08-28 13:05:23,122 - deformetrica.core.estimators.gradient_ascent - INFO - 		3.439E-06   and   1.381E+04 	[ metric_parameters ]
2021-08-28 13:05:23,122 - deformetrica.core.estimators.gradient_ascent - INFO - 		5.637E-01   and   1.481E+01 	[ onset_age ]
2021-08-28 13:05:23,122 - deformetrica.core.estimators.gradient_ascent - INFO - 		5.287E-06   and   2.780E+02 	[ log_acceleration ]
2021-08-28 13:05:23,122 - deformetrica.core.estimators.gradient_ascent - INFO - 		5.423E-06   and   4.269E+02 	[ sources ]
2021-08-28 13:06:38,263 - deformetrica.core.estimators.gradient_ascent - INFO - --------------------------------- GA Iteration: 47/50 -----------------------------------
2021-08-28 13:06:38,264 - deformetrica.core.estimators.gradient_ascent - INFO - >> Log-likelihood = -4.644E+03 	 [ attachment = -4.143E+03 ; regularity = -5.013E+02 ]
2021-08-28 13:07:58,919 - deformetrica.core.estimators.gradient_ascent - INFO - >> Step size and gradient norm: 
2021-08-28 13:07:58,920 - deformetrica.core.estimators.gradient_ascent - INFO - 		2.063E-06   and   1.392E+04 	[ metric_parameters ]
2021-08-28 13:07:58,920 - deformetrica.core.estimators.gradient_ascent - INFO - 		3.382E-01   and   8.382E+00 	[ onset_age ]
2021-08-28 13:07:58,920 - deformetrica.core.estimators.gradient_ascent - INFO - 		5.287E-06   and   2.145E+02 	[ log_acceleration ]
2021-08-28 13:07:58,920 - deformetrica.core.estimators.gradient_ascent - INFO - 		3.254E-06   and   4.244E+02 	[ sources ]
2021-08-28 13:08:15,792 - deformetrica.core.estimators.gradient_ascent - INFO - --------------------------------- GA Iteration: 48/50 -----------------------------------
2021-08-28 13:08:15,793 - deformetrica.core.estimators.gradient_ascent - INFO - >> Log-likelihood = -4.620E+03 	 [ attachment = -4.118E+03 ; regularity = -5.018E+02 ]
2021-08-28 13:09:41,018 - deformetrica.core.estimators.gradient_ascent - INFO - >> Step size and gradient norm: 
2021-08-28 13:09:41,018 - deformetrica.core.estimators.gradient_ascent - INFO - 		2.889E-06   and   1.400E+04 	[ metric_parameters ]
2021-08-28 13:09:41,019 - deformetrica.core.estimators.gradient_ascent - INFO - 		4.735E-01   and   8.302E+00 	[ onset_age ]
2021-08-28 13:09:41,019 - deformetrica.core.estimators.gradient_ascent - INFO - 		7.401E-06   and   2.462E+02 	[ log_acceleration ]
2021-08-28 13:09:41,019 - deformetrica.core.estimators.gradient_ascent - INFO - 		4.556E-06   and   4.278E+02 	[ sources ]
2021-08-28 13:11:00,312 - deformetrica.core.estimators.gradient_ascent - INFO - --------------------------------- GA Iteration: 49/50 -----------------------------------
2021-08-28 13:11:00,313 - deformetrica.core.estimators.gradient_ascent - INFO - >> Log-likelihood = -4.613E+03 	 [ attachment = -4.111E+03 ; regularity = -5.018E+02 ]
2021-08-28 13:12:20,933 - deformetrica.core.estimators.gradient_ascent - INFO - >> Step size and gradient norm: 
2021-08-28 13:12:20,933 - deformetrica.core.estimators.gradient_ascent - INFO - 		1.733E-06   and   1.342E+04 	[ metric_parameters ]
2021-08-28 13:12:20,933 - deformetrica.core.estimators.gradient_ascent - INFO - 		2.841E-01   and   6.562E+00 	[ onset_age ]
2021-08-28 13:12:20,933 - deformetrica.core.estimators.gradient_ascent - INFO - 		7.401E-06   and   2.129E+02 	[ log_acceleration ]
2021-08-28 13:12:20,934 - deformetrica.core.estimators.gradient_ascent - INFO - 		2.733E-06   and   4.245E+02 	[ sources ]
2021-08-28 13:12:35,985 - deformetrica.core.estimators.gradient_ascent - INFO - --------------------------------- GA Iteration: 50/50 -----------------------------------
2021-08-28 13:12:35,985 - deformetrica.core.estimators.gradient_ascent - INFO - >> Log-likelihood = -4.594E+03 	 [ attachment = -4.092E+03 ; regularity = -5.022E+02 ]
2021-08-28 13:13:32,285 - deformetrica.in_out.array_readers_and_writers - INFO - >> Estimation took: 6690.046347618103
