2021-05-31 09:46:57,714 - root - ERROR - Logger has been set to: INFO
2021-05-31 09:46:58,211 - __main__ - INFO -  >>> Performing gradient descent.
2021-05-31 09:46:58,211 - __main__ - INFO - 
2021-05-31 09:46:58,211 - __main__ - INFO - [ estimate_longitudinal_metric_model function ]
2021-05-31 09:46:58,705 - __main__ - INFO - Setting initial onset ages from mds_study/output/LongitudinalMetricModel_onset_ages.txt file
2021-05-31 09:46:58,708 - __main__ - INFO - Setting initial log accelerations from mds_study/output/LongitudinalMetricModel_log_accelerations.txt file
2021-05-31 09:46:58,712 - __main__ - INFO - Initializing exponential type to parametric
2021-05-31 09:46:58,712 - __main__ - INFO - Loading metric parameters from file mds_study/output/LongitudinalMetricModel_metric_parameters.txt
2021-05-31 09:46:58,713 - __main__ - INFO - Loading the interpolation points from file mds_study/output/LongitudinalMetricModel_interpolation_points.txt
2021-05-31 09:46:58,715 - __main__ - INFO - The width for the metric interpolation is set to 0.3
2021-05-31 09:46:58,715 - __main__ - INFO - I am setting the no_parallel_transport flag to False.
2021-05-31 09:46:58,716 - __main__ - INFO - >> Reading 1-source initial modulation matrix from file: mds_study/output/LongitudinalMetricModel_modulation_matrix.txt
2021-05-31 09:46:58,716 - __main__ - INFO - Setting initial sources from mds_study/output/LongitudinalMetricModel_sources.txt file
2021-05-31 09:46:58,719 - deformetrica.core.models.longitudinal_metric_learning - INFO - Acceleration factors max/min: (2.7182817, 57, 0.1794896, 125)
2021-05-31 09:46:59,589 - deformetrica.core.models.longitudinal_metric_learning - INFO - Tmin 40 Tmax 110 Update of the spatiotemporalframe: 857 ms
2021-05-31 09:47:46,341 - deformetrica.core.model_tools.manifolds.generic_geodesic - INFO - Want to estimate timepoints below tmin
2021-05-31 09:47:46,363 - deformetrica.core.model_tools.manifolds.generic_geodesic - INFO - Want to estimate timepoints below tmin
2021-05-31 09:47:46,384 - deformetrica.core.model_tools.manifolds.generic_geodesic - INFO - Want to estimate timepoints below tmin
2021-05-31 09:47:46,404 - deformetrica.core.model_tools.manifolds.generic_geodesic - INFO - Want to estimate timepoints below tmin
2021-05-31 09:47:46,425 - deformetrica.core.model_tools.manifolds.generic_geodesic - INFO - Want to estimate timepoints below tmin
2021-05-31 09:47:46,451 - deformetrica.core.model_tools.manifolds.generic_geodesic - INFO - Want to estimate timepoints below tmin
2021-05-31 09:47:53,420 - deformetrica.core.model_tools.manifolds.generic_geodesic - INFO - Want to estimate timepoints above tmax
2021-05-31 09:47:53,444 - deformetrica.core.model_tools.manifolds.generic_geodesic - INFO - Want to estimate timepoints above tmax
2021-05-31 09:47:53,465 - deformetrica.core.model_tools.manifolds.generic_geodesic - INFO - Want to estimate timepoints above tmax
2021-05-31 09:47:53,488 - deformetrica.core.model_tools.manifolds.generic_geodesic - INFO - Want to estimate timepoints above tmax
2021-05-31 09:47:53,508 - deformetrica.core.model_tools.manifolds.generic_geodesic - INFO - Want to estimate timepoints above tmax
2021-05-31 09:47:53,532 - deformetrica.core.model_tools.manifolds.generic_geodesic - INFO - Want to estimate timepoints above tmax
2021-05-31 09:47:53,553 - deformetrica.core.model_tools.manifolds.generic_geodesic - INFO - Want to estimate timepoints above tmax
2021-05-31 09:47:53,575 - deformetrica.core.model_tools.manifolds.generic_geodesic - INFO - Want to estimate timepoints above tmax
2021-05-31 09:47:53,597 - deformetrica.core.model_tools.manifolds.generic_geodesic - INFO - Want to estimate timepoints above tmax
2021-05-31 09:48:06,307 - __main__ - INFO - >> Initial noise variance set to 0.08589757873428365 based on the initial mean residual value.
2021-05-31 09:48:06,307 - deformetrica.core.models.longitudinal_metric_learning - INFO - ('v0', True)
2021-05-31 09:48:06,307 - deformetrica.core.models.longitudinal_metric_learning - INFO - ('p0', True)
2021-05-31 09:48:06,308 - deformetrica.core.models.longitudinal_metric_learning - INFO - ('reference_time', True)
2021-05-31 09:48:06,308 - deformetrica.core.models.longitudinal_metric_learning - INFO - ('onset_age_variance', True)
2021-05-31 09:48:06,308 - deformetrica.core.models.longitudinal_metric_learning - INFO - ('log_acceleration_variance', True)
2021-05-31 09:48:06,308 - deformetrica.core.models.longitudinal_metric_learning - INFO - ('noise_variance', True)
2021-05-31 09:48:06,308 - deformetrica.core.models.longitudinal_metric_learning - INFO - ('metric_parameters', True)
2021-05-31 09:48:06,308 - deformetrica.core.models.longitudinal_metric_learning - INFO - ('modulation_matrix', True)
2021-05-31 09:48:06,308 - __main__ - INFO - 
2021-05-31 09:48:06,308 - __main__ - INFO - [ update method of the GradientAscent  optimizer ]
2021-05-31 09:48:06,309 - deformetrica.core.models.longitudinal_metric_learning - INFO - Acceleration factors max/min: (2.7182817, 57, 0.1794896, 125)
2021-05-31 09:48:07,107 - deformetrica.core.models.longitudinal_metric_learning - INFO - Tmin 40 Tmax 110 Update of the spatiotemporalframe: 781 ms
2021-05-31 09:49:08,574 - deformetrica.core.model_tools.manifolds.generic_geodesic - INFO - Want to estimate timepoints below tmin
2021-05-31 09:49:08,605 - deformetrica.core.model_tools.manifolds.generic_geodesic - INFO - Want to estimate timepoints below tmin
2021-05-31 09:49:08,633 - deformetrica.core.model_tools.manifolds.generic_geodesic - INFO - Want to estimate timepoints below tmin
2021-05-31 09:49:08,663 - deformetrica.core.model_tools.manifolds.generic_geodesic - INFO - Want to estimate timepoints below tmin
2021-05-31 09:49:08,691 - deformetrica.core.model_tools.manifolds.generic_geodesic - INFO - Want to estimate timepoints below tmin
2021-05-31 09:49:08,722 - deformetrica.core.model_tools.manifolds.generic_geodesic - INFO - Want to estimate timepoints below tmin
2021-05-31 09:49:17,448 - deformetrica.core.model_tools.manifolds.generic_geodesic - INFO - Want to estimate timepoints above tmax
2021-05-31 09:49:17,476 - deformetrica.core.model_tools.manifolds.generic_geodesic - INFO - Want to estimate timepoints above tmax
2021-05-31 09:49:17,509 - deformetrica.core.model_tools.manifolds.generic_geodesic - INFO - Want to estimate timepoints above tmax
2021-05-31 09:49:17,537 - deformetrica.core.model_tools.manifolds.generic_geodesic - INFO - Want to estimate timepoints above tmax
2021-05-31 09:49:17,568 - deformetrica.core.model_tools.manifolds.generic_geodesic - INFO - Want to estimate timepoints above tmax
2021-05-31 09:49:17,595 - deformetrica.core.model_tools.manifolds.generic_geodesic - INFO - Want to estimate timepoints above tmax
2021-05-31 09:49:17,625 - deformetrica.core.model_tools.manifolds.generic_geodesic - INFO - Want to estimate timepoints above tmax
2021-05-31 09:49:17,652 - deformetrica.core.model_tools.manifolds.generic_geodesic - INFO - Want to estimate timepoints above tmax
2021-05-31 09:49:17,683 - deformetrica.core.model_tools.manifolds.generic_geodesic - INFO - Want to estimate timepoints above tmax
2021-05-31 09:52:12,772 - deformetrica.core.estimators.gradient_ascent - INFO - --------------------------------- GA Iteration: 0/50 -----------------------------------
2021-05-31 09:52:12,789 - deformetrica.core.estimators.gradient_ascent - INFO - >> Log-likelihood = -1.975E+03 	 [ attachment = -1.500E+03 ; regularity = -4.751E+02 ]
2021-05-31 09:52:12,801 - deformetrica.core.estimators.gradient_ascent - INFO - >> Step size and gradient norm: 
2021-05-31 09:52:12,802 - deformetrica.core.estimators.gradient_ascent - INFO - 		5.835E-03   and   1.714E+01 	[ onset_age ]
2021-05-31 09:52:12,802 - deformetrica.core.estimators.gradient_ascent - INFO - 		7.249E-04   and   1.379E+02 	[ log_acceleration ]
2021-05-31 09:52:12,802 - deformetrica.core.estimators.gradient_ascent - INFO - 		3.787E-03   and   2.640E+01 	[ sources ]
2021-05-31 09:52:12,812 - deformetrica.core.models.longitudinal_metric_learning - INFO - Acceleration factors max/min: (2.7452233, 177, 0.17997617, 125)
2021-05-31 09:52:13,891 - deformetrica.core.models.longitudinal_metric_learning - INFO - Tmin 40 Tmax 110 Update of the spatiotemporalframe: 1047 ms
2021-05-31 09:53:00,902 - deformetrica.core.model_tools.manifolds.generic_geodesic - INFO - Want to estimate timepoints below tmin
2021-05-31 09:53:00,927 - deformetrica.core.model_tools.manifolds.generic_geodesic - INFO - Want to estimate timepoints below tmin
2021-05-31 09:53:00,950 - deformetrica.core.model_tools.manifolds.generic_geodesic - INFO - Want to estimate timepoints below tmin
2021-05-31 09:53:00,972 - deformetrica.core.model_tools.manifolds.generic_geodesic - INFO - Want to estimate timepoints below tmin
2021-05-31 09:53:00,994 - deformetrica.core.model_tools.manifolds.generic_geodesic - INFO - Want to estimate timepoints below tmin
2021-05-31 09:53:01,016 - deformetrica.core.model_tools.manifolds.generic_geodesic - INFO - Want to estimate timepoints below tmin
2021-05-31 09:53:07,164 - deformetrica.core.model_tools.manifolds.generic_geodesic - INFO - Want to estimate timepoints above tmax
2021-05-31 09:53:07,184 - deformetrica.core.model_tools.manifolds.generic_geodesic - INFO - Want to estimate timepoints above tmax
2021-05-31 09:53:07,206 - deformetrica.core.model_tools.manifolds.generic_geodesic - INFO - Want to estimate timepoints above tmax
2021-05-31 09:53:07,226 - deformetrica.core.model_tools.manifolds.generic_geodesic - INFO - Want to estimate timepoints above tmax
2021-05-31 09:53:07,247 - deformetrica.core.model_tools.manifolds.generic_geodesic - INFO - Want to estimate timepoints above tmax
2021-05-31 09:53:07,267 - deformetrica.core.model_tools.manifolds.generic_geodesic - INFO - Want to estimate timepoints above tmax
2021-05-31 09:53:07,287 - deformetrica.core.model_tools.manifolds.generic_geodesic - INFO - Want to estimate timepoints above tmax
2021-05-31 09:53:07,308 - deformetrica.core.model_tools.manifolds.generic_geodesic - INFO - Want to estimate timepoints above tmax
2021-05-31 09:53:20,197 - deformetrica.core.models.longitudinal_metric_learning - INFO - Acceleration factors max/min: (2.7317195, 177, 0.17973271, 125)
2021-05-31 09:53:20,944 - deformetrica.core.models.longitudinal_metric_learning - INFO - Tmin 40 Tmax 110 Update of the spatiotemporalframe: 735 ms
2021-05-31 09:54:04,749 - deformetrica.core.model_tools.manifolds.generic_geodesic - INFO - Want to estimate timepoints below tmin
2021-05-31 09:54:04,771 - deformetrica.core.model_tools.manifolds.generic_geodesic - INFO - Want to estimate timepoints below tmin
2021-05-31 09:54:04,791 - deformetrica.core.model_tools.manifolds.generic_geodesic - INFO - Want to estimate timepoints below tmin
2021-05-31 09:54:04,811 - deformetrica.core.model_tools.manifolds.generic_geodesic - INFO - Want to estimate timepoints below tmin
2021-05-31 09:54:04,833 - deformetrica.core.model_tools.manifolds.generic_geodesic - INFO - Want to estimate timepoints below tmin
2021-05-31 09:54:04,860 - deformetrica.core.model_tools.manifolds.generic_geodesic - INFO - Want to estimate timepoints below tmin
2021-05-31 09:54:11,498 - deformetrica.core.model_tools.manifolds.generic_geodesic - INFO - Want to estimate timepoints above tmax
2021-05-31 09:54:11,520 - deformetrica.core.model_tools.manifolds.generic_geodesic - INFO - Want to estimate timepoints above tmax
2021-05-31 09:54:11,541 - deformetrica.core.model_tools.manifolds.generic_geodesic - INFO - Want to estimate timepoints above tmax
2021-05-31 09:54:11,561 - deformetrica.core.model_tools.manifolds.generic_geodesic - INFO - Want to estimate timepoints above tmax
2021-05-31 09:54:11,582 - deformetrica.core.model_tools.manifolds.generic_geodesic - INFO - Want to estimate timepoints above tmax
2021-05-31 09:54:11,603 - deformetrica.core.model_tools.manifolds.generic_geodesic - INFO - Want to estimate timepoints above tmax
2021-05-31 09:54:11,627 - deformetrica.core.model_tools.manifolds.generic_geodesic - INFO - Want to estimate timepoints above tmax
2021-05-31 09:54:11,650 - deformetrica.core.model_tools.manifolds.generic_geodesic - INFO - Want to estimate timepoints above tmax
2021-05-31 09:54:24,673 - deformetrica.core.models.longitudinal_metric_learning - INFO - Acceleration factors max/min: (2.7249923, 177, 0.17961112, 125)
2021-05-31 09:54:25,439 - deformetrica.core.models.longitudinal_metric_learning - INFO - Tmin 40 Tmax 110 Update of the spatiotemporalframe: 754 ms
2021-05-31 09:55:09,663 - deformetrica.core.model_tools.manifolds.generic_geodesic - INFO - Want to estimate timepoints below tmin
2021-05-31 09:55:09,685 - deformetrica.core.model_tools.manifolds.generic_geodesic - INFO - Want to estimate timepoints below tmin
2021-05-31 09:55:09,705 - deformetrica.core.model_tools.manifolds.generic_geodesic - INFO - Want to estimate timepoints below tmin
2021-05-31 09:55:09,725 - deformetrica.core.model_tools.manifolds.generic_geodesic - INFO - Want to estimate timepoints below tmin
2021-05-31 09:55:09,745 - deformetrica.core.model_tools.manifolds.generic_geodesic - INFO - Want to estimate timepoints below tmin
2021-05-31 09:55:09,765 - deformetrica.core.model_tools.manifolds.generic_geodesic - INFO - Want to estimate timepoints below tmin
2021-05-31 09:55:16,033 - deformetrica.core.model_tools.manifolds.generic_geodesic - INFO - Want to estimate timepoints above tmax
2021-05-31 09:55:16,058 - deformetrica.core.model_tools.manifolds.generic_geodesic - INFO - Want to estimate timepoints above tmax
2021-05-31 09:55:16,081 - deformetrica.core.model_tools.manifolds.generic_geodesic - INFO - Want to estimate timepoints above tmax
2021-05-31 09:55:16,101 - deformetrica.core.model_tools.manifolds.generic_geodesic - INFO - Want to estimate timepoints above tmax
2021-05-31 09:55:16,122 - deformetrica.core.model_tools.manifolds.generic_geodesic - INFO - Want to estimate timepoints above tmax
2021-05-31 09:55:16,144 - deformetrica.core.model_tools.manifolds.generic_geodesic - INFO - Want to estimate timepoints above tmax
2021-05-31 09:55:16,164 - deformetrica.core.model_tools.manifolds.generic_geodesic - INFO - Want to estimate timepoints above tmax
2021-05-31 09:55:16,191 - deformetrica.core.model_tools.manifolds.generic_geodesic - INFO - Want to estimate timepoints above tmax
2021-05-31 09:55:16,211 - deformetrica.core.model_tools.manifolds.generic_geodesic - INFO - Want to estimate timepoints above tmax
2021-05-31 09:55:29,339 - deformetrica.core.models.longitudinal_metric_learning - INFO - Acceleration factors max/min: (2.7317195, 177, 0.17973271, 125)
2021-05-31 09:55:30,082 - deformetrica.core.models.longitudinal_metric_learning - INFO - Tmin 40 Tmax 110 Update of the spatiotemporalframe: 731 ms
