2021-08-28 13:45:32,811 - root - ERROR - Logger has been set to: INFO
2021-08-28 13:45:32,812 - __main__ - INFO - 
2021-08-28 13:45:32,812 - __main__ - INFO - [ estimate_longitudinal_metric_model function ]
2021-08-28 13:45:33,218 - __main__ - INFO - Setting initial onset ages from simulated_study/preprocessing_1/2_gradient_descent_on_the_mode/LongitudinalMetricModel_onset_ages.txt file
2021-08-28 13:45:33,220 - __main__ - INFO - Setting initial log accelerations from simulated_study/preprocessing_1/2_gradient_descent_on_the_mode/LongitudinalMetricModel_log_accelerations.txt file
2021-08-28 13:45:33,221 - __main__ - INFO - Initializing exponential type to parametric
2021-08-28 13:45:33,221 - __main__ - INFO - Loading metric parameters from file simulated_study/preprocessing_1/2_gradient_descent_on_the_mode/LongitudinalMetricModel_metric_parameters.txt
2021-08-28 13:45:33,222 - __main__ - INFO - Loading the interpolation points from file simulated_study/preprocessing_1/2_gradient_descent_on_the_mode/LongitudinalMetricModel_interpolation_points.txt
2021-08-28 13:45:33,222 - __main__ - INFO - The width for the metric interpolation is set to 0.16
2021-08-28 13:45:33,223 - __main__ - INFO - I am setting the no_parallel_transport flag to False.
2021-08-28 13:45:33,223 - __main__ - INFO - >> Reading 1-source initial modulation matrix from file: simulated_study/preprocessing_1/2_gradient_descent_on_the_mode/LongitudinalMetricModel_modulation_matrix.txt
2021-08-28 13:45:33,223 - __main__ - INFO - Setting initial sources from simulated_study/preprocessing_1/2_gradient_descent_on_the_mode/LongitudinalMetricModel_sources.txt file
2021-08-28 13:45:48,917 - __main__ - INFO - >> Initial noise variance set to 0.034059216135065074 based on the initial mean residual value.
2021-08-28 13:45:48,918 - deformetrica.core.models.longitudinal_metric_learning - INFO - >> The time shift variance prior degrees of freedom parameter is set to 300
2021-08-28 13:45:48,918 - deformetrica.core.models.longitudinal_metric_learning - INFO - >> The log-acceleration variance prior degrees of freedom parameter is set to the number of subjects: 300
2021-08-28 13:45:48,918 - deformetrica.core.models.longitudinal_metric_learning - INFO - ('v0', False)
2021-08-28 13:45:48,918 - deformetrica.core.models.longitudinal_metric_learning - INFO - ('p0', False)
2021-08-28 13:45:48,918 - deformetrica.core.models.longitudinal_metric_learning - INFO - ('reference_time', False)
2021-08-28 13:45:48,918 - deformetrica.core.models.longitudinal_metric_learning - INFO - ('onset_age_variance', False)
2021-08-28 13:45:48,918 - deformetrica.core.models.longitudinal_metric_learning - INFO - ('log_acceleration_variance', False)
2021-08-28 13:45:48,919 - deformetrica.core.models.longitudinal_metric_learning - INFO - ('noise_variance', False)
2021-08-28 13:45:48,919 - deformetrica.core.models.longitudinal_metric_learning - INFO - ('metric_parameters', False)
2021-08-28 13:45:48,919 - deformetrica.core.models.longitudinal_metric_learning - INFO - ('modulation_matrix', False)
2021-08-28 13:46:03,782 - __main__ - INFO - 
2021-08-28 13:46:03,783 - __main__ - INFO - [ update method of the McmcSaem  optimizer ]
2021-08-28 13:46:03,783 - deformetrica.core.estimators.mcmc_saem - INFO - ---------------------------------- MCMC Iteration: 0 -------------------------------------
2021-08-28 13:46:03,783 - deformetrica.core.estimators.mcmc_saem - INFO - >> MCMC-SAEM algorithm launched for 20 iterations (10  iterations of burn-in).
2021-08-28 13:46:03,783 - deformetrica.core.models.longitudinal_metric_learning - INFO - >> Model parameters:
2021-08-28 13:46:03,783 - deformetrica.core.models.longitudinal_metric_learning - INFO - 		 noise_variance    =	0.1305
2021-08-28 13:46:03,783 - deformetrica.core.models.longitudinal_metric_learning - INFO - 		 onset_ages        =	71.351	[ mean ]	+/-	17.1406	[std]
2021-08-28 13:46:03,783 - deformetrica.core.models.longitudinal_metric_learning - INFO - 		 log_accelerations =	0.0012	[ mean ]	+/-	0.4974	[std]
2021-08-28 13:46:03,784 - deformetrica.core.models.longitudinal_metric_learning - INFO - 		 sources           =	0.0001	[ mean ]	+/-	0.9981	[std]
2021-08-28 13:50:16,473 - deformetrica.core.estimator_tools.samplers.srw_mhwg_sampler - INFO - >> Proposal std re-evaluated from:
		 9.783 	to	10.796 	[ onset_age ]
		 0.215 	to	0.270 	[ log_acceleration ]
		 1.070 	to	0.986 	[ sources ]
2021-08-28 13:50:31,793 - deformetrica.core.estimators.mcmc_saem - INFO - 
2021-08-28 13:50:31,794 - deformetrica.core.estimators.mcmc_saem - INFO - [ maximizing over the fixed effects with the GradientAscent optimizer ]
2021-08-28 13:51:28,701 - deformetrica.core.estimators.gradient_ascent - INFO - --------------------------------- GA Iteration: 0/2 -----------------------------------
2021-08-28 13:51:28,751 - deformetrica.core.estimators.gradient_ascent - INFO - >> Log-likelihood = -2.763E+03 	 [ attachment = -2.408E+03 ; regularity = -3.552E+02 ]
2021-08-28 13:51:28,752 - deformetrica.core.estimators.gradient_ascent - INFO - >> Step size and gradient norm: 
2021-08-28 13:51:28,752 - deformetrica.core.estimators.gradient_ascent - INFO - 		5.028E-11   and   1.989E+04 	[ v0 ]
2021-08-28 13:51:28,752 - deformetrica.core.estimators.gradient_ascent - INFO - 		1.607E-09   and   6.223E+03 	[ p0 ]
2021-08-28 13:51:28,752 - deformetrica.core.estimators.gradient_ascent - INFO - 		2.132E-08   and   4.690E+03 	[ metric_parameters ]
2021-08-28 13:51:28,752 - deformetrica.core.estimators.gradient_ascent - INFO - 		4.998E-09   and   2.001E+03 	[ modulation_matrix ]
2021-08-28 13:51:44,574 - deformetrica.core.estimators.gradient_ascent - INFO - --------------------------------- GA Iteration: 1/2 -----------------------------------
2021-08-28 13:51:44,575 - deformetrica.core.estimators.gradient_ascent - INFO - >> Log-likelihood = -2.759E+03 	 [ attachment = -2.404E+03 ; regularity = -3.552E+02 ]
2021-08-28 13:52:43,214 - deformetrica.core.estimators.gradient_ascent - INFO - >> Step size and gradient norm: 
2021-08-28 13:52:44,566 - deformetrica.core.estimators.gradient_ascent - INFO - 		7.542E-11   and   1.014E+04 	[ v0 ]
2021-08-28 13:52:44,567 - deformetrica.core.estimators.gradient_ascent - INFO - 		2.410E-09   and   6.021E+03 	[ p0 ]
2021-08-28 13:52:44,568 - deformetrica.core.estimators.gradient_ascent - INFO - 		3.198E-08   and   4.795E+03 	[ metric_parameters ]
2021-08-28 13:52:44,568 - deformetrica.core.estimators.gradient_ascent - INFO - 		7.497E-09   and   2.038E+03 	[ modulation_matrix ]
2021-08-28 13:54:04,529 - deformetrica.core.estimators.gradient_ascent - INFO - --------------------------------- GA Iteration: 2/2 -----------------------------------
2021-08-28 13:54:04,530 - deformetrica.core.estimators.gradient_ascent - INFO - >> Log-likelihood = -2.754E+03 	 [ attachment = -2.399E+03 ; regularity = -3.552E+02 ]
2021-08-28 13:54:04,530 - deformetrica.core.estimators.mcmc_saem - INFO - 
2021-08-28 13:54:04,530 - deformetrica.core.estimators.mcmc_saem - INFO - [ end of the gradient-based maximization ]
2021-08-28 13:54:04,538 - deformetrica.core.estimators.mcmc_saem - INFO - 
2021-08-28 13:54:04,538 - deformetrica.core.estimators.mcmc_saem - INFO - ---------------------------------- MCMC Iteration: 1 -------------------------------------
2021-08-28 13:54:04,538 - deformetrica.core.estimators.mcmc_saem - INFO - >> Average acceptance rates (all past iterations):
2021-08-28 13:54:04,539 - deformetrica.core.estimators.mcmc_saem - INFO -        48.66666666666667   onset_age
2021-08-28 13:54:04,539 - deformetrica.core.estimators.mcmc_saem - INFO -        83.4   log_acceleration
2021-08-28 13:54:04,539 - deformetrica.core.estimators.mcmc_saem - INFO -        33.6   sources
2021-08-28 13:54:04,539 - deformetrica.core.models.longitudinal_metric_learning - INFO - >> Model parameters:
2021-08-28 13:54:04,539 - deformetrica.core.models.longitudinal_metric_learning - INFO - 		 noise_variance    =	0.0919
2021-08-28 13:54:04,539 - deformetrica.core.models.longitudinal_metric_learning - INFO - 		 onset_ages        =	71.210	[ mean ]	+/-	18.6135	[std]
2021-08-28 13:54:04,540 - deformetrica.core.models.longitudinal_metric_learning - INFO - 		 log_accelerations =	-0.0000	[ mean ]	+/-	0.4442	[std]
2021-08-28 13:54:04,540 - deformetrica.core.models.longitudinal_metric_learning - INFO - 		 sources           =	-0.1163	[ mean ]	+/-	1.0000	[std]
2021-08-28 13:58:52,494 - deformetrica.core.estimator_tools.samplers.srw_mhwg_sampler - INFO - >> Proposal std re-evaluated from:
		 11.829 	to	11.721 	[ onset_age ]
		 0.423 	to	0.451 	[ log_acceleration ]
		 0.975 	to	0.912 	[ sources ]
2021-08-28 13:59:09,883 - deformetrica.core.estimators.mcmc_saem - INFO - 
2021-08-28 13:59:09,884 - deformetrica.core.estimators.mcmc_saem - INFO - [ maximizing over the fixed effects with the GradientAscent optimizer ]
2021-08-28 14:00:06,225 - deformetrica.core.estimators.gradient_ascent - INFO - --------------------------------- GA Iteration: 0/2 -----------------------------------
2021-08-28 14:00:06,695 - deformetrica.core.estimators.gradient_ascent - INFO - >> Log-likelihood = -5.558E+03 	 [ attachment = -5.212E+03 ; regularity = -3.465E+02 ]
2021-08-28 14:00:06,696 - deformetrica.core.estimators.gradient_ascent - INFO - >> Step size and gradient norm: 
2021-08-28 14:00:06,697 - deformetrica.core.estimators.gradient_ascent - INFO - 		6.101E-11   and   5.353E+05 	[ v0 ]
2021-08-28 14:00:06,697 - deformetrica.core.estimators.gradient_ascent - INFO - 		1.928E-09   and   1.290E+05 	[ p0 ]
2021-08-28 14:00:06,697 - deformetrica.core.estimators.gradient_ascent - INFO - 		3.198E-08   and   9.722E+04 	[ metric_parameters ]
2021-08-28 14:00:06,697 - deformetrica.core.estimators.gradient_ascent - INFO - 		9.505E-09   and   3.456E+03 	[ modulation_matrix ]
2021-08-28 14:00:22,372 - deformetrica.core.estimators.gradient_ascent - INFO - --------------------------------- GA Iteration: 1/2 -----------------------------------
2021-08-28 14:00:22,373 - deformetrica.core.estimators.gradient_ascent - INFO - >> Log-likelihood = -5.174E+03 	 [ attachment = -4.827E+03 ; regularity = -3.465E+02 ]
2021-08-28 14:01:21,326 - deformetrica.core.estimators.gradient_ascent - INFO - >> Step size and gradient norm: 
2021-08-28 14:01:21,791 - deformetrica.core.estimators.gradient_ascent - INFO - 		9.152E-11   and   5.259E+05 	[ v0 ]
2021-08-28 14:01:21,792 - deformetrica.core.estimators.gradient_ascent - INFO - 		2.892E-09   and   1.242E+05 	[ p0 ]
2021-08-28 14:01:21,792 - deformetrica.core.estimators.gradient_ascent - INFO - 		4.797E-08   and   9.282E+04 	[ metric_parameters ]
2021-08-28 14:01:21,792 - deformetrica.core.estimators.gradient_ascent - INFO - 		1.426E-08   and   3.360E+03 	[ modulation_matrix ]
2021-08-28 14:01:40,514 - deformetrica.core.estimators.gradient_ascent - INFO - --------------------------------- GA Iteration: 2/2 -----------------------------------
2021-08-28 14:01:40,515 - deformetrica.core.estimators.gradient_ascent - INFO - >> Log-likelihood = -4.769E+03 	 [ attachment = -4.423E+03 ; regularity = -3.465E+02 ]
2021-08-28 14:01:40,515 - deformetrica.core.estimators.mcmc_saem - INFO - 
2021-08-28 14:01:40,516 - deformetrica.core.estimators.mcmc_saem - INFO - [ end of the gradient-based maximization ]
2021-08-28 14:01:40,524 - deformetrica.core.estimators.mcmc_saem - INFO - 
2021-08-28 14:01:40,524 - deformetrica.core.estimators.mcmc_saem - INFO - ---------------------------------- MCMC Iteration: 2 -------------------------------------
2021-08-28 14:01:40,524 - deformetrica.core.estimators.mcmc_saem - INFO - >> Average acceptance rates (all past iterations):
2021-08-28 14:01:40,524 - deformetrica.core.estimators.mcmc_saem - INFO -        42.50000000000001   onset_age
2021-08-28 14:01:40,524 - deformetrica.core.estimators.mcmc_saem - INFO -        68.86666666666667   log_acceleration
2021-08-28 14:01:40,524 - deformetrica.core.estimators.mcmc_saem - INFO -        32.666666666666664   sources
2021-08-28 14:01:40,525 - deformetrica.core.models.longitudinal_metric_learning - INFO - >> Model parameters:
2021-08-28 14:01:40,525 - deformetrica.core.models.longitudinal_metric_learning - INFO - 		 noise_variance    =	0.0737
2021-08-28 14:01:40,525 - deformetrica.core.models.longitudinal_metric_learning - INFO - 		 onset_ages        =	70.159	[ mean ]	+/-	18.7831	[std]
2021-08-28 14:01:40,525 - deformetrica.core.models.longitudinal_metric_learning - INFO - 		 log_accelerations =	-0.0000	[ mean ]	+/-	0.4710	[std]
2021-08-28 14:01:40,525 - deformetrica.core.models.longitudinal_metric_learning - INFO - 		 sources           =	0.1601	[ mean ]	+/-	1.0000	[std]
2021-08-28 14:06:15,520 - deformetrica.core.estimator_tools.samplers.srw_mhwg_sampler - INFO - >> Proposal std re-evaluated from:
		 12.438 	to	12.375 	[ onset_age ]
		 0.580 	to	0.618 	[ log_acceleration ]
		 0.846 	to	0.823 	[ sources ]
2021-08-28 14:06:30,819 - deformetrica.core.estimators.mcmc_saem - INFO - 
2021-08-28 14:06:30,819 - deformetrica.core.estimators.mcmc_saem - INFO - [ maximizing over the fixed effects with the GradientAscent optimizer ]
2021-08-28 14:07:26,055 - deformetrica.core.estimators.gradient_ascent - INFO - --------------------------------- GA Iteration: 0/2 -----------------------------------
2021-08-28 14:07:26,057 - deformetrica.core.estimators.gradient_ascent - INFO - >> Log-likelihood = -4.800E+03 	 [ attachment = -4.473E+03 ; regularity = -3.275E+02 ]
2021-08-28 14:07:26,058 - deformetrica.core.estimators.gradient_ascent - INFO - >> Step size and gradient norm: 
2021-08-28 14:07:26,058 - deformetrica.core.estimators.gradient_ascent - INFO - 		1.449E-10   and   4.526E+05 	[ v0 ]
2021-08-28 14:07:26,058 - deformetrica.core.estimators.gradient_ascent - INFO - 		4.338E-09   and   3.615E+04 	[ p0 ]
2021-08-28 14:07:26,058 - deformetrica.core.estimators.gradient_ascent - INFO - 		7.196E-08   and   3.173E+04 	[ metric_parameters ]
2021-08-28 14:07:26,058 - deformetrica.core.estimators.gradient_ascent - INFO - 		2.760E-08   and   3.165E+03 	[ modulation_matrix ]
2021-08-28 14:07:41,623 - deformetrica.core.estimators.gradient_ascent - INFO - --------------------------------- GA Iteration: 1/2 -----------------------------------
2021-08-28 14:07:41,624 - deformetrica.core.estimators.gradient_ascent - INFO - >> Log-likelihood = -4.667E+03 	 [ attachment = -4.340E+03 ; regularity = -3.275E+02 ]
2021-08-28 14:08:41,121 - deformetrica.core.estimators.gradient_ascent - INFO - >> Step size and gradient norm: 
2021-08-28 14:08:41,589 - deformetrica.core.estimators.gradient_ascent - INFO - 		2.174E-10   and   4.134E+05 	[ v0 ]
2021-08-28 14:08:41,590 - deformetrica.core.estimators.gradient_ascent - INFO - 		6.508E-09   and   3.280E+04 	[ p0 ]
2021-08-28 14:08:41,590 - deformetrica.core.estimators.gradient_ascent - INFO - 		1.079E-07   and   2.843E+04 	[ metric_parameters ]
2021-08-28 14:08:41,590 - deformetrica.core.estimators.gradient_ascent - INFO - 		4.140E-08   and   3.230E+03 	[ modulation_matrix ]
2021-08-28 14:08:57,152 - deformetrica.core.estimators.gradient_ascent - INFO - --------------------------------- GA Iteration: 2/2 -----------------------------------
2021-08-28 14:08:57,153 - deformetrica.core.estimators.gradient_ascent - INFO - >> Log-likelihood = -4.576E+03 	 [ attachment = -4.248E+03 ; regularity = -3.275E+02 ]
2021-08-28 14:08:57,153 - deformetrica.core.estimators.mcmc_saem - INFO - 
2021-08-28 14:08:57,154 - deformetrica.core.estimators.mcmc_saem - INFO - [ end of the gradient-based maximization ]
2021-08-28 14:08:57,161 - deformetrica.core.estimators.mcmc_saem - INFO - 
2021-08-28 14:08:57,161 - deformetrica.core.estimators.mcmc_saem - INFO - ---------------------------------- MCMC Iteration: 3 -------------------------------------
2021-08-28 14:08:57,161 - deformetrica.core.estimators.mcmc_saem - INFO - >> Average acceptance rates (all past iterations):
2021-08-28 14:08:57,161 - deformetrica.core.estimators.mcmc_saem - INFO -        40.26666666666668   onset_age
2021-08-28 14:08:57,162 - deformetrica.core.estimators.mcmc_saem - INFO -        62.33333333333335   log_acceleration
2021-08-28 14:08:57,162 - deformetrica.core.estimators.mcmc_saem - INFO -        32.02222222222222   sources
2021-08-28 14:08:57,162 - deformetrica.core.models.longitudinal_metric_learning - INFO - >> Model parameters:
2021-08-28 14:08:57,162 - deformetrica.core.models.longitudinal_metric_learning - INFO - 		 noise_variance    =	0.0572
2021-08-28 14:08:57,162 - deformetrica.core.models.longitudinal_metric_learning - INFO - 		 onset_ages        =	71.966	[ mean ]	+/-	20.8049	[std]
2021-08-28 14:08:57,162 - deformetrica.core.models.longitudinal_metric_learning - INFO - 		 log_accelerations =	0.0000	[ mean ]	+/-	0.4785	[std]
2021-08-28 14:08:57,162 - deformetrica.core.models.longitudinal_metric_learning - INFO - 		 sources           =	-0.2183	[ mean ]	+/-	1.0000	[std]
2021-08-28 14:14:08,626 - deformetrica.core.estimator_tools.samplers.srw_mhwg_sampler - INFO - >> Proposal std re-evaluated from:
		 11.751 	to	11.544 	[ onset_age ]
		 0.696 	to	0.693 	[ log_acceleration ]
		 0.836 	to	0.815 	[ sources ]
2021-08-28 14:14:23,594 - deformetrica.core.estimators.mcmc_saem - INFO - 
2021-08-28 14:14:23,595 - deformetrica.core.estimators.mcmc_saem - INFO - [ maximizing over the fixed effects with the GradientAscent optimizer ]
2021-08-28 14:15:18,252 - deformetrica.core.estimators.gradient_ascent - INFO - --------------------------------- GA Iteration: 0/2 -----------------------------------
2021-08-28 14:15:18,712 - deformetrica.core.estimators.gradient_ascent - INFO - >> Log-likelihood = -6.740E+03 	 [ attachment = -6.408E+03 ; regularity = -3.318E+02 ]
2021-08-28 14:15:18,713 - deformetrica.core.estimators.gradient_ascent - INFO - >> Step size and gradient norm: 
2021-08-28 14:15:18,714 - deformetrica.core.estimators.gradient_ascent - INFO - 		3.189E-10   and   7.093E+05 	[ v0 ]
2021-08-28 14:15:18,714 - deformetrica.core.estimators.gradient_ascent - INFO - 		9.761E-09   and   1.600E+05 	[ p0 ]
2021-08-28 14:15:18,714 - deformetrica.core.estimators.gradient_ascent - INFO - 		1.619E-07   and   1.239E+05 	[ metric_parameters ]
2021-08-28 14:15:18,714 - deformetrica.core.estimators.gradient_ascent - INFO - 		7.881E-08   and   4.493E+03 	[ modulation_matrix ]
2021-08-28 14:15:36,186 - deformetrica.core.estimators.gradient_ascent - INFO - --------------------------------- GA Iteration: 1/2 -----------------------------------
2021-08-28 14:15:36,187 - deformetrica.core.estimators.gradient_ascent - INFO - >> Log-likelihood = -4.596E+03 	 [ attachment = -4.265E+03 ; regularity = -3.318E+02 ]
2021-08-28 14:16:40,291 - deformetrica.core.estimators.gradient_ascent - INFO - >> Step size and gradient norm: 
2021-08-28 14:16:40,752 - deformetrica.core.estimators.gradient_ascent - INFO - 		4.783E-10   and   3.745E+05 	[ v0 ]
2021-08-28 14:16:40,753 - deformetrica.core.estimators.gradient_ascent - INFO - 		1.464E-08   and   7.891E+04 	[ p0 ]
2021-08-28 14:16:40,753 - deformetrica.core.estimators.gradient_ascent - INFO - 		2.429E-07   and   6.235E+04 	[ metric_parameters ]
2021-08-28 14:16:40,753 - deformetrica.core.estimators.gradient_ascent - INFO - 		1.182E-07   and   3.822E+03 	[ modulation_matrix ]
2021-08-28 14:16:57,044 - deformetrica.core.estimators.gradient_ascent - INFO - --------------------------------- GA Iteration: 2/2 -----------------------------------
2021-08-28 14:16:57,045 - deformetrica.core.estimators.gradient_ascent - INFO - >> Log-likelihood = -3.969E+03 	 [ attachment = -3.637E+03 ; regularity = -3.318E+02 ]
2021-08-28 14:16:57,046 - deformetrica.core.estimators.mcmc_saem - INFO - 
2021-08-28 14:16:57,046 - deformetrica.core.estimators.mcmc_saem - INFO - [ end of the gradient-based maximization ]
2021-08-28 14:16:57,053 - deformetrica.core.estimators.mcmc_saem - INFO - 
2021-08-28 14:16:57,053 - deformetrica.core.estimators.mcmc_saem - INFO - ---------------------------------- MCMC Iteration: 4 -------------------------------------
2021-08-28 14:16:57,053 - deformetrica.core.estimators.mcmc_saem - INFO - >> Average acceptance rates (all past iterations):
2021-08-28 14:16:57,053 - deformetrica.core.estimators.mcmc_saem - INFO -        38.05000000000001   onset_age
2021-08-28 14:16:57,053 - deformetrica.core.estimators.mcmc_saem - INFO -        56.68333333333334   log_acceleration
2021-08-28 14:16:57,053 - deformetrica.core.estimators.mcmc_saem - INFO -        32.49999999999999   sources
2021-08-28 14:16:57,053 - deformetrica.core.models.longitudinal_metric_learning - INFO - >> Model parameters:
2021-08-28 14:16:57,054 - deformetrica.core.models.longitudinal_metric_learning - INFO - 		 noise_variance    =	0.0614
2021-08-28 14:16:57,054 - deformetrica.core.models.longitudinal_metric_learning - INFO - 		 onset_ages        =	70.604	[ mean ]	+/-	19.1990	[std]
2021-08-28 14:16:57,054 - deformetrica.core.models.longitudinal_metric_learning - INFO - 		 log_accelerations =	-0.0000	[ mean ]	+/-	0.5107	[std]
2021-08-28 14:16:57,054 - deformetrica.core.models.longitudinal_metric_learning - INFO - 		 sources           =	0.1686	[ mean ]	+/-	1.0000	[std]
2021-08-28 14:21:37,107 - deformetrica.core.estimator_tools.samplers.srw_mhwg_sampler - INFO - >> Proposal std re-evaluated from:
		 12.100 	to	12.077 	[ onset_age ]
		 0.791 	to	0.788 	[ log_acceleration ]
		 0.828 	to	0.825 	[ sources ]
2021-08-28 14:21:52,413 - deformetrica.core.estimators.mcmc_saem - INFO - 
2021-08-28 14:21:52,414 - deformetrica.core.estimators.mcmc_saem - INFO - [ maximizing over the fixed effects with the GradientAscent optimizer ]
2021-08-28 14:22:46,483 - deformetrica.core.estimators.gradient_ascent - INFO - --------------------------------- GA Iteration: 0/2 -----------------------------------
2021-08-28 14:22:46,945 - deformetrica.core.estimators.gradient_ascent - INFO - >> Log-likelihood = -5.864E+03 	 [ attachment = -5.538E+03 ; regularity = -3.268E+02 ]
2021-08-28 14:22:46,946 - deformetrica.core.estimators.gradient_ascent - INFO - >> Step size and gradient norm: 
2021-08-28 14:22:46,947 - deformetrica.core.estimators.gradient_ascent - INFO - 		7.836E-10   and   6.078E+05 	[ v0 ]
2021-08-28 14:22:46,947 - deformetrica.core.estimators.gradient_ascent - INFO - 		2.196E-08   and   5.815E+04 	[ p0 ]
2021-08-28 14:22:46,947 - deformetrica.core.estimators.gradient_ascent - INFO - 		3.643E-07   and   5.297E+04 	[ metric_parameters ]
2021-08-28 14:22:46,947 - deformetrica.core.estimators.gradient_ascent - INFO - 		1.902E-07   and   2.344E+03 	[ modulation_matrix ]
2021-08-28 14:23:02,634 - deformetrica.core.estimators.gradient_ascent - INFO - --------------------------------- GA Iteration: 1/2 -----------------------------------
2021-08-28 14:23:02,635 - deformetrica.core.estimators.gradient_ascent - INFO - >> Log-likelihood = -4.766E+03 	 [ attachment = -4.439E+03 ; regularity = -3.268E+02 ]
2021-08-28 14:23:59,439 - deformetrica.core.estimators.gradient_ascent - INFO - >> Step size and gradient norm: 
2021-08-28 14:24:00,026 - deformetrica.core.estimators.gradient_ascent - INFO - 		1.175E-09   and   5.611E+05 	[ v0 ]
2021-08-28 14:24:00,027 - deformetrica.core.estimators.gradient_ascent - INFO - 		3.294E-08   and   2.666E+04 	[ p0 ]
2021-08-28 14:24:00,027 - deformetrica.core.estimators.gradient_ascent - INFO - 		5.464E-07   and   2.829E+04 	[ metric_parameters ]
2021-08-28 14:24:00,027 - deformetrica.core.estimators.gradient_ascent - INFO - 		2.853E-07   and   3.085E+03 	[ modulation_matrix ]
2021-08-28 14:24:16,395 - deformetrica.core.estimators.gradient_ascent - INFO - --------------------------------- GA Iteration: 2/2 -----------------------------------
2021-08-28 14:24:16,396 - deformetrica.core.estimators.gradient_ascent - INFO - >> Log-likelihood = -4.385E+03 	 [ attachment = -4.058E+03 ; regularity = -3.268E+02 ]
2021-08-28 14:24:16,396 - deformetrica.core.estimators.mcmc_saem - INFO - 
2021-08-28 14:24:16,397 - deformetrica.core.estimators.mcmc_saem - INFO - [ end of the gradient-based maximization ]
2021-08-28 14:24:16,404 - deformetrica.core.estimators.mcmc_saem - INFO - 
2021-08-28 14:24:16,404 - deformetrica.core.estimators.mcmc_saem - INFO - ---------------------------------- MCMC Iteration: 5 -------------------------------------
2021-08-28 14:24:16,404 - deformetrica.core.estimators.mcmc_saem - INFO - >> Average acceptance rates (all past iterations):
2021-08-28 14:24:16,404 - deformetrica.core.estimators.mcmc_saem - INFO -        37.64000000000001   onset_age
2021-08-28 14:24:16,404 - deformetrica.core.estimators.mcmc_saem - INFO -        53.68000000000001   log_acceleration
2021-08-28 14:24:16,404 - deformetrica.core.estimators.mcmc_saem - INFO -        32.81333333333333   sources
2021-08-28 14:24:16,404 - deformetrica.core.models.longitudinal_metric_learning - INFO - >> Model parameters:
2021-08-28 14:24:16,404 - deformetrica.core.models.longitudinal_metric_learning - INFO - 		 noise_variance    =	0.0556
2021-08-28 14:24:16,405 - deformetrica.core.models.longitudinal_metric_learning - INFO - 		 onset_ages        =	71.042	[ mean ]	+/-	20.3412	[std]
2021-08-28 14:24:16,405 - deformetrica.core.models.longitudinal_metric_learning - INFO - 		 log_accelerations =	0.0000	[ mean ]	+/-	0.4963	[std]
2021-08-28 14:24:16,405 - deformetrica.core.models.longitudinal_metric_learning - INFO - 		 sources           =	-0.2732	[ mean ]	+/-	1.0000	[std]
2021-08-28 14:29:02,175 - deformetrica.core.estimator_tools.samplers.srw_mhwg_sampler - INFO - >> Proposal std re-evaluated from:
		 11.817 	to	11.796 	[ onset_age ]
		 0.802 	to	0.799 	[ log_acceleration ]
		 0.830 	to	0.804 	[ sources ]
2021-08-28 14:29:19,149 - deformetrica.core.estimators.mcmc_saem - INFO - 
2021-08-28 14:29:19,150 - deformetrica.core.estimators.mcmc_saem - INFO - [ maximizing over the fixed effects with the GradientAscent optimizer ]
2021-08-28 14:30:22,539 - deformetrica.core.estimators.gradient_ascent - INFO - --------------------------------- GA Iteration: 0/2 -----------------------------------
2021-08-28 14:30:22,992 - deformetrica.core.estimators.gradient_ascent - INFO - >> Log-likelihood = -6.204E+03 	 [ attachment = -5.882E+03 ; regularity = -3.223E+02 ]
2021-08-28 14:30:22,993 - deformetrica.core.estimators.gradient_ascent - INFO - >> Step size and gradient norm: 
2021-08-28 14:30:22,993 - deformetrica.core.estimators.gradient_ascent - INFO - 		1.730E-09   and   5.340E+05 	[ v0 ]
2021-08-28 14:30:22,993 - deformetrica.core.estimators.gradient_ascent - INFO - 		4.942E-08   and   1.013E+05 	[ p0 ]
2021-08-28 14:30:22,994 - deformetrica.core.estimators.gradient_ascent - INFO - 		8.196E-07   and   9.501E+04 	[ metric_parameters ]
2021-08-28 14:30:22,994 - deformetrica.core.estimators.gradient_ascent - INFO - 		4.293E-07   and   2.874E+03 	[ modulation_matrix ]
2021-08-28 14:30:38,322 - deformetrica.core.estimators.gradient_ascent - INFO - --------------------------------- GA Iteration: 1/2 -----------------------------------
2021-08-28 14:30:38,323 - deformetrica.core.estimators.gradient_ascent - INFO - >> Log-likelihood = -3.471E+03 	 [ attachment = -3.149E+03 ; regularity = -3.223E+02 ]
2021-08-28 14:31:32,549 - deformetrica.core.estimators.gradient_ascent - INFO - >> Step size and gradient norm: 
2021-08-28 14:31:33,005 - deformetrica.core.estimators.gradient_ascent - INFO - 		2.595E-09   and   3.143E+05 	[ v0 ]
2021-08-28 14:31:33,006 - deformetrica.core.estimators.gradient_ascent - INFO - 		7.413E-08   and   2.524E+04 	[ p0 ]
2021-08-28 14:31:33,006 - deformetrica.core.estimators.gradient_ascent - INFO - 		1.229E-06   and   3.119E+04 	[ metric_parameters ]
2021-08-28 14:31:33,006 - deformetrica.core.estimators.gradient_ascent - INFO - 		6.440E-07   and   1.423E+03 	[ modulation_matrix ]
2021-08-28 14:31:48,329 - deformetrica.core.estimators.gradient_ascent - INFO - --------------------------------- GA Iteration: 2/2 -----------------------------------
2021-08-28 14:31:48,330 - deformetrica.core.estimators.gradient_ascent - INFO - >> Log-likelihood = -3.018E+03 	 [ attachment = -2.696E+03 ; regularity = -3.223E+02 ]
2021-08-28 14:31:48,331 - deformetrica.core.estimators.mcmc_saem - INFO - 
2021-08-28 14:31:48,331 - deformetrica.core.estimators.mcmc_saem - INFO - [ end of the gradient-based maximization ]
2021-08-28 14:31:48,338 - deformetrica.core.estimators.mcmc_saem - INFO - 
2021-08-28 14:31:48,338 - deformetrica.core.estimators.mcmc_saem - INFO - ---------------------------------- MCMC Iteration: 6 -------------------------------------
2021-08-28 14:31:48,338 - deformetrica.core.estimators.mcmc_saem - INFO - >> Average acceptance rates (all past iterations):
2021-08-28 14:31:48,338 - deformetrica.core.estimators.mcmc_saem - INFO -        36.83333333333334   onset_age
2021-08-28 14:31:48,338 - deformetrica.core.estimators.mcmc_saem - INFO -        50.43333333333334   log_acceleration
2021-08-28 14:31:48,338 - deformetrica.core.estimators.mcmc_saem - INFO -        32.800000000000004   sources
2021-08-28 14:31:48,339 - deformetrica.core.models.longitudinal_metric_learning - INFO - >> Model parameters:
2021-08-28 14:31:48,339 - deformetrica.core.models.longitudinal_metric_learning - INFO - 		 noise_variance    =	0.0714
2021-08-28 14:31:48,339 - deformetrica.core.models.longitudinal_metric_learning - INFO - 		 onset_ages        =	70.705	[ mean ]	+/-	19.5798	[std]
2021-08-28 14:31:48,339 - deformetrica.core.models.longitudinal_metric_learning - INFO - 		 log_accelerations =	-0.0000	[ mean ]	+/-	0.5442	[std]
2021-08-28 14:31:48,339 - deformetrica.core.models.longitudinal_metric_learning - INFO - 		 sources           =	0.1630	[ mean ]	+/-	1.0000	[std]
2021-08-28 14:36:30,034 - deformetrica.core.estimator_tools.samplers.srw_mhwg_sampler - INFO - >> Proposal std re-evaluated from:
		 12.627 	to	12.763 	[ onset_age ]
		 0.860 	to	0.867 	[ log_acceleration ]
		 0.837 	to	0.842 	[ sources ]
2021-08-28 14:36:45,631 - deformetrica.core.estimators.mcmc_saem - INFO - 
2021-08-28 14:36:45,632 - deformetrica.core.estimators.mcmc_saem - INFO - [ maximizing over the fixed effects with the GradientAscent optimizer ]
2021-08-28 14:37:44,555 - deformetrica.core.estimators.gradient_ascent - INFO - --------------------------------- GA Iteration: 0/2 -----------------------------------
2021-08-28 14:37:45,017 - deformetrica.core.estimators.gradient_ascent - INFO - >> Log-likelihood = -6.275E+03 	 [ attachment = -5.963E+03 ; regularity = -3.122E+02 ]
2021-08-28 14:37:45,018 - deformetrica.core.estimators.gradient_ascent - INFO - >> Step size and gradient norm: 
2021-08-28 14:37:45,018 - deformetrica.core.estimators.gradient_ascent - INFO - 		4.045E-09   and   4.659E+05 	[ v0 ]
2021-08-28 14:37:45,018 - deformetrica.core.estimators.gradient_ascent - INFO - 		1.112E-07   and   2.344E+04 	[ p0 ]
2021-08-28 14:37:45,018 - deformetrica.core.estimators.gradient_ascent - INFO - 		1.844E-06   and   3.217E+04 	[ metric_parameters ]
2021-08-28 14:37:45,018 - deformetrica.core.estimators.gradient_ascent - INFO - 		1.032E-06   and   3.691E+03 	[ modulation_matrix ]
2021-08-28 14:39:11,285 - deformetrica.core.estimators.gradient_ascent - INFO - >> Step size and gradient norm: 
2021-08-28 14:39:11,286 - deformetrica.core.estimators.gradient_ascent - INFO - 		3.236E-09   and   4.659E+05 	[ v0 ]
2021-08-28 14:39:11,286 - deformetrica.core.estimators.gradient_ascent - INFO - 		8.895E-08   and   2.344E+04 	[ p0 ]
2021-08-28 14:39:11,286 - deformetrica.core.estimators.gradient_ascent - INFO - 		1.475E-06   and   3.217E+04 	[ metric_parameters ]
2021-08-28 14:39:11,286 - deformetrica.core.estimators.gradient_ascent - INFO - 		8.260E-07   and   3.691E+03 	[ modulation_matrix ]
2021-08-28 14:40:47,080 - deformetrica.core.estimators.gradient_ascent - INFO - >> Step size and gradient norm: 
2021-08-28 14:40:47,081 - deformetrica.core.estimators.gradient_ascent - INFO - 		2.589E-09   and   4.659E+05 	[ v0 ]
2021-08-28 14:40:47,081 - deformetrica.core.estimators.gradient_ascent - INFO - 		7.116E-08   and   2.344E+04 	[ p0 ]
2021-08-28 14:40:47,081 - deformetrica.core.estimators.gradient_ascent - INFO - 		1.180E-06   and   3.217E+04 	[ metric_parameters ]
2021-08-28 14:40:47,081 - deformetrica.core.estimators.gradient_ascent - INFO - 		6.608E-07   and   3.691E+03 	[ modulation_matrix ]
2021-08-28 14:42:14,084 - deformetrica.core.estimators.gradient_ascent - INFO - Number of line search loops exceeded. Stopping.
2021-08-28 14:42:14,085 - deformetrica.core.estimators.gradient_ascent - INFO - --------------------------------- GA Iteration: 1/2 -----------------------------------
2021-08-28 14:42:14,085 - deformetrica.core.estimators.gradient_ascent - INFO - >> Log-likelihood = -7.939E+03 	 [ attachment = -7.627E+03 ; regularity = -3.122E+02 ]
2021-08-28 14:43:06,793 - deformetrica.core.estimators.gradient_ascent - INFO - >> Step size and gradient norm: 
2021-08-28 14:43:07,246 - deformetrica.core.estimators.gradient_ascent - INFO - 		2.071E-09   and   7.598E+05 	[ v0 ]
2021-08-28 14:43:07,246 - deformetrica.core.estimators.gradient_ascent - INFO - 		5.693E-08   and   1.348E+05 	[ p0 ]
2021-08-28 14:43:07,247 - deformetrica.core.estimators.gradient_ascent - INFO - 		9.442E-07   and   1.408E+05 	[ metric_parameters ]
2021-08-28 14:43:07,247 - deformetrica.core.estimators.gradient_ascent - INFO - 		5.286E-07   and   5.666E+03 	[ modulation_matrix ]
2021-08-28 14:44:21,921 - deformetrica.core.estimators.gradient_ascent - INFO - >> Step size and gradient norm: 
2021-08-28 14:44:21,922 - deformetrica.core.estimators.gradient_ascent - INFO - 		1.657E-09   and   7.598E+05 	[ v0 ]
2021-08-28 14:44:21,922 - deformetrica.core.estimators.gradient_ascent - INFO - 		4.554E-08   and   1.348E+05 	[ p0 ]
2021-08-28 14:44:21,922 - deformetrica.core.estimators.gradient_ascent - INFO - 		7.554E-07   and   1.408E+05 	[ metric_parameters ]
2021-08-28 14:44:21,922 - deformetrica.core.estimators.gradient_ascent - INFO - 		4.229E-07   and   5.666E+03 	[ modulation_matrix ]
2021-08-28 14:45:37,063 - deformetrica.core.estimators.gradient_ascent - INFO - >> Step size and gradient norm: 
2021-08-28 14:45:37,063 - deformetrica.core.estimators.gradient_ascent - INFO - 		1.326E-09   and   7.598E+05 	[ v0 ]
2021-08-28 14:45:37,064 - deformetrica.core.estimators.gradient_ascent - INFO - 		3.643E-08   and   1.348E+05 	[ p0 ]
2021-08-28 14:45:37,064 - deformetrica.core.estimators.gradient_ascent - INFO - 		6.043E-07   and   1.408E+05 	[ metric_parameters ]
2021-08-28 14:45:37,064 - deformetrica.core.estimators.gradient_ascent - INFO - 		3.383E-07   and   5.666E+03 	[ modulation_matrix ]
2021-08-28 14:46:51,551 - deformetrica.core.estimators.gradient_ascent - INFO - Number of line search loops exceeded. Stopping.
2021-08-28 14:46:51,551 - deformetrica.core.estimators.gradient_ascent - INFO - --------------------------------- GA Iteration: 2/2 -----------------------------------
2021-08-28 14:46:51,552 - deformetrica.core.estimators.gradient_ascent - INFO - >> Log-likelihood = -1.053E+04 	 [ attachment = -1.022E+04 ; regularity = -3.123E+02 ]
2021-08-28 14:46:51,552 - deformetrica.core.estimators.mcmc_saem - INFO - 
2021-08-28 14:46:51,552 - deformetrica.core.estimators.mcmc_saem - INFO - [ end of the gradient-based maximization ]
2021-08-28 14:46:51,559 - deformetrica.core.estimators.mcmc_saem - INFO - 
2021-08-28 14:46:51,559 - deformetrica.core.estimators.mcmc_saem - INFO - ---------------------------------- MCMC Iteration: 7 -------------------------------------
2021-08-28 14:46:51,559 - deformetrica.core.estimators.mcmc_saem - INFO - >> Average acceptance rates (all past iterations):
2021-08-28 14:46:51,559 - deformetrica.core.estimators.mcmc_saem - INFO -        37.17142857142858   onset_age
2021-08-28 14:46:51,559 - deformetrica.core.estimators.mcmc_saem - INFO -        48.85714285714286   log_acceleration
2021-08-28 14:46:51,559 - deformetrica.core.estimators.mcmc_saem - INFO -        33.35238095238095   sources
2021-08-28 14:46:51,559 - deformetrica.core.models.longitudinal_metric_learning - INFO - >> Model parameters:
2021-08-28 14:46:51,559 - deformetrica.core.models.longitudinal_metric_learning - INFO - 		 noise_variance    =	0.0453
2021-08-28 14:46:51,559 - deformetrica.core.models.longitudinal_metric_learning - INFO - 		 onset_ages        =	72.493	[ mean ]	+/-	20.6961	[std]
2021-08-28 14:46:51,560 - deformetrica.core.models.longitudinal_metric_learning - INFO - 		 log_accelerations =	-0.0000	[ mean ]	+/-	0.5497	[std]
2021-08-28 14:46:51,560 - deformetrica.core.models.longitudinal_metric_learning - INFO - 		 sources           =	-0.1572	[ mean ]	+/-	1.0000	[std]
2021-08-28 14:51:31,014 - deformetrica.core.estimator_tools.samplers.srw_mhwg_sampler - INFO - >> Proposal std re-evaluated from:
		 12.193 	to	11.886 	[ onset_age ]
		 0.846 	to	0.837 	[ log_acceleration ]
		 0.806 	to	0.796 	[ sources ]
2021-08-28 14:51:46,267 - deformetrica.core.estimators.mcmc_saem - INFO - 
2021-08-28 14:51:46,267 - deformetrica.core.estimators.mcmc_saem - INFO - [ maximizing over the fixed effects with the GradientAscent optimizer ]
2021-08-28 14:52:40,987 - deformetrica.core.estimators.gradient_ascent - INFO - --------------------------------- GA Iteration: 0/2 -----------------------------------
2021-08-28 14:52:41,532 - deformetrica.core.estimators.gradient_ascent - INFO - >> Log-likelihood = -8.801E+03 	 [ attachment = -8.469E+03 ; regularity = -3.321E+02 ]
2021-08-28 14:52:41,533 - deformetrica.core.estimators.gradient_ascent - INFO - >> Step size and gradient norm: 
2021-08-28 14:52:41,534 - deformetrica.core.estimators.gradient_ascent - INFO - 		1.023E-09   and   5.105E+05 	[ v0 ]
2021-08-28 14:52:41,534 - deformetrica.core.estimators.gradient_ascent - INFO - 		2.915E-08   and   9.041E+04 	[ p0 ]
2021-08-28 14:52:41,534 - deformetrica.core.estimators.gradient_ascent - INFO - 		4.834E-07   and   1.092E+05 	[ metric_parameters ]
2021-08-28 14:52:41,534 - deformetrica.core.estimators.gradient_ascent - INFO - 		3.286E-07   and   7.413E+02 	[ modulation_matrix ]
2021-08-28 14:52:57,202 - deformetrica.core.estimators.gradient_ascent - INFO - --------------------------------- GA Iteration: 1/2 -----------------------------------
2021-08-28 14:52:57,203 - deformetrica.core.estimators.gradient_ascent - INFO - >> Log-likelihood = -6.247E+03 	 [ attachment = -5.915E+03 ; regularity = -3.321E+02 ]
2021-08-28 14:53:51,609 - deformetrica.core.estimators.gradient_ascent - INFO - >> Step size and gradient norm: 
2021-08-28 14:53:52,077 - deformetrica.core.estimators.gradient_ascent - INFO - 		1.535E-09   and   3.619E+05 	[ v0 ]
2021-08-28 14:53:52,077 - deformetrica.core.estimators.gradient_ascent - INFO - 		4.372E-08   and   4.413E+04 	[ p0 ]
2021-08-28 14:53:52,078 - deformetrica.core.estimators.gradient_ascent - INFO - 		7.252E-07   and   3.378E+04 	[ metric_parameters ]
2021-08-28 14:53:52,078 - deformetrica.core.estimators.gradient_ascent - INFO - 		4.930E-07   and   3.856E+03 	[ modulation_matrix ]
2021-08-28 14:55:18,521 - deformetrica.core.estimators.gradient_ascent - INFO - --------------------------------- GA Iteration: 2/2 -----------------------------------
2021-08-28 14:55:18,522 - deformetrica.core.estimators.gradient_ascent - INFO - >> Log-likelihood = -6.087E+03 	 [ attachment = -5.755E+03 ; regularity = -3.321E+02 ]
2021-08-28 14:55:18,522 - deformetrica.core.estimators.mcmc_saem - INFO - 
2021-08-28 14:55:18,522 - deformetrica.core.estimators.mcmc_saem - INFO - [ end of the gradient-based maximization ]
2021-08-28 14:55:18,528 - deformetrica.core.estimators.mcmc_saem - INFO - 
2021-08-28 14:55:18,529 - deformetrica.core.estimators.mcmc_saem - INFO - ---------------------------------- MCMC Iteration: 8 -------------------------------------
2021-08-28 14:55:18,529 - deformetrica.core.estimators.mcmc_saem - INFO - >> Average acceptance rates (all past iterations):
2021-08-28 14:55:18,529 - deformetrica.core.estimators.mcmc_saem - INFO -        36.29166666666667   onset_age
2021-08-28 14:55:18,529 - deformetrica.core.estimators.mcmc_saem - INFO -        46.78333333333334   log_acceleration
2021-08-28 14:55:18,529 - deformetrica.core.estimators.mcmc_saem - INFO -        33.033333333333324   sources
2021-08-28 14:55:18,529 - deformetrica.core.models.longitudinal_metric_learning - INFO - >> Model parameters:
2021-08-28 14:55:18,529 - deformetrica.core.models.longitudinal_metric_learning - INFO - 		 noise_variance    =	0.0453
2021-08-28 14:55:18,529 - deformetrica.core.models.longitudinal_metric_learning - INFO - 		 onset_ages        =	72.806	[ mean ]	+/-	18.8142	[std]
2021-08-28 14:55:18,529 - deformetrica.core.models.longitudinal_metric_learning - INFO - 		 log_accelerations =	0.0000	[ mean ]	+/-	0.5248	[std]
2021-08-28 14:55:18,530 - deformetrica.core.models.longitudinal_metric_learning - INFO - 		 sources           =	-0.3830	[ mean ]	+/-	1.0000	[std]
2021-08-28 15:00:16,975 - deformetrica.core.estimator_tools.samplers.srw_mhwg_sampler - INFO - >> Proposal std re-evaluated from:
		 11.726 	to	11.289 	[ onset_age ]
		 0.816 	to	0.810 	[ log_acceleration ]
		 0.800 	to	0.771 	[ sources ]
2021-08-28 15:00:37,651 - deformetrica.core.estimators.mcmc_saem - INFO - 
2021-08-28 15:00:37,651 - deformetrica.core.estimators.mcmc_saem - INFO - [ maximizing over the fixed effects with the GradientAscent optimizer ]
2021-08-28 15:01:40,805 - deformetrica.core.estimators.gradient_ascent - INFO - --------------------------------- GA Iteration: 0/2 -----------------------------------
2021-08-28 15:01:41,891 - deformetrica.core.estimators.gradient_ascent - INFO - >> Log-likelihood = -8.018E+03 	 [ attachment = -7.686E+03 ; regularity = -3.323E+02 ]
2021-08-28 15:01:41,893 - deformetrica.core.estimators.gradient_ascent - INFO - >> Step size and gradient norm: 
2021-08-28 15:01:41,893 - deformetrica.core.estimators.gradient_ascent - INFO - 		1.723E-09   and   9.170E+05 	[ v0 ]
2021-08-28 15:01:41,893 - deformetrica.core.estimators.gradient_ascent - INFO - 		3.498E-08   and   1.673E+05 	[ p0 ]
2021-08-28 15:01:41,893 - deformetrica.core.estimators.gradient_ascent - INFO - 		5.801E-07   and   1.213E+05 	[ metric_parameters ]
2021-08-28 15:01:41,894 - deformetrica.core.estimators.gradient_ascent - INFO - 		3.429E-07   and   3.665E+03 	[ modulation_matrix ]
2021-08-28 15:01:57,865 - deformetrica.core.estimators.gradient_ascent - INFO - --------------------------------- GA Iteration: 1/2 -----------------------------------
2021-08-28 15:01:57,866 - deformetrica.core.estimators.gradient_ascent - INFO - >> Log-likelihood = -5.903E+03 	 [ attachment = -5.571E+03 ; regularity = -3.323E+02 ]
2021-08-28 15:03:02,028 - deformetrica.core.estimators.gradient_ascent - INFO - >> Step size and gradient norm: 
2021-08-28 15:03:02,501 - deformetrica.core.estimators.gradient_ascent - INFO - 		2.585E-09   and   5.081E+05 	[ v0 ]
2021-08-28 15:03:02,502 - deformetrica.core.estimators.gradient_ascent - INFO - 		5.247E-08   and   4.228E+04 	[ p0 ]
2021-08-28 15:03:02,502 - deformetrica.core.estimators.gradient_ascent - INFO - 		8.702E-07   and   4.692E+04 	[ metric_parameters ]
2021-08-28 15:03:02,502 - deformetrica.core.estimators.gradient_ascent - INFO - 		5.143E-07   and   1.603E+03 	[ modulation_matrix ]
2021-08-28 15:03:19,862 - deformetrica.core.estimators.gradient_ascent - INFO - --------------------------------- GA Iteration: 2/2 -----------------------------------
2021-08-28 15:03:19,863 - deformetrica.core.estimators.gradient_ascent - INFO - >> Log-likelihood = -4.495E+03 	 [ attachment = -4.162E+03 ; regularity = -3.323E+02 ]
2021-08-28 15:03:19,864 - deformetrica.core.estimators.mcmc_saem - INFO - 
2021-08-28 15:03:19,864 - deformetrica.core.estimators.mcmc_saem - INFO - [ end of the gradient-based maximization ]
2021-08-28 15:03:19,876 - deformetrica.core.estimators.mcmc_saem - INFO - 
2021-08-28 15:03:19,876 - deformetrica.core.estimators.mcmc_saem - INFO - ---------------------------------- MCMC Iteration: 9 -------------------------------------
2021-08-28 15:03:19,876 - deformetrica.core.estimators.mcmc_saem - INFO - >> Average acceptance rates (all past iterations):
2021-08-28 15:03:19,876 - deformetrica.core.estimators.mcmc_saem - INFO -        35.71851851851852   onset_age
2021-08-28 15:03:19,876 - deformetrica.core.estimators.mcmc_saem - INFO -        45.11111111111111   log_acceleration
2021-08-28 15:03:19,876 - deformetrica.core.estimators.mcmc_saem - INFO -        33.014814814814805   sources
2021-08-28 15:03:19,876 - deformetrica.core.models.longitudinal_metric_learning - INFO - >> Model parameters:
2021-08-28 15:03:19,876 - deformetrica.core.models.longitudinal_metric_learning - INFO - 		 noise_variance    =	0.0577
2021-08-28 15:03:19,877 - deformetrica.core.models.longitudinal_metric_learning - INFO - 		 onset_ages        =	71.458	[ mean ]	+/-	17.7835	[std]
2021-08-28 15:03:19,877 - deformetrica.core.models.longitudinal_metric_learning - INFO - 		 log_accelerations =	0.0000	[ mean ]	+/-	0.5770	[std]
2021-08-28 15:03:19,877 - deformetrica.core.models.longitudinal_metric_learning - INFO - 		 sources           =	0.0725	[ mean ]	+/-	1.0000	[std]
2021-08-28 15:08:05,021 - deformetrica.core.estimator_tools.samplers.srw_mhwg_sampler - INFO - >> Proposal std re-evaluated from:
		 11.352 	to	11.143 	[ onset_age ]
		 0.838 	to	0.845 	[ log_acceleration ]
		 0.726 	to	0.726 	[ sources ]
2021-08-28 15:08:20,508 - deformetrica.core.estimators.mcmc_saem - INFO - 
2021-08-28 15:08:20,508 - deformetrica.core.estimators.mcmc_saem - INFO - [ maximizing over the fixed effects with the GradientAscent optimizer ]
2021-08-28 15:09:16,404 - deformetrica.core.estimators.gradient_ascent - INFO - --------------------------------- GA Iteration: 0/2 -----------------------------------
2021-08-28 15:09:16,947 - deformetrica.core.estimators.gradient_ascent - INFO - >> Log-likelihood = -9.214E+03 	 [ attachment = -8.878E+03 ; regularity = -3.359E+02 ]
2021-08-28 15:09:16,948 - deformetrica.core.estimators.gradient_ascent - INFO - >> Step size and gradient norm: 
2021-08-28 15:09:16,948 - deformetrica.core.estimators.gradient_ascent - INFO - 		3.822E-09   and   2.798E+05 	[ v0 ]
2021-08-28 15:09:16,948 - deformetrica.core.estimators.gradient_ascent - INFO - 		7.870E-08   and   2.131E+04 	[ p0 ]
2021-08-28 15:09:16,948 - deformetrica.core.estimators.gradient_ascent - INFO - 		1.305E-06   and   2.082E+04 	[ metric_parameters ]
2021-08-28 15:09:16,948 - deformetrica.core.estimators.gradient_ascent - INFO - 		6.269E-07   and   5.905E+03 	[ modulation_matrix ]
2021-08-28 15:10:34,179 - deformetrica.core.estimators.gradient_ascent - INFO - >> Step size and gradient norm: 
2021-08-28 15:10:34,180 - deformetrica.core.estimators.gradient_ascent - INFO - 		3.057E-09   and   2.798E+05 	[ v0 ]
2021-08-28 15:10:34,180 - deformetrica.core.estimators.gradient_ascent - INFO - 		6.296E-08   and   2.131E+04 	[ p0 ]
2021-08-28 15:10:34,180 - deformetrica.core.estimators.gradient_ascent - INFO - 		1.044E-06   and   2.082E+04 	[ metric_parameters ]
2021-08-28 15:10:34,180 - deformetrica.core.estimators.gradient_ascent - INFO - 		5.015E-07   and   5.905E+03 	[ modulation_matrix ]
2021-08-28 15:12:07,620 - deformetrica.core.estimators.gradient_ascent - INFO - >> Step size and gradient norm: 
2021-08-28 15:12:07,621 - deformetrica.core.estimators.gradient_ascent - INFO - 		2.446E-09   and   2.798E+05 	[ v0 ]
2021-08-28 15:12:07,621 - deformetrica.core.estimators.gradient_ascent - INFO - 		5.037E-08   and   2.131E+04 	[ p0 ]
2021-08-28 15:12:07,621 - deformetrica.core.estimators.gradient_ascent - INFO - 		8.354E-07   and   2.082E+04 	[ metric_parameters ]
2021-08-28 15:12:07,621 - deformetrica.core.estimators.gradient_ascent - INFO - 		4.012E-07   and   5.905E+03 	[ modulation_matrix ]
2021-08-28 15:13:22,833 - deformetrica.core.estimators.gradient_ascent - INFO - --------------------------------- GA Iteration: 1/2 -----------------------------------
2021-08-28 15:13:22,833 - deformetrica.core.estimators.gradient_ascent - INFO - >> Log-likelihood = -9.161E+03 	 [ attachment = -8.825E+03 ; regularity = -3.359E+02 ]
2021-08-28 15:14:18,032 - deformetrica.core.estimators.gradient_ascent - INFO - >> Step size and gradient norm: 
2021-08-28 15:14:18,496 - deformetrica.core.estimators.gradient_ascent - INFO - 		1.957E-09   and   1.605E+05 	[ v0 ]
2021-08-28 15:14:18,498 - deformetrica.core.estimators.gradient_ascent - INFO - 		5.037E-08   and   5.744E+04 	[ p0 ]
2021-08-28 15:14:18,498 - deformetrica.core.estimators.gradient_ascent - INFO - 		6.683E-07   and   3.476E+04 	[ metric_parameters ]
2021-08-28 15:14:18,498 - deformetrica.core.estimators.gradient_ascent - INFO - 		3.210E-07   and   6.586E+03 	[ modulation_matrix ]
2021-08-28 15:15:35,949 - deformetrica.core.estimators.gradient_ascent - INFO - >> Step size and gradient norm: 
2021-08-28 15:15:35,950 - deformetrica.core.estimators.gradient_ascent - INFO - 		1.565E-09   and   1.605E+05 	[ v0 ]
2021-08-28 15:15:35,950 - deformetrica.core.estimators.gradient_ascent - INFO - 		4.029E-08   and   5.744E+04 	[ p0 ]
2021-08-28 15:15:35,950 - deformetrica.core.estimators.gradient_ascent - INFO - 		5.346E-07   and   3.476E+04 	[ metric_parameters ]
2021-08-28 15:15:35,951 - deformetrica.core.estimators.gradient_ascent - INFO - 		2.568E-07   and   6.586E+03 	[ modulation_matrix ]
2021-08-28 15:16:52,475 - deformetrica.core.estimators.gradient_ascent - INFO - --------------------------------- GA Iteration: 2/2 -----------------------------------
2021-08-28 15:16:52,475 - deformetrica.core.estimators.gradient_ascent - INFO - >> Log-likelihood = -9.077E+03 	 [ attachment = -8.741E+03 ; regularity = -3.359E+02 ]
2021-08-28 15:16:52,475 - deformetrica.core.estimators.mcmc_saem - INFO - 
2021-08-28 15:16:52,476 - deformetrica.core.estimators.mcmc_saem - INFO - [ end of the gradient-based maximization ]
2021-08-28 15:16:52,483 - deformetrica.core.estimators.mcmc_saem - INFO - 
2021-08-28 15:16:52,483 - deformetrica.core.estimators.mcmc_saem - INFO - ---------------------------------- MCMC Iteration: 10 -------------------------------------
2021-08-28 15:16:52,483 - deformetrica.core.estimators.mcmc_saem - INFO - >> Average acceptance rates (all past iterations):
2021-08-28 15:16:52,483 - deformetrica.core.estimators.mcmc_saem - INFO -        35.45333333333333   onset_age
2021-08-28 15:16:52,483 - deformetrica.core.estimators.mcmc_saem - INFO -        44.33333333333333   log_acceleration
2021-08-28 15:16:52,483 - deformetrica.core.estimators.mcmc_saem - INFO -        32.759999999999984   sources
2021-08-28 15:16:52,483 - deformetrica.core.models.longitudinal_metric_learning - INFO - >> Model parameters:
2021-08-28 15:16:52,483 - deformetrica.core.models.longitudinal_metric_learning - INFO - 		 noise_variance    =	0.0390
2021-08-28 15:16:52,483 - deformetrica.core.models.longitudinal_metric_learning - INFO - 		 onset_ages        =	71.974	[ mean ]	+/-	17.7600	[std]
2021-08-28 15:16:52,484 - deformetrica.core.models.longitudinal_metric_learning - INFO - 		 log_accelerations =	0.0000	[ mean ]	+/-	0.5609	[std]
2021-08-28 15:16:52,484 - deformetrica.core.models.longitudinal_metric_learning - INFO - 		 sources           =	-0.0605	[ mean ]	+/-	1.0000	[std]
2021-08-28 15:22:17,780 - deformetrica.core.estimator_tools.samplers.srw_mhwg_sampler - INFO - >> Proposal std re-evaluated from:
		 9.907 	to	9.506 	[ onset_age ]
		 0.784 	to	0.765 	[ log_acceleration ]
		 0.635 	to	0.632 	[ sources ]
2021-08-28 15:22:36,538 - deformetrica.core.estimators.mcmc_saem - INFO - 
2021-08-28 15:22:36,539 - deformetrica.core.estimators.mcmc_saem - INFO - [ maximizing over the fixed effects with the GradientAscent optimizer ]
2021-08-28 15:23:29,431 - deformetrica.core.estimators.gradient_ascent - INFO - --------------------------------- GA Iteration: 0/2 -----------------------------------
2021-08-28 15:23:29,890 - deformetrica.core.estimators.gradient_ascent - INFO - >> Log-likelihood = -1.040E+04 	 [ attachment = -1.005E+04 ; regularity = -3.476E+02 ]
2021-08-28 15:23:29,891 - deformetrica.core.estimators.gradient_ascent - INFO - >> Step size and gradient norm: 
2021-08-28 15:23:29,892 - deformetrica.core.estimators.gradient_ascent - INFO - 		1.214E-09   and   5.195E+04 	[ v0 ]
2021-08-28 15:23:29,892 - deformetrica.core.estimators.gradient_ascent - INFO - 		4.029E-08   and   2.912E+04 	[ p0 ]
2021-08-28 15:23:29,892 - deformetrica.core.estimators.gradient_ascent - INFO - 		4.277E-07   and   9.782E+03 	[ metric_parameters ]
2021-08-28 15:23:29,892 - deformetrica.core.estimators.gradient_ascent - INFO - 		2.229E-07   and   6.114E+03 	[ modulation_matrix ]
2021-08-28 15:23:45,633 - deformetrica.core.estimators.gradient_ascent - INFO - --------------------------------- GA Iteration: 1/2 -----------------------------------
2021-08-28 15:23:45,634 - deformetrica.core.estimators.gradient_ascent - INFO - >> Log-likelihood = -1.033E+04 	 [ attachment = -9.986E+03 ; regularity = -3.477E+02 ]
2021-08-28 15:24:41,904 - deformetrica.core.estimators.gradient_ascent - INFO - >> Step size and gradient norm: 
2021-08-28 15:24:42,375 - deformetrica.core.estimators.gradient_ascent - INFO - 		1.821E-09   and   2.594E+04 	[ v0 ]
2021-08-28 15:24:42,376 - deformetrica.core.estimators.gradient_ascent - INFO - 		6.044E-08   and   3.585E+04 	[ p0 ]
2021-08-28 15:24:42,376 - deformetrica.core.estimators.gradient_ascent - INFO - 		6.416E-07   and   6.225E+03 	[ metric_parameters ]
2021-08-28 15:24:42,376 - deformetrica.core.estimators.gradient_ascent - INFO - 		3.344E-07   and   6.228E+03 	[ modulation_matrix ]
2021-08-28 15:24:58,090 - deformetrica.core.estimators.gradient_ascent - INFO - --------------------------------- GA Iteration: 2/2 -----------------------------------
2021-08-28 15:24:58,091 - deformetrica.core.estimators.gradient_ascent - INFO - >> Log-likelihood = -1.023E+04 	 [ attachment = -9.880E+03 ; regularity = -3.477E+02 ]
2021-08-28 15:24:58,092 - deformetrica.core.estimators.mcmc_saem - INFO - 
2021-08-28 15:24:58,092 - deformetrica.core.estimators.mcmc_saem - INFO - [ end of the gradient-based maximization ]
2021-08-28 15:24:58,099 - deformetrica.core.estimators.mcmc_saem - INFO - 
2021-08-28 15:24:58,099 - deformetrica.core.estimators.mcmc_saem - INFO - ---------------------------------- MCMC Iteration: 11 -------------------------------------
2021-08-28 15:24:58,099 - deformetrica.core.estimators.mcmc_saem - INFO - >> Average acceptance rates (all past iterations):
2021-08-28 15:24:58,100 - deformetrica.core.estimators.mcmc_saem - INFO -        34.53939393939393   onset_age
2021-08-28 15:24:58,100 - deformetrica.core.estimators.mcmc_saem - INFO -        42.86666666666666   log_acceleration
2021-08-28 15:24:58,100 - deformetrica.core.estimators.mcmc_saem - INFO -        32.18787878787877   sources
2021-08-28 15:24:58,100 - deformetrica.core.models.longitudinal_metric_learning - INFO - >> Model parameters:
2021-08-28 15:24:58,100 - deformetrica.core.models.longitudinal_metric_learning - INFO - 		 noise_variance    =	0.0364
2021-08-28 15:24:58,100 - deformetrica.core.models.longitudinal_metric_learning - INFO - 		 onset_ages        =	71.862	[ mean ]	+/-	15.9869	[std]
2021-08-28 15:24:58,100 - deformetrica.core.models.longitudinal_metric_learning - INFO - 		 log_accelerations =	-0.0000	[ mean ]	+/-	0.5307	[std]
2021-08-28 15:24:58,101 - deformetrica.core.models.longitudinal_metric_learning - INFO - 		 sources           =	-0.0689	[ mean ]	+/-	1.0000	[std]
2021-08-28 15:29:46,302 - deformetrica.core.estimator_tools.samplers.srw_mhwg_sampler - INFO - >> Proposal std re-evaluated from:
		 8.576 	to	8.287 	[ onset_age ]
		 0.718 	to	0.697 	[ log_acceleration ]
		 0.568 	to	0.551 	[ sources ]
2021-08-28 15:30:01,752 - deformetrica.core.estimators.mcmc_saem - INFO - 
2021-08-28 15:30:01,753 - deformetrica.core.estimators.mcmc_saem - INFO - ---------------------------------- MCMC Iteration: 12 -------------------------------------
2021-08-28 15:30:01,753 - deformetrica.core.estimators.mcmc_saem - INFO - >> Average acceptance rates (all past iterations):
2021-08-28 15:30:01,753 - deformetrica.core.estimators.mcmc_saem - INFO -        33.838888888888874   onset_age
2021-08-28 15:30:01,753 - deformetrica.core.estimators.mcmc_saem - INFO -        41.655555555555544   log_acceleration
2021-08-28 15:30:01,753 - deformetrica.core.estimators.mcmc_saem - INFO -        31.683333333333312   sources
2021-08-28 15:30:01,753 - deformetrica.core.models.longitudinal_metric_learning - INFO - >> Model parameters:
2021-08-28 15:30:01,753 - deformetrica.core.models.longitudinal_metric_learning - INFO - 		 noise_variance    =	0.0342
2021-08-28 15:30:01,753 - deformetrica.core.models.longitudinal_metric_learning - INFO - 		 onset_ages        =	71.791	[ mean ]	+/-	16.0310	[std]
2021-08-28 15:30:01,754 - deformetrica.core.models.longitudinal_metric_learning - INFO - 		 log_accelerations =	0.0000	[ mean ]	+/-	0.5250	[std]
2021-08-28 15:30:01,754 - deformetrica.core.models.longitudinal_metric_learning - INFO - 		 sources           =	-0.0319	[ mean ]	+/-	1.0000	[std]
2021-08-28 15:34:35,525 - deformetrica.core.estimator_tools.samplers.srw_mhwg_sampler - INFO - >> Proposal std re-evaluated from:
		 7.508 	to	7.377 	[ onset_age ]
		 0.650 	to	0.637 	[ log_acceleration ]
		 0.506 	to	0.488 	[ sources ]
2021-08-28 15:34:50,479 - deformetrica.core.estimators.mcmc_saem - INFO - 
2021-08-28 15:34:50,479 - deformetrica.core.estimators.mcmc_saem - INFO - ---------------------------------- MCMC Iteration: 13 -------------------------------------
2021-08-28 15:34:50,479 - deformetrica.core.estimators.mcmc_saem - INFO - >> Average acceptance rates (all past iterations):
2021-08-28 15:34:50,479 - deformetrica.core.estimators.mcmc_saem - INFO -        33.30769230769229   onset_age
2021-08-28 15:34:50,479 - deformetrica.core.estimators.mcmc_saem - INFO -        40.62564102564103   log_acceleration
2021-08-28 15:34:50,479 - deformetrica.core.estimators.mcmc_saem - INFO -        31.29230769230767   sources
2021-08-28 15:34:50,480 - deformetrica.core.models.longitudinal_metric_learning - INFO - >> Model parameters:
2021-08-28 15:34:50,480 - deformetrica.core.models.longitudinal_metric_learning - INFO - 		 noise_variance    =	0.0326
2021-08-28 15:34:50,480 - deformetrica.core.models.longitudinal_metric_learning - INFO - 		 onset_ages        =	71.753	[ mean ]	+/-	15.6630	[std]
2021-08-28 15:34:50,480 - deformetrica.core.models.longitudinal_metric_learning - INFO - 		 log_accelerations =	0.0000	[ mean ]	+/-	0.5434	[std]
2021-08-28 15:34:50,480 - deformetrica.core.models.longitudinal_metric_learning - INFO - 		 sources           =	-0.0102	[ mean ]	+/-	1.0000	[std]
2021-08-28 15:39:25,076 - deformetrica.core.estimator_tools.samplers.srw_mhwg_sampler - INFO - >> Proposal std re-evaluated from:
		 6.885 	to	6.877 	[ onset_age ]
		 0.588 	to	0.576 	[ log_acceleration ]
		 0.442 	to	0.429 	[ sources ]
2021-08-28 15:39:40,798 - deformetrica.core.estimators.mcmc_saem - INFO - 
2021-08-28 15:39:40,798 - deformetrica.core.estimators.mcmc_saem - INFO - ---------------------------------- MCMC Iteration: 14 -------------------------------------
2021-08-28 15:39:40,799 - deformetrica.core.estimators.mcmc_saem - INFO - >> Average acceptance rates (all past iterations):
2021-08-28 15:39:40,799 - deformetrica.core.estimators.mcmc_saem - INFO -        33.01428571428571   onset_age
2021-08-28 15:39:40,799 - deformetrica.core.estimators.mcmc_saem - INFO -        39.6952380952381   log_acceleration
2021-08-28 15:39:40,799 - deformetrica.core.estimators.mcmc_saem - INFO -        30.9190476190476   sources
2021-08-28 15:39:40,799 - deformetrica.core.models.longitudinal_metric_learning - INFO - >> Model parameters:
2021-08-28 15:39:40,799 - deformetrica.core.models.longitudinal_metric_learning - INFO - 		 noise_variance    =	0.0314
2021-08-28 15:39:40,799 - deformetrica.core.models.longitudinal_metric_learning - INFO - 		 onset_ages        =	71.771	[ mean ]	+/-	16.0520	[std]
2021-08-28 15:39:40,800 - deformetrica.core.models.longitudinal_metric_learning - INFO - 		 log_accelerations =	0.0000	[ mean ]	+/-	0.5523	[std]
2021-08-28 15:39:40,800 - deformetrica.core.models.longitudinal_metric_learning - INFO - 		 sources           =	0.0117	[ mean ]	+/-	1.0000	[std]
2021-08-28 15:44:22,577 - deformetrica.core.estimator_tools.samplers.srw_mhwg_sampler - INFO - >> Proposal std re-evaluated from:
		 6.395 	to	6.366 	[ onset_age ]
		 0.541 	to	0.531 	[ log_acceleration ]
		 0.390 	to	0.383 	[ sources ]
2021-08-28 15:44:39,074 - deformetrica.core.estimators.mcmc_saem - INFO - 
2021-08-28 15:44:39,075 - deformetrica.core.estimators.mcmc_saem - INFO - [ maximizing over the fixed effects with the GradientAscent optimizer ]
2021-08-28 15:45:35,875 - deformetrica.core.estimators.gradient_ascent - INFO - --------------------------------- GA Iteration: 0/2 -----------------------------------
2021-08-28 15:45:36,337 - deformetrica.core.estimators.gradient_ascent - INFO - >> Log-likelihood = -1.617E+04 	 [ attachment = -1.581E+04 ; regularity = -3.556E+02 ]
2021-08-28 15:45:36,338 - deformetrica.core.estimators.gradient_ascent - INFO - >> Step size and gradient norm: 
2021-08-28 15:45:36,338 - deformetrica.core.estimators.gradient_ascent - INFO - 		2.850E-09   and   5.495E+05 	[ v0 ]
2021-08-28 15:45:36,338 - deformetrica.core.estimators.gradient_ascent - INFO - 		9.066E-08   and   1.491E+05 	[ p0 ]
2021-08-28 15:45:36,339 - deformetrica.core.estimators.gradient_ascent - INFO - 		9.623E-07   and   7.836E+04 	[ metric_parameters ]
2021-08-28 15:45:36,339 - deformetrica.core.estimators.gradient_ascent - INFO - 		4.749E-07   and   1.127E+04 	[ modulation_matrix ]
2021-08-28 15:46:53,326 - deformetrica.core.estimators.gradient_ascent - INFO - >> Step size and gradient norm: 
2021-08-28 15:46:53,327 - deformetrica.core.estimators.gradient_ascent - INFO - 		2.280E-09   and   5.495E+05 	[ v0 ]
2021-08-28 15:46:53,327 - deformetrica.core.estimators.gradient_ascent - INFO - 		7.253E-08   and   1.491E+05 	[ p0 ]
2021-08-28 15:46:53,327 - deformetrica.core.estimators.gradient_ascent - INFO - 		7.699E-07   and   7.836E+04 	[ metric_parameters ]
2021-08-28 15:46:53,328 - deformetrica.core.estimators.gradient_ascent - INFO - 		3.799E-07   and   1.127E+04 	[ modulation_matrix ]
2021-08-28 15:48:12,406 - deformetrica.core.estimators.gradient_ascent - INFO - >> Step size and gradient norm: 
2021-08-28 15:48:12,407 - deformetrica.core.estimators.gradient_ascent - INFO - 		1.824E-09   and   5.495E+05 	[ v0 ]
2021-08-28 15:48:12,407 - deformetrica.core.estimators.gradient_ascent - INFO - 		5.802E-08   and   1.491E+05 	[ p0 ]
2021-08-28 15:48:12,407 - deformetrica.core.estimators.gradient_ascent - INFO - 		6.159E-07   and   7.836E+04 	[ metric_parameters ]
2021-08-28 15:48:12,407 - deformetrica.core.estimators.gradient_ascent - INFO - 		3.039E-07   and   1.127E+04 	[ modulation_matrix ]
2021-08-28 15:49:31,988 - deformetrica.core.estimators.gradient_ascent - INFO - Number of line search loops exceeded. Stopping.
2021-08-28 15:49:31,989 - deformetrica.core.estimators.gradient_ascent - INFO - --------------------------------- GA Iteration: 1/2 -----------------------------------
2021-08-28 15:49:31,989 - deformetrica.core.estimators.gradient_ascent - INFO - >> Log-likelihood = -1.925E+04 	 [ attachment = -1.889E+04 ; regularity = -3.556E+02 ]
2021-08-28 15:50:27,605 - deformetrica.core.estimators.gradient_ascent - INFO - >> Step size and gradient norm: 
2021-08-28 15:50:28,066 - deformetrica.core.estimators.gradient_ascent - INFO - 		1.459E-09   and   3.674E+05 	[ v0 ]
2021-08-28 15:50:28,067 - deformetrica.core.estimators.gradient_ascent - INFO - 		4.642E-08   and   1.517E+05 	[ p0 ]
2021-08-28 15:50:28,067 - deformetrica.core.estimators.gradient_ascent - INFO - 		4.927E-07   and   2.039E+05 	[ metric_parameters ]
2021-08-28 15:50:28,068 - deformetrica.core.estimators.gradient_ascent - INFO - 		2.431E-07   and   5.748E+03 	[ modulation_matrix ]
2021-08-28 15:51:44,873 - deformetrica.core.estimators.gradient_ascent - INFO - --------------------------------- GA Iteration: 2/2 -----------------------------------
2021-08-28 15:51:44,874 - deformetrica.core.estimators.gradient_ascent - INFO - >> Log-likelihood = -1.899E+04 	 [ attachment = -1.864E+04 ; regularity = -3.557E+02 ]
2021-08-28 15:51:44,874 - deformetrica.core.estimators.mcmc_saem - INFO - 
2021-08-28 15:51:44,874 - deformetrica.core.estimators.mcmc_saem - INFO - [ end of the gradient-based maximization ]
2021-08-28 15:51:44,881 - deformetrica.core.estimators.mcmc_saem - INFO - 
2021-08-28 15:51:44,881 - deformetrica.core.estimators.mcmc_saem - INFO - ---------------------------------- MCMC Iteration: 15 -------------------------------------
2021-08-28 15:51:44,881 - deformetrica.core.estimators.mcmc_saem - INFO - >> Average acceptance rates (all past iterations):
2021-08-28 15:51:44,882 - deformetrica.core.estimators.mcmc_saem - INFO -        32.72444444444446   onset_age
2021-08-28 15:51:44,882 - deformetrica.core.estimators.mcmc_saem - INFO -        38.93777777777779   log_acceleration
2021-08-28 15:51:44,882 - deformetrica.core.estimators.mcmc_saem - INFO -        30.639999999999986   sources
2021-08-28 15:51:44,882 - deformetrica.core.models.longitudinal_metric_learning - INFO - >> Model parameters:
2021-08-28 15:51:44,882 - deformetrica.core.models.longitudinal_metric_learning - INFO - 		 noise_variance    =	0.0305
2021-08-28 15:51:44,882 - deformetrica.core.models.longitudinal_metric_learning - INFO - 		 onset_ages        =	72.262	[ mean ]	+/-	16.0382	[std]
2021-08-28 15:51:44,882 - deformetrica.core.models.longitudinal_metric_learning - INFO - 		 log_accelerations =	-0.0000	[ mean ]	+/-	0.5302	[std]
2021-08-28 15:51:44,883 - deformetrica.core.models.longitudinal_metric_learning - INFO - 		 sources           =	-0.0054	[ mean ]	+/-	1.0000	[std]
2021-08-28 15:56:30,137 - deformetrica.core.estimator_tools.samplers.srw_mhwg_sampler - INFO - >> Proposal std re-evaluated from:
		 6.123 	to	6.075 	[ onset_age ]
		 0.516 	to	0.517 	[ log_acceleration ]
		 0.360 	to	0.355 	[ sources ]
2021-08-28 15:56:45,680 - deformetrica.core.estimators.mcmc_saem - INFO - 
2021-08-28 15:56:45,681 - deformetrica.core.estimators.mcmc_saem - INFO - ---------------------------------- MCMC Iteration: 16 -------------------------------------
2021-08-28 15:56:45,681 - deformetrica.core.estimators.mcmc_saem - INFO - >> Average acceptance rates (all past iterations):
2021-08-28 15:56:45,681 - deformetrica.core.estimators.mcmc_saem - INFO -        32.570833333333354   onset_age
2021-08-28 15:56:45,681 - deformetrica.core.estimators.mcmc_saem - INFO -        38.47916666666669   log_acceleration
2021-08-28 15:56:45,681 - deformetrica.core.estimators.mcmc_saem - INFO -        30.512499999999992   sources
2021-08-28 15:56:45,681 - deformetrica.core.models.longitudinal_metric_learning - INFO - >> Model parameters:
2021-08-28 15:56:45,681 - deformetrica.core.models.longitudinal_metric_learning - INFO - 		 noise_variance    =	0.0298
2021-08-28 15:56:45,681 - deformetrica.core.models.longitudinal_metric_learning - INFO - 		 onset_ages        =	72.112	[ mean ]	+/-	15.9009	[std]
2021-08-28 15:56:45,681 - deformetrica.core.models.longitudinal_metric_learning - INFO - 		 log_accelerations =	-0.0000	[ mean ]	+/-	0.5050	[std]
2021-08-28 15:56:45,682 - deformetrica.core.models.longitudinal_metric_learning - INFO - 		 sources           =	0.0046	[ mean ]	+/-	1.0000	[std]
2021-08-28 16:01:34,305 - deformetrica.core.estimator_tools.samplers.srw_mhwg_sampler - INFO - >> Proposal std re-evaluated from:
		 5.868 	to	5.759 	[ onset_age ]
		 0.504 	to	0.496 	[ log_acceleration ]
		 0.337 	to	0.334 	[ sources ]
2021-08-28 16:01:50,867 - deformetrica.core.estimators.mcmc_saem - INFO - 
2021-08-28 16:01:50,868 - deformetrica.core.estimators.mcmc_saem - INFO - ---------------------------------- MCMC Iteration: 17 -------------------------------------
2021-08-28 16:01:50,868 - deformetrica.core.estimators.mcmc_saem - INFO - >> Average acceptance rates (all past iterations):
2021-08-28 16:01:50,868 - deformetrica.core.estimators.mcmc_saem - INFO -        32.40784313725492   onset_age
2021-08-28 16:01:50,868 - deformetrica.core.estimators.mcmc_saem - INFO -        38.01568627450984   log_acceleration
2021-08-28 16:01:50,868 - deformetrica.core.estimators.mcmc_saem - INFO -        30.435294117647047   sources
2021-08-28 16:01:50,868 - deformetrica.core.models.longitudinal_metric_learning - INFO - >> Model parameters:
2021-08-28 16:01:50,868 - deformetrica.core.models.longitudinal_metric_learning - INFO - 		 noise_variance    =	0.0293
2021-08-28 16:01:50,869 - deformetrica.core.models.longitudinal_metric_learning - INFO - 		 onset_ages        =	71.897	[ mean ]	+/-	15.5651	[std]
2021-08-28 16:01:50,869 - deformetrica.core.models.longitudinal_metric_learning - INFO - 		 log_accelerations =	-0.0000	[ mean ]	+/-	0.5255	[std]
2021-08-28 16:01:50,869 - deformetrica.core.models.longitudinal_metric_learning - INFO - 		 sources           =	0.0030	[ mean ]	+/-	1.0000	[std]
2021-08-28 16:06:35,367 - deformetrica.core.estimator_tools.samplers.srw_mhwg_sampler - INFO - >> Proposal std re-evaluated from:
		 5.385 	to	5.340 	[ onset_age ]
		 0.483 	to	0.474 	[ log_acceleration ]
		 0.320 	to	0.317 	[ sources ]
2021-08-28 16:06:51,512 - deformetrica.core.estimators.mcmc_saem - INFO - 
2021-08-28 16:06:51,513 - deformetrica.core.estimators.mcmc_saem - INFO - ---------------------------------- MCMC Iteration: 18 -------------------------------------
2021-08-28 16:06:51,513 - deformetrica.core.estimators.mcmc_saem - INFO - >> Average acceptance rates (all past iterations):
2021-08-28 16:06:51,513 - deformetrica.core.estimators.mcmc_saem - INFO -        32.1814814814815   onset_age
2021-08-28 16:06:51,513 - deformetrica.core.estimators.mcmc_saem - INFO -        37.58148148148151   log_acceleration
2021-08-28 16:06:51,513 - deformetrica.core.estimators.mcmc_saem - INFO -        30.4148148148148   sources
2021-08-28 16:06:51,513 - deformetrica.core.models.longitudinal_metric_learning - INFO - >> Model parameters:
2021-08-28 16:06:51,514 - deformetrica.core.models.longitudinal_metric_learning - INFO - 		 noise_variance    =	0.0289
2021-08-28 16:06:51,514 - deformetrica.core.models.longitudinal_metric_learning - INFO - 		 onset_ages        =	72.135	[ mean ]	+/-	15.5301	[std]
2021-08-28 16:06:51,514 - deformetrica.core.models.longitudinal_metric_learning - INFO - 		 log_accelerations =	-0.0000	[ mean ]	+/-	0.4955	[std]
2021-08-28 16:06:51,514 - deformetrica.core.models.longitudinal_metric_learning - INFO - 		 sources           =	0.0014	[ mean ]	+/-	1.0000	[std]
2021-08-28 16:11:30,707 - deformetrica.core.estimator_tools.samplers.srw_mhwg_sampler - INFO - >> Proposal std re-evaluated from:
		 5.127 	to	5.117 	[ onset_age ]
		 0.450 	to	0.451 	[ log_acceleration ]
		 0.312 	to	0.310 	[ sources ]
2021-08-28 16:11:45,686 - deformetrica.core.estimators.mcmc_saem - INFO - 
2021-08-28 16:11:45,686 - deformetrica.core.estimators.mcmc_saem - INFO - ---------------------------------- MCMC Iteration: 19 -------------------------------------
2021-08-28 16:11:45,686 - deformetrica.core.estimators.mcmc_saem - INFO - >> Average acceptance rates (all past iterations):
2021-08-28 16:11:45,687 - deformetrica.core.estimators.mcmc_saem - INFO -        32.08771929824564   onset_age
2021-08-28 16:11:45,687 - deformetrica.core.estimators.mcmc_saem - INFO -        37.18596491228073   log_acceleration
2021-08-28 16:11:45,687 - deformetrica.core.estimators.mcmc_saem - INFO -        30.49122807017542   sources
2021-08-28 16:11:45,687 - deformetrica.core.models.longitudinal_metric_learning - INFO - >> Model parameters:
2021-08-28 16:11:45,687 - deformetrica.core.models.longitudinal_metric_learning - INFO - 		 noise_variance    =	0.0285
2021-08-28 16:11:45,687 - deformetrica.core.models.longitudinal_metric_learning - INFO - 		 onset_ages        =	72.264	[ mean ]	+/-	15.4813	[std]
2021-08-28 16:11:45,687 - deformetrica.core.models.longitudinal_metric_learning - INFO - 		 log_accelerations =	-0.0000	[ mean ]	+/-	0.4916	[std]
2021-08-28 16:11:45,688 - deformetrica.core.models.longitudinal_metric_learning - INFO - 		 sources           =	-0.0017	[ mean ]	+/-	1.0000	[std]
2021-08-28 16:16:23,887 - deformetrica.core.estimator_tools.samplers.srw_mhwg_sampler - INFO - >> Proposal std re-evaluated from:
		 4.811 	to	4.801 	[ onset_age ]
		 0.436 	to	0.433 	[ log_acceleration ]
		 0.287 	to	0.287 	[ sources ]
2021-08-28 16:16:42,863 - deformetrica.core.estimators.mcmc_saem - INFO - 
2021-08-28 16:16:42,864 - deformetrica.core.estimators.mcmc_saem - INFO - [ maximizing over the fixed effects with the GradientAscent optimizer ]
2021-08-28 16:17:49,760 - deformetrica.core.estimators.gradient_ascent - INFO - --------------------------------- GA Iteration: 0/2 -----------------------------------
2021-08-28 16:17:50,224 - deformetrica.core.estimators.gradient_ascent - INFO - >> Log-likelihood = -1.946E+04 	 [ attachment = -1.909E+04 ; regularity = -3.632E+02 ]
2021-08-28 16:17:50,225 - deformetrica.core.estimators.gradient_ascent - INFO - >> Step size and gradient norm: 
2021-08-28 16:17:50,226 - deformetrica.core.estimators.gradient_ascent - INFO - 		1.180E-09   and   7.291E+05 	[ v0 ]
2021-08-28 16:17:50,226 - deformetrica.core.estimators.gradient_ascent - INFO - 		3.713E-08   and   2.029E+05 	[ p0 ]
2021-08-28 16:17:50,226 - deformetrica.core.estimators.gradient_ascent - INFO - 		3.942E-07   and   1.215E+05 	[ metric_parameters ]
2021-08-28 16:17:50,226 - deformetrica.core.estimators.gradient_ascent - INFO - 		2.251E-07   and   1.479E+04 	[ modulation_matrix ]
2021-08-28 16:19:06,776 - deformetrica.core.estimators.gradient_ascent - INFO - >> Step size and gradient norm: 
2021-08-28 16:19:06,776 - deformetrica.core.estimators.gradient_ascent - INFO - 		9.442E-10   and   7.291E+05 	[ v0 ]
2021-08-28 16:19:06,776 - deformetrica.core.estimators.gradient_ascent - INFO - 		2.971E-08   and   2.029E+05 	[ p0 ]
2021-08-28 16:19:06,777 - deformetrica.core.estimators.gradient_ascent - INFO - 		3.153E-07   and   1.215E+05 	[ metric_parameters ]
2021-08-28 16:19:06,777 - deformetrica.core.estimators.gradient_ascent - INFO - 		1.801E-07   and   1.479E+04 	[ modulation_matrix ]
2021-08-28 16:20:24,635 - deformetrica.core.estimators.gradient_ascent - INFO - --------------------------------- GA Iteration: 1/2 -----------------------------------
2021-08-28 16:20:24,636 - deformetrica.core.estimators.gradient_ascent - INFO - >> Log-likelihood = -1.923E+04 	 [ attachment = -1.887E+04 ; regularity = -3.632E+02 ]
2021-08-28 16:21:23,771 - deformetrica.core.estimators.gradient_ascent - INFO - >> Step size and gradient norm: 
2021-08-28 16:21:24,230 - deformetrica.core.estimators.gradient_ascent - INFO - 		7.553E-10   and   6.762E+05 	[ v0 ]
2021-08-28 16:21:24,231 - deformetrica.core.estimators.gradient_ascent - INFO - 		2.377E-08   and   8.402E+04 	[ p0 ]
2021-08-28 16:21:24,231 - deformetrica.core.estimators.gradient_ascent - INFO - 		2.523E-07   and   1.169E+05 	[ metric_parameters ]
2021-08-28 16:21:24,231 - deformetrica.core.estimators.gradient_ascent - INFO - 		1.801E-07   and   1.039E+04 	[ modulation_matrix ]
2021-08-28 16:21:39,509 - deformetrica.core.estimators.gradient_ascent - INFO - --------------------------------- GA Iteration: 2/2 -----------------------------------
2021-08-28 16:21:39,510 - deformetrica.core.estimators.gradient_ascent - INFO - >> Log-likelihood = -1.831E+04 	 [ attachment = -1.795E+04 ; regularity = -3.632E+02 ]
2021-08-28 16:21:39,511 - deformetrica.core.estimators.mcmc_saem - INFO - 
2021-08-28 16:21:39,511 - deformetrica.core.estimators.mcmc_saem - INFO - [ end of the gradient-based maximization ]
2021-08-28 16:21:39,518 - deformetrica.core.estimators.mcmc_saem - INFO - 
2021-08-28 16:21:39,518 - deformetrica.core.estimators.mcmc_saem - INFO - ---------------------------------- MCMC Iteration: 20 -------------------------------------
2021-08-28 16:21:39,518 - deformetrica.core.estimators.mcmc_saem - INFO - >> Average acceptance rates (all past iterations):
2021-08-28 16:21:39,518 - deformetrica.core.estimators.mcmc_saem - INFO -        31.926666666666694   onset_age
2021-08-28 16:21:39,518 - deformetrica.core.estimators.mcmc_saem - INFO -        36.84333333333337   log_acceleration
2021-08-28 16:21:39,518 - deformetrica.core.estimators.mcmc_saem - INFO -        30.373333333333314   sources
2021-08-28 16:21:39,518 - deformetrica.core.models.longitudinal_metric_learning - INFO - >> Model parameters:
2021-08-28 16:21:39,519 - deformetrica.core.models.longitudinal_metric_learning - INFO - 		 noise_variance    =	0.0281
2021-08-28 16:21:39,519 - deformetrica.core.models.longitudinal_metric_learning - INFO - 		 onset_ages        =	72.284	[ mean ]	+/-	15.3007	[std]
2021-08-28 16:21:39,519 - deformetrica.core.models.longitudinal_metric_learning - INFO - 		 log_accelerations =	-0.0000	[ mean ]	+/-	0.4857	[std]
2021-08-28 16:21:39,519 - deformetrica.core.models.longitudinal_metric_learning - INFO - 		 sources           =	-0.0018	[ mean ]	+/-	1.0000	[std]
2021-08-28 16:22:10,196 - deformetrica.core.estimators.mcmc_saem - INFO - 
2021-08-28 16:22:10,196 - deformetrica.core.estimators.mcmc_saem - INFO - ---------------------------------- MCMC Iteration: 20 -------------------------------------
2021-08-28 16:22:10,196 - deformetrica.core.estimators.mcmc_saem - INFO - >> Average acceptance rates (all past iterations):
2021-08-28 16:22:10,196 - deformetrica.core.estimators.mcmc_saem - INFO -        31.926666666666694   onset_age
2021-08-28 16:22:10,196 - deformetrica.core.estimators.mcmc_saem - INFO -        36.84333333333337   log_acceleration
2021-08-28 16:22:10,196 - deformetrica.core.estimators.mcmc_saem - INFO -        30.373333333333314   sources
2021-08-28 16:22:10,196 - deformetrica.core.models.longitudinal_metric_learning - INFO - >> Model parameters:
2021-08-28 16:22:10,197 - deformetrica.core.models.longitudinal_metric_learning - INFO - 		 noise_variance    =	0.0281
2021-08-28 16:22:10,197 - deformetrica.core.models.longitudinal_metric_learning - INFO - 		 onset_ages        =	71.999	[ mean ]	+/-	15.1749	[std]
2021-08-28 16:22:10,197 - deformetrica.core.models.longitudinal_metric_learning - INFO - 		 log_accelerations =	-0.0000	[ mean ]	+/-	0.4571	[std]
2021-08-28 16:22:10,197 - deformetrica.core.models.longitudinal_metric_learning - INFO - 		 sources           =	-0.0153	[ mean ]	+/-	0.9740	[std]
2021-08-28 16:23:05,820 - __main__ - INFO - >> Estimation took: 9422.037516593933
