2021-09-02 13:09:08,792 - root - ERROR - Logger has been set to: INFO
2021-09-02 13:09:08,799 - __main__ - INFO - 
2021-09-02 13:09:08,799 - __main__ - INFO - [ estimate_longitudinal_metric_model function ]
2021-09-02 13:09:09,104 - __main__ - INFO - Setting initial onset ages from simulated_study/preprocessing_1/2_gradient_descent_on_the_mode/LongitudinalMetricModel_onset_ages.txt file
2021-09-02 13:09:09,105 - __main__ - INFO - Setting initial log accelerations from simulated_study/preprocessing_1/2_gradient_descent_on_the_mode/LongitudinalMetricModel_log_accelerations.txt file
2021-09-02 13:09:09,107 - __main__ - INFO - Initializing exponential type to parametric
2021-09-02 13:09:09,107 - __main__ - INFO - Loading metric parameters from file simulated_study/preprocessing_1/2_gradient_descent_on_the_mode/LongitudinalMetricModel_metric_parameters.txt
2021-09-02 13:09:09,108 - __main__ - INFO - Loading the interpolation points from file simulated_study/preprocessing_1/2_gradient_descent_on_the_mode/LongitudinalMetricModel_interpolation_points.txt
2021-09-02 13:09:09,109 - __main__ - INFO - The width for the metric interpolation is set to 0.16
2021-09-02 13:09:09,109 - __main__ - INFO - I am setting the no_parallel_transport flag to False.
2021-09-02 13:09:09,110 - __main__ - INFO - >> Reading 1-source initial modulation matrix from file: simulated_study/preprocessing_1/2_gradient_descent_on_the_mode/LongitudinalMetricModel_modulation_matrix.txt
2021-09-02 13:09:09,110 - __main__ - INFO - Setting initial sources from simulated_study/preprocessing_1/2_gradient_descent_on_the_mode/LongitudinalMetricModel_sources.txt file
2021-09-02 13:09:21,795 - __main__ - INFO - >> Initial noise variance set to 0.03405119898282768 based on the initial mean residual value.
2021-09-02 13:09:21,795 - deformetrica.core.models.longitudinal_metric_learning - INFO - >> The time shift variance prior degrees of freedom parameter is set to 300
2021-09-02 13:09:21,795 - deformetrica.core.models.longitudinal_metric_learning - INFO - >> The log-acceleration variance prior degrees of freedom parameter is set to the number of subjects: 300
2021-09-02 13:09:21,795 - deformetrica.core.models.longitudinal_metric_learning - INFO - ('v0', False)
2021-09-02 13:09:21,795 - deformetrica.core.models.longitudinal_metric_learning - INFO - ('p0', False)
2021-09-02 13:09:21,795 - deformetrica.core.models.longitudinal_metric_learning - INFO - ('reference_time', False)
2021-09-02 13:09:21,795 - deformetrica.core.models.longitudinal_metric_learning - INFO - ('onset_age_variance', False)
2021-09-02 13:09:21,795 - deformetrica.core.models.longitudinal_metric_learning - INFO - ('log_acceleration_variance', False)
2021-09-02 13:09:21,796 - deformetrica.core.models.longitudinal_metric_learning - INFO - ('noise_variance', False)
2021-09-02 13:09:21,796 - deformetrica.core.models.longitudinal_metric_learning - INFO - ('metric_parameters', False)
2021-09-02 13:09:21,796 - deformetrica.core.models.longitudinal_metric_learning - INFO - ('modulation_matrix', False)
2021-09-02 13:09:32,834 - __main__ - INFO - 
2021-09-02 13:09:32,834 - __main__ - INFO - [ update method of the McmcSaem  optimizer ]
2021-09-02 13:09:32,834 - deformetrica.core.estimators.mcmc_saem - INFO - ---------------------------------- MCMC Iteration: 0 -------------------------------------
2021-09-02 13:09:32,834 - deformetrica.core.estimators.mcmc_saem - INFO - >> MCMC-SAEM algorithm launched for 18 iterations (9  iterations of burn-in).
2021-09-02 13:09:32,834 - deformetrica.core.models.longitudinal_metric_learning - INFO - >> Model parameters:
2021-09-02 13:09:32,834 - deformetrica.core.models.longitudinal_metric_learning - INFO - 		 noise_variance    =	0.1305
2021-09-02 13:09:32,834 - deformetrica.core.models.longitudinal_metric_learning - INFO - 		 onset_ages        =	71.351	[ mean ]	+/-	17.1406	[std]
2021-09-02 13:09:32,834 - deformetrica.core.models.longitudinal_metric_learning - INFO - 		 log_accelerations =	0.0012	[ mean ]	+/-	0.4974	[std]
2021-09-02 13:09:32,835 - deformetrica.core.models.longitudinal_metric_learning - INFO - 		 sources           =	0.0001	[ mean ]	+/-	0.9981	[std]
2021-09-02 13:10:39,340 - deformetrica.core.estimator_tools.samplers.srw_mhwg_sampler - INFO - >> Proposal std re-evaluated from:
		 7.182 	to	8.090 	[ onset_age ]
		 0.080 	to	0.118 	[ log_acceleration ]
		 1.063 	to	1.045 	[ sources ]
2021-09-02 13:10:49,306 - deformetrica.core.estimators.mcmc_saem - INFO - 
2021-09-02 13:10:49,306 - deformetrica.core.estimators.mcmc_saem - INFO - [ maximizing over the fixed effects with the GradientAscent optimizer ]
2021-09-02 13:11:34,367 - deformetrica.core.estimators.gradient_ascent - INFO - --------------------------------- GA Iteration: 0/1 -----------------------------------
2021-09-02 13:11:34,370 - deformetrica.core.estimators.gradient_ascent - INFO - >> Log-likelihood = -2.803E+03 	 [ attachment = -2.404E+03 ; regularity = -3.981E+02 ]
2021-09-02 13:11:34,371 - deformetrica.core.estimators.gradient_ascent - INFO - >> Step size and gradient norm: 
2021-09-02 13:11:34,371 - deformetrica.core.estimators.gradient_ascent - INFO - 		8.432E-11   and   1.186E+04 	[ v0 ]
2021-09-02 13:11:34,371 - deformetrica.core.estimators.gradient_ascent - INFO - 		2.292E-08   and   4.362E+03 	[ p0 ]
2021-09-02 13:11:34,371 - deformetrica.core.estimators.gradient_ascent - INFO - 		1.826E-07   and   5.476E+03 	[ metric_parameters ]
2021-09-02 13:11:34,371 - deformetrica.core.estimators.gradient_ascent - INFO - 		4.749E-08   and   2.105E+03 	[ modulation_matrix ]
2021-09-02 13:11:44,396 - deformetrica.core.estimators.gradient_ascent - INFO - --------------------------------- GA Iteration: 1/1 -----------------------------------
2021-09-02 13:11:44,396 - deformetrica.core.estimators.gradient_ascent - INFO - >> Log-likelihood = -2.800E+03 	 [ attachment = -2.402E+03 ; regularity = -3.981E+02 ]
2021-09-02 13:11:44,396 - deformetrica.core.estimators.mcmc_saem - INFO - 
2021-09-02 13:11:44,397 - deformetrica.core.estimators.mcmc_saem - INFO - [ end of the gradient-based maximization ]
2021-09-02 13:11:44,402 - deformetrica.core.estimators.mcmc_saem - INFO - 
2021-09-02 13:11:44,402 - deformetrica.core.estimators.mcmc_saem - INFO - ---------------------------------- MCMC Iteration: 1 -------------------------------------
2021-09-02 13:11:44,402 - deformetrica.core.estimators.mcmc_saem - INFO - >> Average acceptance rates (all past iterations):
2021-09-02 13:11:44,402 - deformetrica.core.estimators.mcmc_saem - INFO -        49.666666666666664   onset_age
2021-09-02 13:11:44,402 - deformetrica.core.estimators.mcmc_saem - INFO -        89.16666666666666   log_acceleration
2021-09-02 13:11:44,403 - deformetrica.core.estimators.mcmc_saem - INFO -        35.5   sources
2021-09-02 13:11:44,403 - deformetrica.core.models.longitudinal_metric_learning - INFO - >> Model parameters:
2021-09-02 13:11:44,403 - deformetrica.core.models.longitudinal_metric_learning - INFO - 		 noise_variance    =	0.1134
2021-09-02 13:11:44,403 - deformetrica.core.models.longitudinal_metric_learning - INFO - 		 onset_ages        =	71.664	[ mean ]	+/-	18.1253	[std]
2021-09-02 13:11:44,403 - deformetrica.core.models.longitudinal_metric_learning - INFO - 		 log_accelerations =	-0.0000	[ mean ]	+/-	0.4921	[std]
2021-09-02 13:11:44,403 - deformetrica.core.models.longitudinal_metric_learning - INFO - 		 sources           =	-0.0293	[ mean ]	+/-	1.0000	[std]
2021-09-02 13:13:12,140 - deformetrica.core.estimator_tools.samplers.srw_mhwg_sampler - INFO - >> Proposal std re-evaluated from:
		 8.975 	to	9.454 	[ onset_age ]
		 0.163 	to	0.203 	[ log_acceleration ]
		 1.055 	to	1.055 	[ sources ]
2021-09-02 13:13:21,975 - deformetrica.core.estimators.mcmc_saem - INFO - 
2021-09-02 13:13:21,975 - deformetrica.core.estimators.mcmc_saem - INFO - [ maximizing over the fixed effects with the GradientAscent optimizer ]
2021-09-02 13:13:58,897 - deformetrica.core.estimators.gradient_ascent - INFO - --------------------------------- GA Iteration: 0/1 -----------------------------------
2021-09-02 13:13:58,898 - deformetrica.core.estimators.gradient_ascent - INFO - >> Log-likelihood = -3.133E+03 	 [ attachment = -2.746E+03 ; regularity = -3.871E+02 ]
2021-09-02 13:13:58,898 - deformetrica.core.estimators.gradient_ascent - INFO - >> Step size and gradient norm: 
2021-09-02 13:13:58,898 - deformetrica.core.estimators.gradient_ascent - INFO - 		1.260E-10   and   8.439E+04 	[ v0 ]
2021-09-02 13:13:58,898 - deformetrica.core.estimators.gradient_ascent - INFO - 		3.439E-08   and   2.566E+04 	[ p0 ]
2021-09-02 13:13:58,898 - deformetrica.core.estimators.gradient_ascent - INFO - 		2.739E-07   and   1.954E+04 	[ metric_parameters ]
2021-09-02 13:13:58,898 - deformetrica.core.estimators.gradient_ascent - INFO - 		9.055E-08   and   2.703E+03 	[ modulation_matrix ]
2021-09-02 13:14:08,539 - deformetrica.core.estimators.gradient_ascent - INFO - --------------------------------- GA Iteration: 1/1 -----------------------------------
2021-09-02 13:14:08,539 - deformetrica.core.estimators.gradient_ascent - INFO - >> Log-likelihood = -3.023E+03 	 [ attachment = -2.635E+03 ; regularity = -3.871E+02 ]
2021-09-02 13:14:08,539 - deformetrica.core.estimators.mcmc_saem - INFO - 
2021-09-02 13:14:08,539 - deformetrica.core.estimators.mcmc_saem - INFO - [ end of the gradient-based maximization ]
2021-09-02 13:14:08,546 - deformetrica.core.estimators.mcmc_saem - INFO - 
2021-09-02 13:14:08,547 - deformetrica.core.estimators.mcmc_saem - INFO - ---------------------------------- MCMC Iteration: 2 -------------------------------------
2021-09-02 13:14:08,547 - deformetrica.core.estimators.mcmc_saem - INFO - >> Average acceptance rates (all past iterations):
2021-09-02 13:14:08,547 - deformetrica.core.estimators.mcmc_saem - INFO -        46.99999999999999   onset_age
2021-09-02 13:14:08,547 - deformetrica.core.estimators.mcmc_saem - INFO -        82.99999999999997   log_acceleration
2021-09-02 13:14:08,547 - deformetrica.core.estimators.mcmc_saem - INFO -        34.58333333333333   sources
2021-09-02 13:14:08,547 - deformetrica.core.models.longitudinal_metric_learning - INFO - >> Model parameters:
2021-09-02 13:14:08,547 - deformetrica.core.models.longitudinal_metric_learning - INFO - 		 noise_variance    =	0.0987
2021-09-02 13:14:08,547 - deformetrica.core.models.longitudinal_metric_learning - INFO - 		 onset_ages        =	71.749	[ mean ]	+/-	19.7191	[std]
2021-09-02 13:14:08,547 - deformetrica.core.models.longitudinal_metric_learning - INFO - 		 log_accelerations =	-0.0000	[ mean ]	+/-	0.4827	[std]
2021-09-02 13:14:08,547 - deformetrica.core.models.longitudinal_metric_learning - INFO - 		 sources           =	-0.0123	[ mean ]	+/-	1.0000	[std]
2021-09-02 13:15:39,265 - deformetrica.core.estimator_tools.samplers.srw_mhwg_sampler - INFO - >> Proposal std re-evaluated from:
		 9.627 	to	10.044 	[ onset_age ]
		 0.248 	to	0.288 	[ log_acceleration ]
		 1.074 	to	1.085 	[ sources ]
2021-09-02 13:15:48,510 - deformetrica.core.estimators.mcmc_saem - INFO - 
2021-09-02 13:15:48,510 - deformetrica.core.estimators.mcmc_saem - INFO - [ maximizing over the fixed effects with the GradientAscent optimizer ]
2021-09-02 13:16:24,315 - deformetrica.core.estimators.gradient_ascent - INFO - --------------------------------- GA Iteration: 0/1 -----------------------------------
2021-09-02 13:16:24,316 - deformetrica.core.estimators.gradient_ascent - INFO - >> Log-likelihood = -3.852E+03 	 [ attachment = -3.466E+03 ; regularity = -3.855E+02 ]
2021-09-02 13:16:24,316 - deformetrica.core.estimators.gradient_ascent - INFO - >> Step size and gradient norm: 
2021-09-02 13:16:24,316 - deformetrica.core.estimators.gradient_ascent - INFO - 		1.875E-10   and   9.578E+04 	[ v0 ]
2021-09-02 13:16:24,316 - deformetrica.core.estimators.gradient_ascent - INFO - 		5.158E-08   and   3.147E+04 	[ p0 ]
2021-09-02 13:16:24,316 - deformetrica.core.estimators.gradient_ascent - INFO - 		4.109E-07   and   2.333E+04 	[ metric_parameters ]
2021-09-02 13:16:24,316 - deformetrica.core.estimators.gradient_ascent - INFO - 		1.602E-07   and   3.685E+03 	[ modulation_matrix ]
2021-09-02 13:16:34,218 - deformetrica.core.estimators.gradient_ascent - INFO - --------------------------------- GA Iteration: 1/1 -----------------------------------
2021-09-02 13:16:34,219 - deformetrica.core.estimators.gradient_ascent - INFO - >> Log-likelihood = -3.691E+03 	 [ attachment = -3.305E+03 ; regularity = -3.855E+02 ]
2021-09-02 13:16:34,219 - deformetrica.core.estimators.mcmc_saem - INFO - 
2021-09-02 13:16:34,219 - deformetrica.core.estimators.mcmc_saem - INFO - [ end of the gradient-based maximization ]
2021-09-02 13:16:34,226 - deformetrica.core.estimators.mcmc_saem - INFO - 
2021-09-02 13:16:34,227 - deformetrica.core.estimators.mcmc_saem - INFO - ---------------------------------- MCMC Iteration: 3 -------------------------------------
2021-09-02 13:16:34,227 - deformetrica.core.estimators.mcmc_saem - INFO - >> Average acceptance rates (all past iterations):
2021-09-02 13:16:34,227 - deformetrica.core.estimators.mcmc_saem - INFO -        44.111111111111114   onset_age
2021-09-02 13:16:34,227 - deformetrica.core.estimators.mcmc_saem - INFO -        77.16666666666664   log_acceleration
2021-09-02 13:16:34,227 - deformetrica.core.estimators.mcmc_saem - INFO -        34.833333333333336   sources
2021-09-02 13:16:34,227 - deformetrica.core.models.longitudinal_metric_learning - INFO - >> Model parameters:
2021-09-02 13:16:34,227 - deformetrica.core.models.longitudinal_metric_learning - INFO - 		 noise_variance    =	0.0822
2021-09-02 13:16:34,227 - deformetrica.core.models.longitudinal_metric_learning - INFO - 		 onset_ages        =	71.715	[ mean ]	+/-	20.0453	[std]
2021-09-02 13:16:34,227 - deformetrica.core.models.longitudinal_metric_learning - INFO - 		 log_accelerations =	-0.0000	[ mean ]	+/-	0.4796	[std]
2021-09-02 13:16:34,227 - deformetrica.core.models.longitudinal_metric_learning - INFO - 		 sources           =	-0.0256	[ mean ]	+/-	1.0000	[std]
2021-09-02 13:17:58,053 - deformetrica.core.estimator_tools.samplers.srw_mhwg_sampler - INFO - >> Proposal std re-evaluated from:
		 10.167 	to	10.218 	[ onset_age ]
		 0.333 	to	0.374 	[ log_acceleration ]
		 1.050 	to	1.043 	[ sources ]
2021-09-02 13:18:07,387 - deformetrica.core.estimators.mcmc_saem - INFO - 
2021-09-02 13:18:07,387 - deformetrica.core.estimators.mcmc_saem - INFO - [ maximizing over the fixed effects with the GradientAscent optimizer ]
2021-09-02 13:18:42,123 - deformetrica.core.estimators.gradient_ascent - INFO - --------------------------------- GA Iteration: 0/1 -----------------------------------
2021-09-02 13:18:42,123 - deformetrica.core.estimators.gradient_ascent - INFO - >> Log-likelihood = -4.594E+03 	 [ attachment = -4.210E+03 ; regularity = -3.842E+02 ]
2021-09-02 13:18:42,123 - deformetrica.core.estimators.gradient_ascent - INFO - >> Step size and gradient norm: 
2021-09-02 13:18:42,123 - deformetrica.core.estimators.gradient_ascent - INFO - 		2.839E-10   and   8.399E+04 	[ v0 ]
2021-09-02 13:18:42,124 - deformetrica.core.estimators.gradient_ascent - INFO - 		7.737E-08   and   3.205E+04 	[ p0 ]
2021-09-02 13:18:42,124 - deformetrica.core.estimators.gradient_ascent - INFO - 		6.163E-07   and   2.312E+04 	[ metric_parameters ]
2021-09-02 13:18:42,124 - deformetrica.core.estimators.gradient_ascent - INFO - 		2.935E-07   and   4.800E+03 	[ modulation_matrix ]
2021-09-02 13:18:51,412 - deformetrica.core.estimators.gradient_ascent - INFO - --------------------------------- GA Iteration: 1/1 -----------------------------------
2021-09-02 13:18:51,412 - deformetrica.core.estimators.gradient_ascent - INFO - >> Log-likelihood = -4.481E+03 	 [ attachment = -4.097E+03 ; regularity = -3.842E+02 ]
2021-09-02 13:18:51,412 - deformetrica.core.estimators.mcmc_saem - INFO - 
2021-09-02 13:18:51,412 - deformetrica.core.estimators.mcmc_saem - INFO - [ end of the gradient-based maximization ]
2021-09-02 13:18:51,417 - deformetrica.core.estimators.mcmc_saem - INFO - 
2021-09-02 13:18:51,417 - deformetrica.core.estimators.mcmc_saem - INFO - ---------------------------------- MCMC Iteration: 4 -------------------------------------
2021-09-02 13:18:51,417 - deformetrica.core.estimators.mcmc_saem - INFO - >> Average acceptance rates (all past iterations):
2021-09-02 13:18:51,418 - deformetrica.core.estimators.mcmc_saem - INFO -        41.75   onset_age
2021-09-02 13:18:51,418 - deformetrica.core.estimators.mcmc_saem - INFO -        72.91666666666664   log_acceleration
2021-09-02 13:18:51,418 - deformetrica.core.estimators.mcmc_saem - INFO -        33.91666666666667   sources
2021-09-02 13:18:51,418 - deformetrica.core.models.longitudinal_metric_learning - INFO - >> Model parameters:
2021-09-02 13:18:51,418 - deformetrica.core.models.longitudinal_metric_learning - INFO - 		 noise_variance    =	0.0695
2021-09-02 13:18:51,418 - deformetrica.core.models.longitudinal_metric_learning - INFO - 		 onset_ages        =	71.755	[ mean ]	+/-	20.7576	[std]
2021-09-02 13:18:51,418 - deformetrica.core.models.longitudinal_metric_learning - INFO - 		 log_accelerations =	-0.0000	[ mean ]	+/-	0.4654	[std]
2021-09-02 13:18:51,418 - deformetrica.core.models.longitudinal_metric_learning - INFO - 		 sources           =	-0.0094	[ mean ]	+/-	1.0000	[std]
2021-09-02 13:20:13,402 - deformetrica.core.estimator_tools.samplers.srw_mhwg_sampler - INFO - >> Proposal std re-evaluated from:
		 9.630 	to	9.542 	[ onset_age ]
		 0.416 	to	0.442 	[ log_acceleration ]
		 1.023 	to	0.948 	[ sources ]
2021-09-02 13:20:22,637 - deformetrica.core.estimators.mcmc_saem - INFO - 
2021-09-02 13:20:22,637 - deformetrica.core.estimators.mcmc_saem - INFO - [ maximizing over the fixed effects with the GradientAscent optimizer ]
2021-09-02 13:20:55,474 - deformetrica.core.estimators.gradient_ascent - INFO - --------------------------------- GA Iteration: 0/1 -----------------------------------
2021-09-02 13:20:55,475 - deformetrica.core.estimators.gradient_ascent - INFO - >> Log-likelihood = -5.327E+03 	 [ attachment = -4.948E+03 ; regularity = -3.790E+02 ]
2021-09-02 13:20:55,475 - deformetrica.core.estimators.gradient_ascent - INFO - >> Step size and gradient norm: 
2021-09-02 13:20:55,475 - deformetrica.core.estimators.gradient_ascent - INFO - 		4.343E-10   and   1.985E+05 	[ v0 ]
2021-09-02 13:20:55,475 - deformetrica.core.estimators.gradient_ascent - INFO - 		1.161E-07   and   1.565E+04 	[ p0 ]
2021-09-02 13:20:55,475 - deformetrica.core.estimators.gradient_ascent - INFO - 		9.245E-07   and   1.100E+04 	[ metric_parameters ]
2021-09-02 13:20:55,475 - deformetrica.core.estimators.gradient_ascent - INFO - 		5.136E-07   and   5.661E+03 	[ modulation_matrix ]
2021-09-02 13:21:04,136 - deformetrica.core.estimators.gradient_ascent - INFO - --------------------------------- GA Iteration: 1/1 -----------------------------------
2021-09-02 13:21:04,136 - deformetrica.core.estimators.gradient_ascent - INFO - >> Log-likelihood = -5.295E+03 	 [ attachment = -4.916E+03 ; regularity = -3.790E+02 ]
2021-09-02 13:21:04,136 - deformetrica.core.estimators.mcmc_saem - INFO - 
2021-09-02 13:21:04,137 - deformetrica.core.estimators.mcmc_saem - INFO - [ end of the gradient-based maximization ]
2021-09-02 13:21:04,142 - deformetrica.core.estimators.mcmc_saem - INFO - 
2021-09-02 13:21:04,142 - deformetrica.core.estimators.mcmc_saem - INFO - ---------------------------------- MCMC Iteration: 5 -------------------------------------
2021-09-02 13:21:04,142 - deformetrica.core.estimators.mcmc_saem - INFO - >> Average acceptance rates (all past iterations):
2021-09-02 13:21:04,142 - deformetrica.core.estimators.mcmc_saem - INFO -        39.3   onset_age
2021-09-02 13:21:04,142 - deformetrica.core.estimators.mcmc_saem - INFO -        68.69999999999997   log_acceleration
2021-09-02 13:21:04,142 - deformetrica.core.estimators.mcmc_saem - INFO -        32.733333333333334   sources
2021-09-02 13:21:04,142 - deformetrica.core.models.longitudinal_metric_learning - INFO - >> Model parameters:
2021-09-02 13:21:04,142 - deformetrica.core.models.longitudinal_metric_learning - INFO - 		 noise_variance    =	0.0605
2021-09-02 13:21:04,143 - deformetrica.core.models.longitudinal_metric_learning - INFO - 		 onset_ages        =	72.072	[ mean ]	+/-	21.0020	[std]
2021-09-02 13:21:04,143 - deformetrica.core.models.longitudinal_metric_learning - INFO - 		 log_accelerations =	-0.0000	[ mean ]	+/-	0.4769	[std]
2021-09-02 13:21:04,143 - deformetrica.core.models.longitudinal_metric_learning - INFO - 		 sources           =	-0.0802	[ mean ]	+/-	1.0000	[std]
2021-09-02 13:22:25,241 - deformetrica.core.estimator_tools.samplers.srw_mhwg_sampler - INFO - >> Proposal std re-evaluated from:
		 9.679 	to	9.463 	[ onset_age ]
		 0.468 	to	0.497 	[ log_acceleration ]
		 0.966 	to	0.960 	[ sources ]
2021-09-02 13:22:36,545 - deformetrica.core.estimators.mcmc_saem - INFO - 
2021-09-02 13:22:36,545 - deformetrica.core.estimators.mcmc_saem - INFO - [ maximizing over the fixed effects with the GradientAscent optimizer ]
2021-09-02 13:23:14,306 - deformetrica.core.estimators.gradient_ascent - INFO - --------------------------------- GA Iteration: 0/1 -----------------------------------
2021-09-02 13:23:14,306 - deformetrica.core.estimators.gradient_ascent - INFO - >> Log-likelihood = -6.323E+03 	 [ attachment = -5.946E+03 ; regularity = -3.772E+02 ]
2021-09-02 13:23:14,306 - deformetrica.core.estimators.gradient_ascent - INFO - >> Step size and gradient norm: 
2021-09-02 13:23:14,306 - deformetrica.core.estimators.gradient_ascent - INFO - 		6.553E-10   and   5.235E+05 	[ v0 ]
2021-09-02 13:23:14,306 - deformetrica.core.estimators.gradient_ascent - INFO - 		1.741E-07   and   1.224E+05 	[ p0 ]
2021-09-02 13:23:14,306 - deformetrica.core.estimators.gradient_ascent - INFO - 		1.387E-06   and   8.591E+04 	[ metric_parameters ]
2021-09-02 13:23:14,306 - deformetrica.core.estimators.gradient_ascent - INFO - 		8.257E-07   and   6.464E+03 	[ modulation_matrix ]
2021-09-02 13:24:04,265 - deformetrica.core.estimators.gradient_ascent - INFO - >> Step size and gradient norm: 
2021-09-02 13:24:04,266 - deformetrica.core.estimators.gradient_ascent - INFO - 		5.243E-10   and   5.235E+05 	[ v0 ]
2021-09-02 13:24:04,266 - deformetrica.core.estimators.gradient_ascent - INFO - 		1.393E-07   and   1.224E+05 	[ p0 ]
2021-09-02 13:24:04,266 - deformetrica.core.estimators.gradient_ascent - INFO - 		1.109E-06   and   8.591E+04 	[ metric_parameters ]
2021-09-02 13:24:04,266 - deformetrica.core.estimators.gradient_ascent - INFO - 		6.605E-07   and   6.464E+03 	[ modulation_matrix ]
2021-09-02 13:24:51,488 - deformetrica.core.estimators.gradient_ascent - INFO - >> Step size and gradient norm: 
2021-09-02 13:24:51,488 - deformetrica.core.estimators.gradient_ascent - INFO - 		4.194E-10   and   5.235E+05 	[ v0 ]
2021-09-02 13:24:51,489 - deformetrica.core.estimators.gradient_ascent - INFO - 		1.114E-07   and   1.224E+05 	[ p0 ]
2021-09-02 13:24:51,489 - deformetrica.core.estimators.gradient_ascent - INFO - 		8.875E-07   and   8.591E+04 	[ metric_parameters ]
2021-09-02 13:24:51,489 - deformetrica.core.estimators.gradient_ascent - INFO - 		5.284E-07   and   6.464E+03 	[ modulation_matrix ]
2021-09-02 13:25:38,167 - deformetrica.core.estimators.gradient_ascent - INFO - Number of line search loops exceeded. Stopping.
2021-09-02 13:25:38,167 - deformetrica.core.estimators.gradient_ascent - INFO - --------------------------------- GA Iteration: 1/1 -----------------------------------
2021-09-02 13:25:38,167 - deformetrica.core.estimators.gradient_ascent - INFO - >> Log-likelihood = -8.002E+03 	 [ attachment = -7.625E+03 ; regularity = -3.772E+02 ]
2021-09-02 13:25:38,168 - deformetrica.core.estimators.mcmc_saem - INFO - 
2021-09-02 13:25:38,168 - deformetrica.core.estimators.mcmc_saem - INFO - [ end of the gradient-based maximization ]
2021-09-02 13:25:38,174 - deformetrica.core.estimators.mcmc_saem - INFO - 
2021-09-02 13:25:38,174 - deformetrica.core.estimators.mcmc_saem - INFO - ---------------------------------- MCMC Iteration: 6 -------------------------------------
2021-09-02 13:25:38,174 - deformetrica.core.estimators.mcmc_saem - INFO - >> Average acceptance rates (all past iterations):
2021-09-02 13:25:38,174 - deformetrica.core.estimators.mcmc_saem - INFO -        38.30555555555556   onset_age
2021-09-02 13:25:38,174 - deformetrica.core.estimators.mcmc_saem - INFO -        65.13888888888886   log_acceleration
2021-09-02 13:25:38,174 - deformetrica.core.estimators.mcmc_saem - INFO -        33.08333333333333   sources
2021-09-02 13:25:38,174 - deformetrica.core.models.longitudinal_metric_learning - INFO - >> Model parameters:
2021-09-02 13:25:38,174 - deformetrica.core.models.longitudinal_metric_learning - INFO - 		 noise_variance    =	0.0611
2021-09-02 13:25:38,174 - deformetrica.core.models.longitudinal_metric_learning - INFO - 		 onset_ages        =	71.895	[ mean ]	+/-	21.0591	[std]
2021-09-02 13:25:38,174 - deformetrica.core.models.longitudinal_metric_learning - INFO - 		 log_accelerations =	0.0000	[ mean ]	+/-	0.4781	[std]
2021-09-02 13:25:38,174 - deformetrica.core.models.longitudinal_metric_learning - INFO - 		 sources           =	0.0159	[ mean ]	+/-	1.0000	[std]
2021-09-02 13:27:10,014 - deformetrica.core.estimator_tools.samplers.srw_mhwg_sampler - INFO - >> Proposal std re-evaluated from:
		 9.777 	to	9.953 	[ onset_age ]
		 0.531 	to	0.557 	[ log_acceleration ]
		 0.965 	to	0.968 	[ sources ]
2021-09-02 13:27:21,568 - deformetrica.core.estimators.mcmc_saem - INFO - 
2021-09-02 13:27:21,568 - deformetrica.core.estimators.mcmc_saem - INFO - [ maximizing over the fixed effects with the GradientAscent optimizer ]
2021-09-02 13:28:05,758 - deformetrica.core.estimators.gradient_ascent - INFO - --------------------------------- GA Iteration: 0/1 -----------------------------------
2021-09-02 13:28:05,758 - deformetrica.core.estimators.gradient_ascent - INFO - >> Log-likelihood = -4.317E+03 	 [ attachment = -3.943E+03 ; regularity = -3.740E+02 ]
2021-09-02 13:28:05,759 - deformetrica.core.estimators.gradient_ascent - INFO - >> Step size and gradient norm: 
2021-09-02 13:28:05,759 - deformetrica.core.estimators.gradient_ascent - INFO - 		3.543E-10   and   6.370E+04 	[ v0 ]
2021-09-02 13:28:05,759 - deformetrica.core.estimators.gradient_ascent - INFO - 		8.913E-08   and   3.793E+04 	[ p0 ]
2021-09-02 13:28:05,759 - deformetrica.core.estimators.gradient_ascent - INFO - 		7.100E-07   and   3.808E+04 	[ metric_parameters ]
2021-09-02 13:28:05,760 - deformetrica.core.estimators.gradient_ascent - INFO - 		4.140E-07   and   2.105E+03 	[ modulation_matrix ]
2021-09-02 13:28:16,458 - deformetrica.core.estimators.gradient_ascent - INFO - --------------------------------- GA Iteration: 1/1 -----------------------------------
2021-09-02 13:28:16,459 - deformetrica.core.estimators.gradient_ascent - INFO - >> Log-likelihood = -3.429E+03 	 [ attachment = -3.055E+03 ; regularity = -3.740E+02 ]
2021-09-02 13:28:16,459 - deformetrica.core.estimators.mcmc_saem - INFO - 
2021-09-02 13:28:16,459 - deformetrica.core.estimators.mcmc_saem - INFO - [ end of the gradient-based maximization ]
2021-09-02 13:28:16,466 - deformetrica.core.estimators.mcmc_saem - INFO - 
2021-09-02 13:28:16,466 - deformetrica.core.estimators.mcmc_saem - INFO - ---------------------------------- MCMC Iteration: 7 -------------------------------------
2021-09-02 13:28:16,466 - deformetrica.core.estimators.mcmc_saem - INFO - >> Average acceptance rates (all past iterations):
2021-09-02 13:28:16,467 - deformetrica.core.estimators.mcmc_saem - INFO -        38.47619047619048   onset_age
2021-09-02 13:28:16,467 - deformetrica.core.estimators.mcmc_saem - INFO -        62.66666666666664   log_acceleration
2021-09-02 13:28:16,467 - deformetrica.core.estimators.mcmc_saem - INFO -        33.21428571428571   sources
2021-09-02 13:28:16,467 - deformetrica.core.models.longitudinal_metric_learning - INFO - >> Model parameters:
2021-09-02 13:28:16,467 - deformetrica.core.models.longitudinal_metric_learning - INFO - 		 noise_variance    =	0.0868
2021-09-02 13:28:16,467 - deformetrica.core.models.longitudinal_metric_learning - INFO - 		 onset_ages        =	72.512	[ mean ]	+/-	20.7778	[std]
2021-09-02 13:28:16,467 - deformetrica.core.models.longitudinal_metric_learning - INFO - 		 log_accelerations =	-0.0000	[ mean ]	+/-	0.4993	[std]
2021-09-02 13:28:16,467 - deformetrica.core.models.longitudinal_metric_learning - INFO - 		 sources           =	-0.2052	[ mean ]	+/-	1.0000	[std]
2021-09-02 13:29:50,525 - deformetrica.core.estimator_tools.samplers.srw_mhwg_sampler - INFO - >> Proposal std re-evaluated from:
		 10.349 	to	10.674 	[ onset_age ]
		 0.592 	to	0.622 	[ log_acceleration ]
		 0.982 	to	0.988 	[ sources ]
2021-09-02 13:30:04,168 - deformetrica.core.estimators.mcmc_saem - INFO - 
2021-09-02 13:30:04,168 - deformetrica.core.estimators.mcmc_saem - INFO - [ maximizing over the fixed effects with the GradientAscent optimizer ]
2021-09-02 13:30:43,536 - deformetrica.core.estimators.gradient_ascent - INFO - --------------------------------- GA Iteration: 0/1 -----------------------------------
2021-09-02 13:30:43,537 - deformetrica.core.estimators.gradient_ascent - INFO - >> Log-likelihood = -6.664E+03 	 [ attachment = -6.295E+03 ; regularity = -3.684E+02 ]
2021-09-02 13:30:43,537 - deformetrica.core.estimators.gradient_ascent - INFO - >> Step size and gradient norm: 
2021-09-02 13:30:43,537 - deformetrica.core.estimators.gradient_ascent - INFO - 		5.445E-10   and   4.881E+05 	[ v0 ]
2021-09-02 13:30:43,537 - deformetrica.core.estimators.gradient_ascent - INFO - 		1.337E-07   and   9.733E+04 	[ p0 ]
2021-09-02 13:30:43,537 - deformetrica.core.estimators.gradient_ascent - INFO - 		1.065E-06   and   6.456E+04 	[ metric_parameters ]
2021-09-02 13:30:43,538 - deformetrica.core.estimators.gradient_ascent - INFO - 		6.035E-07   and   7.028E+03 	[ modulation_matrix ]
2021-09-02 13:31:35,195 - deformetrica.core.estimators.gradient_ascent - INFO - >> Step size and gradient norm: 
2021-09-02 13:31:35,195 - deformetrica.core.estimators.gradient_ascent - INFO - 		4.356E-10   and   4.881E+05 	[ v0 ]
2021-09-02 13:31:35,195 - deformetrica.core.estimators.gradient_ascent - INFO - 		1.070E-07   and   9.733E+04 	[ p0 ]
2021-09-02 13:31:35,195 - deformetrica.core.estimators.gradient_ascent - INFO - 		8.520E-07   and   6.456E+04 	[ metric_parameters ]
2021-09-02 13:31:35,195 - deformetrica.core.estimators.gradient_ascent - INFO - 		4.828E-07   and   7.028E+03 	[ modulation_matrix ]
2021-09-02 13:32:23,230 - deformetrica.core.estimators.gradient_ascent - INFO - >> Step size and gradient norm: 
2021-09-02 13:32:23,230 - deformetrica.core.estimators.gradient_ascent - INFO - 		3.485E-10   and   4.881E+05 	[ v0 ]
2021-09-02 13:32:23,230 - deformetrica.core.estimators.gradient_ascent - INFO - 		8.556E-08   and   9.733E+04 	[ p0 ]
2021-09-02 13:32:23,230 - deformetrica.core.estimators.gradient_ascent - INFO - 		6.816E-07   and   6.456E+04 	[ metric_parameters ]
2021-09-02 13:32:23,230 - deformetrica.core.estimators.gradient_ascent - INFO - 		3.862E-07   and   7.028E+03 	[ modulation_matrix ]
2021-09-02 13:33:10,793 - deformetrica.core.estimators.gradient_ascent - INFO - Number of line search loops exceeded. Stopping.
2021-09-02 13:33:10,794 - deformetrica.core.estimators.gradient_ascent - INFO - --------------------------------- GA Iteration: 1/1 -----------------------------------
2021-09-02 13:33:10,794 - deformetrica.core.estimators.gradient_ascent - INFO - >> Log-likelihood = -7.345E+03 	 [ attachment = -6.976E+03 ; regularity = -3.684E+02 ]
2021-09-02 13:33:10,794 - deformetrica.core.estimators.mcmc_saem - INFO - 
2021-09-02 13:33:10,794 - deformetrica.core.estimators.mcmc_saem - INFO - [ end of the gradient-based maximization ]
2021-09-02 13:33:10,801 - deformetrica.core.estimators.mcmc_saem - INFO - 
2021-09-02 13:33:10,801 - deformetrica.core.estimators.mcmc_saem - INFO - ---------------------------------- MCMC Iteration: 8 -------------------------------------
2021-09-02 13:33:10,801 - deformetrica.core.estimators.mcmc_saem - INFO - >> Average acceptance rates (all past iterations):
2021-09-02 13:33:10,801 - deformetrica.core.estimators.mcmc_saem - INFO -        39.00000000000001   onset_age
2021-09-02 13:33:10,801 - deformetrica.core.estimators.mcmc_saem - INFO -        60.895833333333314   log_acceleration
2021-09-02 13:33:10,801 - deformetrica.core.estimators.mcmc_saem - INFO -        33.541666666666664   sources
2021-09-02 13:33:10,801 - deformetrica.core.models.longitudinal_metric_learning - INFO - >> Model parameters:
2021-09-02 13:33:10,802 - deformetrica.core.models.longitudinal_metric_learning - INFO - 		 noise_variance    =	0.0582
2021-09-02 13:33:10,802 - deformetrica.core.models.longitudinal_metric_learning - INFO - 		 onset_ages        =	72.203	[ mean ]	+/-	21.4281	[std]
2021-09-02 13:33:10,802 - deformetrica.core.models.longitudinal_metric_learning - INFO - 		 log_accelerations =	-0.0000	[ mean ]	+/-	0.4948	[std]
2021-09-02 13:33:10,802 - deformetrica.core.models.longitudinal_metric_learning - INFO - 		 sources           =	-0.0508	[ mean ]	+/-	1.0000	[std]
2021-09-02 13:34:34,725 - deformetrica.core.estimator_tools.samplers.srw_mhwg_sampler - INFO - >> Proposal std re-evaluated from:
		 10.937 	to	10.886 	[ onset_age ]
		 0.646 	to	0.648 	[ log_acceleration ]
		 0.960 	to	0.926 	[ sources ]
2021-09-02 13:34:43,985 - deformetrica.core.estimators.mcmc_saem - INFO - 
2021-09-02 13:34:43,985 - deformetrica.core.estimators.mcmc_saem - INFO - [ maximizing over the fixed effects with the GradientAscent optimizer ]
2021-09-02 13:35:26,432 - deformetrica.core.estimators.gradient_ascent - INFO - --------------------------------- GA Iteration: 0/1 -----------------------------------
2021-09-02 13:35:26,432 - deformetrica.core.estimators.gradient_ascent - INFO - >> Log-likelihood = -6.363E+03 	 [ attachment = -5.988E+03 ; regularity = -3.744E+02 ]
2021-09-02 13:35:26,432 - deformetrica.core.estimators.gradient_ascent - INFO - >> Step size and gradient norm: 
2021-09-02 13:35:26,433 - deformetrica.core.estimators.gradient_ascent - INFO - 		2.567E-10   and   2.840E+05 	[ v0 ]
2021-09-02 13:35:26,433 - deformetrica.core.estimators.gradient_ascent - INFO - 		6.845E-08   and   5.308E+04 	[ p0 ]
2021-09-02 13:35:26,433 - deformetrica.core.estimators.gradient_ascent - INFO - 		5.453E-07   and   5.218E+04 	[ metric_parameters ]
2021-09-02 13:35:26,433 - deformetrica.core.estimators.gradient_ascent - INFO - 		3.167E-07   and   5.527E+03 	[ modulation_matrix ]
2021-09-02 13:35:38,471 - deformetrica.core.estimators.gradient_ascent - INFO - --------------------------------- GA Iteration: 1/1 -----------------------------------
2021-09-02 13:35:38,471 - deformetrica.core.estimators.gradient_ascent - INFO - >> Log-likelihood = -5.745E+03 	 [ attachment = -5.371E+03 ; regularity = -3.744E+02 ]
2021-09-02 13:35:38,471 - deformetrica.core.estimators.mcmc_saem - INFO - 
2021-09-02 13:35:38,472 - deformetrica.core.estimators.mcmc_saem - INFO - [ end of the gradient-based maximization ]
2021-09-02 13:35:38,478 - deformetrica.core.estimators.mcmc_saem - INFO - 
2021-09-02 13:35:38,478 - deformetrica.core.estimators.mcmc_saem - INFO - ---------------------------------- MCMC Iteration: 9 -------------------------------------
2021-09-02 13:35:38,478 - deformetrica.core.estimators.mcmc_saem - INFO - >> Average acceptance rates (all past iterations):
2021-09-02 13:35:38,478 - deformetrica.core.estimators.mcmc_saem - INFO -        38.68518518518519   onset_age
2021-09-02 13:35:38,478 - deformetrica.core.estimators.mcmc_saem - INFO -        58.44444444444443   log_acceleration
2021-09-02 13:35:38,478 - deformetrica.core.estimators.mcmc_saem - INFO -        32.98148148148148   sources
2021-09-02 13:35:38,478 - deformetrica.core.models.longitudinal_metric_learning - INFO - >> Model parameters:
2021-09-02 13:35:38,478 - deformetrica.core.models.longitudinal_metric_learning - INFO - 		 noise_variance    =	0.0594
2021-09-02 13:35:38,478 - deformetrica.core.models.longitudinal_metric_learning - INFO - 		 onset_ages        =	72.640	[ mean ]	+/-	20.2212	[std]
2021-09-02 13:35:38,478 - deformetrica.core.models.longitudinal_metric_learning - INFO - 		 log_accelerations =	-0.0000	[ mean ]	+/-	0.5128	[std]
2021-09-02 13:35:38,478 - deformetrica.core.models.longitudinal_metric_learning - INFO - 		 sources           =	-0.1475	[ mean ]	+/-	1.0000	[std]
2021-09-02 13:37:18,676 - deformetrica.core.estimator_tools.samplers.srw_mhwg_sampler - INFO - >> Proposal std re-evaluated from:
		 10.910 	to	11.100 	[ onset_age ]
		 0.673 	to	0.694 	[ log_acceleration ]
		 0.901 	to	0.903 	[ sources ]
2021-09-02 13:37:30,104 - deformetrica.core.estimators.mcmc_saem - INFO - 
2021-09-02 13:37:30,104 - deformetrica.core.estimators.mcmc_saem - INFO - [ maximizing over the fixed effects with the GradientAscent optimizer ]
2021-09-02 13:38:11,180 - deformetrica.core.estimators.gradient_ascent - INFO - --------------------------------- GA Iteration: 0/1 -----------------------------------
2021-09-02 13:38:11,182 - deformetrica.core.estimators.gradient_ascent - INFO - >> Log-likelihood = -7.545E+03 	 [ attachment = -7.175E+03 ; regularity = -3.704E+02 ]
2021-09-02 13:38:11,182 - deformetrica.core.estimators.gradient_ascent - INFO - >> Step size and gradient norm: 
2021-09-02 13:38:11,182 - deformetrica.core.estimators.gradient_ascent - INFO - 		3.980E-10   and   9.300E+05 	[ v0 ]
2021-09-02 13:38:11,182 - deformetrica.core.estimators.gradient_ascent - INFO - 		1.027E-07   and   1.703E+05 	[ p0 ]
2021-09-02 13:38:11,182 - deformetrica.core.estimators.gradient_ascent - INFO - 		8.179E-07   and   1.096E+05 	[ metric_parameters ]
2021-09-02 13:38:11,182 - deformetrica.core.estimators.gradient_ascent - INFO - 		5.205E-07   and   5.679E+03 	[ modulation_matrix ]
2021-09-02 13:38:21,941 - deformetrica.core.estimators.gradient_ascent - INFO - --------------------------------- GA Iteration: 1/1 -----------------------------------
2021-09-02 13:38:21,941 - deformetrica.core.estimators.gradient_ascent - INFO - >> Log-likelihood = -7.441E+03 	 [ attachment = -7.071E+03 ; regularity = -3.704E+02 ]
2021-09-02 13:38:21,941 - deformetrica.core.estimators.mcmc_saem - INFO - 
2021-09-02 13:38:21,941 - deformetrica.core.estimators.mcmc_saem - INFO - [ end of the gradient-based maximization ]
2021-09-02 13:38:21,946 - deformetrica.core.estimators.mcmc_saem - INFO - 
2021-09-02 13:38:21,946 - deformetrica.core.estimators.mcmc_saem - INFO - ---------------------------------- MCMC Iteration: 10 -------------------------------------
2021-09-02 13:38:21,946 - deformetrica.core.estimators.mcmc_saem - INFO - >> Average acceptance rates (all past iterations):
2021-09-02 13:38:21,946 - deformetrica.core.estimators.mcmc_saem - INFO -        38.416666666666664   onset_age
2021-09-02 13:38:21,946 - deformetrica.core.estimators.mcmc_saem - INFO -        56.96666666666665   log_acceleration
2021-09-02 13:38:21,946 - deformetrica.core.estimators.mcmc_saem - INFO -        32.816666666666656   sources
2021-09-02 13:38:21,947 - deformetrica.core.models.longitudinal_metric_learning - INFO - >> Model parameters:
2021-09-02 13:38:21,947 - deformetrica.core.models.longitudinal_metric_learning - INFO - 		 noise_variance    =	0.0656
2021-09-02 13:38:21,947 - deformetrica.core.models.longitudinal_metric_learning - INFO - 		 onset_ages        =	71.384	[ mean ]	+/-	19.8616	[std]
2021-09-02 13:38:21,947 - deformetrica.core.models.longitudinal_metric_learning - INFO - 		 log_accelerations =	0.0000	[ mean ]	+/-	0.5499	[std]
2021-09-02 13:38:21,947 - deformetrica.core.models.longitudinal_metric_learning - INFO - 		 sources           =	0.0164	[ mean ]	+/-	1.0000	[std]
2021-09-02 13:40:00,468 - deformetrica.core.estimator_tools.samplers.srw_mhwg_sampler - INFO - >> Proposal std re-evaluated from:
		 11.229 	to	11.241 	[ onset_age ]
		 0.719 	to	0.732 	[ log_acceleration ]
		 0.868 	to	0.854 	[ sources ]
2021-09-02 13:40:11,153 - deformetrica.core.estimators.mcmc_saem - INFO - 
2021-09-02 13:40:11,153 - deformetrica.core.estimators.mcmc_saem - INFO - [ maximizing over the fixed effects with the GradientAscent optimizer ]
2021-09-02 13:40:53,671 - deformetrica.core.estimators.gradient_ascent - INFO - --------------------------------- GA Iteration: 0/1 -----------------------------------
2021-09-02 13:40:53,671 - deformetrica.core.estimators.gradient_ascent - INFO - >> Log-likelihood = -5.642E+03 	 [ attachment = -5.275E+03 ; regularity = -3.665E+02 ]
2021-09-02 13:40:53,671 - deformetrica.core.estimators.gradient_ascent - INFO - >> Step size and gradient norm: 
2021-09-02 13:40:53,672 - deformetrica.core.estimators.gradient_ascent - INFO - 		6.066E-10   and   3.723E+05 	[ v0 ]
2021-09-02 13:40:53,672 - deformetrica.core.estimators.gradient_ascent - INFO - 		1.540E-07   and   3.619E+04 	[ p0 ]
2021-09-02 13:40:53,672 - deformetrica.core.estimators.gradient_ascent - INFO - 		1.227E-06   and   3.733E+04 	[ metric_parameters ]
2021-09-02 13:40:53,672 - deformetrica.core.estimators.gradient_ascent - INFO - 		8.525E-07   and   5.134E+03 	[ modulation_matrix ]
2021-09-02 13:41:46,973 - deformetrica.core.estimators.gradient_ascent - INFO - >> Step size and gradient norm: 
2021-09-02 13:41:46,973 - deformetrica.core.estimators.gradient_ascent - INFO - 		4.853E-10   and   3.723E+05 	[ v0 ]
2021-09-02 13:41:46,974 - deformetrica.core.estimators.gradient_ascent - INFO - 		1.232E-07   and   3.619E+04 	[ p0 ]
2021-09-02 13:41:46,974 - deformetrica.core.estimators.gradient_ascent - INFO - 		9.815E-07   and   3.733E+04 	[ metric_parameters ]
2021-09-02 13:41:46,974 - deformetrica.core.estimators.gradient_ascent - INFO - 		6.820E-07   and   5.134E+03 	[ modulation_matrix ]
2021-09-02 13:42:40,456 - deformetrica.core.estimators.gradient_ascent - INFO - --------------------------------- GA Iteration: 1/1 -----------------------------------
2021-09-02 13:42:40,456 - deformetrica.core.estimators.gradient_ascent - INFO - >> Log-likelihood = -5.301E+03 	 [ attachment = -4.934E+03 ; regularity = -3.665E+02 ]
2021-09-02 13:42:40,457 - deformetrica.core.estimators.mcmc_saem - INFO - 
2021-09-02 13:42:40,457 - deformetrica.core.estimators.mcmc_saem - INFO - [ end of the gradient-based maximization ]
2021-09-02 13:42:40,463 - deformetrica.core.estimators.mcmc_saem - INFO - 
2021-09-02 13:42:40,463 - deformetrica.core.estimators.mcmc_saem - INFO - ---------------------------------- MCMC Iteration: 11 -------------------------------------
2021-09-02 13:42:40,463 - deformetrica.core.estimators.mcmc_saem - INFO - >> Average acceptance rates (all past iterations):
2021-09-02 13:42:40,463 - deformetrica.core.estimators.mcmc_saem - INFO -        38.1060606060606   onset_age
2021-09-02 13:42:40,463 - deformetrica.core.estimators.mcmc_saem - INFO -        55.56060606060604   log_acceleration
2021-09-02 13:42:40,463 - deformetrica.core.estimators.mcmc_saem - INFO -        32.43939393939393   sources
2021-09-02 13:42:40,463 - deformetrica.core.models.longitudinal_metric_learning - INFO - >> Model parameters:
2021-09-02 13:42:40,463 - deformetrica.core.models.longitudinal_metric_learning - INFO - 		 noise_variance    =	0.0625
2021-09-02 13:42:40,464 - deformetrica.core.models.longitudinal_metric_learning - INFO - 		 onset_ages        =	72.190	[ mean ]	+/-	20.4043	[std]
2021-09-02 13:42:40,464 - deformetrica.core.models.longitudinal_metric_learning - INFO - 		 log_accelerations =	-0.0000	[ mean ]	+/-	0.5625	[std]
2021-09-02 13:42:40,464 - deformetrica.core.models.longitudinal_metric_learning - INFO - 		 sources           =	-0.1424	[ mean ]	+/-	1.0000	[std]
2021-09-02 13:44:11,637 - deformetrica.core.estimator_tools.samplers.srw_mhwg_sampler - INFO - >> Proposal std re-evaluated from:
		 11.412 	to	11.639 	[ onset_age ]
		 0.748 	to	0.763 	[ log_acceleration ]
		 0.863 	to	0.841 	[ sources ]
2021-09-02 13:44:21,306 - deformetrica.core.estimators.mcmc_saem - INFO - 
2021-09-02 13:44:21,306 - deformetrica.core.estimators.mcmc_saem - INFO - [ maximizing over the fixed effects with the GradientAscent optimizer ]
2021-09-02 13:44:56,981 - deformetrica.core.estimators.gradient_ascent - INFO - --------------------------------- GA Iteration: 0/1 -----------------------------------
2021-09-02 13:44:56,982 - deformetrica.core.estimators.gradient_ascent - INFO - >> Log-likelihood = -6.331E+03 	 [ attachment = -5.968E+03 ; regularity = -3.626E+02 ]
2021-09-02 13:44:56,982 - deformetrica.core.estimators.gradient_ascent - INFO - >> Step size and gradient norm: 
2021-09-02 13:44:56,982 - deformetrica.core.estimators.gradient_ascent - INFO - 		4.649E-10   and   5.821E+05 	[ v0 ]
2021-09-02 13:44:56,982 - deformetrica.core.estimators.gradient_ascent - INFO - 		9.857E-08   and   1.252E+05 	[ p0 ]
2021-09-02 13:44:56,982 - deformetrica.core.estimators.gradient_ascent - INFO - 		7.852E-07   and   7.244E+04 	[ metric_parameters ]
2021-09-02 13:44:56,983 - deformetrica.core.estimators.gradient_ascent - INFO - 		5.863E-07   and   6.262E+03 	[ modulation_matrix ]
2021-09-02 13:45:45,034 - deformetrica.core.estimators.gradient_ascent - INFO - >> Step size and gradient norm: 
2021-09-02 13:45:45,034 - deformetrica.core.estimators.gradient_ascent - INFO - 		3.720E-10   and   5.821E+05 	[ v0 ]
2021-09-02 13:45:45,034 - deformetrica.core.estimators.gradient_ascent - INFO - 		7.886E-08   and   1.252E+05 	[ p0 ]
2021-09-02 13:45:45,034 - deformetrica.core.estimators.gradient_ascent - INFO - 		6.282E-07   and   7.244E+04 	[ metric_parameters ]
2021-09-02 13:45:45,034 - deformetrica.core.estimators.gradient_ascent - INFO - 		4.690E-07   and   6.262E+03 	[ modulation_matrix ]
2021-09-02 13:46:32,446 - deformetrica.core.estimators.gradient_ascent - INFO - >> Step size and gradient norm: 
2021-09-02 13:46:32,447 - deformetrica.core.estimators.gradient_ascent - INFO - 		2.976E-10   and   5.821E+05 	[ v0 ]
2021-09-02 13:46:32,447 - deformetrica.core.estimators.gradient_ascent - INFO - 		6.308E-08   and   1.252E+05 	[ p0 ]
2021-09-02 13:46:32,447 - deformetrica.core.estimators.gradient_ascent - INFO - 		5.025E-07   and   7.244E+04 	[ metric_parameters ]
2021-09-02 13:46:32,447 - deformetrica.core.estimators.gradient_ascent - INFO - 		3.752E-07   and   6.262E+03 	[ modulation_matrix ]
2021-09-02 13:47:20,095 - deformetrica.core.estimators.gradient_ascent - INFO - --------------------------------- GA Iteration: 1/1 -----------------------------------
2021-09-02 13:47:20,096 - deformetrica.core.estimators.gradient_ascent - INFO - >> Log-likelihood = -6.211E+03 	 [ attachment = -5.848E+03 ; regularity = -3.626E+02 ]
2021-09-02 13:47:20,096 - deformetrica.core.estimators.mcmc_saem - INFO - 
2021-09-02 13:47:20,096 - deformetrica.core.estimators.mcmc_saem - INFO - [ end of the gradient-based maximization ]
2021-09-02 13:47:20,102 - deformetrica.core.estimators.mcmc_saem - INFO - 
2021-09-02 13:47:20,103 - deformetrica.core.estimators.mcmc_saem - INFO - ---------------------------------- MCMC Iteration: 12 -------------------------------------
2021-09-02 13:47:20,103 - deformetrica.core.estimators.mcmc_saem - INFO - >> Average acceptance rates (all past iterations):
2021-09-02 13:47:20,103 - deformetrica.core.estimators.mcmc_saem - INFO -        38.166666666666664   onset_age
2021-09-02 13:47:20,103 - deformetrica.core.estimators.mcmc_saem - INFO -        54.26388888888887   log_acceleration
2021-09-02 13:47:20,103 - deformetrica.core.estimators.mcmc_saem - INFO -        32.45833333333333   sources
2021-09-02 13:47:20,103 - deformetrica.core.models.longitudinal_metric_learning - INFO - >> Model parameters:
2021-09-02 13:47:20,103 - deformetrica.core.models.longitudinal_metric_learning - INFO - 		 noise_variance    =	0.0588
2021-09-02 13:47:20,103 - deformetrica.core.models.longitudinal_metric_learning - INFO - 		 onset_ages        =	72.297	[ mean ]	+/-	21.0919	[std]
2021-09-02 13:47:20,103 - deformetrica.core.models.longitudinal_metric_learning - INFO - 		 log_accelerations =	0.0000	[ mean ]	+/-	0.5730	[std]
2021-09-02 13:47:20,103 - deformetrica.core.models.longitudinal_metric_learning - INFO - 		 sources           =	-0.0015	[ mean ]	+/-	1.0000	[std]
2021-09-02 13:48:43,332 - deformetrica.core.estimator_tools.samplers.srw_mhwg_sampler - INFO - >> Proposal std re-evaluated from:
		 11.719 	to	11.627 	[ onset_age ]
		 0.778 	to	0.792 	[ log_acceleration ]
		 0.824 	to	0.821 	[ sources ]
2021-09-02 13:48:52,257 - deformetrica.core.estimators.mcmc_saem - INFO - 
2021-09-02 13:48:52,257 - deformetrica.core.estimators.mcmc_saem - INFO - [ maximizing over the fixed effects with the GradientAscent optimizer ]
2021-09-02 13:49:26,586 - deformetrica.core.estimators.gradient_ascent - INFO - --------------------------------- GA Iteration: 0/1 -----------------------------------
2021-09-02 13:49:26,587 - deformetrica.core.estimators.gradient_ascent - INFO - >> Log-likelihood = -6.469E+03 	 [ attachment = -6.107E+03 ; regularity = -3.619E+02 ]
2021-09-02 13:49:26,587 - deformetrica.core.estimators.gradient_ascent - INFO - >> Step size and gradient norm: 
2021-09-02 13:49:26,587 - deformetrica.core.estimators.gradient_ascent - INFO - 		2.296E-10   and   2.793E+05 	[ v0 ]
2021-09-02 13:49:26,587 - deformetrica.core.estimators.gradient_ascent - INFO - 		5.047E-08   and   6.976E+04 	[ p0 ]
2021-09-02 13:49:26,587 - deformetrica.core.estimators.gradient_ascent - INFO - 		4.020E-07   and   3.511E+04 	[ metric_parameters ]
2021-09-02 13:49:26,587 - deformetrica.core.estimators.gradient_ascent - INFO - 		3.805E-07   and   6.587E+03 	[ modulation_matrix ]
2021-09-02 13:49:35,668 - deformetrica.core.estimators.gradient_ascent - INFO - --------------------------------- GA Iteration: 1/1 -----------------------------------
2021-09-02 13:49:35,668 - deformetrica.core.estimators.gradient_ascent - INFO - >> Log-likelihood = -6.451E+03 	 [ attachment = -6.089E+03 ; regularity = -3.619E+02 ]
2021-09-02 13:49:35,668 - deformetrica.core.estimators.mcmc_saem - INFO - 
2021-09-02 13:49:35,668 - deformetrica.core.estimators.mcmc_saem - INFO - [ end of the gradient-based maximization ]
2021-09-02 13:49:35,676 - deformetrica.core.estimators.mcmc_saem - INFO - 
2021-09-02 13:49:35,676 - deformetrica.core.estimators.mcmc_saem - INFO - ---------------------------------- MCMC Iteration: 13 -------------------------------------
2021-09-02 13:49:35,676 - deformetrica.core.estimators.mcmc_saem - INFO - >> Average acceptance rates (all past iterations):
2021-09-02 13:49:35,676 - deformetrica.core.estimators.mcmc_saem - INFO -        37.8076923076923   onset_age
2021-09-02 13:49:35,676 - deformetrica.core.estimators.mcmc_saem - INFO -        53.11538461538459   log_acceleration
2021-09-02 13:49:35,676 - deformetrica.core.estimators.mcmc_saem - INFO -        32.34615384615384   sources
2021-09-02 13:49:35,676 - deformetrica.core.models.longitudinal_metric_learning - INFO - >> Model parameters:
2021-09-02 13:49:35,676 - deformetrica.core.models.longitudinal_metric_learning - INFO - 		 noise_variance    =	0.0554
2021-09-02 13:49:35,676 - deformetrica.core.models.longitudinal_metric_learning - INFO - 		 onset_ages        =	72.357	[ mean ]	+/-	20.4995	[std]
2021-09-02 13:49:35,677 - deformetrica.core.models.longitudinal_metric_learning - INFO - 		 log_accelerations =	0.0000	[ mean ]	+/-	0.5609	[std]
2021-09-02 13:49:35,677 - deformetrica.core.models.longitudinal_metric_learning - INFO - 		 sources           =	-0.0040	[ mean ]	+/-	1.0000	[std]
2021-09-02 13:50:56,231 - deformetrica.core.estimator_tools.samplers.srw_mhwg_sampler - INFO - >> Proposal std re-evaluated from:
		 11.406 	to	11.384 	[ onset_age ]
		 0.792 	to	0.797 	[ log_acceleration ]
		 0.814 	to	0.810 	[ sources ]
2021-09-02 13:51:05,583 - deformetrica.core.estimators.mcmc_saem - INFO - 
2021-09-02 13:51:05,583 - deformetrica.core.estimators.mcmc_saem - INFO - [ maximizing over the fixed effects with the GradientAscent optimizer ]
2021-09-02 13:51:39,207 - deformetrica.core.estimators.gradient_ascent - INFO - --------------------------------- GA Iteration: 0/1 -----------------------------------
2021-09-02 13:51:39,208 - deformetrica.core.estimators.gradient_ascent - INFO - >> Log-likelihood = -6.912E+03 	 [ attachment = -6.550E+03 ; regularity = -3.622E+02 ]
2021-09-02 13:51:39,208 - deformetrica.core.estimators.gradient_ascent - INFO - >> Step size and gradient norm: 
2021-09-02 13:51:39,208 - deformetrica.core.estimators.gradient_ascent - INFO - 		3.380E-10   and   1.956E+05 	[ v0 ]
2021-09-02 13:51:39,208 - deformetrica.core.estimators.gradient_ascent - INFO - 		7.570E-08   and   5.398E+04 	[ p0 ]
2021-09-02 13:51:39,208 - deformetrica.core.estimators.gradient_ascent - INFO - 		6.030E-07   and   2.369E+04 	[ metric_parameters ]
2021-09-02 13:51:39,208 - deformetrica.core.estimators.gradient_ascent - INFO - 		5.812E-07   and   6.890E+03 	[ modulation_matrix ]
2021-09-02 13:52:25,650 - deformetrica.core.estimators.gradient_ascent - INFO - >> Step size and gradient norm: 
2021-09-02 13:52:25,650 - deformetrica.core.estimators.gradient_ascent - INFO - 		2.704E-10   and   1.956E+05 	[ v0 ]
2021-09-02 13:52:25,650 - deformetrica.core.estimators.gradient_ascent - INFO - 		6.056E-08   and   5.398E+04 	[ p0 ]
2021-09-02 13:52:25,650 - deformetrica.core.estimators.gradient_ascent - INFO - 		4.824E-07   and   2.369E+04 	[ metric_parameters ]
2021-09-02 13:52:25,650 - deformetrica.core.estimators.gradient_ascent - INFO - 		4.649E-07   and   6.890E+03 	[ modulation_matrix ]
2021-09-02 13:53:11,905 - deformetrica.core.estimators.gradient_ascent - INFO - --------------------------------- GA Iteration: 1/1 -----------------------------------
2021-09-02 13:53:11,905 - deformetrica.core.estimators.gradient_ascent - INFO - >> Log-likelihood = -6.877E+03 	 [ attachment = -6.515E+03 ; regularity = -3.622E+02 ]
2021-09-02 13:53:11,905 - deformetrica.core.estimators.mcmc_saem - INFO - 
2021-09-02 13:53:11,905 - deformetrica.core.estimators.mcmc_saem - INFO - [ end of the gradient-based maximization ]
2021-09-02 13:53:11,911 - deformetrica.core.estimators.mcmc_saem - INFO - 
2021-09-02 13:53:11,911 - deformetrica.core.estimators.mcmc_saem - INFO - ---------------------------------- MCMC Iteration: 14 -------------------------------------
2021-09-02 13:53:11,911 - deformetrica.core.estimators.mcmc_saem - INFO - >> Average acceptance rates (all past iterations):
2021-09-02 13:53:11,912 - deformetrica.core.estimators.mcmc_saem - INFO -        37.33333333333332   onset_age
2021-09-02 13:53:11,912 - deformetrica.core.estimators.mcmc_saem - INFO -        51.76190476190474   log_acceleration
2021-09-02 13:53:11,912 - deformetrica.core.estimators.mcmc_saem - INFO -        32.3095238095238   sources
2021-09-02 13:53:11,912 - deformetrica.core.models.longitudinal_metric_learning - INFO - >> Model parameters:
2021-09-02 13:53:11,912 - deformetrica.core.models.longitudinal_metric_learning - INFO - 		 noise_variance    =	0.0527
2021-09-02 13:53:11,912 - deformetrica.core.models.longitudinal_metric_learning - INFO - 		 onset_ages        =	72.274	[ mean ]	+/-	19.9492	[std]
2021-09-02 13:53:11,912 - deformetrica.core.models.longitudinal_metric_learning - INFO - 		 log_accelerations =	0.0000	[ mean ]	+/-	0.5610	[std]
2021-09-02 13:53:11,912 - deformetrica.core.models.longitudinal_metric_learning - INFO - 		 sources           =	-0.0083	[ mean ]	+/-	1.0000	[std]
2021-09-02 13:54:34,514 - deformetrica.core.estimator_tools.samplers.srw_mhwg_sampler - INFO - >> Proposal std re-evaluated from:
		 11.216 	to	10.911 	[ onset_age ]
		 0.789 	to	0.778 	[ log_acceleration ]
		 0.780 	to	0.752 	[ sources ]
2021-09-02 13:54:43,406 - deformetrica.core.estimators.mcmc_saem - INFO - 
2021-09-02 13:54:43,406 - deformetrica.core.estimators.mcmc_saem - INFO - [ maximizing over the fixed effects with the GradientAscent optimizer ]
2021-09-02 13:55:17,556 - deformetrica.core.estimators.gradient_ascent - INFO - --------------------------------- GA Iteration: 0/1 -----------------------------------
2021-09-02 13:55:17,556 - deformetrica.core.estimators.gradient_ascent - INFO - >> Log-likelihood = -7.514E+03 	 [ attachment = -7.151E+03 ; regularity = -3.630E+02 ]
2021-09-02 13:55:17,556 - deformetrica.core.estimators.gradient_ascent - INFO - >> Step size and gradient norm: 
2021-09-02 13:55:17,556 - deformetrica.core.estimators.gradient_ascent - INFO - 		2.141E-10   and   2.127E+05 	[ v0 ]
2021-09-02 13:55:17,556 - deformetrica.core.estimators.gradient_ascent - INFO - 		4.845E-08   and   5.700E+04 	[ p0 ]
2021-09-02 13:55:17,557 - deformetrica.core.estimators.gradient_ascent - INFO - 		3.859E-07   and   2.522E+04 	[ metric_parameters ]
2021-09-02 13:55:17,557 - deformetrica.core.estimators.gradient_ascent - INFO - 		4.491E-07   and   7.525E+03 	[ modulation_matrix ]
2021-09-02 13:55:26,760 - deformetrica.core.estimators.gradient_ascent - INFO - --------------------------------- GA Iteration: 1/1 -----------------------------------
2021-09-02 13:55:26,760 - deformetrica.core.estimators.gradient_ascent - INFO - >> Log-likelihood = -7.506E+03 	 [ attachment = -7.142E+03 ; regularity = -3.630E+02 ]
2021-09-02 13:55:26,760 - deformetrica.core.estimators.mcmc_saem - INFO - 
2021-09-02 13:55:26,760 - deformetrica.core.estimators.mcmc_saem - INFO - [ end of the gradient-based maximization ]
2021-09-02 13:55:26,767 - deformetrica.core.estimators.mcmc_saem - INFO - 
2021-09-02 13:55:26,767 - deformetrica.core.estimators.mcmc_saem - INFO - ---------------------------------- MCMC Iteration: 15 -------------------------------------
2021-09-02 13:55:26,767 - deformetrica.core.estimators.mcmc_saem - INFO - >> Average acceptance rates (all past iterations):
2021-09-02 13:55:26,767 - deformetrica.core.estimators.mcmc_saem - INFO -        36.78888888888888   onset_age
2021-09-02 13:55:26,767 - deformetrica.core.estimators.mcmc_saem - INFO -        50.366666666666646   log_acceleration
2021-09-02 13:55:26,767 - deformetrica.core.estimators.mcmc_saem - INFO -        31.911111111111104   sources
2021-09-02 13:55:26,767 - deformetrica.core.models.longitudinal_metric_learning - INFO - >> Model parameters:
2021-09-02 13:55:26,767 - deformetrica.core.models.longitudinal_metric_learning - INFO - 		 noise_variance    =	0.0507
2021-09-02 13:55:26,767 - deformetrica.core.models.longitudinal_metric_learning - INFO - 		 onset_ages        =	72.810	[ mean ]	+/-	19.8121	[std]
2021-09-02 13:55:26,767 - deformetrica.core.models.longitudinal_metric_learning - INFO - 		 log_accelerations =	-0.0000	[ mean ]	+/-	0.5484	[std]
2021-09-02 13:55:26,767 - deformetrica.core.models.longitudinal_metric_learning - INFO - 		 sources           =	0.0230	[ mean ]	+/-	1.0000	[std]
2021-09-02 13:56:48,331 - deformetrica.core.estimator_tools.samplers.srw_mhwg_sampler - INFO - >> Proposal std re-evaluated from:
		 10.969 	to	10.737 	[ onset_age ]
		 0.771 	to	0.759 	[ log_acceleration ]
		 0.724 	to	0.712 	[ sources ]
2021-09-02 13:56:57,586 - deformetrica.core.estimators.mcmc_saem - INFO - 
2021-09-02 13:56:57,587 - deformetrica.core.estimators.mcmc_saem - INFO - [ maximizing over the fixed effects with the GradientAscent optimizer ]
2021-09-02 13:57:31,829 - deformetrica.core.estimators.gradient_ascent - INFO - --------------------------------- GA Iteration: 0/1 -----------------------------------
2021-09-02 13:57:31,829 - deformetrica.core.estimators.gradient_ascent - INFO - >> Log-likelihood = -7.656E+03 	 [ attachment = -7.291E+03 ; regularity = -3.651E+02 ]
2021-09-02 13:57:31,829 - deformetrica.core.estimators.gradient_ascent - INFO - >> Step size and gradient norm: 
2021-09-02 13:57:31,829 - deformetrica.core.estimators.gradient_ascent - INFO - 		3.205E-10   and   2.820E+04 	[ v0 ]
2021-09-02 13:57:31,829 - deformetrica.core.estimators.gradient_ascent - INFO - 		7.267E-08   and   2.068E+04 	[ p0 ]
2021-09-02 13:57:31,829 - deformetrica.core.estimators.gradient_ascent - INFO - 		5.789E-07   and   8.847E+03 	[ metric_parameters ]
2021-09-02 13:57:31,829 - deformetrica.core.estimators.gradient_ascent - INFO - 		7.198E-07   and   7.136E+03 	[ modulation_matrix ]
2021-09-02 13:57:41,006 - deformetrica.core.estimators.gradient_ascent - INFO - --------------------------------- GA Iteration: 1/1 -----------------------------------
2021-09-02 13:57:41,006 - deformetrica.core.estimators.gradient_ascent - INFO - >> Log-likelihood = -7.562E+03 	 [ attachment = -7.196E+03 ; regularity = -3.651E+02 ]
2021-09-02 13:57:41,006 - deformetrica.core.estimators.mcmc_saem - INFO - 
2021-09-02 13:57:41,006 - deformetrica.core.estimators.mcmc_saem - INFO - [ end of the gradient-based maximization ]
2021-09-02 13:57:41,012 - deformetrica.core.estimators.mcmc_saem - INFO - 
2021-09-02 13:57:41,012 - deformetrica.core.estimators.mcmc_saem - INFO - ---------------------------------- MCMC Iteration: 16 -------------------------------------
2021-09-02 13:57:41,012 - deformetrica.core.estimators.mcmc_saem - INFO - >> Average acceptance rates (all past iterations):
2021-09-02 13:57:41,012 - deformetrica.core.estimators.mcmc_saem - INFO -        36.48958333333333   onset_age
2021-09-02 13:57:41,012 - deformetrica.core.estimators.mcmc_saem - INFO -        49.13541666666664   log_acceleration
2021-09-02 13:57:41,012 - deformetrica.core.estimators.mcmc_saem - INFO -        31.66666666666666   sources
2021-09-02 13:57:41,012 - deformetrica.core.models.longitudinal_metric_learning - INFO - >> Model parameters:
2021-09-02 13:57:41,012 - deformetrica.core.models.longitudinal_metric_learning - INFO - 		 noise_variance    =	0.0492
2021-09-02 13:57:41,012 - deformetrica.core.models.longitudinal_metric_learning - INFO - 		 onset_ages        =	73.166	[ mean ]	+/-	19.1209	[std]
2021-09-02 13:57:41,012 - deformetrica.core.models.longitudinal_metric_learning - INFO - 		 log_accelerations =	-0.0000	[ mean ]	+/-	0.5261	[std]
2021-09-02 13:57:41,012 - deformetrica.core.models.longitudinal_metric_learning - INFO - 		 sources           =	-0.0069	[ mean ]	+/-	1.0000	[std]
2021-09-02 13:59:04,934 - deformetrica.core.estimator_tools.samplers.srw_mhwg_sampler - INFO - >> Proposal std re-evaluated from:
		 10.439 	to	10.422 	[ onset_age ]
		 0.748 	to	0.752 	[ log_acceleration ]
		 0.703 	to	0.699 	[ sources ]
2021-09-02 13:59:14,172 - deformetrica.core.estimators.mcmc_saem - INFO - 
2021-09-02 13:59:14,172 - deformetrica.core.estimators.mcmc_saem - INFO - [ maximizing over the fixed effects with the GradientAscent optimizer ]
2021-09-02 13:59:49,522 - deformetrica.core.estimators.gradient_ascent - INFO - --------------------------------- GA Iteration: 0/1 -----------------------------------
2021-09-02 13:59:49,522 - deformetrica.core.estimators.gradient_ascent - INFO - >> Log-likelihood = -8.133E+03 	 [ attachment = -7.767E+03 ; regularity = -3.666E+02 ]
2021-09-02 13:59:49,522 - deformetrica.core.estimators.gradient_ascent - INFO - >> Step size and gradient norm: 
2021-09-02 13:59:49,522 - deformetrica.core.estimators.gradient_ascent - INFO - 		4.987E-10   and   1.551E+05 	[ v0 ]
2021-09-02 13:59:49,522 - deformetrica.core.estimators.gradient_ascent - INFO - 		1.090E-07   and   2.735E+04 	[ p0 ]
2021-09-02 13:59:49,522 - deformetrica.core.estimators.gradient_ascent - INFO - 		8.684E-07   and   6.828E+03 	[ metric_parameters ]
2021-09-02 13:59:49,522 - deformetrica.core.estimators.gradient_ascent - INFO - 		1.096E-06   and   7.811E+03 	[ modulation_matrix ]
2021-09-02 13:59:59,005 - deformetrica.core.estimators.gradient_ascent - INFO - --------------------------------- GA Iteration: 1/1 -----------------------------------
2021-09-02 13:59:59,005 - deformetrica.core.estimators.gradient_ascent - INFO - >> Log-likelihood = -7.931E+03 	 [ attachment = -7.564E+03 ; regularity = -3.666E+02 ]
2021-09-02 13:59:59,005 - deformetrica.core.estimators.mcmc_saem - INFO - 
2021-09-02 13:59:59,005 - deformetrica.core.estimators.mcmc_saem - INFO - [ end of the gradient-based maximization ]
2021-09-02 13:59:59,011 - deformetrica.core.estimators.mcmc_saem - INFO - 
2021-09-02 13:59:59,011 - deformetrica.core.estimators.mcmc_saem - INFO - ---------------------------------- MCMC Iteration: 17 -------------------------------------
2021-09-02 13:59:59,011 - deformetrica.core.estimators.mcmc_saem - INFO - >> Average acceptance rates (all past iterations):
2021-09-02 13:59:59,011 - deformetrica.core.estimators.mcmc_saem - INFO -        36.11764705882353   onset_age
2021-09-02 13:59:59,011 - deformetrica.core.estimators.mcmc_saem - INFO -        48.16666666666664   log_acceleration
2021-09-02 13:59:59,011 - deformetrica.core.estimators.mcmc_saem - INFO -        31.63725490196078   sources
2021-09-02 13:59:59,011 - deformetrica.core.models.longitudinal_metric_learning - INFO - >> Model parameters:
2021-09-02 13:59:59,011 - deformetrica.core.models.longitudinal_metric_learning - INFO - 		 noise_variance    =	0.0477
2021-09-02 13:59:59,012 - deformetrica.core.models.longitudinal_metric_learning - INFO - 		 onset_ages        =	72.547	[ mean ]	+/-	18.5069	[std]
2021-09-02 13:59:59,012 - deformetrica.core.models.longitudinal_metric_learning - INFO - 		 log_accelerations =	0.0000	[ mean ]	+/-	0.5478	[std]
2021-09-02 13:59:59,012 - deformetrica.core.models.longitudinal_metric_learning - INFO - 		 sources           =	-0.0226	[ mean ]	+/-	1.0000	[std]
2021-09-02 14:01:26,620 - deformetrica.core.estimator_tools.samplers.srw_mhwg_sampler - INFO - >> Proposal std re-evaluated from:
		 10.088 	to	9.770 	[ onset_age ]
		 0.752 	to	0.756 	[ log_acceleration ]
		 0.682 	to	0.654 	[ sources ]
2021-09-02 14:01:38,537 - deformetrica.core.estimators.mcmc_saem - INFO - 
2021-09-02 14:01:38,537 - deformetrica.core.estimators.mcmc_saem - INFO - [ maximizing over the fixed effects with the GradientAscent optimizer ]
2021-09-02 14:02:18,718 - deformetrica.core.estimators.gradient_ascent - INFO - --------------------------------- GA Iteration: 0/1 -----------------------------------
2021-09-02 14:02:18,720 - deformetrica.core.estimators.gradient_ascent - INFO - >> Log-likelihood = -8.733E+03 	 [ attachment = -8.365E+03 ; regularity = -3.679E+02 ]
2021-09-02 14:02:18,720 - deformetrica.core.estimators.gradient_ascent - INFO - >> Step size and gradient norm: 
2021-09-02 14:02:18,720 - deformetrica.core.estimators.gradient_ascent - INFO - 		7.556E-10   and   2.199E+05 	[ v0 ]
2021-09-02 14:02:18,721 - deformetrica.core.estimators.gradient_ascent - INFO - 		1.635E-07   and   5.575E+04 	[ p0 ]
2021-09-02 14:02:18,721 - deformetrica.core.estimators.gradient_ascent - INFO - 		1.303E-06   and   1.998E+04 	[ metric_parameters ]
2021-09-02 14:02:18,721 - deformetrica.core.estimators.gradient_ascent - INFO - 		1.620E-06   and   8.559E+03 	[ modulation_matrix ]
2021-09-02 14:03:07,489 - deformetrica.core.estimators.gradient_ascent - INFO - >> Step size and gradient norm: 
2021-09-02 14:03:07,489 - deformetrica.core.estimators.gradient_ascent - INFO - 		6.045E-10   and   2.199E+05 	[ v0 ]
2021-09-02 14:03:07,489 - deformetrica.core.estimators.gradient_ascent - INFO - 		1.308E-07   and   5.575E+04 	[ p0 ]
2021-09-02 14:03:07,489 - deformetrica.core.estimators.gradient_ascent - INFO - 		1.042E-06   and   1.998E+04 	[ metric_parameters ]
2021-09-02 14:03:07,489 - deformetrica.core.estimators.gradient_ascent - INFO - 		1.296E-06   and   8.559E+03 	[ modulation_matrix ]
2021-09-02 14:03:57,447 - deformetrica.core.estimators.gradient_ascent - INFO - >> Step size and gradient norm: 
2021-09-02 14:03:57,447 - deformetrica.core.estimators.gradient_ascent - INFO - 		4.836E-10   and   2.199E+05 	[ v0 ]
2021-09-02 14:03:57,447 - deformetrica.core.estimators.gradient_ascent - INFO - 		1.046E-07   and   5.575E+04 	[ p0 ]
2021-09-02 14:03:57,447 - deformetrica.core.estimators.gradient_ascent - INFO - 		8.336E-07   and   1.998E+04 	[ metric_parameters ]
2021-09-02 14:03:57,447 - deformetrica.core.estimators.gradient_ascent - INFO - 		1.037E-06   and   8.559E+03 	[ modulation_matrix ]
2021-09-02 14:04:51,773 - deformetrica.core.estimators.gradient_ascent - INFO - Number of line search loops exceeded. Stopping.
2021-09-02 14:04:51,774 - deformetrica.core.estimators.gradient_ascent - INFO - --------------------------------- GA Iteration: 1/1 -----------------------------------
2021-09-02 14:04:51,774 - deformetrica.core.estimators.gradient_ascent - INFO - >> Log-likelihood = -9.193E+03 	 [ attachment = -8.825E+03 ; regularity = -3.679E+02 ]
2021-09-02 14:04:51,774 - deformetrica.core.estimators.mcmc_saem - INFO - 
2021-09-02 14:04:51,774 - deformetrica.core.estimators.mcmc_saem - INFO - [ end of the gradient-based maximization ]
2021-09-02 14:04:51,782 - deformetrica.core.estimators.mcmc_saem - INFO - 
2021-09-02 14:04:51,782 - deformetrica.core.estimators.mcmc_saem - INFO - ---------------------------------- MCMC Iteration: 18 -------------------------------------
2021-09-02 14:04:51,782 - deformetrica.core.estimators.mcmc_saem - INFO - >> Average acceptance rates (all past iterations):
2021-09-02 14:04:51,782 - deformetrica.core.estimators.mcmc_saem - INFO -        35.59259259259259   onset_age
2021-09-02 14:04:51,782 - deformetrica.core.estimators.mcmc_saem - INFO -        47.38888888888887   log_acceleration
2021-09-02 14:04:51,782 - deformetrica.core.estimators.mcmc_saem - INFO -        31.351851851851848   sources
2021-09-02 14:04:51,782 - deformetrica.core.models.longitudinal_metric_learning - INFO - >> Model parameters:
2021-09-02 14:04:51,782 - deformetrica.core.models.longitudinal_metric_learning - INFO - 		 noise_variance    =	0.0464
2021-09-02 14:04:51,782 - deformetrica.core.models.longitudinal_metric_learning - INFO - 		 onset_ages        =	72.361	[ mean ]	+/-	18.3788	[std]
2021-09-02 14:04:51,782 - deformetrica.core.models.longitudinal_metric_learning - INFO - 		 log_accelerations =	-0.0000	[ mean ]	+/-	0.5469	[std]
2021-09-02 14:04:51,782 - deformetrica.core.models.longitudinal_metric_learning - INFO - 		 sources           =	-0.0068	[ mean ]	+/-	1.0000	[std]
2021-09-02 14:05:11,731 - deformetrica.core.estimators.mcmc_saem - INFO - 
2021-09-02 14:05:11,731 - deformetrica.core.estimators.mcmc_saem - INFO - ---------------------------------- MCMC Iteration: 18 -------------------------------------
2021-09-02 14:05:11,731 - deformetrica.core.estimators.mcmc_saem - INFO - >> Average acceptance rates (all past iterations):
2021-09-02 14:05:11,731 - deformetrica.core.estimators.mcmc_saem - INFO -        35.59259259259259   onset_age
2021-09-02 14:05:11,731 - deformetrica.core.estimators.mcmc_saem - INFO -        47.38888888888887   log_acceleration
2021-09-02 14:05:11,731 - deformetrica.core.estimators.mcmc_saem - INFO -        31.351851851851848   sources
2021-09-02 14:05:11,731 - deformetrica.core.models.longitudinal_metric_learning - INFO - >> Model parameters:
2021-09-02 14:05:11,731 - deformetrica.core.models.longitudinal_metric_learning - INFO - 		 noise_variance    =	0.0464
2021-09-02 14:05:11,732 - deformetrica.core.models.longitudinal_metric_learning - INFO - 		 onset_ages        =	72.277	[ mean ]	+/-	18.8565	[std]
2021-09-02 14:05:11,732 - deformetrica.core.models.longitudinal_metric_learning - INFO - 		 log_accelerations =	0.0000	[ mean ]	+/-	0.4635	[std]
2021-09-02 14:05:11,732 - deformetrica.core.models.longitudinal_metric_learning - INFO - 		 sources           =	-0.0137	[ mean ]	+/-	0.9317	[std]
2021-09-02 14:05:51,470 - __main__ - INFO - >> Estimation took: 3378.635787010193
