2021-08-13 13:00:24,124 - root - ERROR - Logger has been set to: INFO
2021-08-13 13:00:24,125 - __main__ - INFO - 
2021-08-13 13:00:24,125 - __main__ - INFO - [ estimate_longitudinal_metric_model function ]
2021-08-13 13:00:24,512 - __main__ - INFO - Setting initial onset ages from simulated_study/preprocessing_1/2_gradient_descent_on_the_mode/LongitudinalMetricModel_onset_ages.txt file
2021-08-13 13:00:24,513 - __main__ - INFO - Setting initial log accelerations from simulated_study/preprocessing_1/2_gradient_descent_on_the_mode/LongitudinalMetricModel_log_accelerations.txt file
2021-08-13 13:00:24,515 - __main__ - INFO - Initializing exponential type to parametric
2021-08-13 13:00:24,515 - __main__ - INFO - Loading metric parameters from file simulated_study/preprocessing_1/2_gradient_descent_on_the_mode/LongitudinalMetricModel_metric_parameters.txt
2021-08-13 13:00:24,515 - __main__ - INFO - Loading the interpolation points from file simulated_study/preprocessing_1/2_gradient_descent_on_the_mode/LongitudinalMetricModel_interpolation_points.txt
2021-08-13 13:00:24,516 - __main__ - INFO - The width for the metric interpolation is set to 0.15
2021-08-13 13:00:24,516 - __main__ - INFO - I am setting the no_parallel_transport flag to False.
2021-08-13 13:00:24,517 - __main__ - INFO - >> Reading 1-source initial modulation matrix from file: simulated_study/preprocessing_1/2_gradient_descent_on_the_mode/LongitudinalMetricModel_modulation_matrix.txt
2021-08-13 13:00:24,517 - __main__ - INFO - Setting initial sources from simulated_study/preprocessing_1/2_gradient_descent_on_the_mode/LongitudinalMetricModel_sources.txt file
2021-08-13 13:00:24,519 - deformetrica.core.models.longitudinal_metric_learning - INFO - Acceleration factors max/min: (1.7540755, 146, 0.27534017, 237)
2021-08-13 13:00:41,590 - __main__ - INFO - >> Initial noise variance set to 0.03519347752308628 based on the initial mean residual value.
2021-08-13 13:00:41,591 - deformetrica.core.models.longitudinal_metric_learning - INFO - >> The time shift variance prior degrees of freedom parameter is set to 300
2021-08-13 13:00:41,591 - deformetrica.core.models.longitudinal_metric_learning - INFO - >> The log-acceleration variance prior degrees of freedom parameter is set to the number of subjects: 300
2021-08-13 13:00:41,591 - deformetrica.core.models.longitudinal_metric_learning - INFO - ('v0', False)
2021-08-13 13:00:41,591 - deformetrica.core.models.longitudinal_metric_learning - INFO - ('p0', False)
2021-08-13 13:00:41,591 - deformetrica.core.models.longitudinal_metric_learning - INFO - ('reference_time', False)
2021-08-13 13:00:41,591 - deformetrica.core.models.longitudinal_metric_learning - INFO - ('onset_age_variance', False)
2021-08-13 13:00:41,591 - deformetrica.core.models.longitudinal_metric_learning - INFO - ('log_acceleration_variance', False)
2021-08-13 13:00:41,591 - deformetrica.core.models.longitudinal_metric_learning - INFO - ('noise_variance', False)
2021-08-13 13:00:41,591 - deformetrica.core.models.longitudinal_metric_learning - INFO - ('metric_parameters', False)
2021-08-13 13:00:41,591 - deformetrica.core.models.longitudinal_metric_learning - INFO - ('modulation_matrix', False)
2021-08-13 13:00:41,592 - deformetrica.core.models.longitudinal_metric_learning - INFO - Acceleration factors max/min: (1.7540755, 146, 0.27534017, 237)
2021-08-13 13:00:59,171 - __main__ - INFO - 
2021-08-13 13:00:59,171 - __main__ - INFO - [ update method of the McmcSaem  optimizer ]
2021-08-13 13:00:59,171 - deformetrica.core.estimators.mcmc_saem - INFO - ---------------------------------- MCMC Iteration: 0 -------------------------------------
2021-08-13 13:00:59,171 - deformetrica.core.estimators.mcmc_saem - INFO - >> MCMC-SAEM algorithm launched for 50 iterations (25  iterations of burn-in).
2021-08-13 13:00:59,171 - deformetrica.core.models.longitudinal_metric_learning - INFO - >> Model parameters:
2021-08-13 13:00:59,171 - deformetrica.core.models.longitudinal_metric_learning - INFO - 		 noise_variance    =	0.1327
2021-08-13 13:00:59,172 - deformetrica.core.models.longitudinal_metric_learning - INFO - 		 onset_ages        =	70.383	[ mean ]	+/-	11.8307	[std]
2021-08-13 13:00:59,172 - deformetrica.core.models.longitudinal_metric_learning - INFO - 		 log_accelerations =	0.0034	[ mean ]	+/-	0.4928	[std]
2021-08-13 13:00:59,172 - deformetrica.core.models.longitudinal_metric_learning - INFO - 		 sources           =	0.0003	[ mean ]	+/-	0.9946	[std]
2021-08-13 13:00:59,173 - deformetrica.core.models.longitudinal_metric_learning - INFO - Acceleration factors max/min: (1.7540755, 146, 0.27534017, 237)
2021-08-13 13:01:15,399 - deformetrica.core.models.longitudinal_metric_learning - INFO - Acceleration factors max/min: (1.7540755, 146, 0.27534017, 237)
2021-08-13 13:01:30,051 - deformetrica.core.models.longitudinal_metric_learning - INFO - Acceleration factors max/min: (1.8800325, 111, 0.2610026, 237)
2021-08-13 13:01:44,694 - deformetrica.core.models.longitudinal_metric_learning - INFO - Acceleration factors max/min: (1.8065096, 94, 0.2610026, 237)
2021-08-13 13:01:59,333 - deformetrica.core.models.longitudinal_metric_learning - INFO - Acceleration factors max/min: (1.8065096, 94, 0.2610026, 237)
2021-08-13 13:02:14,007 - deformetrica.core.models.longitudinal_metric_learning - INFO - Acceleration factors max/min: (1.9299356, 94, 0.22364484, 237)
2021-08-13 13:02:28,650 - deformetrica.core.models.longitudinal_metric_learning - INFO - Acceleration factors max/min: (1.9299356, 94, 0.2374268, 209)
2021-08-13 13:02:43,273 - deformetrica.core.models.longitudinal_metric_learning - INFO - Acceleration factors max/min: (1.9299356, 94, 0.2374268, 209)
2021-08-13 13:02:57,921 - deformetrica.core.models.longitudinal_metric_learning - INFO - Acceleration factors max/min: (2.0540338, 151, 0.21928376, 286)
2021-08-13 13:03:12,593 - deformetrica.core.models.longitudinal_metric_learning - INFO - Acceleration factors max/min: (1.9299356, 94, 0.24626736, 237)
2021-08-13 13:03:27,267 - deformetrica.core.estimator_tools.samplers.srw_mhwg_sampler - INFO - >> Proposal std re-evaluated from:
		 7.879 	to	8.389 	[ onset_age ]
		 0.119 	to	0.162 	[ log_acceleration ]
		 0.951 	to	0.961 	[ sources ]
2021-08-13 13:03:27,268 - deformetrica.core.models.longitudinal_metric_learning - INFO - Acceleration factors max/min: (1.9299356, 94, 0.24626736, 237)
2021-08-13 13:03:41,825 - deformetrica.core.estimators.mcmc_saem - INFO - 
2021-08-13 13:03:41,825 - deformetrica.core.estimators.mcmc_saem - INFO - [ maximizing over the fixed effects with the GradientAscent optimizer ]
2021-08-13 13:03:41,826 - deformetrica.core.models.longitudinal_metric_learning - INFO - Acceleration factors max/min: (1.9299356, 94, 0.24626736, 237)
2021-08-13 13:04:33,257 - deformetrica.core.estimators.gradient_ascent - INFO - --------------------------------- GA Iteration: 0/1 -----------------------------------
2021-08-13 13:04:33,278 - deformetrica.core.estimators.gradient_ascent - INFO - >> Log-likelihood = -2.762E+03 	 [ attachment = -2.402E+03 ; regularity = -3.602E+02 ]
2021-08-13 13:04:33,279 - deformetrica.core.estimators.gradient_ascent - INFO - >> Step size and gradient norm: 
2021-08-13 13:04:33,279 - deformetrica.core.estimators.gradient_ascent - INFO - 		NAN   and   NAN 	[ v0 ]
2021-08-13 13:04:33,279 - deformetrica.core.estimators.gradient_ascent - INFO - 		NAN   and   NAN 	[ p0 ]
2021-08-13 13:04:33,279 - deformetrica.core.estimators.gradient_ascent - INFO - 		NAN   and   NAN 	[ metric_parameters ]
2021-08-13 13:04:33,279 - deformetrica.core.estimators.gradient_ascent - INFO - 		NAN   and   NAN 	[ modulation_matrix ]
2021-08-13 13:04:33,280 - deformetrica.core.models.longitudinal_metric_learning - INFO - Acceleration factors max/min: (1.9299356, 94, 0.24626736, 237)
