2021-07-19 15:40:04,521 - root - ERROR - Logger has been set to: NOTSET
2021-07-19 15:40:04,741 - deformetrica.in_out.array_readers_and_writers - INFO - Performing initial least square regressions on the subjects, for initialization purposes.
2021-07-19 15:40:04,923 - deformetrica.in_out.array_readers_and_writers - INFO - Performing principal component analysis on the orthogonal variations, for initialization of A and s_i.
2021-07-19 15:40:05,008 - deformetrica.in_out.array_readers_and_writers - INFO -  >>> Performing gradient descent on the mode.
2021-07-19 15:40:05,008 - deformetrica.in_out.array_readers_and_writers - INFO - 
2021-07-19 15:40:05,008 - deformetrica.in_out.array_readers_and_writers - INFO - [ estimate_longitudinal_metric_model function ]
2021-07-19 15:40:05,371 - deformetrica.in_out.array_readers_and_writers - INFO - Setting initial onset ages from preprocessing_metric_2/1_smart_initialization/SmartInitialization_onset_ages.txt file
2021-07-19 15:40:05,373 - deformetrica.in_out.array_readers_and_writers - INFO - Setting initial log accelerations from preprocessing_metric_2/1_smart_initialization/SmartInitialization_log_accelerations.txt file
2021-07-19 15:40:05,374 - deformetrica.in_out.array_readers_and_writers - INFO - Initializing exponential type to parametric
2021-07-19 15:40:05,374 - deformetrica.in_out.array_readers_and_writers - INFO - I am initializing the interpolation points using the width 0.15
2021-07-19 15:40:05,375 - deformetrica.in_out.array_readers_and_writers - INFO - Suggested cp to fill the box: 49
2021-07-19 15:40:05,382 - deformetrica.in_out.array_readers_and_writers - INFO - Cp after filtering: 44
2021-07-19 15:40:05,383 - deformetrica.in_out.array_readers_and_writers - INFO - The width for the metric interpolation is set to 0.15
2021-07-19 15:40:05,383 - deformetrica.in_out.array_readers_and_writers - INFO - I am setting the no_parallel_transport flag to False.
2021-07-19 15:40:05,384 - deformetrica.in_out.array_readers_and_writers - INFO - >> Reading 1-source initial modulation matrix from file: preprocessing_metric_2/1_smart_initialization/SmartInitialization_modulation_matrix.txt
2021-07-19 15:40:05,384 - deformetrica.in_out.array_readers_and_writers - INFO - Setting initial sources from preprocessing_metric_2/1_smart_initialization/SmartInitialization_sources.txt file
2021-07-19 15:40:05,386 - deformetrica.core.models.longitudinal_metric_learning - INFO - ('v0', True)
2021-07-19 15:40:05,386 - deformetrica.core.models.longitudinal_metric_learning - INFO - ('p0', True)
2021-07-19 15:40:05,386 - deformetrica.core.models.longitudinal_metric_learning - INFO - ('reference_time', False)
2021-07-19 15:40:05,386 - deformetrica.core.models.longitudinal_metric_learning - INFO - ('onset_age_variance', True)
2021-07-19 15:40:05,386 - deformetrica.core.models.longitudinal_metric_learning - INFO - ('log_acceleration_variance', True)
2021-07-19 15:40:05,386 - deformetrica.core.models.longitudinal_metric_learning - INFO - ('noise_variance', True)
2021-07-19 15:40:05,386 - deformetrica.core.models.longitudinal_metric_learning - INFO - ('metric_parameters', False)
2021-07-19 15:40:05,386 - deformetrica.core.models.longitudinal_metric_learning - INFO - ('modulation_matrix', True)
2021-07-19 15:40:05,387 - deformetrica.in_out.array_readers_and_writers - INFO - 
2021-07-19 15:40:05,387 - deformetrica.in_out.array_readers_and_writers - INFO - [ update method of the GradientAscent  optimizer ]
2021-07-19 15:40:05,388 - deformetrica.core.models.longitudinal_metric_learning - INFO - Acceleration factors max/min: (2.011565, 176, 0.18352948, 9)
2021-07-19 15:40:07,449 - deformetrica.core.models.longitudinal_metric_learning - INFO - Tmin 45 Tmax 105 Update of the spatiotemporalframe: 2008 ms
2021-07-19 15:41:04,619 - deformetrica.core.estimators.gradient_ascent - INFO - --------------------------------- GA Iteration: 0/32 -----------------------------------
2021-07-19 15:41:04,649 - deformetrica.core.estimators.gradient_ascent - INFO - >> Log-likelihood = -1.525E+04 	 [ attachment = -1.495E+04 ; regularity = -3.000E+02 ]
2021-07-19 15:41:04,650 - deformetrica.core.estimators.gradient_ascent - INFO - >> Step size and gradient norm: 
2021-07-19 15:41:04,650 - deformetrica.core.estimators.gradient_ascent - INFO - 		2.573E-06   and   3.886E+04 	[ metric_parameters ]
2021-07-19 15:41:04,651 - deformetrica.core.estimators.gradient_ascent - INFO - 		2.274E-02   and   4.397E+01 	[ onset_age ]
2021-07-19 15:41:04,651 - deformetrica.core.estimators.gradient_ascent - INFO - 		2.432E-05   and   4.112E+02 	[ log_acceleration ]
2021-07-19 15:41:04,651 - deformetrica.core.estimators.gradient_ascent - INFO - 		5.467E-06   and   1.829E+03 	[ sources ]
2021-07-19 15:41:04,652 - deformetrica.core.models.longitudinal_metric_learning - INFO - Acceleration factors max/min: (2.0115654, 176, 0.18355961, 105)
2021-07-19 15:41:06,255 - deformetrica.core.models.longitudinal_metric_learning - INFO - Tmin 45 Tmax 105 Update of the spatiotemporalframe: 1558 ms
2021-07-19 15:41:20,080 - deformetrica.core.estimators.gradient_ascent - INFO - --------------------------------- GA Iteration: 1/32 -----------------------------------
2021-07-19 15:41:20,081 - deformetrica.core.estimators.gradient_ascent - INFO - >> Log-likelihood = -1.212E+04 	 [ attachment = -1.182E+04 ; regularity = -3.000E+02 ]
2021-07-19 15:41:20,082 - deformetrica.core.models.longitudinal_metric_learning - INFO - Acceleration factors max/min: (2.0115654, 176, 0.18355961, 105)
2021-07-19 15:41:21,372 - deformetrica.core.models.longitudinal_metric_learning - INFO - Tmin 45 Tmax 105 Update of the spatiotemporalframe: 1252 ms
2021-07-19 15:41:47,629 - deformetrica.core.models.longitudinal_metric_learning - INFO - Acceleration factors max/min: (2.0115654, 176, 0.18355961, 105)
2021-07-19 15:41:49,134 - deformetrica.core.models.longitudinal_metric_learning - INFO - Tmin 45 Tmax 105 Update of the spatiotemporalframe: 1468 ms
2021-07-19 15:42:40,076 - deformetrica.core.estimators.gradient_ascent - INFO - >> Step size and gradient norm: 
2021-07-19 15:42:40,078 - deformetrica.core.estimators.gradient_ascent - INFO - 		3.088E-06   and   2.532E+04 	[ metric_parameters ]
2021-07-19 15:42:40,079 - deformetrica.core.estimators.gradient_ascent - INFO - 		2.729E-02   and   3.349E+01 	[ onset_age ]
2021-07-19 15:42:40,081 - deformetrica.core.estimators.gradient_ascent - INFO - 		2.918E-05   and   3.064E+02 	[ log_acceleration ]
2021-07-19 15:42:40,081 - deformetrica.core.estimators.gradient_ascent - INFO - 		6.561E-06   and   1.389E+03 	[ sources ]
2021-07-19 15:42:40,082 - deformetrica.core.models.longitudinal_metric_learning - INFO - Acceleration factors max/min: (2.01152, 176, 0.18358989, 105)
2021-07-19 15:42:41,421 - deformetrica.core.models.longitudinal_metric_learning - INFO - Tmin 45 Tmax 105 Update of the spatiotemporalframe: 1307 ms
2021-07-19 15:42:54,264 - deformetrica.core.estimators.gradient_ascent - INFO - --------------------------------- GA Iteration: 2/32 -----------------------------------
2021-07-19 15:42:54,265 - deformetrica.core.estimators.gradient_ascent - INFO - >> Log-likelihood = -1.035E+04 	 [ attachment = -1.005E+04 ; regularity = -3.000E+02 ]
2021-07-19 15:42:54,266 - deformetrica.core.models.longitudinal_metric_learning - INFO - Acceleration factors max/min: (2.01152, 176, 0.18358989, 105)
2021-07-19 15:42:55,326 - deformetrica.core.models.longitudinal_metric_learning - INFO - Tmin 45 Tmax 105 Update of the spatiotemporalframe: 1024 ms
2021-07-19 15:43:19,377 - deformetrica.core.models.longitudinal_metric_learning - INFO - Acceleration factors max/min: (2.01152, 176, 0.18358989, 105)
2021-07-19 15:43:20,918 - deformetrica.core.models.longitudinal_metric_learning - INFO - Tmin 45 Tmax 105 Update of the spatiotemporalframe: 1503 ms
2021-07-19 15:44:12,239 - deformetrica.core.estimators.gradient_ascent - INFO - >> Step size and gradient norm: 
2021-07-19 15:44:12,240 - deformetrica.core.estimators.gradient_ascent - INFO - 		3.706E-06   and   2.029E+04 	[ metric_parameters ]
2021-07-19 15:44:12,240 - deformetrica.core.estimators.gradient_ascent - INFO - 		3.275E-02   and   3.273E+01 	[ onset_age ]
2021-07-19 15:44:12,240 - deformetrica.core.estimators.gradient_ascent - INFO - 		3.502E-05   and   3.263E+02 	[ log_acceleration ]
2021-07-19 15:44:12,240 - deformetrica.core.estimators.gradient_ascent - INFO - 		7.873E-06   and   1.149E+03 	[ sources ]
2021-07-19 15:44:12,242 - deformetrica.core.models.longitudinal_metric_learning - INFO - Acceleration factors max/min: (2.0113873, 176, 0.18365093, 105)
2021-07-19 15:44:13,711 - deformetrica.core.models.longitudinal_metric_learning - INFO - Tmin 45 Tmax 105 Update of the spatiotemporalframe: 1427 ms
2021-07-19 15:44:28,093 - deformetrica.core.estimators.gradient_ascent - INFO - --------------------------------- GA Iteration: 3/32 -----------------------------------
2021-07-19 15:44:28,094 - deformetrica.core.estimators.gradient_ascent - INFO - >> Log-likelihood = -8.919E+03 	 [ attachment = -8.618E+03 ; regularity = -3.001E+02 ]
2021-07-19 15:44:28,094 - deformetrica.core.models.longitudinal_metric_learning - INFO - Acceleration factors max/min: (2.0113873, 176, 0.18365093, 105)
2021-07-19 15:44:29,366 - deformetrica.core.models.longitudinal_metric_learning - INFO - Tmin 45 Tmax 105 Update of the spatiotemporalframe: 1234 ms
2021-07-19 15:44:56,738 - deformetrica.core.models.longitudinal_metric_learning - INFO - Acceleration factors max/min: (2.0113873, 176, 0.18365093, 105)
2021-07-19 15:44:58,225 - deformetrica.core.models.longitudinal_metric_learning - INFO - Tmin 45 Tmax 105 Update of the spatiotemporalframe: 1451 ms
2021-07-19 15:45:46,231 - deformetrica.core.estimators.gradient_ascent - INFO - >> Step size and gradient norm: 
2021-07-19 15:45:46,231 - deformetrica.core.estimators.gradient_ascent - INFO - 		4.447E-06   and   1.746E+04 	[ metric_parameters ]
2021-07-19 15:45:46,232 - deformetrica.core.estimators.gradient_ascent - INFO - 		3.930E-02   and   3.302E+01 	[ onset_age ]
2021-07-19 15:45:46,232 - deformetrica.core.estimators.gradient_ascent - INFO - 		4.202E-05   and   2.857E+02 	[ log_acceleration ]
2021-07-19 15:45:46,232 - deformetrica.core.estimators.gradient_ascent - INFO - 		9.448E-06   and   9.755E+02 	[ sources ]
2021-07-19 15:45:46,233 - deformetrica.core.models.longitudinal_metric_learning - INFO - Acceleration factors max/min: (2.0124602, 176, 0.18373138, 105)
2021-07-19 15:45:47,411 - deformetrica.core.models.longitudinal_metric_learning - INFO - Tmin 45 Tmax 105 Update of the spatiotemporalframe: 1148 ms
2021-07-19 15:45:59,573 - deformetrica.core.estimators.gradient_ascent - INFO - --------------------------------- GA Iteration: 4/32 -----------------------------------
2021-07-19 15:45:59,574 - deformetrica.core.estimators.gradient_ascent - INFO - >> Log-likelihood = -7.658E+03 	 [ attachment = -7.357E+03 ; regularity = -3.002E+02 ]
2021-07-19 15:45:59,575 - deformetrica.core.models.longitudinal_metric_learning - INFO - Acceleration factors max/min: (2.0124602, 176, 0.18373138, 105)
2021-07-19 15:46:00,857 - deformetrica.core.models.longitudinal_metric_learning - INFO - Tmin 45 Tmax 105 Update of the spatiotemporalframe: 1245 ms
2021-07-19 15:46:29,090 - deformetrica.core.models.longitudinal_metric_learning - INFO - Acceleration factors max/min: (2.0124602, 176, 0.18373138, 105)
2021-07-19 15:46:30,978 - deformetrica.core.models.longitudinal_metric_learning - INFO - Tmin 45 Tmax 105 Update of the spatiotemporalframe: 1848 ms
2021-07-19 15:47:24,211 - deformetrica.core.estimators.gradient_ascent - INFO - >> Step size and gradient norm: 
2021-07-19 15:47:24,212 - deformetrica.core.estimators.gradient_ascent - INFO - 		5.336E-06   and   1.624E+04 	[ metric_parameters ]
2021-07-19 15:47:24,212 - deformetrica.core.estimators.gradient_ascent - INFO - 		4.716E-02   and   3.547E+01 	[ onset_age ]
2021-07-19 15:47:24,212 - deformetrica.core.estimators.gradient_ascent - INFO - 		5.042E-05   and   3.925E+02 	[ log_acceleration ]
2021-07-19 15:47:24,212 - deformetrica.core.estimators.gradient_ascent - INFO - 		1.134E-05   and   8.331E+02 	[ sources ]
2021-07-19 15:47:24,214 - deformetrica.core.models.longitudinal_metric_learning - INFO - Acceleration factors max/min: (2.0113373, 176, 0.18384328, 105)
2021-07-19 15:47:25,398 - deformetrica.core.models.longitudinal_metric_learning - INFO - Tmin 45 Tmax 105 Update of the spatiotemporalframe: 1152 ms
2021-07-19 15:47:37,060 - deformetrica.core.estimators.gradient_ascent - INFO - --------------------------------- GA Iteration: 5/32 -----------------------------------
2021-07-19 15:47:37,060 - deformetrica.core.estimators.gradient_ascent - INFO - >> Log-likelihood = -6.519E+03 	 [ attachment = -6.219E+03 ; regularity = -3.003E+02 ]
2021-07-19 15:47:37,061 - deformetrica.core.models.longitudinal_metric_learning - INFO - Acceleration factors max/min: (2.0113373, 176, 0.18384328, 105)
2021-07-19 15:47:38,110 - deformetrica.core.models.longitudinal_metric_learning - INFO - Tmin 45 Tmax 105 Update of the spatiotemporalframe: 1013 ms
2021-07-19 15:48:07,647 - deformetrica.core.models.longitudinal_metric_learning - INFO - Acceleration factors max/min: (2.0113373, 176, 0.18384328, 105)
2021-07-19 15:48:09,627 - deformetrica.core.models.longitudinal_metric_learning - INFO - Tmin 45 Tmax 105 Update of the spatiotemporalframe: 1929 ms
2021-07-19 15:48:58,416 - deformetrica.core.estimators.gradient_ascent - INFO - >> Step size and gradient norm: 
2021-07-19 15:48:58,417 - deformetrica.core.estimators.gradient_ascent - INFO - 		6.403E-06   and   1.542E+04 	[ metric_parameters ]
2021-07-19 15:48:58,417 - deformetrica.core.estimators.gradient_ascent - INFO - 		5.659E-02   and   3.627E+01 	[ onset_age ]
2021-07-19 15:48:58,417 - deformetrica.core.estimators.gradient_ascent - INFO - 		6.051E-05   and   3.900E+02 	[ log_acceleration ]
2021-07-19 15:48:58,417 - deformetrica.core.estimators.gradient_ascent - INFO - 		1.360E-05   and   7.083E+02 	[ sources ]
2021-07-19 15:48:58,418 - deformetrica.core.models.longitudinal_metric_learning - INFO - Acceleration factors max/min: (2.0108762, 176, 0.18398353, 105)
2021-07-19 15:48:59,504 - deformetrica.core.models.longitudinal_metric_learning - INFO - Tmin 45 Tmax 105 Update of the spatiotemporalframe: 1055 ms
2021-07-19 15:49:12,882 - deformetrica.core.estimators.gradient_ascent - INFO - --------------------------------- GA Iteration: 6/32 -----------------------------------
2021-07-19 15:49:12,883 - deformetrica.core.estimators.gradient_ascent - INFO - >> Log-likelihood = -5.508E+03 	 [ attachment = -5.208E+03 ; regularity = -3.006E+02 ]
2021-07-19 15:49:12,883 - deformetrica.core.models.longitudinal_metric_learning - INFO - Acceleration factors max/min: (2.0108762, 176, 0.18398353, 105)
2021-07-19 15:49:14,190 - deformetrica.core.models.longitudinal_metric_learning - INFO - Tmin 45 Tmax 105 Update of the spatiotemporalframe: 1267 ms
2021-07-19 15:49:43,636 - deformetrica.core.models.longitudinal_metric_learning - INFO - Acceleration factors max/min: (2.0108762, 176, 0.18398353, 105)
2021-07-19 15:49:45,531 - deformetrica.core.models.longitudinal_metric_learning - INFO - Tmin 45 Tmax 105 Update of the spatiotemporalframe: 1854 ms
2021-07-19 15:50:29,276 - deformetrica.core.estimators.gradient_ascent - INFO - >> Step size and gradient norm: 
2021-07-19 15:50:29,277 - deformetrica.core.estimators.gradient_ascent - INFO - 		7.684E-06   and   1.478E+04 	[ metric_parameters ]
2021-07-19 15:50:29,277 - deformetrica.core.estimators.gradient_ascent - INFO - 		6.791E-02   and   4.358E+01 	[ onset_age ]
2021-07-19 15:50:29,277 - deformetrica.core.estimators.gradient_ascent - INFO - 		7.261E-05   and   5.154E+02 	[ log_acceleration ]
2021-07-19 15:50:29,277 - deformetrica.core.estimators.gradient_ascent - INFO - 		1.633E-05   and   5.994E+02 	[ sources ]
2021-07-19 15:50:29,278 - deformetrica.core.models.longitudinal_metric_learning - INFO - Acceleration factors max/min: (2.011228, 176, 0.18412638, 105)
2021-07-19 15:50:30,528 - deformetrica.core.models.longitudinal_metric_learning - INFO - Tmin 45 Tmax 105 Update of the spatiotemporalframe: 1210 ms
2021-07-19 15:50:44,215 - deformetrica.core.estimators.gradient_ascent - INFO - --------------------------------- GA Iteration: 7/32 -----------------------------------
2021-07-19 15:50:44,215 - deformetrica.core.estimators.gradient_ascent - INFO - >> Log-likelihood = -4.652E+03 	 [ attachment = -4.351E+03 ; regularity = -3.010E+02 ]
2021-07-19 15:50:44,216 - deformetrica.core.models.longitudinal_metric_learning - INFO - Acceleration factors max/min: (2.011228, 176, 0.18412638, 105)
2021-07-19 15:50:45,469 - deformetrica.core.models.longitudinal_metric_learning - INFO - Tmin 45 Tmax 105 Update of the spatiotemporalframe: 1216 ms
2021-07-19 15:51:08,553 - deformetrica.core.models.longitudinal_metric_learning - INFO - Acceleration factors max/min: (2.011228, 176, 0.18412638, 105)
2021-07-19 15:51:10,028 - deformetrica.core.models.longitudinal_metric_learning - INFO - Tmin 45 Tmax 105 Update of the spatiotemporalframe: 1439 ms
2021-07-19 15:51:54,710 - deformetrica.core.estimators.gradient_ascent - INFO - >> Step size and gradient norm: 
2021-07-19 15:51:54,711 - deformetrica.core.estimators.gradient_ascent - INFO - 		9.221E-06   and   1.409E+04 	[ metric_parameters ]
2021-07-19 15:51:54,711 - deformetrica.core.estimators.gradient_ascent - INFO - 		8.149E-02   and   5.002E+01 	[ onset_age ]
2021-07-19 15:51:54,711 - deformetrica.core.estimators.gradient_ascent - INFO - 		8.713E-05   and   7.514E+02 	[ log_acceleration ]
2021-07-19 15:51:54,711 - deformetrica.core.estimators.gradient_ascent - INFO - 		1.959E-05   and   5.059E+02 	[ sources ]
2021-07-19 15:51:54,712 - deformetrica.core.models.longitudinal_metric_learning - INFO - Acceleration factors max/min: (2.0103555, 176, 0.18434282, 105)
2021-07-19 15:51:55,887 - deformetrica.core.models.longitudinal_metric_learning - INFO - Tmin 45 Tmax 105 Update of the spatiotemporalframe: 1133 ms
2021-07-19 15:52:07,065 - deformetrica.core.estimators.gradient_ascent - INFO - --------------------------------- GA Iteration: 8/32 -----------------------------------
2021-07-19 15:52:07,066 - deformetrica.core.estimators.gradient_ascent - INFO - >> Log-likelihood = -3.933E+03 	 [ attachment = -3.632E+03 ; regularity = -3.014E+02 ]
2021-07-19 15:52:07,067 - deformetrica.core.models.longitudinal_metric_learning - INFO - Acceleration factors max/min: (2.0103555, 176, 0.18434282, 105)
2021-07-19 15:52:08,079 - deformetrica.core.models.longitudinal_metric_learning - INFO - Tmin 45 Tmax 105 Update of the spatiotemporalframe: 977 ms
2021-07-19 15:52:31,131 - deformetrica.core.models.longitudinal_metric_learning - INFO - Acceleration factors max/min: (2.0103555, 176, 0.18434282, 105)
2021-07-19 15:52:32,602 - deformetrica.core.models.longitudinal_metric_learning - INFO - Tmin 45 Tmax 105 Update of the spatiotemporalframe: 1434 ms
2021-07-19 15:53:21,277 - deformetrica.core.estimators.gradient_ascent - INFO - >> Step size and gradient norm: 
2021-07-19 15:53:21,278 - deformetrica.core.estimators.gradient_ascent - INFO - 		1.107E-05   and   1.396E+04 	[ metric_parameters ]
2021-07-19 15:53:21,278 - deformetrica.core.estimators.gradient_ascent - INFO - 		9.779E-02   and   4.324E+01 	[ onset_age ]
2021-07-19 15:53:21,278 - deformetrica.core.estimators.gradient_ascent - INFO - 		1.046E-04   and   4.792E+02 	[ log_acceleration ]
2021-07-19 15:53:21,278 - deformetrica.core.estimators.gradient_ascent - INFO - 		2.351E-05   and   4.278E+02 	[ sources ]
2021-07-19 15:53:21,279 - deformetrica.core.models.longitudinal_metric_learning - INFO - Acceleration factors max/min: (2.012365, 176, 0.18467778, 105)
2021-07-19 15:53:22,592 - deformetrica.core.models.longitudinal_metric_learning - INFO - Tmin 45 Tmax 105 Update of the spatiotemporalframe: 1282 ms
2021-07-19 15:53:36,490 - deformetrica.core.estimators.gradient_ascent - INFO - --------------------------------- GA Iteration: 9/32 -----------------------------------
2021-07-19 15:53:36,491 - deformetrica.core.estimators.gradient_ascent - INFO - >> Log-likelihood = -3.371E+03 	 [ attachment = -3.069E+03 ; regularity = -3.020E+02 ]
2021-07-19 15:53:36,492 - deformetrica.core.models.longitudinal_metric_learning - INFO - Acceleration factors max/min: (2.012365, 176, 0.18467778, 105)
2021-07-19 15:53:37,744 - deformetrica.core.models.longitudinal_metric_learning - INFO - Tmin 45 Tmax 105 Update of the spatiotemporalframe: 1215 ms
2021-07-19 15:54:05,186 - deformetrica.core.models.longitudinal_metric_learning - INFO - Acceleration factors max/min: (2.012365, 176, 0.18467778, 105)
2021-07-19 15:54:07,010 - deformetrica.core.models.longitudinal_metric_learning - INFO - Tmin 45 Tmax 105 Update of the spatiotemporalframe: 1785 ms
2021-07-19 15:54:54,515 - deformetrica.core.estimators.gradient_ascent - INFO - >> Step size and gradient norm: 
2021-07-19 15:54:54,517 - deformetrica.core.estimators.gradient_ascent - INFO - 		1.328E-05   and   1.204E+04 	[ metric_parameters ]
2021-07-19 15:54:54,518 - deformetrica.core.estimators.gradient_ascent - INFO - 		1.173E-01   and   3.069E+01 	[ onset_age ]
2021-07-19 15:54:54,519 - deformetrica.core.estimators.gradient_ascent - INFO - 		1.255E-04   and   2.717E+02 	[ log_acceleration ]
2021-07-19 15:54:54,520 - deformetrica.core.estimators.gradient_ascent - INFO - 		2.821E-05   and   3.637E+02 	[ sources ]
2021-07-19 15:54:54,521 - deformetrica.core.models.longitudinal_metric_learning - INFO - Acceleration factors max/min: (2.019741, 176, 0.18499544, 105)
2021-07-19 15:54:55,621 - deformetrica.core.models.longitudinal_metric_learning - INFO - Tmin 45 Tmax 105 Update of the spatiotemporalframe: 1071 ms
2021-07-19 15:55:07,305 - deformetrica.core.estimators.gradient_ascent - INFO - --------------------------------- GA Iteration: 10/32 -----------------------------------
2021-07-19 15:55:07,306 - deformetrica.core.estimators.gradient_ascent - INFO - >> Log-likelihood = -3.336E+03 	 [ attachment = -3.034E+03 ; regularity = -3.026E+02 ]
2021-07-19 15:55:07,306 - deformetrica.core.models.longitudinal_metric_learning - INFO - Acceleration factors max/min: (2.019741, 176, 0.18499544, 105)
2021-07-19 15:55:08,358 - deformetrica.core.models.longitudinal_metric_learning - INFO - Tmin 45 Tmax 105 Update of the spatiotemporalframe: 1015 ms
2021-07-19 15:55:32,113 - deformetrica.core.models.longitudinal_metric_learning - INFO - Acceleration factors max/min: (2.019741, 176, 0.18499544, 105)
2021-07-19 15:55:33,645 - deformetrica.core.models.longitudinal_metric_learning - INFO - Tmin 45 Tmax 105 Update of the spatiotemporalframe: 1494 ms
2021-07-19 15:56:18,507 - deformetrica.core.estimators.gradient_ascent - INFO - >> Step size and gradient norm: 
2021-07-19 15:56:18,507 - deformetrica.core.estimators.gradient_ascent - INFO - 		1.593E-05   and   1.929E+04 	[ metric_parameters ]
2021-07-19 15:56:18,507 - deformetrica.core.estimators.gradient_ascent - INFO - 		1.408E-01   and   2.882E+01 	[ onset_age ]
2021-07-19 15:56:18,508 - deformetrica.core.estimators.gradient_ascent - INFO - 		1.506E-04   and   3.277E+02 	[ log_acceleration ]
2021-07-19 15:56:18,508 - deformetrica.core.estimators.gradient_ascent - INFO - 		3.385E-05   and   3.681E+02 	[ sources ]
2021-07-19 15:56:18,509 - deformetrica.core.models.longitudinal_metric_learning - INFO - Acceleration factors max/min: (2.019491, 176, 0.18547712, 105)
2021-07-19 15:56:19,609 - deformetrica.core.models.longitudinal_metric_learning - INFO - Tmin 45 Tmax 105 Update of the spatiotemporalframe: 1070 ms
2021-07-19 15:56:31,147 - deformetrica.core.models.longitudinal_metric_learning - INFO - Acceleration factors max/min: (2.019541, 176, 0.18538068, 105)
2021-07-19 15:56:32,191 - deformetrica.core.models.longitudinal_metric_learning - INFO - Tmin 45 Tmax 105 Update of the spatiotemporalframe: 1014 ms
2021-07-19 15:56:43,589 - deformetrica.core.models.longitudinal_metric_learning - INFO - Acceleration factors max/min: (2.019541, 176, 0.18538068, 105)
2021-07-19 15:56:44,638 - deformetrica.core.models.longitudinal_metric_learning - INFO - Tmin 45 Tmax 105 Update of the spatiotemporalframe: 1019 ms
2021-07-19 15:56:56,048 - deformetrica.core.models.longitudinal_metric_learning - INFO - Acceleration factors max/min: (2.019491, 176, 0.18547712, 105)
2021-07-19 15:56:57,098 - deformetrica.core.models.longitudinal_metric_learning - INFO - Tmin 45 Tmax 105 Update of the spatiotemporalframe: 1019 ms
2021-07-19 15:57:08,535 - deformetrica.core.models.longitudinal_metric_learning - INFO - Acceleration factors max/min: (2.019541, 176, 0.18538068, 105)
2021-07-19 15:57:09,584 - deformetrica.core.models.longitudinal_metric_learning - INFO - Tmin 45 Tmax 105 Update of the spatiotemporalframe: 1019 ms
2021-07-19 15:57:20,969 - deformetrica.core.estimators.gradient_ascent - INFO - >> Step size and gradient norm: 
2021-07-19 15:57:20,970 - deformetrica.core.estimators.gradient_ascent - INFO - 		1.275E-05   and   1.929E+04 	[ metric_parameters ]
2021-07-19 15:57:20,971 - deformetrica.core.estimators.gradient_ascent - INFO - 		1.127E-01   and   2.882E+01 	[ onset_age ]
2021-07-19 15:57:20,971 - deformetrica.core.estimators.gradient_ascent - INFO - 		1.205E-04   and   3.277E+02 	[ log_acceleration ]
2021-07-19 15:57:20,971 - deformetrica.core.estimators.gradient_ascent - INFO - 		2.708E-05   and   3.681E+02 	[ sources ]
2021-07-19 15:57:20,972 - deformetrica.core.models.longitudinal_metric_learning - INFO - Acceleration factors max/min: (2.019541, 176, 0.18538068, 105)
2021-07-19 15:57:22,026 - deformetrica.core.models.longitudinal_metric_learning - INFO - Tmin 45 Tmax 105 Update of the spatiotemporalframe: 1025 ms
2021-07-19 15:57:33,416 - deformetrica.core.models.longitudinal_metric_learning - INFO - Acceleration factors max/min: (2.0195808, 176, 0.18530357, 105)
2021-07-19 15:57:34,464 - deformetrica.core.models.longitudinal_metric_learning - INFO - Tmin 45 Tmax 105 Update of the spatiotemporalframe: 1019 ms
2021-07-19 15:57:45,755 - deformetrica.core.models.longitudinal_metric_learning - INFO - Acceleration factors max/min: (2.0195808, 176, 0.18530357, 105)
2021-07-19 15:57:46,794 - deformetrica.core.models.longitudinal_metric_learning - INFO - Tmin 45 Tmax 105 Update of the spatiotemporalframe: 1009 ms
2021-07-19 15:57:58,137 - deformetrica.core.models.longitudinal_metric_learning - INFO - Acceleration factors max/min: (2.019541, 176, 0.18538068, 105)
2021-07-19 15:57:59,172 - deformetrica.core.models.longitudinal_metric_learning - INFO - Tmin 45 Tmax 105 Update of the spatiotemporalframe: 1006 ms
2021-07-19 15:58:10,419 - deformetrica.core.models.longitudinal_metric_learning - INFO - Acceleration factors max/min: (2.0195808, 176, 0.18530357, 105)
2021-07-19 15:58:11,457 - deformetrica.core.models.longitudinal_metric_learning - INFO - Tmin 45 Tmax 105 Update of the spatiotemporalframe: 1009 ms
2021-07-19 15:58:22,804 - deformetrica.core.estimators.gradient_ascent - INFO - >> Step size and gradient norm: 
2021-07-19 15:58:22,813 - deformetrica.core.estimators.gradient_ascent - INFO - 		1.020E-05   and   1.929E+04 	[ metric_parameters ]
2021-07-19 15:58:22,813 - deformetrica.core.estimators.gradient_ascent - INFO - 		9.012E-02   and   2.882E+01 	[ onset_age ]
2021-07-19 15:58:22,813 - deformetrica.core.estimators.gradient_ascent - INFO - 		9.636E-05   and   3.277E+02 	[ log_acceleration ]
2021-07-19 15:58:22,813 - deformetrica.core.estimators.gradient_ascent - INFO - 		2.167E-05   and   3.681E+02 	[ sources ]
2021-07-19 15:58:22,814 - deformetrica.core.models.longitudinal_metric_learning - INFO - Acceleration factors max/min: (2.0195808, 176, 0.18530357, 105)
2021-07-19 15:58:23,861 - deformetrica.core.models.longitudinal_metric_learning - INFO - Tmin 45 Tmax 105 Update of the spatiotemporalframe: 1017 ms
2021-07-19 15:58:35,228 - deformetrica.core.models.longitudinal_metric_learning - INFO - Acceleration factors max/min: (2.019613, 176, 0.18524191, 105)
2021-07-19 15:58:36,274 - deformetrica.core.models.longitudinal_metric_learning - INFO - Tmin 45 Tmax 105 Update of the spatiotemporalframe: 1017 ms
2021-07-19 15:58:47,727 - deformetrica.core.models.longitudinal_metric_learning - INFO - Acceleration factors max/min: (2.019613, 176, 0.18524191, 105)
2021-07-19 15:58:48,774 - deformetrica.core.models.longitudinal_metric_learning - INFO - Tmin 45 Tmax 105 Update of the spatiotemporalframe: 1016 ms
2021-07-19 15:59:00,248 - deformetrica.core.models.longitudinal_metric_learning - INFO - Acceleration factors max/min: (2.0195808, 176, 0.18530357, 105)
2021-07-19 15:59:01,298 - deformetrica.core.models.longitudinal_metric_learning - INFO - Tmin 45 Tmax 105 Update of the spatiotemporalframe: 1021 ms
2021-07-19 15:59:12,704 - deformetrica.core.models.longitudinal_metric_learning - INFO - Acceleration factors max/min: (2.019613, 176, 0.18524191, 105)
2021-07-19 15:59:13,749 - deformetrica.core.models.longitudinal_metric_learning - INFO - Tmin 45 Tmax 105 Update of the spatiotemporalframe: 1015 ms
2021-07-19 15:59:25,186 - deformetrica.core.estimators.gradient_ascent - INFO - >> Step size and gradient norm: 
2021-07-19 15:59:25,195 - deformetrica.core.estimators.gradient_ascent - INFO - 		8.158E-06   and   1.929E+04 	[ metric_parameters ]
2021-07-19 15:59:25,195 - deformetrica.core.estimators.gradient_ascent - INFO - 		7.210E-02   and   2.882E+01 	[ onset_age ]
2021-07-19 15:59:25,195 - deformetrica.core.estimators.gradient_ascent - INFO - 		7.709E-05   and   3.277E+02 	[ log_acceleration ]
2021-07-19 15:59:25,195 - deformetrica.core.estimators.gradient_ascent - INFO - 		1.733E-05   and   3.681E+02 	[ sources ]
2021-07-19 15:59:25,196 - deformetrica.core.models.longitudinal_metric_learning - INFO - Acceleration factors max/min: (2.019613, 176, 0.18524191, 105)
2021-07-19 15:59:26,245 - deformetrica.core.models.longitudinal_metric_learning - INFO - Tmin 45 Tmax 105 Update of the spatiotemporalframe: 1020 ms
2021-07-19 15:59:37,723 - deformetrica.core.models.longitudinal_metric_learning - INFO - Acceleration factors max/min: (2.0196388, 176, 0.1851926, 105)
2021-07-19 15:59:38,755 - deformetrica.core.models.longitudinal_metric_learning - INFO - Tmin 45 Tmax 105 Update of the spatiotemporalframe: 1003 ms
2021-07-19 15:59:50,176 - deformetrica.core.models.longitudinal_metric_learning - INFO - Acceleration factors max/min: (2.0196388, 176, 0.1851926, 105)
2021-07-19 15:59:51,234 - deformetrica.core.models.longitudinal_metric_learning - INFO - Tmin 45 Tmax 105 Update of the spatiotemporalframe: 1025 ms
2021-07-19 16:00:02,600 - deformetrica.core.models.longitudinal_metric_learning - INFO - Acceleration factors max/min: (2.019613, 176, 0.18524191, 105)
2021-07-19 16:00:03,644 - deformetrica.core.models.longitudinal_metric_learning - INFO - Tmin 45 Tmax 105 Update of the spatiotemporalframe: 1014 ms
2021-07-19 16:00:15,081 - deformetrica.core.models.longitudinal_metric_learning - INFO - Acceleration factors max/min: (2.0196388, 176, 0.1851926, 105)
2021-07-19 16:00:16,128 - deformetrica.core.models.longitudinal_metric_learning - INFO - Tmin 45 Tmax 105 Update of the spatiotemporalframe: 1017 ms
2021-07-19 16:00:27,542 - deformetrica.core.estimators.gradient_ascent - INFO - Number of line search loops exceeded. Stopping.
2021-07-19 16:00:27,543 - deformetrica.core.estimators.gradient_ascent - INFO - --------------------------------- GA Iteration: 11/32 -----------------------------------
2021-07-19 16:00:27,543 - deformetrica.core.estimators.gradient_ascent - INFO - >> Log-likelihood = -4.072E+03 	 [ attachment = -3.769E+03 ; regularity = -3.029E+02 ]
2021-07-19 16:00:27,543 - deformetrica.core.models.longitudinal_metric_learning - INFO - Acceleration factors max/min: (2.019613, 176, 0.18524191, 105)
2021-07-19 16:00:28,597 - deformetrica.core.models.longitudinal_metric_learning - INFO - Tmin 45 Tmax 105 Update of the spatiotemporalframe: 1018 ms
2021-07-19 16:00:52,467 - deformetrica.core.models.longitudinal_metric_learning - INFO - Acceleration factors max/min: (2.019613, 176, 0.18524191, 105)
2021-07-19 16:00:54,014 - deformetrica.core.models.longitudinal_metric_learning - INFO - Tmin 45 Tmax 105 Update of the spatiotemporalframe: 1509 ms
2021-07-19 16:01:39,362 - deformetrica.core.estimators.gradient_ascent - INFO - >> Step size and gradient norm: 
2021-07-19 16:01:39,364 - deformetrica.core.estimators.gradient_ascent - INFO - 		6.526E-06   and   2.893E+04 	[ metric_parameters ]
2021-07-19 16:01:39,365 - deformetrica.core.estimators.gradient_ascent - INFO - 		5.768E-02   and   5.324E+01 	[ onset_age ]
2021-07-19 16:01:39,366 - deformetrica.core.estimators.gradient_ascent - INFO - 		6.167E-05   and   6.557E+02 	[ log_acceleration ]
2021-07-19 16:01:39,366 - deformetrica.core.estimators.gradient_ascent - INFO - 		1.387E-05   and   4.400E+02 	[ sources ]
2021-07-19 16:01:39,367 - deformetrica.core.models.longitudinal_metric_learning - INFO - Acceleration factors max/min: (2.025221, 176, 0.18538226, 105)
2021-07-19 16:01:40,467 - deformetrica.core.models.longitudinal_metric_learning - INFO - Tmin 45 Tmax 105 Update of the spatiotemporalframe: 1070 ms
2021-07-19 16:01:52,306 - deformetrica.core.estimators.gradient_ascent - INFO - --------------------------------- GA Iteration: 12/32 -----------------------------------
2021-07-19 16:01:52,307 - deformetrica.core.estimators.gradient_ascent - INFO - >> Log-likelihood = -3.461E+03 	 [ attachment = -3.158E+03 ; regularity = -3.030E+02 ]
2021-07-19 16:01:52,308 - deformetrica.core.models.longitudinal_metric_learning - INFO - Acceleration factors max/min: (2.025221, 176, 0.18538226, 105)
2021-07-19 16:01:53,364 - deformetrica.core.models.longitudinal_metric_learning - INFO - Tmin 45 Tmax 105 Update of the spatiotemporalframe: 1019 ms
2021-07-19 16:02:21,256 - deformetrica.core.models.longitudinal_metric_learning - INFO - Acceleration factors max/min: (2.025221, 176, 0.18538226, 105)
2021-07-19 16:02:23,138 - deformetrica.core.models.longitudinal_metric_learning - INFO - Tmin 45 Tmax 105 Update of the spatiotemporalframe: 1840 ms
2021-07-19 16:03:17,317 - deformetrica.core.estimators.gradient_ascent - INFO - >> Step size and gradient norm: 
2021-07-19 16:03:17,319 - deformetrica.core.estimators.gradient_ascent - INFO - 		7.832E-06   and   1.679E+04 	[ metric_parameters ]
2021-07-19 16:03:17,320 - deformetrica.core.estimators.gradient_ascent - INFO - 		6.922E-02   and   3.092E+01 	[ onset_age ]
2021-07-19 16:03:17,321 - deformetrica.core.estimators.gradient_ascent - INFO - 		7.401E-05   and   3.467E+02 	[ log_acceleration ]
2021-07-19 16:03:17,321 - deformetrica.core.estimators.gradient_ascent - INFO - 		1.664E-05   and   3.928E+02 	[ sources ]
2021-07-19 16:03:17,322 - deformetrica.core.models.longitudinal_metric_learning - INFO - Acceleration factors max/min: (2.025923, 176, 0.18562572, 105)
2021-07-19 16:03:18,398 - deformetrica.core.models.longitudinal_metric_learning - INFO - Tmin 45 Tmax 105 Update of the spatiotemporalframe: 1046 ms
2021-07-19 16:03:29,765 - deformetrica.core.estimators.gradient_ascent - INFO - --------------------------------- GA Iteration: 13/32 -----------------------------------
2021-07-19 16:03:29,765 - deformetrica.core.estimators.gradient_ascent - INFO - >> Log-likelihood = -2.722E+03 	 [ attachment = -2.419E+03 ; regularity = -3.033E+02 ]
2021-07-19 16:03:29,765 - deformetrica.core.models.longitudinal_metric_learning - INFO - Acceleration factors max/min: (2.025923, 176, 0.18562572, 105)
2021-07-19 16:03:30,787 - deformetrica.core.models.longitudinal_metric_learning - INFO - Tmin 45 Tmax 105 Update of the spatiotemporalframe: 986 ms
2021-07-19 16:03:53,978 - deformetrica.core.models.longitudinal_metric_learning - INFO - Acceleration factors max/min: (2.025923, 176, 0.18562572, 105)
2021-07-19 16:03:55,464 - deformetrica.core.models.longitudinal_metric_learning - INFO - Tmin 45 Tmax 105 Update of the spatiotemporalframe: 1449 ms
2021-07-19 16:04:40,248 - deformetrica.core.estimators.gradient_ascent - INFO - >> Step size and gradient norm: 
2021-07-19 16:04:40,250 - deformetrica.core.estimators.gradient_ascent - INFO - 		9.398E-06   and   7.838E+03 	[ metric_parameters ]
2021-07-19 16:04:40,251 - deformetrica.core.estimators.gradient_ascent - INFO - 		8.306E-02   and   2.625E+01 	[ onset_age ]
2021-07-19 16:04:40,252 - deformetrica.core.estimators.gradient_ascent - INFO - 		8.881E-05   and   3.458E+02 	[ log_acceleration ]
2021-07-19 16:04:40,253 - deformetrica.core.estimators.gradient_ascent - INFO - 		1.997E-05   and   2.936E+02 	[ sources ]
2021-07-19 16:04:40,254 - deformetrica.core.models.longitudinal_metric_learning - INFO - Acceleration factors max/min: (2.0274718, 176, 0.18594475, 105)
2021-07-19 16:04:41,561 - deformetrica.core.models.longitudinal_metric_learning - INFO - Tmin 45 Tmax 105 Update of the spatiotemporalframe: 1276 ms
2021-07-19 16:04:55,536 - deformetrica.core.estimators.gradient_ascent - INFO - --------------------------------- GA Iteration: 14/32 -----------------------------------
2021-07-19 16:04:55,536 - deformetrica.core.estimators.gradient_ascent - INFO - >> Log-likelihood = -2.578E+03 	 [ attachment = -2.275E+03 ; regularity = -3.035E+02 ]
2021-07-19 16:04:55,537 - deformetrica.core.models.longitudinal_metric_learning - INFO - Acceleration factors max/min: (2.0274718, 176, 0.18594475, 105)
2021-07-19 16:04:56,796 - deformetrica.core.models.longitudinal_metric_learning - INFO - Tmin 45 Tmax 105 Update of the spatiotemporalframe: 1222 ms
2021-07-19 16:05:24,469 - deformetrica.core.models.longitudinal_metric_learning - INFO - Acceleration factors max/min: (2.0274718, 176, 0.18594475, 105)
2021-07-19 16:05:25,950 - deformetrica.core.models.longitudinal_metric_learning - INFO - Tmin 45 Tmax 105 Update of the spatiotemporalframe: 1445 ms
2021-07-19 16:06:12,186 - deformetrica.core.estimators.gradient_ascent - INFO - >> Step size and gradient norm: 
2021-07-19 16:06:12,188 - deformetrica.core.estimators.gradient_ascent - INFO - 		1.128E-05   and   8.462E+03 	[ metric_parameters ]
2021-07-19 16:06:12,189 - deformetrica.core.estimators.gradient_ascent - INFO - 		9.967E-02   and   2.581E+01 	[ onset_age ]
2021-07-19 16:06:12,190 - deformetrica.core.estimators.gradient_ascent - INFO - 		1.066E-04   and   4.232E+02 	[ log_acceleration ]
2021-07-19 16:06:12,190 - deformetrica.core.estimators.gradient_ascent - INFO - 		2.396E-05   and   2.738E+02 	[ sources ]
2021-07-19 16:06:12,191 - deformetrica.core.models.longitudinal_metric_learning - INFO - Acceleration factors max/min: (2.0203283, 176, 0.18625003, 105)
2021-07-19 16:06:13,517 - deformetrica.core.models.longitudinal_metric_learning - INFO - Tmin 45 Tmax 105 Update of the spatiotemporalframe: 1295 ms
2021-07-19 16:06:27,805 - deformetrica.core.estimators.gradient_ascent - INFO - --------------------------------- GA Iteration: 15/32 -----------------------------------
2021-07-19 16:06:27,806 - deformetrica.core.estimators.gradient_ascent - INFO - >> Log-likelihood = -2.493E+03 	 [ attachment = -2.189E+03 ; regularity = -3.038E+02 ]
2021-07-19 16:06:27,806 - deformetrica.core.models.longitudinal_metric_learning - INFO - Acceleration factors max/min: (2.0203283, 176, 0.18625003, 105)
2021-07-19 16:06:29,084 - deformetrica.core.models.longitudinal_metric_learning - INFO - Tmin 45 Tmax 105 Update of the spatiotemporalframe: 1240 ms
2021-07-19 16:06:55,887 - deformetrica.core.models.longitudinal_metric_learning - INFO - Acceleration factors max/min: (2.0203283, 176, 0.18625003, 105)
2021-07-19 16:06:57,424 - deformetrica.core.models.longitudinal_metric_learning - INFO - Tmin 45 Tmax 105 Update of the spatiotemporalframe: 1499 ms
2021-07-19 16:07:46,076 - deformetrica.core.estimators.gradient_ascent - INFO - >> Step size and gradient norm: 
2021-07-19 16:07:46,078 - deformetrica.core.estimators.gradient_ascent - INFO - 		1.353E-05   and   8.092E+03 	[ metric_parameters ]
2021-07-19 16:07:46,080 - deformetrica.core.estimators.gradient_ascent - INFO - 		1.196E-01   and   2.369E+01 	[ onset_age ]
2021-07-19 16:07:46,081 - deformetrica.core.estimators.gradient_ascent - INFO - 		1.279E-04   and   3.069E+02 	[ log_acceleration ]
2021-07-19 16:07:46,081 - deformetrica.core.estimators.gradient_ascent - INFO - 		2.875E-05   and   2.584E+02 	[ sources ]
2021-07-19 16:07:46,082 - deformetrica.core.models.longitudinal_metric_learning - INFO - Acceleration factors max/min: (2.020498, 176, 0.18658035, 105)
2021-07-19 16:07:47,175 - deformetrica.core.models.longitudinal_metric_learning - INFO - Tmin 45 Tmax 105 Update of the spatiotemporalframe: 1063 ms
2021-07-19 16:07:58,603 - deformetrica.core.models.longitudinal_metric_learning - INFO - Acceleration factors max/min: (2.0204642, 176, 0.18651423, 105)
2021-07-19 16:07:59,627 - deformetrica.core.models.longitudinal_metric_learning - INFO - Tmin 45 Tmax 105 Update of the spatiotemporalframe: 995 ms
2021-07-19 16:08:10,695 - deformetrica.core.models.longitudinal_metric_learning - INFO - Acceleration factors max/min: (2.0204642, 176, 0.18651423, 105)
2021-07-19 16:08:11,712 - deformetrica.core.models.longitudinal_metric_learning - INFO - Tmin 45 Tmax 105 Update of the spatiotemporalframe: 987 ms
2021-07-19 16:08:22,794 - deformetrica.core.models.longitudinal_metric_learning - INFO - Acceleration factors max/min: (2.020498, 176, 0.18658035, 105)
2021-07-19 16:08:23,814 - deformetrica.core.models.longitudinal_metric_learning - INFO - Tmin 45 Tmax 105 Update of the spatiotemporalframe: 991 ms
2021-07-19 16:08:34,925 - deformetrica.core.models.longitudinal_metric_learning - INFO - Acceleration factors max/min: (2.0204642, 176, 0.18651423, 105)
2021-07-19 16:08:35,949 - deformetrica.core.models.longitudinal_metric_learning - INFO - Tmin 45 Tmax 105 Update of the spatiotemporalframe: 995 ms
2021-07-19 16:08:47,067 - deformetrica.core.estimators.gradient_ascent - INFO - --------------------------------- GA Iteration: 16/32 -----------------------------------
2021-07-19 16:08:47,068 - deformetrica.core.estimators.gradient_ascent - INFO - >> Log-likelihood = -2.477E+03 	 [ attachment = -2.173E+03 ; regularity = -3.040E+02 ]
2021-07-19 16:08:47,068 - deformetrica.core.models.longitudinal_metric_learning - INFO - Acceleration factors max/min: (2.0204642, 176, 0.18651423, 105)
2021-07-19 16:08:48,099 - deformetrica.core.models.longitudinal_metric_learning - INFO - Tmin 45 Tmax 105 Update of the spatiotemporalframe: 995 ms
2021-07-19 16:09:11,401 - deformetrica.core.models.longitudinal_metric_learning - INFO - Acceleration factors max/min: (2.0204642, 176, 0.18651423, 105)
2021-07-19 16:09:12,911 - deformetrica.core.models.longitudinal_metric_learning - INFO - Tmin 45 Tmax 105 Update of the spatiotemporalframe: 1472 ms
2021-07-19 16:09:57,867 - deformetrica.core.estimators.gradient_ascent - INFO - >> Step size and gradient norm: 
2021-07-19 16:09:57,867 - deformetrica.core.estimators.gradient_ascent - INFO - 		1.083E-05   and   1.019E+04 	[ metric_parameters ]
2021-07-19 16:09:57,867 - deformetrica.core.estimators.gradient_ascent - INFO - 		9.568E-02   and   1.901E+01 	[ onset_age ]
2021-07-19 16:09:57,868 - deformetrica.core.estimators.gradient_ascent - INFO - 		1.023E-04   and   2.660E+02 	[ log_acceleration ]
2021-07-19 16:09:57,868 - deformetrica.core.estimators.gradient_ascent - INFO - 		2.875E-05   and   2.628E+02 	[ sources ]
2021-07-19 16:09:57,869 - deformetrica.core.models.longitudinal_metric_learning - INFO - Acceleration factors max/min: (2.0212963, 176, 0.18684378, 105)
2021-07-19 16:09:58,949 - deformetrica.core.models.longitudinal_metric_learning - INFO - Tmin 45 Tmax 105 Update of the spatiotemporalframe: 1046 ms
2021-07-19 16:10:10,292 - deformetrica.core.models.longitudinal_metric_learning - INFO - Acceleration factors max/min: (2.0211298, 176, 0.18677783, 105)
2021-07-19 16:10:11,297 - deformetrica.core.models.longitudinal_metric_learning - INFO - Tmin 45 Tmax 105 Update of the spatiotemporalframe: 976 ms
2021-07-19 16:10:22,229 - deformetrica.core.models.longitudinal_metric_learning - INFO - Acceleration factors max/min: (2.0211298, 176, 0.18677783, 105)
2021-07-19 16:10:23,240 - deformetrica.core.models.longitudinal_metric_learning - INFO - Tmin 45 Tmax 105 Update of the spatiotemporalframe: 982 ms
2021-07-19 16:10:34,124 - deformetrica.core.models.longitudinal_metric_learning - INFO - Acceleration factors max/min: (2.0212963, 176, 0.18684378, 105)
2021-07-19 16:10:35,132 - deformetrica.core.models.longitudinal_metric_learning - INFO - Tmin 45 Tmax 105 Update of the spatiotemporalframe: 979 ms
2021-07-19 16:10:46,154 - deformetrica.core.models.longitudinal_metric_learning - INFO - Acceleration factors max/min: (2.0211298, 176, 0.18677783, 105)
2021-07-19 16:10:47,182 - deformetrica.core.models.longitudinal_metric_learning - INFO - Tmin 45 Tmax 105 Update of the spatiotemporalframe: 999 ms
2021-07-19 16:10:58,384 - deformetrica.core.estimators.gradient_ascent - INFO - --------------------------------- GA Iteration: 17/32 -----------------------------------
2021-07-19 16:10:58,384 - deformetrica.core.estimators.gradient_ascent - INFO - >> Log-likelihood = -2.404E+03 	 [ attachment = -2.100E+03 ; regularity = -3.041E+02 ]
2021-07-19 16:10:58,385 - deformetrica.core.models.longitudinal_metric_learning - INFO - Acceleration factors max/min: (2.0212963, 176, 0.18684378, 105)
2021-07-19 16:10:59,419 - deformetrica.core.models.longitudinal_metric_learning - INFO - Tmin 45 Tmax 105 Update of the spatiotemporalframe: 999 ms
2021-07-19 16:11:23,046 - deformetrica.core.models.longitudinal_metric_learning - INFO - Acceleration factors max/min: (2.0212963, 176, 0.18684378, 105)
2021-07-19 16:11:24,577 - deformetrica.core.models.longitudinal_metric_learning - INFO - Tmin 45 Tmax 105 Update of the spatiotemporalframe: 1493 ms
2021-07-19 16:12:09,023 - deformetrica.core.estimators.gradient_ascent - INFO - >> Step size and gradient norm: 
2021-07-19 16:12:09,024 - deformetrica.core.estimators.gradient_ascent - INFO - 		8.661E-06   and   9.991E+03 	[ metric_parameters ]
2021-07-19 16:12:09,024 - deformetrica.core.estimators.gradient_ascent - INFO - 		7.655E-02   and   1.959E+01 	[ onset_age ]
2021-07-19 16:12:09,024 - deformetrica.core.estimators.gradient_ascent - INFO - 		1.023E-04   and   3.037E+02 	[ log_acceleration ]
2021-07-19 16:12:09,024 - deformetrica.core.estimators.gradient_ascent - INFO - 		2.300E-05   and   2.538E+02 	[ sources ]
2021-07-19 16:12:09,025 - deformetrica.core.models.longitudinal_metric_learning - INFO - Acceleration factors max/min: (2.0199938, 176, 0.18712965, 105)
2021-07-19 16:12:10,110 - deformetrica.core.models.longitudinal_metric_learning - INFO - Tmin 45 Tmax 105 Update of the spatiotemporalframe: 1056 ms
2021-07-19 16:12:21,517 - deformetrica.core.models.longitudinal_metric_learning - INFO - Acceleration factors max/min: (2.0202544, 176, 0.18707244, 105)
2021-07-19 16:12:22,542 - deformetrica.core.models.longitudinal_metric_learning - INFO - Tmin 45 Tmax 105 Update of the spatiotemporalframe: 995 ms
2021-07-19 16:12:33,763 - deformetrica.core.models.longitudinal_metric_learning - INFO - Acceleration factors max/min: (2.0202544, 176, 0.18707244, 105)
2021-07-19 16:12:34,790 - deformetrica.core.models.longitudinal_metric_learning - INFO - Tmin 45 Tmax 105 Update of the spatiotemporalframe: 998 ms
2021-07-19 16:12:45,990 - deformetrica.core.models.longitudinal_metric_learning - INFO - Acceleration factors max/min: (2.0199938, 176, 0.18712965, 105)
2021-07-19 16:12:47,022 - deformetrica.core.models.longitudinal_metric_learning - INFO - Tmin 45 Tmax 105 Update of the spatiotemporalframe: 1002 ms
2021-07-19 16:12:58,257 - deformetrica.core.models.longitudinal_metric_learning - INFO - Acceleration factors max/min: (2.0202544, 176, 0.18707244, 105)
2021-07-19 16:12:59,291 - deformetrica.core.models.longitudinal_metric_learning - INFO - Tmin 45 Tmax 105 Update of the spatiotemporalframe: 1004 ms
2021-07-19 16:13:10,545 - deformetrica.core.estimators.gradient_ascent - INFO - --------------------------------- GA Iteration: 18/32 -----------------------------------
2021-07-19 16:13:10,545 - deformetrica.core.estimators.gradient_ascent - INFO - >> Log-likelihood = -2.313E+03 	 [ attachment = -2.009E+03 ; regularity = -3.040E+02 ]
2021-07-19 16:13:10,546 - deformetrica.core.models.longitudinal_metric_learning - INFO - Acceleration factors max/min: (2.0199938, 176, 0.18712965, 105)
2021-07-19 16:13:11,581 - deformetrica.core.models.longitudinal_metric_learning - INFO - Tmin 45 Tmax 105 Update of the spatiotemporalframe: 1000 ms
2021-07-19 16:13:35,106 - deformetrica.core.models.longitudinal_metric_learning - INFO - Acceleration factors max/min: (2.0199938, 176, 0.18712965, 105)
2021-07-19 16:13:36,615 - deformetrica.core.models.longitudinal_metric_learning - INFO - Tmin 45 Tmax 105 Update of the spatiotemporalframe: 1472 ms
2021-07-19 16:14:19,840 - deformetrica.core.estimators.gradient_ascent - INFO - >> Step size and gradient norm: 
2021-07-19 16:14:19,842 - deformetrica.core.estimators.gradient_ascent - INFO - 		6.929E-06   and   9.318E+03 	[ metric_parameters ]
2021-07-19 16:14:19,843 - deformetrica.core.estimators.gradient_ascent - INFO - 		6.124E-02   and   1.732E+01 	[ onset_age ]
2021-07-19 16:14:19,844 - deformetrica.core.estimators.gradient_ascent - INFO - 		1.023E-04   and   3.207E+02 	[ log_acceleration ]
2021-07-19 16:14:19,844 - deformetrica.core.estimators.gradient_ascent - INFO - 		1.840E-05   and   2.458E+02 	[ sources ]
2021-07-19 16:14:19,845 - deformetrica.core.models.longitudinal_metric_learning - INFO - Acceleration factors max/min: (2.0220976, 176, 0.18745653, 105)
2021-07-19 16:14:20,908 - deformetrica.core.models.longitudinal_metric_learning - INFO - Tmin 45 Tmax 105 Update of the spatiotemporalframe: 1033 ms
2021-07-19 16:14:32,076 - deformetrica.core.estimators.gradient_ascent - INFO - --------------------------------- GA Iteration: 19/32 -----------------------------------
2021-07-19 16:14:32,076 - deformetrica.core.estimators.gradient_ascent - INFO - >> Log-likelihood = -2.241E+03 	 [ attachment = -1.937E+03 ; regularity = -3.039E+02 ]
2021-07-19 16:14:32,077 - deformetrica.core.models.longitudinal_metric_learning - INFO - Acceleration factors max/min: (2.0220976, 176, 0.18745653, 105)
2021-07-19 16:14:33,089 - deformetrica.core.models.longitudinal_metric_learning - INFO - Tmin 45 Tmax 105 Update of the spatiotemporalframe: 976 ms
2021-07-19 16:14:55,995 - deformetrica.core.models.longitudinal_metric_learning - INFO - Acceleration factors max/min: (2.0220976, 176, 0.18745653, 105)
2021-07-19 16:14:57,499 - deformetrica.core.models.longitudinal_metric_learning - INFO - Tmin 45 Tmax 105 Update of the spatiotemporalframe: 1467 ms
2021-07-19 16:15:41,669 - deformetrica.core.estimators.gradient_ascent - INFO - >> Step size and gradient norm: 
2021-07-19 16:15:41,669 - deformetrica.core.estimators.gradient_ascent - INFO - 		8.315E-06   and   7.928E+03 	[ metric_parameters ]
2021-07-19 16:15:41,670 - deformetrica.core.estimators.gradient_ascent - INFO - 		7.348E-02   and   2.148E+01 	[ onset_age ]
2021-07-19 16:15:41,670 - deformetrica.core.estimators.gradient_ascent - INFO - 		1.228E-04   and   2.690E+02 	[ log_acceleration ]
2021-07-19 16:15:41,670 - deformetrica.core.estimators.gradient_ascent - INFO - 		2.208E-05   and   2.342E+02 	[ sources ]
2021-07-19 16:15:41,671 - deformetrica.core.models.longitudinal_metric_learning - INFO - Acceleration factors max/min: (2.0250597, 176, 0.18779631, 105)
2021-07-19 16:15:42,739 - deformetrica.core.models.longitudinal_metric_learning - INFO - Tmin 45 Tmax 105 Update of the spatiotemporalframe: 1039 ms
2021-07-19 16:15:53,817 - deformetrica.core.estimators.gradient_ascent - INFO - --------------------------------- GA Iteration: 20/32 -----------------------------------
2021-07-19 16:15:53,818 - deformetrica.core.estimators.gradient_ascent - INFO - >> Log-likelihood = -2.212E+03 	 [ attachment = -1.908E+03 ; regularity = -3.038E+02 ]
2021-07-19 16:15:53,818 - deformetrica.core.models.longitudinal_metric_learning - INFO - Acceleration factors max/min: (2.0250597, 176, 0.18779631, 105)
2021-07-19 16:15:54,831 - deformetrica.core.models.longitudinal_metric_learning - INFO - Tmin 45 Tmax 105 Update of the spatiotemporalframe: 977 ms
2021-07-19 16:16:17,726 - deformetrica.core.models.longitudinal_metric_learning - INFO - Acceleration factors max/min: (2.0250597, 176, 0.18779631, 105)
2021-07-19 16:16:19,211 - deformetrica.core.models.longitudinal_metric_learning - INFO - Tmin 45 Tmax 105 Update of the spatiotemporalframe: 1448 ms
2021-07-19 16:17:02,515 - deformetrica.core.estimators.gradient_ascent - INFO - >> Step size and gradient norm: 
2021-07-19 16:17:02,517 - deformetrica.core.estimators.gradient_ascent - INFO - 		9.978E-06   and   8.997E+03 	[ metric_parameters ]
2021-07-19 16:17:02,518 - deformetrica.core.estimators.gradient_ascent - INFO - 		8.818E-02   and   2.205E+01 	[ onset_age ]
2021-07-19 16:17:02,519 - deformetrica.core.estimators.gradient_ascent - INFO - 		1.473E-04   and   3.370E+02 	[ log_acceleration ]
2021-07-19 16:17:02,519 - deformetrica.core.estimators.gradient_ascent - INFO - 		2.650E-05   and   2.364E+02 	[ sources ]
2021-07-19 16:17:02,520 - deformetrica.core.models.longitudinal_metric_learning - INFO - Acceleration factors max/min: (2.023861, 176, 0.18839557, 105)
2021-07-19 16:17:03,600 - deformetrica.core.models.longitudinal_metric_learning - INFO - Tmin 45 Tmax 105 Update of the spatiotemporalframe: 1051 ms
2021-07-19 16:17:14,970 - deformetrica.core.models.longitudinal_metric_learning - INFO - Acceleration factors max/min: (2.0241005, 176, 0.18827558, 105)
2021-07-19 16:17:15,992 - deformetrica.core.models.longitudinal_metric_learning - INFO - Tmin 45 Tmax 105 Update of the spatiotemporalframe: 992 ms
2021-07-19 16:17:26,983 - deformetrica.core.models.longitudinal_metric_learning - INFO - Acceleration factors max/min: (2.0241005, 176, 0.18827558, 105)
2021-07-19 16:17:27,997 - deformetrica.core.models.longitudinal_metric_learning - INFO - Tmin 45 Tmax 105 Update of the spatiotemporalframe: 986 ms
2021-07-19 16:17:39,068 - deformetrica.core.models.longitudinal_metric_learning - INFO - Acceleration factors max/min: (2.023861, 176, 0.18839557, 105)
2021-07-19 16:17:40,089 - deformetrica.core.models.longitudinal_metric_learning - INFO - Tmin 45 Tmax 105 Update of the spatiotemporalframe: 992 ms
2021-07-19 16:17:51,145 - deformetrica.core.models.longitudinal_metric_learning - INFO - Acceleration factors max/min: (2.0241005, 176, 0.18827558, 105)
2021-07-19 16:17:52,165 - deformetrica.core.models.longitudinal_metric_learning - INFO - Tmin 45 Tmax 105 Update of the spatiotemporalframe: 992 ms
2021-07-19 16:18:03,299 - deformetrica.core.estimators.gradient_ascent - INFO - --------------------------------- GA Iteration: 21/32 -----------------------------------
2021-07-19 16:18:03,300 - deformetrica.core.estimators.gradient_ascent - INFO - >> Log-likelihood = -2.204E+03 	 [ attachment = -1.900E+03 ; regularity = -3.037E+02 ]
2021-07-19 16:18:03,300 - deformetrica.core.models.longitudinal_metric_learning - INFO - Acceleration factors max/min: (2.0241005, 176, 0.18827558, 105)
2021-07-19 16:18:04,330 - deformetrica.core.models.longitudinal_metric_learning - INFO - Tmin 45 Tmax 105 Update of the spatiotemporalframe: 994 ms
2021-07-19 16:18:27,674 - deformetrica.core.models.longitudinal_metric_learning - INFO - Acceleration factors max/min: (2.0241005, 176, 0.18827558, 105)
2021-07-19 16:18:29,198 - deformetrica.core.models.longitudinal_metric_learning - INFO - Tmin 45 Tmax 105 Update of the spatiotemporalframe: 1486 ms
2021-07-19 16:19:13,505 - deformetrica.core.estimators.gradient_ascent - INFO - >> Step size and gradient norm: 
2021-07-19 16:19:13,506 - deformetrica.core.estimators.gradient_ascent - INFO - 		7.982E-06   and   1.027E+04 	[ metric_parameters ]
2021-07-19 16:19:13,506 - deformetrica.core.estimators.gradient_ascent - INFO - 		7.055E-02   and   2.222E+01 	[ onset_age ]
2021-07-19 16:19:13,506 - deformetrica.core.estimators.gradient_ascent - INFO - 		1.179E-04   and   3.356E+02 	[ log_acceleration ]
2021-07-19 16:19:13,506 - deformetrica.core.estimators.gradient_ascent - INFO - 		2.650E-05   and   2.338E+02 	[ sources ]
2021-07-19 16:19:13,507 - deformetrica.core.models.longitudinal_metric_learning - INFO - Acceleration factors max/min: (2.025933, 176, 0.18860763, 105)
2021-07-19 16:19:14,606 - deformetrica.core.models.longitudinal_metric_learning - INFO - Tmin 45 Tmax 105 Update of the spatiotemporalframe: 1060 ms
2021-07-19 16:19:25,949 - deformetrica.core.models.longitudinal_metric_learning - INFO - Acceleration factors max/min: (2.0255663, 176, 0.18854116, 105)
2021-07-19 16:19:26,990 - deformetrica.core.models.longitudinal_metric_learning - INFO - Tmin 45 Tmax 105 Update of the spatiotemporalframe: 1011 ms
2021-07-19 16:19:38,045 - deformetrica.core.models.longitudinal_metric_learning - INFO - Acceleration factors max/min: (2.0255663, 176, 0.18854116, 105)
2021-07-19 16:19:39,065 - deformetrica.core.models.longitudinal_metric_learning - INFO - Tmin 45 Tmax 105 Update of the spatiotemporalframe: 992 ms
2021-07-19 16:19:50,201 - deformetrica.core.models.longitudinal_metric_learning - INFO - Acceleration factors max/min: (2.025933, 176, 0.18860763, 105)
2021-07-19 16:19:51,226 - deformetrica.core.models.longitudinal_metric_learning - INFO - Tmin 45 Tmax 105 Update of the spatiotemporalframe: 996 ms
2021-07-19 16:20:02,521 - deformetrica.core.models.longitudinal_metric_learning - INFO - Acceleration factors max/min: (2.0255663, 176, 0.18854116, 105)
2021-07-19 16:20:03,553 - deformetrica.core.models.longitudinal_metric_learning - INFO - Tmin 45 Tmax 105 Update of the spatiotemporalframe: 1003 ms
2021-07-19 16:20:14,792 - deformetrica.core.estimators.gradient_ascent - INFO - --------------------------------- GA Iteration: 22/32 -----------------------------------
2021-07-19 16:20:14,793 - deformetrica.core.estimators.gradient_ascent - INFO - >> Log-likelihood = -2.160E+03 	 [ attachment = -1.857E+03 ; regularity = -3.034E+02 ]
2021-07-19 16:20:14,793 - deformetrica.core.models.longitudinal_metric_learning - INFO - Acceleration factors max/min: (2.025933, 176, 0.18860763, 105)
2021-07-19 16:20:15,819 - deformetrica.core.models.longitudinal_metric_learning - INFO - Tmin 45 Tmax 105 Update of the spatiotemporalframe: 990 ms
2021-07-19 16:20:39,190 - deformetrica.core.models.longitudinal_metric_learning - INFO - Acceleration factors max/min: (2.025933, 176, 0.18860763, 105)
2021-07-19 16:20:40,715 - deformetrica.core.models.longitudinal_metric_learning - INFO - Tmin 45 Tmax 105 Update of the spatiotemporalframe: 1487 ms
2021-07-19 16:21:25,188 - deformetrica.core.estimators.gradient_ascent - INFO - >> Step size and gradient norm: 
2021-07-19 16:21:25,189 - deformetrica.core.estimators.gradient_ascent - INFO - 		6.386E-06   and   9.453E+03 	[ metric_parameters ]
2021-07-19 16:21:25,189 - deformetrica.core.estimators.gradient_ascent - INFO - 		5.644E-02   and   3.880E+01 	[ onset_age ]
2021-07-19 16:21:25,189 - deformetrica.core.estimators.gradient_ascent - INFO - 		1.179E-04   and   1.013E+03 	[ log_acceleration ]
2021-07-19 16:21:25,189 - deformetrica.core.estimators.gradient_ascent - INFO - 		2.120E-05   and   2.315E+02 	[ sources ]
2021-07-19 16:21:25,190 - deformetrica.core.models.longitudinal_metric_learning - INFO - Acceleration factors max/min: (2.0211604, 176, 0.18898404, 105)
2021-07-19 16:21:26,316 - deformetrica.core.models.longitudinal_metric_learning - INFO - Tmin 45 Tmax 105 Update of the spatiotemporalframe: 1096 ms
2021-07-19 16:21:37,707 - deformetrica.core.estimators.gradient_ascent - INFO - --------------------------------- GA Iteration: 23/32 -----------------------------------
2021-07-19 16:21:37,707 - deformetrica.core.estimators.gradient_ascent - INFO - >> Log-likelihood = -2.121E+03 	 [ attachment = -1.818E+03 ; regularity = -3.033E+02 ]
2021-07-19 16:21:37,708 - deformetrica.core.models.longitudinal_metric_learning - INFO - Acceleration factors max/min: (2.0211604, 176, 0.18898404, 105)
2021-07-19 16:21:38,741 - deformetrica.core.models.longitudinal_metric_learning - INFO - Tmin 45 Tmax 105 Update of the spatiotemporalframe: 997 ms
2021-07-19 16:22:02,377 - deformetrica.core.models.longitudinal_metric_learning - INFO - Acceleration factors max/min: (2.0211604, 176, 0.18898404, 105)
2021-07-19 16:22:03,897 - deformetrica.core.models.longitudinal_metric_learning - INFO - Tmin 45 Tmax 105 Update of the spatiotemporalframe: 1482 ms
2021-07-19 16:22:49,720 - deformetrica.core.estimators.gradient_ascent - INFO - >> Step size and gradient norm: 
2021-07-19 16:22:49,721 - deformetrica.core.estimators.gradient_ascent - INFO - 		7.663E-06   and   9.387E+03 	[ metric_parameters ]
2021-07-19 16:22:49,721 - deformetrica.core.estimators.gradient_ascent - INFO - 		6.772E-02   and   1.798E+01 	[ onset_age ]
2021-07-19 16:22:49,721 - deformetrica.core.estimators.gradient_ascent - INFO - 		1.414E-04   and   2.898E+02 	[ log_acceleration ]
2021-07-19 16:22:49,721 - deformetrica.core.estimators.gradient_ascent - INFO - 		2.544E-05   and   2.227E+02 	[ sources ]
2021-07-19 16:22:49,722 - deformetrica.core.models.longitudinal_metric_learning - INFO - Acceleration factors max/min: (2.0229468, 176, 0.18939675, 105)
2021-07-19 16:22:50,805 - deformetrica.core.models.longitudinal_metric_learning - INFO - Tmin 45 Tmax 105 Update of the spatiotemporalframe: 1052 ms
2021-07-19 16:23:02,299 - deformetrica.core.models.longitudinal_metric_learning - INFO - Acceleration factors max/min: (2.0225894, 176, 0.18931414, 105)
2021-07-19 16:23:03,335 - deformetrica.core.models.longitudinal_metric_learning - INFO - Tmin 45 Tmax 105 Update of the spatiotemporalframe: 1006 ms
2021-07-19 16:23:14,634 - deformetrica.core.models.longitudinal_metric_learning - INFO - Acceleration factors max/min: (2.0225894, 176, 0.18931414, 105)
2021-07-19 16:23:15,673 - deformetrica.core.models.longitudinal_metric_learning - INFO - Tmin 45 Tmax 105 Update of the spatiotemporalframe: 1009 ms
2021-07-19 16:23:26,934 - deformetrica.core.models.longitudinal_metric_learning - INFO - Acceleration factors max/min: (2.0229468, 176, 0.18939675, 105)
2021-07-19 16:23:27,969 - deformetrica.core.models.longitudinal_metric_learning - INFO - Tmin 45 Tmax 105 Update of the spatiotemporalframe: 1006 ms
2021-07-19 16:23:39,233 - deformetrica.core.models.longitudinal_metric_learning - INFO - Acceleration factors max/min: (2.0225894, 176, 0.18931414, 105)
2021-07-19 16:23:40,269 - deformetrica.core.models.longitudinal_metric_learning - INFO - Tmin 45 Tmax 105 Update of the spatiotemporalframe: 1007 ms
2021-07-19 16:23:51,562 - deformetrica.core.estimators.gradient_ascent - INFO - --------------------------------- GA Iteration: 24/32 -----------------------------------
2021-07-19 16:23:51,562 - deformetrica.core.estimators.gradient_ascent - INFO - >> Log-likelihood = -2.067E+03 	 [ attachment = -1.764E+03 ; regularity = -3.030E+02 ]
2021-07-19 16:23:51,563 - deformetrica.core.models.longitudinal_metric_learning - INFO - Acceleration factors max/min: (2.0225894, 176, 0.18931414, 105)
2021-07-19 16:23:52,605 - deformetrica.core.models.longitudinal_metric_learning - INFO - Tmin 45 Tmax 105 Update of the spatiotemporalframe: 1006 ms
2021-07-19 16:24:16,266 - deformetrica.core.models.longitudinal_metric_learning - INFO - Acceleration factors max/min: (2.0225894, 176, 0.18931414, 105)
2021-07-19 16:24:17,801 - deformetrica.core.models.longitudinal_metric_learning - INFO - Tmin 45 Tmax 105 Update of the spatiotemporalframe: 1498 ms
2021-07-19 16:25:02,762 - deformetrica.core.estimators.gradient_ascent - INFO - >> Step size and gradient norm: 
2021-07-19 16:25:02,763 - deformetrica.core.estimators.gradient_ascent - INFO - 		6.130E-06   and   8.759E+03 	[ metric_parameters ]
2021-07-19 16:25:02,765 - deformetrica.core.estimators.gradient_ascent - INFO - 		5.418E-02   and   2.382E+01 	[ onset_age ]
2021-07-19 16:25:02,766 - deformetrica.core.estimators.gradient_ascent - INFO - 		1.131E-04   and   3.713E+02 	[ log_acceleration ]
2021-07-19 16:25:02,766 - deformetrica.core.estimators.gradient_ascent - INFO - 		2.544E-05   and   2.207E+02 	[ sources ]
2021-07-19 16:25:02,767 - deformetrica.core.models.longitudinal_metric_learning - INFO - Acceleration factors max/min: (2.0279138, 176, 0.18964991, 105)
2021-07-19 16:25:03,871 - deformetrica.core.models.longitudinal_metric_learning - INFO - Tmin 45 Tmax 105 Update of the spatiotemporalframe: 1074 ms
2021-07-19 16:25:15,426 - deformetrica.core.estimators.gradient_ascent - INFO - --------------------------------- GA Iteration: 25/32 -----------------------------------
2021-07-19 16:25:15,426 - deformetrica.core.estimators.gradient_ascent - INFO - >> Log-likelihood = -2.041E+03 	 [ attachment = -1.738E+03 ; regularity = -3.028E+02 ]
2021-07-19 16:25:15,427 - deformetrica.core.models.longitudinal_metric_learning - INFO - Acceleration factors max/min: (2.0279138, 176, 0.18964991, 105)
2021-07-19 16:25:16,491 - deformetrica.core.models.longitudinal_metric_learning - INFO - Tmin 45 Tmax 105 Update of the spatiotemporalframe: 1029 ms
2021-07-19 16:25:39,851 - deformetrica.core.models.longitudinal_metric_learning - INFO - Acceleration factors max/min: (2.0279138, 176, 0.18964991, 105)
2021-07-19 16:25:41,363 - deformetrica.core.models.longitudinal_metric_learning - INFO - Tmin 45 Tmax 105 Update of the spatiotemporalframe: 1475 ms
2021-07-19 16:26:26,665 - deformetrica.core.estimators.gradient_ascent - INFO - >> Step size and gradient norm: 
2021-07-19 16:26:26,667 - deformetrica.core.estimators.gradient_ascent - INFO - 		7.356E-06   and   8.801E+03 	[ metric_parameters ]
2021-07-19 16:26:26,668 - deformetrica.core.estimators.gradient_ascent - INFO - 		6.501E-02   and   2.234E+01 	[ onset_age ]
2021-07-19 16:26:26,669 - deformetrica.core.estimators.gradient_ascent - INFO - 		1.358E-04   and   3.771E+02 	[ log_acceleration ]
2021-07-19 16:26:26,670 - deformetrica.core.estimators.gradient_ascent - INFO - 		3.053E-05   and   2.139E+02 	[ sources ]
2021-07-19 16:26:26,671 - deformetrica.core.models.longitudinal_metric_learning - INFO - Acceleration factors max/min: (2.0333037, 176, 0.19002166, 105)
2021-07-19 16:26:27,754 - deformetrica.core.models.longitudinal_metric_learning - INFO - Tmin 45 Tmax 105 Update of the spatiotemporalframe: 1053 ms
2021-07-19 16:26:39,115 - deformetrica.core.models.longitudinal_metric_learning - INFO - Acceleration factors max/min: (2.0322247, 176, 0.18994723, 105)
2021-07-19 16:26:40,120 - deformetrica.core.models.longitudinal_metric_learning - INFO - Tmin 45 Tmax 105 Update of the spatiotemporalframe: 975 ms
2021-07-19 16:26:51,065 - deformetrica.core.models.longitudinal_metric_learning - INFO - Acceleration factors max/min: (2.0322247, 176, 0.18994723, 105)
2021-07-19 16:26:52,095 - deformetrica.core.models.longitudinal_metric_learning - INFO - Tmin 45 Tmax 105 Update of the spatiotemporalframe: 1001 ms
2021-07-19 16:27:03,412 - deformetrica.core.models.longitudinal_metric_learning - INFO - Acceleration factors max/min: (2.0333037, 176, 0.19002166, 105)
2021-07-19 16:27:04,456 - deformetrica.core.models.longitudinal_metric_learning - INFO - Tmin 45 Tmax 105 Update of the spatiotemporalframe: 1015 ms
2021-07-19 16:27:15,819 - deformetrica.core.models.longitudinal_metric_learning - INFO - Acceleration factors max/min: (2.0322247, 176, 0.18994723, 105)
2021-07-19 16:27:16,862 - deformetrica.core.models.longitudinal_metric_learning - INFO - Tmin 45 Tmax 105 Update of the spatiotemporalframe: 1013 ms
2021-07-19 16:27:28,201 - deformetrica.core.estimators.gradient_ascent - INFO - --------------------------------- GA Iteration: 26/32 -----------------------------------
2021-07-19 16:27:28,201 - deformetrica.core.estimators.gradient_ascent - INFO - >> Log-likelihood = -2.002E+03 	 [ attachment = -1.700E+03 ; regularity = -3.025E+02 ]
2021-07-19 16:27:28,201 - deformetrica.core.models.longitudinal_metric_learning - INFO - Acceleration factors max/min: (2.0333037, 176, 0.19002166, 105)
2021-07-19 16:27:29,250 - deformetrica.core.models.longitudinal_metric_learning - INFO - Tmin 45 Tmax 105 Update of the spatiotemporalframe: 1013 ms
2021-07-19 16:27:52,850 - deformetrica.core.models.longitudinal_metric_learning - INFO - Acceleration factors max/min: (2.0333037, 176, 0.19002166, 105)
2021-07-19 16:27:54,381 - deformetrica.core.models.longitudinal_metric_learning - INFO - Tmin 45 Tmax 105 Update of the spatiotemporalframe: 1493 ms
2021-07-19 16:28:44,829 - deformetrica.core.estimators.gradient_ascent - INFO - >> Step size and gradient norm: 
2021-07-19 16:28:44,831 - deformetrica.core.estimators.gradient_ascent - INFO - 		5.885E-06   and   7.919E+03 	[ metric_parameters ]
2021-07-19 16:28:44,832 - deformetrica.core.estimators.gradient_ascent - INFO - 		5.201E-02   and   3.235E+01 	[ onset_age ]
2021-07-19 16:28:44,833 - deformetrica.core.estimators.gradient_ascent - INFO - 		1.358E-04   and   4.729E+02 	[ log_acceleration ]
2021-07-19 16:28:44,834 - deformetrica.core.estimators.gradient_ascent - INFO - 		2.442E-05   and   2.098E+02 	[ sources ]
2021-07-19 16:28:44,835 - deformetrica.core.models.longitudinal_metric_learning - INFO - Acceleration factors max/min: (2.0245562, 176, 0.19049995, 105)
2021-07-19 16:28:46,156 - deformetrica.core.models.longitudinal_metric_learning - INFO - Tmin 45 Tmax 105 Update of the spatiotemporalframe: 1289 ms
2021-07-19 16:29:00,161 - deformetrica.core.estimators.gradient_ascent - INFO - --------------------------------- GA Iteration: 27/32 -----------------------------------
2021-07-19 16:29:00,162 - deformetrica.core.estimators.gradient_ascent - INFO - >> Log-likelihood = -1.987E+03 	 [ attachment = -1.685E+03 ; regularity = -3.020E+02 ]
2021-07-19 16:29:00,162 - deformetrica.core.models.longitudinal_metric_learning - INFO - Acceleration factors max/min: (2.0245562, 176, 0.19049995, 105)
2021-07-19 16:29:01,474 - deformetrica.core.models.longitudinal_metric_learning - INFO - Tmin 45 Tmax 105 Update of the spatiotemporalframe: 1274 ms
2021-07-19 16:29:25,588 - deformetrica.core.models.longitudinal_metric_learning - INFO - Acceleration factors max/min: (2.0245562, 176, 0.19049995, 105)
2021-07-19 16:29:27,098 - deformetrica.core.models.longitudinal_metric_learning - INFO - Tmin 45 Tmax 105 Update of the spatiotemporalframe: 1472 ms
2021-07-19 16:30:11,748 - deformetrica.core.estimators.gradient_ascent - INFO - >> Step size and gradient norm: 
2021-07-19 16:30:11,749 - deformetrica.core.estimators.gradient_ascent - INFO - 		7.062E-06   and   8.784E+03 	[ metric_parameters ]
2021-07-19 16:30:11,749 - deformetrica.core.estimators.gradient_ascent - INFO - 		6.241E-02   and   2.616E+01 	[ onset_age ]
2021-07-19 16:30:11,749 - deformetrica.core.estimators.gradient_ascent - INFO - 		1.629E-04   and   4.148E+02 	[ log_acceleration ]
2021-07-19 16:30:11,749 - deformetrica.core.estimators.gradient_ascent - INFO - 		2.931E-05   and   2.046E+02 	[ sources ]
2021-07-19 16:30:11,750 - deformetrica.core.models.longitudinal_metric_learning - INFO - Acceleration factors max/min: (2.029195, 176, 0.19103651, 105)
2021-07-19 16:30:12,832 - deformetrica.core.models.longitudinal_metric_learning - INFO - Tmin 45 Tmax 105 Update of the spatiotemporalframe: 1051 ms
2021-07-19 16:30:24,189 - deformetrica.core.models.longitudinal_metric_learning - INFO - Acceleration factors max/min: (2.0282664, 176, 0.19092907, 105)
2021-07-19 16:30:25,212 - deformetrica.core.models.longitudinal_metric_learning - INFO - Tmin 45 Tmax 105 Update of the spatiotemporalframe: 994 ms
2021-07-19 16:30:36,350 - deformetrica.core.models.longitudinal_metric_learning - INFO - Acceleration factors max/min: (2.0282664, 176, 0.19092907, 105)
2021-07-19 16:30:37,382 - deformetrica.core.models.longitudinal_metric_learning - INFO - Tmin 45 Tmax 105 Update of the spatiotemporalframe: 1002 ms
2021-07-19 16:30:48,591 - deformetrica.core.models.longitudinal_metric_learning - INFO - Acceleration factors max/min: (2.029195, 176, 0.19103651, 105)
2021-07-19 16:30:49,626 - deformetrica.core.models.longitudinal_metric_learning - INFO - Tmin 45 Tmax 105 Update of the spatiotemporalframe: 1006 ms
2021-07-19 16:31:00,887 - deformetrica.core.models.longitudinal_metric_learning - INFO - Acceleration factors max/min: (2.0282664, 176, 0.19092907, 105)
2021-07-19 16:31:01,922 - deformetrica.core.models.longitudinal_metric_learning - INFO - Tmin 45 Tmax 105 Update of the spatiotemporalframe: 1005 ms
2021-07-19 16:31:13,163 - deformetrica.core.estimators.gradient_ascent - INFO - --------------------------------- GA Iteration: 28/32 -----------------------------------
2021-07-19 16:31:13,163 - deformetrica.core.estimators.gradient_ascent - INFO - >> Log-likelihood = -1.956E+03 	 [ attachment = -1.654E+03 ; regularity = -3.015E+02 ]
2021-07-19 16:31:13,164 - deformetrica.core.models.longitudinal_metric_learning - INFO - Acceleration factors max/min: (2.0282664, 176, 0.19092907, 105)
2021-07-19 16:31:14,201 - deformetrica.core.models.longitudinal_metric_learning - INFO - Tmin 45 Tmax 105 Update of the spatiotemporalframe: 1002 ms
2021-07-19 16:31:37,864 - deformetrica.core.models.longitudinal_metric_learning - INFO - Acceleration factors max/min: (2.0282664, 176, 0.19092907, 105)
2021-07-19 16:31:39,384 - deformetrica.core.models.longitudinal_metric_learning - INFO - Tmin 45 Tmax 105 Update of the spatiotemporalframe: 1482 ms
2021-07-19 16:32:24,605 - deformetrica.core.estimators.gradient_ascent - INFO - >> Step size and gradient norm: 
2021-07-19 16:32:24,605 - deformetrica.core.estimators.gradient_ascent - INFO - 		5.650E-06   and   7.499E+03 	[ metric_parameters ]
2021-07-19 16:32:24,605 - deformetrica.core.estimators.gradient_ascent - INFO - 		4.993E-02   and   4.089E+01 	[ onset_age ]
2021-07-19 16:32:24,606 - deformetrica.core.estimators.gradient_ascent - INFO - 		1.303E-04   and   6.254E+02 	[ log_acceleration ]
2021-07-19 16:32:24,606 - deformetrica.core.estimators.gradient_ascent - INFO - 		2.931E-05   and   2.034E+02 	[ sources ]
2021-07-19 16:32:24,607 - deformetrica.core.models.longitudinal_metric_learning - INFO - Acceleration factors max/min: (2.0215092, 176, 0.19126761, 105)
2021-07-19 16:32:25,695 - deformetrica.core.models.longitudinal_metric_learning - INFO - Tmin 45 Tmax 105 Update of the spatiotemporalframe: 1059 ms
2021-07-19 16:32:37,163 - deformetrica.core.estimators.gradient_ascent - INFO - --------------------------------- GA Iteration: 29/32 -----------------------------------
2021-07-19 16:32:37,164 - deformetrica.core.estimators.gradient_ascent - INFO - >> Log-likelihood = -1.946E+03 	 [ attachment = -1.645E+03 ; regularity = -3.010E+02 ]
2021-07-19 16:32:37,165 - deformetrica.core.models.longitudinal_metric_learning - INFO - Acceleration factors max/min: (2.0215092, 176, 0.19126761, 105)
2021-07-19 16:32:38,207 - deformetrica.core.models.longitudinal_metric_learning - INFO - Tmin 45 Tmax 105 Update of the spatiotemporalframe: 1006 ms
2021-07-19 16:33:01,928 - deformetrica.core.models.longitudinal_metric_learning - INFO - Acceleration factors max/min: (2.0215092, 176, 0.19126761, 105)
2021-07-19 16:33:03,460 - deformetrica.core.models.longitudinal_metric_learning - INFO - Tmin 45 Tmax 105 Update of the spatiotemporalframe: 1494 ms
2021-07-19 16:33:48,919 - deformetrica.core.estimators.gradient_ascent - INFO - >> Step size and gradient norm: 
2021-07-19 16:33:48,920 - deformetrica.core.estimators.gradient_ascent - INFO - 		6.780E-06   and   8.359E+03 	[ metric_parameters ]
2021-07-19 16:33:48,920 - deformetrica.core.estimators.gradient_ascent - INFO - 		5.992E-02   and   3.650E+01 	[ onset_age ]
2021-07-19 16:33:48,920 - deformetrica.core.estimators.gradient_ascent - INFO - 		1.564E-04   and   3.896E+02 	[ log_acceleration ]
2021-07-19 16:33:48,921 - deformetrica.core.estimators.gradient_ascent - INFO - 		3.517E-05   and   2.004E+02 	[ sources ]
2021-07-19 16:33:48,922 - deformetrica.core.models.longitudinal_metric_learning - INFO - Acceleration factors max/min: (2.0193696, 176, 0.1916913, 105)
2021-07-19 16:33:50,269 - deformetrica.core.models.longitudinal_metric_learning - INFO - Tmin 45 Tmax 105 Update of the spatiotemporalframe: 1316 ms
2021-07-19 16:34:04,808 - deformetrica.core.models.longitudinal_metric_learning - INFO - Acceleration factors max/min: (2.0197973, 176, 0.19160649, 105)
2021-07-19 16:34:06,105 - deformetrica.core.models.longitudinal_metric_learning - INFO - Tmin 45 Tmax 105 Update of the spatiotemporalframe: 1265 ms
2021-07-19 16:34:19,669 - deformetrica.core.models.longitudinal_metric_learning - INFO - Acceleration factors max/min: (2.0197973, 176, 0.19160649, 105)
2021-07-19 16:34:20,711 - deformetrica.core.models.longitudinal_metric_learning - INFO - Tmin 45 Tmax 105 Update of the spatiotemporalframe: 1012 ms
2021-07-19 16:34:32,112 - deformetrica.core.models.longitudinal_metric_learning - INFO - Acceleration factors max/min: (2.0193696, 176, 0.1916913, 105)
2021-07-19 16:34:33,163 - deformetrica.core.models.longitudinal_metric_learning - INFO - Tmin 45 Tmax 105 Update of the spatiotemporalframe: 1022 ms
2021-07-19 16:34:44,540 - deformetrica.core.models.longitudinal_metric_learning - INFO - Acceleration factors max/min: (2.0197973, 176, 0.19160649, 105)
2021-07-19 16:34:45,584 - deformetrica.core.models.longitudinal_metric_learning - INFO - Tmin 45 Tmax 105 Update of the spatiotemporalframe: 1014 ms
2021-07-19 16:34:56,904 - deformetrica.core.estimators.gradient_ascent - INFO - --------------------------------- GA Iteration: 30/32 -----------------------------------
2021-07-19 16:34:56,905 - deformetrica.core.estimators.gradient_ascent - INFO - >> Log-likelihood = -1.933E+03 	 [ attachment = -1.632E+03 ; regularity = -3.009E+02 ]
2021-07-19 16:34:56,906 - deformetrica.core.models.longitudinal_metric_learning - INFO - Acceleration factors max/min: (2.0197973, 176, 0.19160649, 105)
2021-07-19 16:34:57,955 - deformetrica.core.models.longitudinal_metric_learning - INFO - Tmin 45 Tmax 105 Update of the spatiotemporalframe: 1014 ms
2021-07-19 16:35:21,761 - deformetrica.core.models.longitudinal_metric_learning - INFO - Acceleration factors max/min: (2.0197973, 176, 0.19160649, 105)
2021-07-19 16:35:23,306 - deformetrica.core.models.longitudinal_metric_learning - INFO - Tmin 45 Tmax 105 Update of the spatiotemporalframe: 1508 ms
2021-07-19 16:36:14,210 - deformetrica.core.estimators.gradient_ascent - INFO - >> Step size and gradient norm: 
2021-07-19 16:36:14,211 - deformetrica.core.estimators.gradient_ascent - INFO - 		5.424E-06   and   7.077E+03 	[ metric_parameters ]
2021-07-19 16:36:14,211 - deformetrica.core.estimators.gradient_ascent - INFO - 		5.992E-02   and   2.229E+01 	[ onset_age ]
2021-07-19 16:36:14,211 - deformetrica.core.estimators.gradient_ascent - INFO - 		1.251E-04   and   3.370E+02 	[ log_acceleration ]
2021-07-19 16:36:14,211 - deformetrica.core.estimators.gradient_ascent - INFO - 		2.813E-05   and   1.990E+02 	[ sources ]
2021-07-19 16:36:14,212 - deformetrica.core.models.longitudinal_metric_learning - INFO - Acceleration factors max/min: (2.0237641, 176, 0.19194564, 105)
2021-07-19 16:36:15,542 - deformetrica.core.models.longitudinal_metric_learning - INFO - Tmin 45 Tmax 105 Update of the spatiotemporalframe: 1293 ms
2021-07-19 16:36:29,590 - deformetrica.core.estimators.gradient_ascent - INFO - --------------------------------- GA Iteration: 31/32 -----------------------------------
2021-07-19 16:36:29,591 - deformetrica.core.estimators.gradient_ascent - INFO - >> Log-likelihood = -1.917E+03 	 [ attachment = -1.616E+03 ; regularity = -3.005E+02 ]
2021-07-19 16:36:29,591 - deformetrica.core.models.longitudinal_metric_learning - INFO - Acceleration factors max/min: (2.0237641, 176, 0.19194564, 105)
2021-07-19 16:36:30,861 - deformetrica.core.models.longitudinal_metric_learning - INFO - Tmin 45 Tmax 105 Update of the spatiotemporalframe: 1231 ms
2021-07-19 16:36:58,689 - deformetrica.core.models.longitudinal_metric_learning - INFO - Acceleration factors max/min: (2.0237641, 176, 0.19194564, 105)
2021-07-19 16:36:59,962 - deformetrica.core.models.longitudinal_metric_learning - INFO - Tmin 45 Tmax 105 Update of the spatiotemporalframe: 1237 ms
2021-07-19 16:37:49,073 - deformetrica.core.estimators.gradient_ascent - INFO - >> Step size and gradient norm: 
2021-07-19 16:37:49,074 - deformetrica.core.estimators.gradient_ascent - INFO - 		7.190E-02   and   3.768E+01 	[ onset_age ]
2021-07-19 16:37:49,074 - deformetrica.core.estimators.gradient_ascent - INFO - 		1.502E-04   and   3.860E+02 	[ log_acceleration ]
2021-07-19 16:37:49,074 - deformetrica.core.estimators.gradient_ascent - INFO - 		3.376E-05   and   1.959E+02 	[ sources ]
2021-07-19 16:37:49,075 - deformetrica.core.models.longitudinal_metric_learning - INFO - Acceleration factors max/min: (2.019747, 176, 0.19229515, 105)
2021-07-19 16:37:50,349 - deformetrica.core.models.longitudinal_metric_learning - INFO - Tmin 45 Tmax 105 Update of the spatiotemporalframe: 1238 ms
2021-07-19 16:38:04,311 - deformetrica.core.models.longitudinal_metric_learning - INFO - Acceleration factors max/min: (2.0205498, 176, 0.1922252, 105)
2021-07-19 16:38:05,580 - deformetrica.core.models.longitudinal_metric_learning - INFO - Tmin 45 Tmax 105 Update of the spatiotemporalframe: 1237 ms
2021-07-19 16:38:19,555 - deformetrica.core.models.longitudinal_metric_learning - INFO - Acceleration factors max/min: (2.0205498, 176, 0.1922252, 105)
2021-07-19 16:38:20,845 - deformetrica.core.models.longitudinal_metric_learning - INFO - Tmin 45 Tmax 105 Update of the spatiotemporalframe: 1257 ms
2021-07-19 16:38:34,956 - deformetrica.core.models.longitudinal_metric_learning - INFO - Acceleration factors max/min: (2.019747, 176, 0.19229515, 105)
2021-07-19 16:38:36,258 - deformetrica.core.models.longitudinal_metric_learning - INFO - Tmin 45 Tmax 105 Update of the spatiotemporalframe: 1270 ms
2021-07-19 16:38:50,240 - deformetrica.core.models.longitudinal_metric_learning - INFO - Acceleration factors max/min: (2.0205498, 176, 0.1922252, 105)
2021-07-19 16:38:51,502 - deformetrica.core.models.longitudinal_metric_learning - INFO - Tmin 45 Tmax 105 Update of the spatiotemporalframe: 1232 ms
2021-07-19 16:39:05,223 - deformetrica.core.estimators.gradient_ascent - INFO - >> Step size and gradient norm: 
2021-07-19 16:39:05,226 - deformetrica.core.estimators.gradient_ascent - INFO - 		5.752E-02   and   3.768E+01 	[ onset_age ]
2021-07-19 16:39:05,226 - deformetrica.core.estimators.gradient_ascent - INFO - 		1.201E-04   and   3.860E+02 	[ log_acceleration ]
2021-07-19 16:39:05,226 - deformetrica.core.estimators.gradient_ascent - INFO - 		2.701E-05   and   1.959E+02 	[ sources ]
2021-07-19 16:39:05,227 - deformetrica.core.models.longitudinal_metric_learning - INFO - Acceleration factors max/min: (2.0205498, 176, 0.1922252, 105)
2021-07-19 16:39:06,483 - deformetrica.core.models.longitudinal_metric_learning - INFO - Tmin 45 Tmax 105 Update of the spatiotemporalframe: 1226 ms
2021-07-19 16:39:20,375 - deformetrica.core.models.longitudinal_metric_learning - INFO - Acceleration factors max/min: (2.0211923, 176, 0.19216925, 105)
2021-07-19 16:39:21,638 - deformetrica.core.models.longitudinal_metric_learning - INFO - Tmin 45 Tmax 105 Update of the spatiotemporalframe: 1232 ms
2021-07-19 16:39:35,766 - deformetrica.core.models.longitudinal_metric_learning - INFO - Acceleration factors max/min: (2.0211923, 176, 0.19216925, 105)
2021-07-19 16:39:37,063 - deformetrica.core.models.longitudinal_metric_learning - INFO - Tmin 45 Tmax 105 Update of the spatiotemporalframe: 1264 ms
2021-07-19 16:39:51,250 - deformetrica.core.models.longitudinal_metric_learning - INFO - Acceleration factors max/min: (2.0205498, 176, 0.1922252, 105)
2021-07-19 16:39:52,540 - deformetrica.core.models.longitudinal_metric_learning - INFO - Tmin 45 Tmax 105 Update of the spatiotemporalframe: 1258 ms
2021-07-19 16:40:06,577 - deformetrica.core.models.longitudinal_metric_learning - INFO - Acceleration factors max/min: (2.0211923, 176, 0.19216925, 105)
2021-07-19 16:40:07,865 - deformetrica.core.models.longitudinal_metric_learning - INFO - Tmin 45 Tmax 105 Update of the spatiotemporalframe: 1256 ms
2021-07-19 16:40:21,921 - deformetrica.core.estimators.gradient_ascent - INFO - >> Step size and gradient norm: 
2021-07-19 16:40:21,926 - deformetrica.core.estimators.gradient_ascent - INFO - 		4.602E-02   and   3.768E+01 	[ onset_age ]
2021-07-19 16:40:21,926 - deformetrica.core.estimators.gradient_ascent - INFO - 		9.610E-05   and   3.860E+02 	[ log_acceleration ]
2021-07-19 16:40:21,926 - deformetrica.core.estimators.gradient_ascent - INFO - 		2.161E-05   and   1.959E+02 	[ sources ]
2021-07-19 16:40:21,927 - deformetrica.core.models.longitudinal_metric_learning - INFO - Acceleration factors max/min: (2.0211923, 176, 0.19216925, 105)
2021-07-19 16:40:23,209 - deformetrica.core.models.longitudinal_metric_learning - INFO - Tmin 45 Tmax 105 Update of the spatiotemporalframe: 1251 ms
2021-07-19 16:40:37,357 - deformetrica.core.models.longitudinal_metric_learning - INFO - Acceleration factors max/min: (2.0217063, 176, 0.19212452, 105)
2021-07-19 16:40:38,646 - deformetrica.core.models.longitudinal_metric_learning - INFO - Tmin 45 Tmax 105 Update of the spatiotemporalframe: 1258 ms
2021-07-19 16:40:52,858 - deformetrica.core.models.longitudinal_metric_learning - INFO - Acceleration factors max/min: (2.0217063, 176, 0.19212452, 105)
2021-07-19 16:40:54,158 - deformetrica.core.models.longitudinal_metric_learning - INFO - Tmin 45 Tmax 105 Update of the spatiotemporalframe: 1268 ms
2021-07-19 16:41:08,371 - deformetrica.core.models.longitudinal_metric_learning - INFO - Acceleration factors max/min: (2.0211923, 176, 0.19216925, 105)
2021-07-19 16:41:09,608 - deformetrica.core.models.longitudinal_metric_learning - INFO - Tmin 45 Tmax 105 Update of the spatiotemporalframe: 1206 ms
2021-07-19 16:41:23,517 - deformetrica.core.models.longitudinal_metric_learning - INFO - Acceleration factors max/min: (2.0217063, 176, 0.19212452, 105)
2021-07-19 16:41:24,794 - deformetrica.core.models.longitudinal_metric_learning - INFO - Tmin 45 Tmax 105 Update of the spatiotemporalframe: 1246 ms
2021-07-19 16:41:39,460 - deformetrica.core.estimators.gradient_ascent - INFO - >> Step size and gradient norm: 
2021-07-19 16:41:39,464 - deformetrica.core.estimators.gradient_ascent - INFO - 		3.681E-02   and   3.768E+01 	[ onset_age ]
2021-07-19 16:41:39,464 - deformetrica.core.estimators.gradient_ascent - INFO - 		7.688E-05   and   3.860E+02 	[ log_acceleration ]
2021-07-19 16:41:39,464 - deformetrica.core.estimators.gradient_ascent - INFO - 		1.728E-05   and   1.959E+02 	[ sources ]
2021-07-19 16:41:39,465 - deformetrica.core.models.longitudinal_metric_learning - INFO - Acceleration factors max/min: (2.0217063, 176, 0.19212452, 105)
2021-07-19 16:41:40,924 - deformetrica.core.models.longitudinal_metric_learning - INFO - Tmin 45 Tmax 105 Update of the spatiotemporalframe: 1419 ms
2021-07-19 16:41:55,999 - deformetrica.core.models.longitudinal_metric_learning - INFO - Acceleration factors max/min: (2.0221179, 176, 0.19208872, 105)
2021-07-19 16:41:57,442 - deformetrica.core.models.longitudinal_metric_learning - INFO - Tmin 45 Tmax 105 Update of the spatiotemporalframe: 1412 ms
2021-07-19 16:42:11,957 - deformetrica.core.models.longitudinal_metric_learning - INFO - Acceleration factors max/min: (2.0221179, 176, 0.19208872, 105)
2021-07-19 16:42:13,001 - deformetrica.core.models.longitudinal_metric_learning - INFO - Tmin 45 Tmax 105 Update of the spatiotemporalframe: 1014 ms
2021-07-19 16:42:24,337 - deformetrica.core.models.longitudinal_metric_learning - INFO - Acceleration factors max/min: (2.0217063, 176, 0.19212452, 105)
2021-07-19 16:42:25,371 - deformetrica.core.models.longitudinal_metric_learning - INFO - Tmin 45 Tmax 105 Update of the spatiotemporalframe: 1005 ms
2021-07-19 16:42:36,695 - deformetrica.core.models.longitudinal_metric_learning - INFO - Acceleration factors max/min: (2.0221179, 176, 0.19208872, 105)
2021-07-19 16:42:37,729 - deformetrica.core.models.longitudinal_metric_learning - INFO - Tmin 45 Tmax 105 Update of the spatiotemporalframe: 1005 ms
2021-07-19 16:42:48,938 - deformetrica.core.estimators.gradient_ascent - INFO - Number of line search loops exceeded. Stopping.
2021-07-19 16:42:48,941 - deformetrica.core.estimators.gradient_ascent - INFO - --------------------------------- GA Iteration: 32/32 -----------------------------------
2021-07-19 16:42:48,941 - deformetrica.core.estimators.gradient_ascent - INFO - >> Log-likelihood = -2.073E+03 	 [ attachment = -1.773E+03 ; regularity = -3.003E+02 ]
2021-07-19 16:42:48,941 - deformetrica.core.models.longitudinal_metric_learning - INFO - Acceleration factors max/min: (2.0217063, 176, 0.19212452, 105)
2021-07-19 16:42:49,958 - deformetrica.core.models.longitudinal_metric_learning - INFO - Tmin 45 Tmax 105 Update of the spatiotemporalframe: 981 ms
2021-07-19 16:43:12,834 - deformetrica.core.models.longitudinal_metric_learning - INFO - Acceleration factors max/min: (2.0217063, 176, 0.19212452, 105)
2021-07-19 16:43:13,850 - deformetrica.core.models.longitudinal_metric_learning - INFO - Tmin 45 Tmax 105 Update of the spatiotemporalframe: 981 ms
2021-07-19 16:43:36,949 - deformetrica.in_out.array_readers_and_writers - INFO - >> Estimation took: 3811.5623021125793
