2021-07-17 10:29:52,484 - root - ERROR - Logger has been set to: INFO
2021-07-17 10:29:52,485 - __main__ - INFO - 
2021-07-17 10:29:52,485 - __main__ - INFO - [ estimate_longitudinal_metric_model function ]
2021-07-17 10:29:52,719 - __main__ - INFO - Setting initial onset ages from simulated_study/preprocessing_3/2_gradient_descent_on_the_mode/LongitudinalMetricModel_onset_ages.txt file
2021-07-17 10:29:52,720 - __main__ - INFO - Setting initial log accelerations from simulated_study/preprocessing_3/2_gradient_descent_on_the_mode/LongitudinalMetricModel_log_accelerations.txt file
2021-07-17 10:29:52,721 - __main__ - INFO - Initializing exponential type to parametric
2021-07-17 10:29:52,721 - __main__ - INFO - Loading metric parameters from file simulated_study/preprocessing_3/2_gradient_descent_on_the_mode/LongitudinalMetricModel_metric_parameters.txt
2021-07-17 10:29:52,722 - __main__ - INFO - Loading the interpolation points from file simulated_study/preprocessing_3/2_gradient_descent_on_the_mode/LongitudinalMetricModel_interpolation_points.txt
2021-07-17 10:29:52,723 - __main__ - INFO - The width for the metric interpolation is set to 0.15
2021-07-17 10:29:52,723 - __main__ - INFO - I am setting the no_parallel_transport flag to False.
2021-07-17 10:29:52,723 - __main__ - INFO - >> Reading 1-source initial modulation matrix from file: simulated_study/preprocessing_3/2_gradient_descent_on_the_mode/LongitudinalMetricModel_modulation_matrix.txt
2021-07-17 10:29:52,723 - __main__ - INFO - Setting initial sources from simulated_study/preprocessing_3/2_gradient_descent_on_the_mode/LongitudinalMetricModel_sources.txt file
2021-07-17 10:29:52,725 - deformetrica.core.models.longitudinal_metric_learning - INFO - Acceleration factors max/min: (2.0122993, 186, 0.2479488, 129)
2021-07-17 10:29:53,431 - deformetrica.core.models.longitudinal_metric_learning - INFO - Tmin 45 Tmax 105 Update of the spatiotemporalframe: 676 ms
2021-07-17 10:30:06,088 - __main__ - INFO - >> Initial noise variance set to 0.02275686434516683 based on the initial mean residual value.
2021-07-17 10:30:06,089 - deformetrica.core.models.longitudinal_metric_learning - INFO - >> The time shift variance prior degrees of freedom parameter is set to 200
2021-07-17 10:30:06,089 - deformetrica.core.models.longitudinal_metric_learning - INFO - >> The log-acceleration variance prior degrees of freedom parameter is set to the number of subjects: 200
2021-07-17 10:30:06,089 - deformetrica.core.models.longitudinal_metric_learning - INFO - ('v0', False)
2021-07-17 10:30:06,089 - deformetrica.core.models.longitudinal_metric_learning - INFO - ('p0', False)
2021-07-17 10:30:06,089 - deformetrica.core.models.longitudinal_metric_learning - INFO - ('reference_time', False)
2021-07-17 10:30:06,089 - deformetrica.core.models.longitudinal_metric_learning - INFO - ('onset_age_variance', False)
2021-07-17 10:30:06,089 - deformetrica.core.models.longitudinal_metric_learning - INFO - ('log_acceleration_variance', False)
2021-07-17 10:30:06,089 - deformetrica.core.models.longitudinal_metric_learning - INFO - ('noise_variance', False)
2021-07-17 10:30:06,089 - deformetrica.core.models.longitudinal_metric_learning - INFO - ('metric_parameters', False)
2021-07-17 10:30:06,090 - deformetrica.core.models.longitudinal_metric_learning - INFO - ('modulation_matrix', False)
2021-07-17 10:30:06,091 - deformetrica.core.models.longitudinal_metric_learning - INFO - Acceleration factors max/min: (2.0122993, 186, 0.2479488, 129)
2021-07-17 10:30:06,761 - deformetrica.core.models.longitudinal_metric_learning - INFO - Tmin 45 Tmax 105 Update of the spatiotemporalframe: 642 ms
2021-07-17 10:30:18,901 - __main__ - INFO - 
2021-07-17 10:30:18,901 - __main__ - INFO - [ update method of the McmcSaem  optimizer ]
2021-07-17 10:30:18,901 - deformetrica.core.estimators.mcmc_saem - INFO - ---------------------------------- MCMC Iteration: 0 -------------------------------------
2021-07-17 10:30:18,901 - deformetrica.core.estimators.mcmc_saem - INFO - >> MCMC-SAEM algorithm launched for 200 iterations (100  iterations of burn-in).
2021-07-17 10:30:18,901 - deformetrica.core.models.longitudinal_metric_learning - INFO - >> Model parameters:
2021-07-17 10:30:18,902 - deformetrica.core.models.longitudinal_metric_learning - INFO - 		 noise_variance    =	0.1067
2021-07-17 10:30:18,902 - deformetrica.core.models.longitudinal_metric_learning - INFO - 		 onset_ages        =	69.147	[ mean ]	+/-	15.7099	[std]
2021-07-17 10:30:18,902 - deformetrica.core.models.longitudinal_metric_learning - INFO - 		 log_accelerations =	0.0049	[ mean ]	+/-	0.4524	[std]
2021-07-17 10:30:18,902 - deformetrica.core.models.longitudinal_metric_learning - INFO - 		 sources           =	0.0030	[ mean ]	+/-	0.9812	[std]
2021-07-17 10:30:18,903 - deformetrica.core.models.longitudinal_metric_learning - INFO - Acceleration factors max/min: (2.0122993, 186, 0.2479488, 129)
2021-07-17 10:30:19,575 - deformetrica.core.models.longitudinal_metric_learning - INFO - Tmin 45 Tmax 105 Update of the spatiotemporalframe: 645 ms
2021-07-17 10:30:31,751 - deformetrica.core.models.longitudinal_metric_learning - INFO - Acceleration factors max/min: (2.0122993, 186, 0.2479488, 129)
2021-07-17 10:30:32,423 - deformetrica.core.models.longitudinal_metric_learning - INFO - Tmin 45 Tmax 105 Update of the spatiotemporalframe: 642 ms
2021-07-17 10:30:44,773 - deformetrica.core.models.longitudinal_metric_learning - INFO - Acceleration factors max/min: (2.2891998, 186, 0.2525612, 129)
2021-07-17 10:30:45,452 - deformetrica.core.models.longitudinal_metric_learning - INFO - Tmin 45 Tmax 105 Update of the spatiotemporalframe: 649 ms
2021-07-17 10:30:57,778 - deformetrica.core.models.longitudinal_metric_learning - INFO - Acceleration factors max/min: (2.2891998, 186, 0.2525612, 129)
2021-07-17 10:30:58,461 - deformetrica.core.models.longitudinal_metric_learning - INFO - Tmin 45 Tmax 105 Update of the spatiotemporalframe: 652 ms
2021-07-17 10:31:10,796 - deformetrica.core.models.longitudinal_metric_learning - INFO - Acceleration factors max/min: (2.2891998, 186, 0.2525612, 129)
2021-07-17 10:31:11,476 - deformetrica.core.models.longitudinal_metric_learning - INFO - Tmin 45 Tmax 105 Update of the spatiotemporalframe: 649 ms
2021-07-17 10:31:23,842 - deformetrica.core.models.longitudinal_metric_learning - INFO - Acceleration factors max/min: (2.0942538, 186, 0.2191225, 129)
2021-07-17 10:31:24,529 - deformetrica.core.models.longitudinal_metric_learning - INFO - Tmin 45 Tmax 105 Update of the spatiotemporalframe: 656 ms
2021-07-17 10:31:36,860 - deformetrica.core.models.longitudinal_metric_learning - INFO - Acceleration factors max/min: (2.0942538, 186, 0.2191225, 129)
2021-07-17 10:31:37,544 - deformetrica.core.models.longitudinal_metric_learning - INFO - Tmin 45 Tmax 105 Update of the spatiotemporalframe: 653 ms
2021-07-17 10:31:49,898 - deformetrica.core.models.longitudinal_metric_learning - INFO - Acceleration factors max/min: (2.0942538, 186, 0.2191225, 129)
2021-07-17 10:31:50,583 - deformetrica.core.models.longitudinal_metric_learning - INFO - Tmin 45 Tmax 105 Update of the spatiotemporalframe: 654 ms
2021-07-17 10:32:02,962 - deformetrica.core.models.longitudinal_metric_learning - INFO - Acceleration factors max/min: (2.0710776, 196, 0.19933274, 129)
2021-07-17 10:32:03,649 - deformetrica.core.models.longitudinal_metric_learning - INFO - Tmin 45 Tmax 105 Update of the spatiotemporalframe: 657 ms
2021-07-17 10:32:16,010 - deformetrica.core.models.longitudinal_metric_learning - INFO - Acceleration factors max/min: (2.0710776, 196, 0.19933274, 129)
2021-07-17 10:32:16,692 - deformetrica.core.models.longitudinal_metric_learning - INFO - Tmin 45 Tmax 105 Update of the spatiotemporalframe: 653 ms
2021-07-17 10:32:29,097 - deformetrica.core.models.longitudinal_metric_learning - INFO - Acceleration factors max/min: (2.0710776, 196, 0.19933274, 129)
2021-07-17 10:32:29,780 - deformetrica.core.models.longitudinal_metric_learning - INFO - Tmin 45 Tmax 105 Update of the spatiotemporalframe: 653 ms
2021-07-17 10:32:42,018 - deformetrica.core.models.longitudinal_metric_learning - INFO - Acceleration factors max/min: (2.5306296, 84, 0.18657595, 129)
2021-07-17 10:32:42,677 - deformetrica.core.models.longitudinal_metric_learning - INFO - Tmin 45 Tmax 105 Update of the spatiotemporalframe: 630 ms
2021-07-17 10:32:54,608 - deformetrica.core.models.longitudinal_metric_learning - INFO - Acceleration factors max/min: (2.086912, 190, 0.19933274, 129)
2021-07-17 10:32:55,266 - deformetrica.core.models.longitudinal_metric_learning - INFO - Tmin 45 Tmax 105 Update of the spatiotemporalframe: 628 ms
2021-07-17 10:33:07,638 - deformetrica.core.models.longitudinal_metric_learning - INFO - Acceleration factors max/min: (2.086912, 190, 0.19933274, 129)
2021-07-17 10:33:08,319 - deformetrica.core.models.longitudinal_metric_learning - INFO - Tmin 45 Tmax 105 Update of the spatiotemporalframe: 650 ms
2021-07-17 10:33:20,937 - deformetrica.core.models.longitudinal_metric_learning - INFO - Acceleration factors max/min: (2.6174011, 104, 0.20458749, 129)
2021-07-17 10:33:21,659 - deformetrica.core.models.longitudinal_metric_learning - INFO - Tmin 45 Tmax 105 Update of the spatiotemporalframe: 692 ms
