2021-07-17 10:33:27,851 - root - ERROR - Logger has been set to: INFO
2021-07-17 10:33:27,852 - __main__ - INFO - 
2021-07-17 10:33:27,852 - __main__ - INFO - [ estimate_longitudinal_metric_model function ]
2021-07-17 10:33:28,074 - __main__ - INFO - Setting initial onset ages from simulated_study/preprocessing_3/2_gradient_descent_on_the_mode/LongitudinalMetricModel_onset_ages.txt file
2021-07-17 10:33:28,075 - __main__ - INFO - Setting initial log accelerations from simulated_study/preprocessing_3/2_gradient_descent_on_the_mode/LongitudinalMetricModel_log_accelerations.txt file
2021-07-17 10:33:28,076 - __main__ - INFO - Initializing exponential type to parametric
2021-07-17 10:33:28,076 - __main__ - INFO - Loading metric parameters from file simulated_study/preprocessing_3/2_gradient_descent_on_the_mode/LongitudinalMetricModel_metric_parameters.txt
2021-07-17 10:33:28,077 - __main__ - INFO - Loading the interpolation points from file simulated_study/preprocessing_3/2_gradient_descent_on_the_mode/LongitudinalMetricModel_interpolation_points.txt
2021-07-17 10:33:28,077 - __main__ - INFO - The width for the metric interpolation is set to 0.15
2021-07-17 10:33:28,078 - __main__ - INFO - I am setting the no_parallel_transport flag to False.
2021-07-17 10:33:28,078 - __main__ - INFO - >> Reading 1-source initial modulation matrix from file: simulated_study/preprocessing_3/2_gradient_descent_on_the_mode/LongitudinalMetricModel_modulation_matrix.txt
2021-07-17 10:33:28,078 - __main__ - INFO - Setting initial sources from simulated_study/preprocessing_3/2_gradient_descent_on_the_mode/LongitudinalMetricModel_sources.txt file
2021-07-17 10:33:28,080 - deformetrica.core.models.longitudinal_metric_learning - INFO - Acceleration factors max/min: (2.0122993, 186, 0.2479488, 129)
2021-07-17 10:33:28,868 - deformetrica.core.models.longitudinal_metric_learning - INFO - Tmin 45 Tmax 105 Update of the spatiotemporalframe: 757 ms
2021-07-17 10:33:40,592 - __main__ - INFO - >> Initial noise variance set to 0.02275686434516683 based on the initial mean residual value.
2021-07-17 10:33:40,593 - deformetrica.core.models.longitudinal_metric_learning - INFO - >> The time shift variance prior degrees of freedom parameter is set to 200
2021-07-17 10:33:40,593 - deformetrica.core.models.longitudinal_metric_learning - INFO - >> The log-acceleration variance prior degrees of freedom parameter is set to the number of subjects: 200
2021-07-17 10:33:40,593 - deformetrica.core.models.longitudinal_metric_learning - INFO - ('v0', False)
2021-07-17 10:33:40,593 - deformetrica.core.models.longitudinal_metric_learning - INFO - ('p0', False)
2021-07-17 10:33:40,593 - deformetrica.core.models.longitudinal_metric_learning - INFO - ('reference_time', False)
2021-07-17 10:33:40,593 - deformetrica.core.models.longitudinal_metric_learning - INFO - ('onset_age_variance', False)
2021-07-17 10:33:40,593 - deformetrica.core.models.longitudinal_metric_learning - INFO - ('log_acceleration_variance', False)
2021-07-17 10:33:40,593 - deformetrica.core.models.longitudinal_metric_learning - INFO - ('noise_variance', False)
2021-07-17 10:33:40,594 - deformetrica.core.models.longitudinal_metric_learning - INFO - ('metric_parameters', False)
2021-07-17 10:33:40,594 - deformetrica.core.models.longitudinal_metric_learning - INFO - ('modulation_matrix', False)
2021-07-17 10:33:40,595 - deformetrica.core.models.longitudinal_metric_learning - INFO - Acceleration factors max/min: (2.0122993, 186, 0.2479488, 129)
2021-07-17 10:33:41,262 - deformetrica.core.models.longitudinal_metric_learning - INFO - Tmin 45 Tmax 105 Update of the spatiotemporalframe: 641 ms
2021-07-17 10:33:52,810 - __main__ - INFO - 
2021-07-17 10:33:52,811 - __main__ - INFO - [ update method of the McmcSaem  optimizer ]
2021-07-17 10:33:52,811 - deformetrica.core.estimators.mcmc_saem - INFO - ---------------------------------- MCMC Iteration: 0 -------------------------------------
2021-07-17 10:33:52,811 - deformetrica.core.estimators.mcmc_saem - INFO - >> MCMC-SAEM algorithm launched for 200 iterations (100  iterations of burn-in).
2021-07-17 10:33:52,811 - deformetrica.core.models.longitudinal_metric_learning - INFO - >> Model parameters:
2021-07-17 10:33:52,811 - deformetrica.core.models.longitudinal_metric_learning - INFO - 		 noise_variance    =	0.1067
2021-07-17 10:33:52,811 - deformetrica.core.models.longitudinal_metric_learning - INFO - 		 onset_ages        =	69.147	[ mean ]	+/-	15.7099	[std]
2021-07-17 10:33:52,811 - deformetrica.core.models.longitudinal_metric_learning - INFO - 		 log_accelerations =	0.0049	[ mean ]	+/-	0.4524	[std]
2021-07-17 10:33:52,812 - deformetrica.core.models.longitudinal_metric_learning - INFO - 		 sources           =	0.0030	[ mean ]	+/-	0.9812	[std]
2021-07-17 10:33:52,812 - deformetrica.core.models.longitudinal_metric_learning - INFO - Acceleration factors max/min: (2.0122993, 186, 0.2479488, 129)
2021-07-17 10:33:53,458 - deformetrica.core.models.longitudinal_metric_learning - INFO - Tmin 45 Tmax 105 Update of the spatiotemporalframe: 620 ms
2021-07-17 10:34:05,129 - deformetrica.core.models.longitudinal_metric_learning - INFO - Acceleration factors max/min: (2.0122993, 186, 0.2479488, 129)
2021-07-17 10:34:05,777 - deformetrica.core.models.longitudinal_metric_learning - INFO - Tmin 45 Tmax 105 Update of the spatiotemporalframe: 620 ms
2021-07-17 10:34:17,458 - deformetrica.core.models.longitudinal_metric_learning - INFO - Acceleration factors max/min: (2.104371, 186, 0.2420545, 129)
2021-07-17 10:34:18,103 - deformetrica.core.models.longitudinal_metric_learning - INFO - Tmin 45 Tmax 105 Update of the spatiotemporalframe: 620 ms
