2021-07-17 10:34:33,979 - root - ERROR - Logger has been set to: INFO
2021-07-17 10:34:33,980 - __main__ - INFO - 
2021-07-17 10:34:33,980 - __main__ - INFO - [ estimate_longitudinal_metric_model function ]
2021-07-17 10:34:34,204 - __main__ - INFO - Setting initial onset ages from simulated_study/preprocessing_3/2_gradient_descent_on_the_mode/LongitudinalMetricModel_onset_ages.txt file
2021-07-17 10:34:34,205 - __main__ - INFO - Setting initial log accelerations from simulated_study/preprocessing_3/2_gradient_descent_on_the_mode/LongitudinalMetricModel_log_accelerations.txt file
2021-07-17 10:34:34,206 - __main__ - INFO - Initializing exponential type to parametric
2021-07-17 10:34:34,206 - __main__ - INFO - Loading metric parameters from file simulated_study/preprocessing_3/2_gradient_descent_on_the_mode/LongitudinalMetricModel_metric_parameters.txt
2021-07-17 10:34:34,206 - __main__ - INFO - Loading the interpolation points from file simulated_study/preprocessing_3/2_gradient_descent_on_the_mode/LongitudinalMetricModel_interpolation_points.txt
2021-07-17 10:34:34,207 - __main__ - INFO - The width for the metric interpolation is set to 0.15
2021-07-17 10:34:34,207 - __main__ - INFO - I am setting the no_parallel_transport flag to False.
2021-07-17 10:34:34,208 - __main__ - INFO - >> Reading 1-source initial modulation matrix from file: simulated_study/preprocessing_3/2_gradient_descent_on_the_mode/LongitudinalMetricModel_modulation_matrix.txt
2021-07-17 10:34:34,208 - __main__ - INFO - Setting initial sources from simulated_study/preprocessing_3/2_gradient_descent_on_the_mode/LongitudinalMetricModel_sources.txt file
2021-07-17 10:34:34,209 - deformetrica.core.models.longitudinal_metric_learning - INFO - Acceleration factors max/min: (2.0122993, 186, 0.2479488, 129)
2021-07-17 10:34:35,017 - deformetrica.core.models.longitudinal_metric_learning - INFO - Tmin 45 Tmax 105 Update of the spatiotemporalframe: 776 ms
2021-07-17 10:34:47,584 - __main__ - INFO - >> Initial noise variance set to 0.02275686434516683 based on the initial mean residual value.
2021-07-17 10:34:47,585 - deformetrica.core.models.longitudinal_metric_learning - INFO - >> The time shift variance prior degrees of freedom parameter is set to 200
2021-07-17 10:34:47,586 - deformetrica.core.models.longitudinal_metric_learning - INFO - >> The log-acceleration variance prior degrees of freedom parameter is set to the number of subjects: 200
2021-07-17 10:34:47,586 - deformetrica.core.models.longitudinal_metric_learning - INFO - ('v0', False)
2021-07-17 10:34:47,586 - deformetrica.core.models.longitudinal_metric_learning - INFO - ('p0', False)
2021-07-17 10:34:47,586 - deformetrica.core.models.longitudinal_metric_learning - INFO - ('reference_time', False)
2021-07-17 10:34:47,586 - deformetrica.core.models.longitudinal_metric_learning - INFO - ('onset_age_variance', False)
2021-07-17 10:34:47,586 - deformetrica.core.models.longitudinal_metric_learning - INFO - ('log_acceleration_variance', False)
2021-07-17 10:34:47,586 - deformetrica.core.models.longitudinal_metric_learning - INFO - ('noise_variance', False)
2021-07-17 10:34:47,586 - deformetrica.core.models.longitudinal_metric_learning - INFO - ('metric_parameters', False)
2021-07-17 10:34:47,586 - deformetrica.core.models.longitudinal_metric_learning - INFO - ('modulation_matrix', False)
2021-07-17 10:34:47,587 - deformetrica.core.models.longitudinal_metric_learning - INFO - Acceleration factors max/min: (2.0122993, 186, 0.2479488, 129)
2021-07-17 10:34:48,257 - deformetrica.core.models.longitudinal_metric_learning - INFO - Tmin 45 Tmax 105 Update of the spatiotemporalframe: 642 ms
