2021-07-17 10:38:38,755 - root - ERROR - Logger has been set to: INFO
2021-07-17 10:38:38,756 - __main__ - INFO - 
2021-07-17 10:38:38,756 - __main__ - INFO - [ estimate_longitudinal_metric_model function ]
2021-07-17 10:38:38,979 - __main__ - INFO - Setting initial onset ages from simulated_study/preprocessing_3/2_gradient_descent_on_the_mode/LongitudinalMetricModel_onset_ages.txt file
2021-07-17 10:38:38,980 - __main__ - INFO - Setting initial log accelerations from simulated_study/preprocessing_3/2_gradient_descent_on_the_mode/LongitudinalMetricModel_log_accelerations.txt file
2021-07-17 10:38:38,981 - __main__ - INFO - Initializing exponential type to parametric
2021-07-17 10:38:38,981 - __main__ - INFO - Loading metric parameters from file simulated_study/preprocessing_3/2_gradient_descent_on_the_mode/LongitudinalMetricModel_metric_parameters.txt
2021-07-17 10:38:38,981 - __main__ - INFO - Loading the interpolation points from file simulated_study/preprocessing_3/2_gradient_descent_on_the_mode/LongitudinalMetricModel_interpolation_points.txt
2021-07-17 10:38:38,982 - __main__ - INFO - The width for the metric interpolation is set to 0.15
2021-07-17 10:38:38,983 - __main__ - INFO - I am setting the no_parallel_transport flag to False.
2021-07-17 10:38:38,983 - __main__ - INFO - >> Reading 1-source initial modulation matrix from file: simulated_study/preprocessing_3/2_gradient_descent_on_the_mode/LongitudinalMetricModel_modulation_matrix.txt
2021-07-17 10:38:38,983 - __main__ - INFO - Setting initial sources from simulated_study/preprocessing_3/2_gradient_descent_on_the_mode/LongitudinalMetricModel_sources.txt file
2021-07-17 10:38:38,984 - deformetrica.core.models.longitudinal_metric_learning - INFO - Acceleration factors max/min: (2.0122993, 186, 0.2479488, 129)
2021-07-17 10:38:42,707 - deformetrica.core.models.longitudinal_metric_learning - INFO - Tmin 45 Tmax 105 Update of the spatiotemporalframe: 3691 ms
2021-07-17 10:38:55,454 - __main__ - INFO - >> Initial noise variance set to 0.02396061462373473 based on the initial mean residual value.
2021-07-17 10:38:55,455 - deformetrica.core.models.longitudinal_metric_learning - INFO - >> The time shift variance prior degrees of freedom parameter is set to 200
2021-07-17 10:38:55,455 - deformetrica.core.models.longitudinal_metric_learning - INFO - >> The log-acceleration variance prior degrees of freedom parameter is set to the number of subjects: 200
2021-07-17 10:38:55,455 - deformetrica.core.models.longitudinal_metric_learning - INFO - ('v0', False)
2021-07-17 10:38:55,455 - deformetrica.core.models.longitudinal_metric_learning - INFO - ('p0', False)
2021-07-17 10:38:55,455 - deformetrica.core.models.longitudinal_metric_learning - INFO - ('reference_time', False)
2021-07-17 10:38:55,456 - deformetrica.core.models.longitudinal_metric_learning - INFO - ('onset_age_variance', False)
2021-07-17 10:38:55,456 - deformetrica.core.models.longitudinal_metric_learning - INFO - ('log_acceleration_variance', False)
2021-07-17 10:38:55,456 - deformetrica.core.models.longitudinal_metric_learning - INFO - ('noise_variance', False)
2021-07-17 10:38:55,456 - deformetrica.core.models.longitudinal_metric_learning - INFO - ('metric_parameters', False)
2021-07-17 10:38:55,456 - deformetrica.core.models.longitudinal_metric_learning - INFO - ('modulation_matrix', False)
2021-07-17 10:38:55,457 - deformetrica.core.models.longitudinal_metric_learning - INFO - Acceleration factors max/min: (2.0122993, 186, 0.2479488, 129)
2021-07-17 10:38:58,547 - deformetrica.core.models.longitudinal_metric_learning - INFO - Tmin 45 Tmax 105 Update of the spatiotemporalframe: 3065 ms
2021-07-17 10:39:10,136 - __main__ - INFO - 
2021-07-17 10:39:10,136 - __main__ - INFO - [ update method of the McmcSaem  optimizer ]
2021-07-17 10:39:10,137 - deformetrica.core.estimators.mcmc_saem - INFO - ---------------------------------- MCMC Iteration: 0 -------------------------------------
2021-07-17 10:39:10,137 - deformetrica.core.estimators.mcmc_saem - INFO - >> MCMC-SAEM algorithm launched for 200 iterations (100  iterations of burn-in).
2021-07-17 10:39:10,137 - deformetrica.core.models.longitudinal_metric_learning - INFO - >> Model parameters:
2021-07-17 10:39:10,137 - deformetrica.core.models.longitudinal_metric_learning - INFO - 		 noise_variance    =	0.1095
2021-07-17 10:39:10,137 - deformetrica.core.models.longitudinal_metric_learning - INFO - 		 onset_ages        =	69.147	[ mean ]	+/-	15.7099	[std]
2021-07-17 10:39:10,137 - deformetrica.core.models.longitudinal_metric_learning - INFO - 		 log_accelerations =	0.0049	[ mean ]	+/-	0.4524	[std]
2021-07-17 10:39:10,138 - deformetrica.core.models.longitudinal_metric_learning - INFO - 		 sources           =	0.0030	[ mean ]	+/-	0.9812	[std]
2021-07-17 10:39:10,138 - deformetrica.core.models.longitudinal_metric_learning - INFO - Acceleration factors max/min: (2.0122993, 186, 0.2479488, 129)
2021-07-17 10:39:13,261 - deformetrica.core.models.longitudinal_metric_learning - INFO - Tmin 45 Tmax 105 Update of the spatiotemporalframe: 3098 ms
2021-07-17 10:39:25,107 - deformetrica.core.models.longitudinal_metric_learning - INFO - Acceleration factors max/min: (2.0122993, 186, 0.2479488, 129)
2021-07-17 10:39:28,259 - deformetrica.core.models.longitudinal_metric_learning - INFO - Tmin 45 Tmax 105 Update of the spatiotemporalframe: 3126 ms
2021-07-17 10:39:39,921 - deformetrica.core.models.longitudinal_metric_learning - INFO - Acceleration factors max/min: (2.0702221, 195, 0.25202206, 129)
2021-07-17 10:39:43,056 - deformetrica.core.models.longitudinal_metric_learning - INFO - Tmin 45 Tmax 105 Update of the spatiotemporalframe: 3108 ms
2021-07-17 10:39:54,902 - deformetrica.core.models.longitudinal_metric_learning - INFO - Acceleration factors max/min: (2.0702221, 195, 0.25202206, 129)
2021-07-17 10:39:58,097 - deformetrica.core.models.longitudinal_metric_learning - INFO - Tmin 45 Tmax 105 Update of the spatiotemporalframe: 3168 ms
2021-07-17 10:40:10,110 - deformetrica.core.models.longitudinal_metric_learning - INFO - Acceleration factors max/min: (2.0702221, 195, 0.25202206, 129)
2021-07-17 10:40:13,405 - deformetrica.core.models.longitudinal_metric_learning - INFO - Tmin 45 Tmax 105 Update of the spatiotemporalframe: 3267 ms
2021-07-17 10:40:25,391 - deformetrica.core.models.longitudinal_metric_learning - INFO - Acceleration factors max/min: (2.2567275, 195, 0.21402273, 34)
2021-07-17 10:40:28,594 - deformetrica.core.models.longitudinal_metric_learning - INFO - Tmin 45 Tmax 105 Update of the spatiotemporalframe: 3177 ms
2021-07-17 10:40:41,026 - deformetrica.core.models.longitudinal_metric_learning - INFO - Acceleration factors max/min: (2.2567275, 195, 0.25202206, 129)
2021-07-17 10:40:44,348 - deformetrica.core.models.longitudinal_metric_learning - INFO - Tmin 45 Tmax 105 Update of the spatiotemporalframe: 3296 ms
