2021-09-01 09:42:41,154 - root - ERROR - Logger has been set to: NOTSET
2021-09-01 09:42:41,817 - deformetrica.in_out.array_readers_and_writers - INFO - Performing initial least square regressions on the subjects, for initialization purposes.
2021-09-01 09:42:42,281 - deformetrica.in_out.array_readers_and_writers - INFO - Performing principal component analysis on the orthogonal variations, for initialization of A and s_i.
2021-09-01 09:42:42,456 - deformetrica.in_out.array_readers_and_writers - INFO -  >>> Performing gradient descent on the mode.
2021-09-01 09:42:42,456 - deformetrica.in_out.array_readers_and_writers - INFO - 
2021-09-01 09:42:42,456 - deformetrica.in_out.array_readers_and_writers - INFO - [ estimate_longitudinal_metric_model function ]
2021-09-01 09:42:43,071 - deformetrica.in_out.array_readers_and_writers - INFO - Setting initial onset ages from preprocessing_adas/1_smart_initialization/SmartInitialization_onset_ages.txt file
2021-09-01 09:42:43,075 - deformetrica.in_out.array_readers_and_writers - INFO - Setting initial log accelerations from preprocessing_adas/1_smart_initialization/SmartInitialization_log_accelerations.txt file
2021-09-01 09:42:43,077 - deformetrica.in_out.array_readers_and_writers - INFO - Initializing exponential type to parametric
2021-09-01 09:42:43,077 - deformetrica.in_out.array_readers_and_writers - INFO - I am initializing the interpolation points using the width 0.3
2021-09-01 09:42:43,078 - deformetrica.in_out.array_readers_and_writers - INFO - Suggested cp to fill the box: 16
2021-09-01 09:42:43,089 - deformetrica.in_out.array_readers_and_writers - INFO - Cp after filtering: 16
2021-09-01 09:42:43,090 - deformetrica.in_out.array_readers_and_writers - INFO - The width for the metric interpolation is set to 0.3
2021-09-01 09:42:43,090 - deformetrica.in_out.array_readers_and_writers - INFO - I am setting the no_parallel_transport flag to False.
2021-09-01 09:42:43,131 - deformetrica.in_out.array_readers_and_writers - INFO - >> Reading 1-source initial modulation matrix from file: preprocessing_adas/1_smart_initialization/SmartInitialization_modulation_matrix.txt
2021-09-01 09:42:43,131 - deformetrica.in_out.array_readers_and_writers - INFO - Setting initial sources from preprocessing_adas/1_smart_initialization/SmartInitialization_sources.txt file
2021-09-01 09:42:43,135 - deformetrica.core.models.longitudinal_metric_learning - INFO - ('v0', True)
2021-09-01 09:42:43,135 - deformetrica.core.models.longitudinal_metric_learning - INFO - ('p0', True)
2021-09-01 09:42:43,135 - deformetrica.core.models.longitudinal_metric_learning - INFO - ('reference_time', False)
2021-09-01 09:42:43,135 - deformetrica.core.models.longitudinal_metric_learning - INFO - ('onset_age_variance', True)
2021-09-01 09:42:43,135 - deformetrica.core.models.longitudinal_metric_learning - INFO - ('log_acceleration_variance', True)
2021-09-01 09:42:43,135 - deformetrica.core.models.longitudinal_metric_learning - INFO - ('noise_variance', True)
2021-09-01 09:42:43,135 - deformetrica.core.models.longitudinal_metric_learning - INFO - ('metric_parameters', False)
2021-09-01 09:42:43,135 - deformetrica.core.models.longitudinal_metric_learning - INFO - ('modulation_matrix', True)
2021-09-01 09:42:43,136 - deformetrica.in_out.array_readers_and_writers - INFO - 
2021-09-01 09:42:43,136 - deformetrica.in_out.array_readers_and_writers - INFO - [ update method of the GradientAscent  optimizer ]
2021-09-01 09:43:32,355 - deformetrica.core.estimators.gradient_ascent - INFO - --------------------------------- GA Iteration: 0/50 -----------------------------------
2021-09-01 09:43:32,359 - deformetrica.core.estimators.gradient_ascent - INFO - >> Log-likelihood = -3.219E+04 	 [ attachment = -3.155E+04 ; regularity = -6.450E+02 ]
2021-09-01 09:43:32,359 - deformetrica.core.estimators.gradient_ascent - INFO - >> Step size and gradient norm: 
2021-09-01 09:43:32,360 - deformetrica.core.estimators.gradient_ascent - INFO - 		2.150E-06   and   4.652E+04 	[ metric_parameters ]
2021-09-01 09:43:32,360 - deformetrica.core.estimators.gradient_ascent - INFO - 		6.249E-03   and   8.002E+01 	[ onset_age ]
2021-09-01 09:43:32,360 - deformetrica.core.estimators.gradient_ascent - INFO - 		1.798E-05   and   5.560E+02 	[ log_acceleration ]
2021-09-01 09:43:32,360 - deformetrica.core.estimators.gradient_ascent - INFO - 		3.713E-07   and   2.693E+03 	[ sources ]
2021-09-01 09:43:43,402 - deformetrica.core.estimators.gradient_ascent - INFO - --------------------------------- GA Iteration: 1/50 -----------------------------------
2021-09-01 09:43:43,403 - deformetrica.core.estimators.gradient_ascent - INFO - >> Log-likelihood = -2.823E+04 	 [ attachment = -2.758E+04 ; regularity = -6.453E+02 ]
2021-09-01 09:44:47,367 - deformetrica.core.estimators.gradient_ascent - INFO - >> Step size and gradient norm: 
2021-09-01 09:44:47,367 - deformetrica.core.estimators.gradient_ascent - INFO - 		3.009E-06   and   3.727E+04 	[ metric_parameters ]
2021-09-01 09:44:47,367 - deformetrica.core.estimators.gradient_ascent - INFO - 		8.748E-03   and   7.312E+01 	[ onset_age ]
2021-09-01 09:44:47,367 - deformetrica.core.estimators.gradient_ascent - INFO - 		2.518E-05   and   4.989E+02 	[ log_acceleration ]
2021-09-01 09:44:47,367 - deformetrica.core.estimators.gradient_ascent - INFO - 		5.198E-07   and   2.329E+03 	[ sources ]
2021-09-01 09:44:59,035 - deformetrica.core.estimators.gradient_ascent - INFO - --------------------------------- GA Iteration: 2/50 -----------------------------------
2021-09-01 09:44:59,036 - deformetrica.core.estimators.gradient_ascent - INFO - >> Log-likelihood = -2.457E+04 	 [ attachment = -2.393E+04 ; regularity = -6.457E+02 ]
2021-09-01 09:46:09,494 - deformetrica.core.estimators.gradient_ascent - INFO - >> Step size and gradient norm: 
2021-09-01 09:46:09,495 - deformetrica.core.estimators.gradient_ascent - INFO - 		4.213E-06   and   2.892E+04 	[ metric_parameters ]
2021-09-01 09:46:09,495 - deformetrica.core.estimators.gradient_ascent - INFO - 		1.225E-02   and   6.823E+01 	[ onset_age ]
2021-09-01 09:46:09,495 - deformetrica.core.estimators.gradient_ascent - INFO - 		3.525E-05   and   3.967E+02 	[ log_acceleration ]
2021-09-01 09:46:09,496 - deformetrica.core.estimators.gradient_ascent - INFO - 		7.278E-07   and   2.004E+03 	[ sources ]
2021-09-01 09:46:23,917 - deformetrica.core.estimators.gradient_ascent - INFO - --------------------------------- GA Iteration: 3/50 -----------------------------------
2021-09-01 09:46:23,917 - deformetrica.core.estimators.gradient_ascent - INFO - >> Log-likelihood = -2.147E+04 	 [ attachment = -2.083E+04 ; regularity = -6.462E+02 ]
2021-09-01 09:47:39,036 - deformetrica.core.estimators.gradient_ascent - INFO - >> Step size and gradient norm: 
2021-09-01 09:47:39,037 - deformetrica.core.estimators.gradient_ascent - INFO - 		5.898E-06   and   2.239E+04 	[ metric_parameters ]
2021-09-01 09:47:39,037 - deformetrica.core.estimators.gradient_ascent - INFO - 		1.715E-02   and   6.683E+01 	[ onset_age ]
2021-09-01 09:47:39,037 - deformetrica.core.estimators.gradient_ascent - INFO - 		4.935E-05   and   3.749E+02 	[ log_acceleration ]
2021-09-01 09:47:39,038 - deformetrica.core.estimators.gradient_ascent - INFO - 		1.019E-06   and   1.733E+03 	[ sources ]
2021-09-01 09:47:51,267 - deformetrica.core.estimators.gradient_ascent - INFO - --------------------------------- GA Iteration: 4/50 -----------------------------------
2021-09-01 09:47:51,268 - deformetrica.core.estimators.gradient_ascent - INFO - >> Log-likelihood = -1.900E+04 	 [ attachment = -1.835E+04 ; regularity = -6.470E+02 ]
2021-09-01 09:49:06,710 - deformetrica.core.estimators.gradient_ascent - INFO - >> Step size and gradient norm: 
2021-09-01 09:49:06,711 - deformetrica.core.estimators.gradient_ascent - INFO - 		8.258E-06   and   1.840E+04 	[ metric_parameters ]
2021-09-01 09:49:06,711 - deformetrica.core.estimators.gradient_ascent - INFO - 		2.400E-02   and   6.452E+01 	[ onset_age ]
2021-09-01 09:49:06,711 - deformetrica.core.estimators.gradient_ascent - INFO - 		6.909E-05   and   3.487E+02 	[ log_acceleration ]
2021-09-01 09:49:06,711 - deformetrica.core.estimators.gradient_ascent - INFO - 		1.426E-06   and   1.523E+03 	[ sources ]
2021-09-01 09:49:19,566 - deformetrica.core.estimators.gradient_ascent - INFO - --------------------------------- GA Iteration: 5/50 -----------------------------------
2021-09-01 09:49:19,567 - deformetrica.core.estimators.gradient_ascent - INFO - >> Log-likelihood = -1.711E+04 	 [ attachment = -1.647E+04 ; regularity = -6.479E+02 ]
2021-09-01 09:50:30,543 - deformetrica.core.estimators.gradient_ascent - INFO - >> Step size and gradient norm: 
2021-09-01 09:50:30,544 - deformetrica.core.estimators.gradient_ascent - INFO - 		1.156E-05   and   1.639E+04 	[ metric_parameters ]
2021-09-01 09:50:30,544 - deformetrica.core.estimators.gradient_ascent - INFO - 		3.361E-02   and   5.947E+01 	[ onset_age ]
2021-09-01 09:50:30,544 - deformetrica.core.estimators.gradient_ascent - INFO - 		9.673E-05   and   3.583E+02 	[ log_acceleration ]
2021-09-01 09:50:30,545 - deformetrica.core.estimators.gradient_ascent - INFO - 		1.997E-06   and   1.368E+03 	[ sources ]
2021-09-01 09:50:42,597 - deformetrica.core.estimators.gradient_ascent - INFO - --------------------------------- GA Iteration: 6/50 -----------------------------------
2021-09-01 09:50:42,597 - deformetrica.core.estimators.gradient_ascent - INFO - >> Log-likelihood = -1.567E+04 	 [ attachment = -1.503E+04 ; regularity = -6.491E+02 ]
2021-09-01 09:51:51,902 - deformetrica.core.estimators.gradient_ascent - INFO - >> Step size and gradient norm: 
2021-09-01 09:51:51,902 - deformetrica.core.estimators.gradient_ascent - INFO - 		1.619E-05   and   1.461E+04 	[ metric_parameters ]
2021-09-01 09:51:51,902 - deformetrica.core.estimators.gradient_ascent - INFO - 		4.705E-02   and   6.000E+01 	[ onset_age ]
2021-09-01 09:51:51,902 - deformetrica.core.estimators.gradient_ascent - INFO - 		1.354E-04   and   3.238E+02 	[ log_acceleration ]
2021-09-01 09:51:51,902 - deformetrica.core.estimators.gradient_ascent - INFO - 		2.796E-06   and   1.254E+03 	[ sources ]
2021-09-01 09:52:04,577 - deformetrica.core.estimators.gradient_ascent - INFO - --------------------------------- GA Iteration: 7/50 -----------------------------------
2021-09-01 09:52:04,577 - deformetrica.core.estimators.gradient_ascent - INFO - >> Log-likelihood = -1.452E+04 	 [ attachment = -1.387E+04 ; regularity = -6.509E+02 ]
2021-09-01 09:53:10,619 - deformetrica.core.estimators.gradient_ascent - INFO - >> Step size and gradient norm: 
2021-09-01 09:53:10,620 - deformetrica.core.estimators.gradient_ascent - INFO - 		2.266E-05   and   1.304E+04 	[ metric_parameters ]
2021-09-01 09:53:10,620 - deformetrica.core.estimators.gradient_ascent - INFO - 		6.587E-02   and   5.621E+01 	[ onset_age ]
2021-09-01 09:53:10,620 - deformetrica.core.estimators.gradient_ascent - INFO - 		1.896E-04   and   3.344E+02 	[ log_acceleration ]
2021-09-01 09:53:10,620 - deformetrica.core.estimators.gradient_ascent - INFO - 		3.914E-06   and   1.167E+03 	[ sources ]
2021-09-01 09:53:23,221 - deformetrica.core.estimators.gradient_ascent - INFO - --------------------------------- GA Iteration: 8/50 -----------------------------------
2021-09-01 09:53:23,221 - deformetrica.core.estimators.gradient_ascent - INFO - >> Log-likelihood = -1.356E+04 	 [ attachment = -1.291E+04 ; regularity = -6.537E+02 ]
2021-09-01 09:54:41,337 - deformetrica.core.estimators.gradient_ascent - INFO - >> Step size and gradient norm: 
2021-09-01 09:54:41,338 - deformetrica.core.estimators.gradient_ascent - INFO - 		3.172E-05   and   1.075E+04 	[ metric_parameters ]
2021-09-01 09:54:41,338 - deformetrica.core.estimators.gradient_ascent - INFO - 		9.222E-02   and   5.603E+01 	[ onset_age ]
2021-09-01 09:54:41,338 - deformetrica.core.estimators.gradient_ascent - INFO - 		2.654E-04   and   3.391E+02 	[ log_acceleration ]
2021-09-01 09:54:41,338 - deformetrica.core.estimators.gradient_ascent - INFO - 		5.480E-06   and   1.098E+03 	[ sources ]
2021-09-01 09:54:53,908 - deformetrica.core.estimators.gradient_ascent - INFO - --------------------------------- GA Iteration: 9/50 -----------------------------------
2021-09-01 09:54:53,908 - deformetrica.core.estimators.gradient_ascent - INFO - >> Log-likelihood = -1.272E+04 	 [ attachment = -1.206E+04 ; regularity = -6.578E+02 ]
2021-09-01 09:56:07,589 - deformetrica.core.estimators.gradient_ascent - INFO - >> Step size and gradient norm: 
2021-09-01 09:56:07,589 - deformetrica.core.estimators.gradient_ascent - INFO - 		4.441E-05   and   8.999E+03 	[ metric_parameters ]
2021-09-01 09:56:07,589 - deformetrica.core.estimators.gradient_ascent - INFO - 		1.291E-01   and   4.558E+01 	[ onset_age ]
2021-09-01 09:56:07,589 - deformetrica.core.estimators.gradient_ascent - INFO - 		3.716E-04   and   3.268E+02 	[ log_acceleration ]
2021-09-01 09:56:07,589 - deformetrica.core.estimators.gradient_ascent - INFO - 		7.672E-06   and   1.040E+03 	[ sources ]
2021-09-01 09:56:20,435 - deformetrica.core.estimators.gradient_ascent - INFO - --------------------------------- GA Iteration: 10/50 -----------------------------------
2021-09-01 09:56:20,435 - deformetrica.core.estimators.gradient_ascent - INFO - >> Log-likelihood = -1.202E+04 	 [ attachment = -1.136E+04 ; regularity = -6.626E+02 ]
2021-09-01 09:57:19,087 - deformetrica.core.estimators.gradient_ascent - INFO - >> Step size and gradient norm: 
2021-09-01 09:57:19,088 - deformetrica.core.estimators.gradient_ascent - INFO - 		6.218E-05   and   8.921E+03 	[ metric_parameters ]
2021-09-01 09:57:19,088 - deformetrica.core.estimators.gradient_ascent - INFO - 		1.807E-01   and   4.200E+01 	[ onset_age ]
2021-09-01 09:57:19,088 - deformetrica.core.estimators.gradient_ascent - INFO - 		5.202E-04   and   3.779E+02 	[ log_acceleration ]
2021-09-01 09:57:19,088 - deformetrica.core.estimators.gradient_ascent - INFO - 		1.074E-05   and   9.946E+02 	[ sources ]
2021-09-01 09:57:28,764 - deformetrica.core.estimators.gradient_ascent - INFO - --------------------------------- GA Iteration: 11/50 -----------------------------------
2021-09-01 09:57:28,764 - deformetrica.core.estimators.gradient_ascent - INFO - >> Log-likelihood = -1.162E+04 	 [ attachment = -1.095E+04 ; regularity = -6.678E+02 ]
2021-09-01 09:58:25,821 - deformetrica.core.estimators.gradient_ascent - INFO - >> Step size and gradient norm: 
2021-09-01 09:58:25,822 - deformetrica.core.estimators.gradient_ascent - INFO - 		8.705E-05   and   1.036E+04 	[ metric_parameters ]
2021-09-01 09:58:25,823 - deformetrica.core.estimators.gradient_ascent - INFO - 		2.530E-01   and   3.823E+01 	[ onset_age ]
2021-09-01 09:58:25,823 - deformetrica.core.estimators.gradient_ascent - INFO - 		7.283E-04   and   3.274E+02 	[ log_acceleration ]
2021-09-01 09:58:25,823 - deformetrica.core.estimators.gradient_ascent - INFO - 		1.504E-05   and   9.661E+02 	[ sources ]
2021-09-01 09:59:17,147 - deformetrica.core.estimators.gradient_ascent - INFO - --------------------------------- GA Iteration: 12/50 -----------------------------------
2021-09-01 09:59:17,147 - deformetrica.core.estimators.gradient_ascent - INFO - >> Log-likelihood = -1.156E+04 	 [ attachment = -1.089E+04 ; regularity = -6.731E+02 ]
2021-09-01 10:00:15,180 - deformetrica.core.estimators.gradient_ascent - INFO - >> Step size and gradient norm: 
2021-09-01 10:00:15,181 - deformetrica.core.estimators.gradient_ascent - INFO - 		5.223E-05   and   1.198E+04 	[ metric_parameters ]
2021-09-01 10:00:15,181 - deformetrica.core.estimators.gradient_ascent - INFO - 		2.530E-01   and   5.187E+01 	[ onset_age ]
2021-09-01 10:00:15,181 - deformetrica.core.estimators.gradient_ascent - INFO - 		4.370E-04   and   5.289E+02 	[ log_acceleration ]
2021-09-01 10:00:15,181 - deformetrica.core.estimators.gradient_ascent - INFO - 		9.022E-06   and   9.775E+02 	[ sources ]
2021-09-01 10:01:09,618 - deformetrica.core.estimators.gradient_ascent - INFO - --------------------------------- GA Iteration: 13/50 -----------------------------------
2021-09-01 10:01:09,619 - deformetrica.core.estimators.gradient_ascent - INFO - >> Log-likelihood = -1.144E+04 	 [ attachment = -1.077E+04 ; regularity = -6.744E+02 ]
2021-09-01 10:02:09,930 - deformetrica.core.estimators.gradient_ascent - INFO - >> Step size and gradient norm: 
2021-09-01 10:02:09,930 - deformetrica.core.estimators.gradient_ascent - INFO - 		3.134E-05   and   1.110E+04 	[ metric_parameters ]
2021-09-01 10:02:09,930 - deformetrica.core.estimators.gradient_ascent - INFO - 		1.518E-01   and   4.090E+01 	[ onset_age ]
2021-09-01 10:02:09,930 - deformetrica.core.estimators.gradient_ascent - INFO - 		2.622E-04   and   4.330E+02 	[ log_acceleration ]
2021-09-01 10:02:09,931 - deformetrica.core.estimators.gradient_ascent - INFO - 		9.022E-06   and   9.509E+02 	[ sources ]
2021-09-01 10:02:20,736 - deformetrica.core.estimators.gradient_ascent - INFO - --------------------------------- GA Iteration: 14/50 -----------------------------------
2021-09-01 10:02:20,736 - deformetrica.core.estimators.gradient_ascent - INFO - >> Log-likelihood = -1.120E+04 	 [ attachment = -1.052E+04 ; regularity = -6.748E+02 ]
2021-09-01 10:03:21,711 - deformetrica.core.estimators.gradient_ascent - INFO - >> Step size and gradient norm: 
2021-09-01 10:03:21,712 - deformetrica.core.estimators.gradient_ascent - INFO - 		4.387E-05   and   1.063E+04 	[ metric_parameters ]
2021-09-01 10:03:21,712 - deformetrica.core.estimators.gradient_ascent - INFO - 		2.126E-01   and   2.795E+01 	[ onset_age ]
2021-09-01 10:03:21,712 - deformetrica.core.estimators.gradient_ascent - INFO - 		3.671E-04   and   2.389E+02 	[ log_acceleration ]
2021-09-01 10:03:21,712 - deformetrica.core.estimators.gradient_ascent - INFO - 		1.263E-05   and   9.625E+02 	[ sources ]
2021-09-01 10:03:33,074 - deformetrica.core.estimators.gradient_ascent - INFO - --------------------------------- GA Iteration: 15/50 -----------------------------------
2021-09-01 10:03:33,075 - deformetrica.core.estimators.gradient_ascent - INFO - >> Log-likelihood = -1.109E+04 	 [ attachment = -1.041E+04 ; regularity = -6.783E+02 ]
2021-09-01 10:04:33,758 - deformetrica.core.estimators.gradient_ascent - INFO - >> Step size and gradient norm: 
2021-09-01 10:04:33,759 - deformetrica.core.estimators.gradient_ascent - INFO - 		6.142E-05   and   1.009E+04 	[ metric_parameters ]
2021-09-01 10:04:33,759 - deformetrica.core.estimators.gradient_ascent - INFO - 		2.976E-01   and   3.416E+01 	[ onset_age ]
2021-09-01 10:04:33,759 - deformetrica.core.estimators.gradient_ascent - INFO - 		5.139E-04   and   3.473E+02 	[ log_acceleration ]
2021-09-01 10:04:33,759 - deformetrica.core.estimators.gradient_ascent - INFO - 		1.768E-05   and   9.395E+02 	[ sources ]
2021-09-01 10:05:30,265 - deformetrica.core.estimators.gradient_ascent - INFO - --------------------------------- GA Iteration: 16/50 -----------------------------------
2021-09-01 10:05:30,265 - deformetrica.core.estimators.gradient_ascent - INFO - >> Log-likelihood = -1.108E+04 	 [ attachment = -1.040E+04 ; regularity = -6.787E+02 ]
2021-09-01 10:06:30,567 - deformetrica.core.estimators.gradient_ascent - INFO - >> Step size and gradient norm: 
2021-09-01 10:06:30,568 - deformetrica.core.estimators.gradient_ascent - INFO - 		3.685E-05   and   1.054E+04 	[ metric_parameters ]
2021-09-01 10:06:30,568 - deformetrica.core.estimators.gradient_ascent - INFO - 		1.785E-01   and   3.001E+01 	[ onset_age ]
2021-09-01 10:06:30,568 - deformetrica.core.estimators.gradient_ascent - INFO - 		3.083E-04   and   3.213E+02 	[ log_acceleration ]
2021-09-01 10:06:30,569 - deformetrica.core.estimators.gradient_ascent - INFO - 		1.768E-05   and   9.634E+02 	[ sources ]
2021-09-01 10:06:43,084 - deformetrica.core.estimators.gradient_ascent - INFO - --------------------------------- GA Iteration: 17/50 -----------------------------------
2021-09-01 10:06:43,091 - deformetrica.core.estimators.gradient_ascent - INFO - >> Log-likelihood = -1.101E+04 	 [ attachment = -1.033E+04 ; regularity = -6.812E+02 ]
2021-09-01 10:07:43,165 - deformetrica.core.estimators.gradient_ascent - INFO - >> Step size and gradient norm: 
2021-09-01 10:07:43,166 - deformetrica.core.estimators.gradient_ascent - INFO - 		5.159E-05   and   9.249E+03 	[ metric_parameters ]
2021-09-01 10:07:43,166 - deformetrica.core.estimators.gradient_ascent - INFO - 		2.500E-01   and   3.154E+01 	[ onset_age ]
2021-09-01 10:07:43,166 - deformetrica.core.estimators.gradient_ascent - INFO - 		4.317E-04   and   3.602E+02 	[ log_acceleration ]
2021-09-01 10:07:43,166 - deformetrica.core.estimators.gradient_ascent - INFO - 		2.476E-05   and   9.278E+02 	[ sources ]
2021-09-01 10:07:54,660 - deformetrica.core.estimators.gradient_ascent - INFO - --------------------------------- GA Iteration: 18/50 -----------------------------------
2021-09-01 10:07:54,660 - deformetrica.core.estimators.gradient_ascent - INFO - >> Log-likelihood = -1.088E+04 	 [ attachment = -1.020E+04 ; regularity = -6.804E+02 ]
2021-09-01 10:08:56,587 - deformetrica.core.estimators.gradient_ascent - INFO - >> Step size and gradient norm: 
2021-09-01 10:08:56,587 - deformetrica.core.estimators.gradient_ascent - INFO - 		7.223E-05   and   9.443E+03 	[ metric_parameters ]
2021-09-01 10:08:56,588 - deformetrica.core.estimators.gradient_ascent - INFO - 		3.500E-01   and   2.835E+01 	[ onset_age ]
2021-09-01 10:08:56,588 - deformetrica.core.estimators.gradient_ascent - INFO - 		6.043E-04   and   2.457E+02 	[ log_acceleration ]
2021-09-01 10:08:56,588 - deformetrica.core.estimators.gradient_ascent - INFO - 		3.466E-05   and   9.547E+02 	[ sources ]
2021-09-01 10:09:51,188 - deformetrica.core.estimators.gradient_ascent - INFO - --------------------------------- GA Iteration: 19/50 -----------------------------------
2021-09-01 10:09:51,188 - deformetrica.core.estimators.gradient_ascent - INFO - >> Log-likelihood = -1.068E+04 	 [ attachment = -1.000E+04 ; regularity = -6.829E+02 ]
2021-09-01 10:10:49,522 - deformetrica.core.estimators.gradient_ascent - INFO - >> Step size and gradient norm: 
2021-09-01 10:10:49,522 - deformetrica.core.estimators.gradient_ascent - INFO - 		4.334E-05   and   7.879E+03 	[ metric_parameters ]
2021-09-01 10:10:49,522 - deformetrica.core.estimators.gradient_ascent - INFO - 		2.100E-01   and   3.861E+01 	[ onset_age ]
2021-09-01 10:10:49,523 - deformetrica.core.estimators.gradient_ascent - INFO - 		3.626E-04   and   3.907E+02 	[ log_acceleration ]
2021-09-01 10:10:49,523 - deformetrica.core.estimators.gradient_ascent - INFO - 		3.466E-05   and   9.126E+02 	[ sources ]
2021-09-01 10:10:59,843 - deformetrica.core.estimators.gradient_ascent - INFO - --------------------------------- GA Iteration: 20/50 -----------------------------------
2021-09-01 10:10:59,843 - deformetrica.core.estimators.gradient_ascent - INFO - >> Log-likelihood = -1.052E+04 	 [ attachment = -9.841E+03 ; regularity = -6.834E+02 ]
2021-09-01 10:11:55,692 - deformetrica.core.estimators.gradient_ascent - INFO - >> Step size and gradient norm: 
2021-09-01 10:11:55,692 - deformetrica.core.estimators.gradient_ascent - INFO - 		6.067E-05   and   8.489E+03 	[ metric_parameters ]
2021-09-01 10:11:55,692 - deformetrica.core.estimators.gradient_ascent - INFO - 		2.940E-01   and   2.764E+01 	[ onset_age ]
2021-09-01 10:11:55,692 - deformetrica.core.estimators.gradient_ascent - INFO - 		5.076E-04   and   2.494E+02 	[ log_acceleration ]
2021-09-01 10:11:55,692 - deformetrica.core.estimators.gradient_ascent - INFO - 		4.852E-05   and   9.236E+02 	[ sources ]
2021-09-01 10:12:05,003 - deformetrica.core.estimators.gradient_ascent - INFO - --------------------------------- GA Iteration: 21/50 -----------------------------------
2021-09-01 10:12:05,004 - deformetrica.core.estimators.gradient_ascent - INFO - >> Log-likelihood = -1.039E+04 	 [ attachment = -9.701E+03 ; regularity = -6.884E+02 ]
2021-09-01 10:12:56,106 - deformetrica.core.estimators.gradient_ascent - INFO - >> Step size and gradient norm: 
2021-09-01 10:12:56,106 - deformetrica.core.estimators.gradient_ascent - INFO - 		8.494E-05   and   7.869E+03 	[ metric_parameters ]
2021-09-01 10:12:56,106 - deformetrica.core.estimators.gradient_ascent - INFO - 		4.115E-01   and   3.160E+01 	[ onset_age ]
2021-09-01 10:12:56,106 - deformetrica.core.estimators.gradient_ascent - INFO - 		7.107E-04   and   3.380E+02 	[ log_acceleration ]
2021-09-01 10:12:56,106 - deformetrica.core.estimators.gradient_ascent - INFO - 		6.793E-05   and   9.029E+02 	[ sources ]
2021-09-01 10:13:47,846 - deformetrica.core.estimators.gradient_ascent - INFO - >> Step size and gradient norm: 
2021-09-01 10:13:47,847 - deformetrica.core.estimators.gradient_ascent - INFO - 		5.097E-05   and   7.869E+03 	[ metric_parameters ]
2021-09-01 10:13:47,847 - deformetrica.core.estimators.gradient_ascent - INFO - 		2.469E-01   and   3.160E+01 	[ onset_age ]
2021-09-01 10:13:47,847 - deformetrica.core.estimators.gradient_ascent - INFO - 		4.264E-04   and   3.380E+02 	[ log_acceleration ]
2021-09-01 10:13:47,847 - deformetrica.core.estimators.gradient_ascent - INFO - 		4.076E-05   and   9.029E+02 	[ sources ]
2021-09-01 10:14:38,364 - deformetrica.core.estimators.gradient_ascent - INFO - --------------------------------- GA Iteration: 22/50 -----------------------------------
2021-09-01 10:14:38,364 - deformetrica.core.estimators.gradient_ascent - INFO - >> Log-likelihood = -1.034E+04 	 [ attachment = -9.650E+03 ; regularity = -6.876E+02 ]
2021-09-01 10:15:33,372 - deformetrica.core.estimators.gradient_ascent - INFO - >> Step size and gradient norm: 
2021-09-01 10:15:33,373 - deformetrica.core.estimators.gradient_ascent - INFO - 		3.058E-05   and   9.125E+03 	[ metric_parameters ]
2021-09-01 10:15:33,373 - deformetrica.core.estimators.gradient_ascent - INFO - 		1.482E-01   and   2.932E+01 	[ onset_age ]
2021-09-01 10:15:33,373 - deformetrica.core.estimators.gradient_ascent - INFO - 		2.559E-04   and   3.648E+02 	[ log_acceleration ]
2021-09-01 10:15:33,373 - deformetrica.core.estimators.gradient_ascent - INFO - 		4.076E-05   and   9.142E+02 	[ sources ]
2021-09-01 10:15:43,307 - deformetrica.core.estimators.gradient_ascent - INFO - --------------------------------- GA Iteration: 23/50 -----------------------------------
2021-09-01 10:15:43,308 - deformetrica.core.estimators.gradient_ascent - INFO - >> Log-likelihood = -1.030E+04 	 [ attachment = -9.610E+03 ; regularity = -6.889E+02 ]
2021-09-01 10:16:39,072 - deformetrica.core.estimators.gradient_ascent - INFO - >> Step size and gradient norm: 
2021-09-01 10:16:39,073 - deformetrica.core.estimators.gradient_ascent - INFO - 		4.281E-05   and   8.112E+03 	[ metric_parameters ]
2021-09-01 10:16:39,073 - deformetrica.core.estimators.gradient_ascent - INFO - 		2.074E-01   and   4.105E+01 	[ onset_age ]
2021-09-01 10:16:39,073 - deformetrica.core.estimators.gradient_ascent - INFO - 		3.582E-04   and   4.713E+02 	[ log_acceleration ]
2021-09-01 10:16:39,073 - deformetrica.core.estimators.gradient_ascent - INFO - 		5.706E-05   and   8.963E+02 	[ sources ]
2021-09-01 10:17:31,639 - deformetrica.core.estimators.gradient_ascent - INFO - --------------------------------- GA Iteration: 24/50 -----------------------------------
2021-09-01 10:17:31,640 - deformetrica.core.estimators.gradient_ascent - INFO - >> Log-likelihood = -1.026E+04 	 [ attachment = -9.569E+03 ; regularity = -6.888E+02 ]
2021-09-01 10:18:30,024 - deformetrica.core.estimators.gradient_ascent - INFO - >> Step size and gradient norm: 
2021-09-01 10:18:30,025 - deformetrica.core.estimators.gradient_ascent - INFO - 		2.569E-05   and   9.871E+03 	[ metric_parameters ]
2021-09-01 10:18:30,025 - deformetrica.core.estimators.gradient_ascent - INFO - 		1.245E-01   and   3.161E+01 	[ onset_age ]
2021-09-01 10:18:30,025 - deformetrica.core.estimators.gradient_ascent - INFO - 		2.149E-04   and   3.354E+02 	[ log_acceleration ]
2021-09-01 10:18:30,026 - deformetrica.core.estimators.gradient_ascent - INFO - 		5.706E-05   and   9.081E+02 	[ sources ]
2021-09-01 10:18:40,448 - deformetrica.core.estimators.gradient_ascent - INFO - --------------------------------- GA Iteration: 25/50 -----------------------------------
2021-09-01 10:18:40,448 - deformetrica.core.estimators.gradient_ascent - INFO - >> Log-likelihood = -1.016E+04 	 [ attachment = -9.475E+03 ; regularity = -6.890E+02 ]
2021-09-01 10:19:38,211 - deformetrica.core.estimators.gradient_ascent - INFO - >> Step size and gradient norm: 
2021-09-01 10:19:38,212 - deformetrica.core.estimators.gradient_ascent - INFO - 		3.596E-05   and   7.877E+03 	[ metric_parameters ]
2021-09-01 10:19:38,212 - deformetrica.core.estimators.gradient_ascent - INFO - 		1.742E-01   and   3.315E+01 	[ onset_age ]
2021-09-01 10:19:38,213 - deformetrica.core.estimators.gradient_ascent - INFO - 		3.009E-04   and   4.088E+02 	[ log_acceleration ]
2021-09-01 10:19:38,213 - deformetrica.core.estimators.gradient_ascent - INFO - 		7.989E-05   and   8.869E+02 	[ sources ]
2021-09-01 10:20:25,826 - deformetrica.core.estimators.gradient_ascent - INFO - --------------------------------- GA Iteration: 26/50 -----------------------------------
2021-09-01 10:20:25,826 - deformetrica.core.estimators.gradient_ascent - INFO - >> Log-likelihood = -1.001E+04 	 [ attachment = -9.326E+03 ; regularity = -6.884E+02 ]
2021-09-01 10:21:21,231 - deformetrica.core.estimators.gradient_ascent - INFO - >> Step size and gradient norm: 
2021-09-01 10:21:21,231 - deformetrica.core.estimators.gradient_ascent - INFO - 		2.158E-05   and   8.653E+03 	[ metric_parameters ]
2021-09-01 10:21:21,231 - deformetrica.core.estimators.gradient_ascent - INFO - 		1.045E-01   and   2.974E+01 	[ onset_age ]
2021-09-01 10:21:21,231 - deformetrica.core.estimators.gradient_ascent - INFO - 		1.805E-04   and   3.475E+02 	[ log_acceleration ]
2021-09-01 10:21:21,231 - deformetrica.core.estimators.gradient_ascent - INFO - 		7.989E-05   and   8.920E+02 	[ sources ]
2021-09-01 10:21:31,521 - deformetrica.core.estimators.gradient_ascent - INFO - --------------------------------- GA Iteration: 27/50 -----------------------------------
2021-09-01 10:21:31,521 - deformetrica.core.estimators.gradient_ascent - INFO - >> Log-likelihood = -9.933E+03 	 [ attachment = -9.245E+03 ; regularity = -6.889E+02 ]
2021-09-01 10:22:30,036 - deformetrica.core.estimators.gradient_ascent - INFO - >> Step size and gradient norm: 
2021-09-01 10:22:30,036 - deformetrica.core.estimators.gradient_ascent - INFO - 		3.021E-05   and   7.938E+03 	[ metric_parameters ]
2021-09-01 10:22:30,037 - deformetrica.core.estimators.gradient_ascent - INFO - 		1.464E-01   and   3.640E+01 	[ onset_age ]
2021-09-01 10:22:30,037 - deformetrica.core.estimators.gradient_ascent - INFO - 		2.527E-04   and   4.590E+02 	[ log_acceleration ]
2021-09-01 10:22:30,037 - deformetrica.core.estimators.gradient_ascent - INFO - 		1.118E-04   and   8.769E+02 	[ sources ]
2021-09-01 10:23:21,682 - deformetrica.core.estimators.gradient_ascent - INFO - --------------------------------- GA Iteration: 28/50 -----------------------------------
2021-09-01 10:23:21,682 - deformetrica.core.estimators.gradient_ascent - INFO - >> Log-likelihood = -9.908E+03 	 [ attachment = -9.220E+03 ; regularity = -6.885E+02 ]
2021-09-01 10:24:21,936 - deformetrica.core.estimators.gradient_ascent - INFO - >> Step size and gradient norm: 
2021-09-01 10:24:21,936 - deformetrica.core.estimators.gradient_ascent - INFO - 		1.812E-05   and   1.036E+04 	[ metric_parameters ]
2021-09-01 10:24:21,936 - deformetrica.core.estimators.gradient_ascent - INFO - 		8.781E-02   and   4.957E+01 	[ onset_age ]
2021-09-01 10:24:21,936 - deformetrica.core.estimators.gradient_ascent - INFO - 		1.516E-04   and   6.485E+02 	[ log_acceleration ]
2021-09-01 10:24:21,936 - deformetrica.core.estimators.gradient_ascent - INFO - 		1.118E-04   and   8.803E+02 	[ sources ]
2021-09-01 10:24:33,275 - deformetrica.core.estimators.gradient_ascent - INFO - --------------------------------- GA Iteration: 29/50 -----------------------------------
2021-09-01 10:24:33,276 - deformetrica.core.estimators.gradient_ascent - INFO - >> Log-likelihood = -9.845E+03 	 [ attachment = -9.156E+03 ; regularity = -6.887E+02 ]
2021-09-01 10:25:30,893 - deformetrica.core.estimators.gradient_ascent - INFO - >> Step size and gradient norm: 
2021-09-01 10:25:30,894 - deformetrica.core.estimators.gradient_ascent - INFO - 		2.537E-05   and   8.960E+03 	[ metric_parameters ]
2021-09-01 10:25:30,895 - deformetrica.core.estimators.gradient_ascent - INFO - 		1.229E-01   and   2.048E+02 	[ onset_age ]
2021-09-01 10:25:30,895 - deformetrica.core.estimators.gradient_ascent - INFO - 		2.123E-04   and   3.379E+03 	[ log_acceleration ]
2021-09-01 10:25:30,895 - deformetrica.core.estimators.gradient_ascent - INFO - 		1.566E-04   and   8.638E+02 	[ sources ]
2021-09-01 10:25:40,144 - deformetrica.core.estimators.gradient_ascent - INFO - --------------------------------- GA Iteration: 30/50 -----------------------------------
2021-09-01 10:25:40,145 - deformetrica.core.estimators.gradient_ascent - INFO - >> Log-likelihood = -9.812E+03 	 [ attachment = -9.110E+03 ; regularity = -7.022E+02 ]
2021-09-01 10:26:40,404 - deformetrica.core.estimators.gradient_ascent - INFO - >> Step size and gradient norm: 
2021-09-01 10:26:40,404 - deformetrica.core.estimators.gradient_ascent - INFO - 		3.552E-05   and   1.029E+04 	[ metric_parameters ]
2021-09-01 10:26:40,405 - deformetrica.core.estimators.gradient_ascent - INFO - 		1.721E-01   and   3.419E+01 	[ onset_age ]
2021-09-01 10:26:40,405 - deformetrica.core.estimators.gradient_ascent - INFO - 		2.972E-04   and   3.700E+02 	[ log_acceleration ]
2021-09-01 10:26:40,405 - deformetrica.core.estimators.gradient_ascent - INFO - 		2.192E-04   and   8.638E+02 	[ sources ]
2021-09-01 10:26:50,800 - deformetrica.core.estimators.gradient_ascent - INFO - --------------------------------- GA Iteration: 31/50 -----------------------------------
2021-09-01 10:26:50,800 - deformetrica.core.estimators.gradient_ascent - INFO - >> Log-likelihood = -9.674E+03 	 [ attachment = -8.975E+03 ; regularity = -6.996E+02 ]
2021-09-01 10:27:49,148 - deformetrica.core.estimators.gradient_ascent - INFO - >> Step size and gradient norm: 
2021-09-01 10:27:49,149 - deformetrica.core.estimators.gradient_ascent - INFO - 		4.973E-05   and   9.406E+03 	[ metric_parameters ]
2021-09-01 10:27:49,149 - deformetrica.core.estimators.gradient_ascent - INFO - 		2.410E-01   and   3.687E+01 	[ onset_age ]
2021-09-01 10:27:49,149 - deformetrica.core.estimators.gradient_ascent - INFO - 		4.161E-04   and   4.057E+02 	[ log_acceleration ]
2021-09-01 10:27:49,149 - deformetrica.core.estimators.gradient_ascent - INFO - 		3.069E-04   and   8.449E+02 	[ sources ]
2021-09-01 10:28:41,026 - deformetrica.core.estimators.gradient_ascent - INFO - --------------------------------- GA Iteration: 32/50 -----------------------------------
2021-09-01 10:28:41,026 - deformetrica.core.estimators.gradient_ascent - INFO - >> Log-likelihood = -9.579E+03 	 [ attachment = -8.883E+03 ; regularity = -6.954E+02 ]
2021-09-01 10:29:38,636 - deformetrica.core.estimators.gradient_ascent - INFO - >> Step size and gradient norm: 
2021-09-01 10:29:38,637 - deformetrica.core.estimators.gradient_ascent - INFO - 		2.984E-05   and   1.305E+04 	[ metric_parameters ]
2021-09-01 10:29:38,637 - deformetrica.core.estimators.gradient_ascent - INFO - 		1.446E-01   and   3.481E+01 	[ onset_age ]
2021-09-01 10:29:38,637 - deformetrica.core.estimators.gradient_ascent - INFO - 		2.497E-04   and   3.666E+02 	[ log_acceleration ]
2021-09-01 10:29:38,637 - deformetrica.core.estimators.gradient_ascent - INFO - 		3.069E-04   and   8.477E+02 	[ sources ]
2021-09-01 10:29:49,450 - deformetrica.core.estimators.gradient_ascent - INFO - --------------------------------- GA Iteration: 33/50 -----------------------------------
2021-09-01 10:29:49,450 - deformetrica.core.estimators.gradient_ascent - INFO - >> Log-likelihood = -9.487E+03 	 [ attachment = -8.793E+03 ; regularity = -6.932E+02 ]
2021-09-01 10:30:48,411 - deformetrica.core.estimators.gradient_ascent - INFO - >> Step size and gradient norm: 
2021-09-01 10:30:48,412 - deformetrica.core.estimators.gradient_ascent - INFO - 		4.178E-05   and   9.670E+03 	[ metric_parameters ]
2021-09-01 10:30:48,412 - deformetrica.core.estimators.gradient_ascent - INFO - 		2.024E-01   and   5.064E+01 	[ onset_age ]
2021-09-01 10:30:48,412 - deformetrica.core.estimators.gradient_ascent - INFO - 		3.495E-04   and   5.760E+02 	[ log_acceleration ]
2021-09-01 10:30:48,412 - deformetrica.core.estimators.gradient_ascent - INFO - 		4.296E-04   and   8.082E+02 	[ sources ]
2021-09-01 10:31:37,959 - deformetrica.core.estimators.gradient_ascent - INFO - --------------------------------- GA Iteration: 34/50 -----------------------------------
2021-09-01 10:31:37,959 - deformetrica.core.estimators.gradient_ascent - INFO - >> Log-likelihood = -8.994E+03 	 [ attachment = -8.308E+03 ; regularity = -6.862E+02 ]
2021-09-01 10:32:34,996 - deformetrica.core.estimators.gradient_ascent - INFO - >> Step size and gradient norm: 
2021-09-01 10:32:34,997 - deformetrica.core.estimators.gradient_ascent - INFO - 		2.507E-05   and   1.052E+04 	[ metric_parameters ]
2021-09-01 10:32:34,997 - deformetrica.core.estimators.gradient_ascent - INFO - 		1.214E-01   and   3.722E+01 	[ onset_age ]
2021-09-01 10:32:34,997 - deformetrica.core.estimators.gradient_ascent - INFO - 		2.097E-04   and   5.678E+02 	[ log_acceleration ]
2021-09-01 10:32:34,997 - deformetrica.core.estimators.gradient_ascent - INFO - 		4.296E-04   and   8.124E+02 	[ sources ]
2021-09-01 10:32:44,373 - deformetrica.core.estimators.gradient_ascent - INFO - --------------------------------- GA Iteration: 35/50 -----------------------------------
2021-09-01 10:32:44,373 - deformetrica.core.estimators.gradient_ascent - INFO - >> Log-likelihood = -8.484E+03 	 [ attachment = -7.801E+03 ; regularity = -6.833E+02 ]
2021-09-01 10:33:35,978 - deformetrica.core.estimators.gradient_ascent - INFO - >> Step size and gradient norm: 
2021-09-01 10:33:35,978 - deformetrica.core.estimators.gradient_ascent - INFO - 		3.509E-05   and   7.153E+03 	[ metric_parameters ]
2021-09-01 10:33:35,979 - deformetrica.core.estimators.gradient_ascent - INFO - 		1.700E-01   and   2.969E+01 	[ onset_age ]
2021-09-01 10:33:35,979 - deformetrica.core.estimators.gradient_ascent - INFO - 		2.936E-04   and   3.177E+02 	[ log_acceleration ]
2021-09-01 10:33:35,979 - deformetrica.core.estimators.gradient_ascent - INFO - 		6.015E-04   and   7.500E+02 	[ sources ]
2021-09-01 10:33:45,342 - deformetrica.core.estimators.gradient_ascent - INFO - --------------------------------- GA Iteration: 36/50 -----------------------------------
2021-09-01 10:33:45,343 - deformetrica.core.estimators.gradient_ascent - INFO - >> Log-likelihood = -8.150E+03 	 [ attachment = -7.472E+03 ; regularity = -6.781E+02 ]
2021-09-01 10:34:37,169 - deformetrica.core.estimators.gradient_ascent - INFO - >> Step size and gradient norm: 
2021-09-01 10:34:37,169 - deformetrica.core.estimators.gradient_ascent - INFO - 		4.913E-05   and   7.942E+03 	[ metric_parameters ]
2021-09-01 10:34:37,169 - deformetrica.core.estimators.gradient_ascent - INFO - 		2.380E-01   and   2.721E+01 	[ onset_age ]
2021-09-01 10:34:37,169 - deformetrica.core.estimators.gradient_ascent - INFO - 		4.111E-04   and   3.272E+02 	[ log_acceleration ]
2021-09-01 10:34:37,169 - deformetrica.core.estimators.gradient_ascent - INFO - 		8.421E-04   and   7.225E+02 	[ sources ]
2021-09-01 10:34:46,409 - deformetrica.core.estimators.gradient_ascent - INFO - --------------------------------- GA Iteration: 37/50 -----------------------------------
2021-09-01 10:34:46,409 - deformetrica.core.estimators.gradient_ascent - INFO - >> Log-likelihood = -7.731E+03 	 [ attachment = -7.059E+03 ; regularity = -6.722E+02 ]
2021-09-01 10:35:37,549 - deformetrica.core.estimators.gradient_ascent - INFO - >> Step size and gradient norm: 
2021-09-01 10:35:37,549 - deformetrica.core.estimators.gradient_ascent - INFO - 		6.878E-05   and   6.476E+03 	[ metric_parameters ]
2021-09-01 10:35:37,549 - deformetrica.core.estimators.gradient_ascent - INFO - 		3.332E-01   and   3.064E+01 	[ onset_age ]
2021-09-01 10:35:37,549 - deformetrica.core.estimators.gradient_ascent - INFO - 		5.755E-04   and   3.360E+02 	[ log_acceleration ]
2021-09-01 10:35:37,549 - deformetrica.core.estimators.gradient_ascent - INFO - 		1.179E-03   and   6.641E+02 	[ sources ]
2021-09-01 10:36:23,703 - deformetrica.core.estimators.gradient_ascent - INFO - --------------------------------- GA Iteration: 38/50 -----------------------------------
2021-09-01 10:36:23,703 - deformetrica.core.estimators.gradient_ascent - INFO - >> Log-likelihood = -7.372E+03 	 [ attachment = -6.711E+03 ; regularity = -6.613E+02 ]
2021-09-01 10:37:15,377 - deformetrica.core.estimators.gradient_ascent - INFO - >> Step size and gradient norm: 
2021-09-01 10:37:15,377 - deformetrica.core.estimators.gradient_ascent - INFO - 		4.127E-05   and   1.009E+04 	[ metric_parameters ]
2021-09-01 10:37:15,377 - deformetrica.core.estimators.gradient_ascent - INFO - 		1.999E-01   and   2.703E+01 	[ onset_age ]
2021-09-01 10:37:15,377 - deformetrica.core.estimators.gradient_ascent - INFO - 		3.453E-04   and   2.440E+02 	[ log_acceleration ]
2021-09-01 10:37:15,377 - deformetrica.core.estimators.gradient_ascent - INFO - 		1.179E-03   and   6.414E+02 	[ sources ]
2021-09-01 10:37:24,792 - deformetrica.core.estimators.gradient_ascent - INFO - --------------------------------- GA Iteration: 39/50 -----------------------------------
2021-09-01 10:37:24,792 - deformetrica.core.estimators.gradient_ascent - INFO - >> Log-likelihood = -7.227E+03 	 [ attachment = -6.575E+03 ; regularity = -6.521E+02 ]
2021-09-01 10:38:16,034 - deformetrica.core.estimators.gradient_ascent - INFO - >> Step size and gradient norm: 
2021-09-01 10:38:16,034 - deformetrica.core.estimators.gradient_ascent - INFO - 		5.778E-05   and   1.040E+04 	[ metric_parameters ]
2021-09-01 10:38:16,035 - deformetrica.core.estimators.gradient_ascent - INFO - 		2.799E-01   and   4.957E+01 	[ onset_age ]
2021-09-01 10:38:16,035 - deformetrica.core.estimators.gradient_ascent - INFO - 		4.834E-04   and   5.203E+02 	[ log_acceleration ]
2021-09-01 10:38:16,035 - deformetrica.core.estimators.gradient_ascent - INFO - 		1.651E-03   and   5.681E+02 	[ sources ]
2021-09-01 10:38:25,581 - deformetrica.core.estimators.gradient_ascent - INFO - --------------------------------- GA Iteration: 40/50 -----------------------------------
2021-09-01 10:38:25,581 - deformetrica.core.estimators.gradient_ascent - INFO - >> Log-likelihood = -7.043E+03 	 [ attachment = -6.409E+03 ; regularity = -6.342E+02 ]
2021-09-01 10:39:16,354 - deformetrica.core.estimators.gradient_ascent - INFO - >> Step size and gradient norm: 
2021-09-01 10:39:16,354 - deformetrica.core.estimators.gradient_ascent - INFO - 		8.089E-05   and   6.710E+03 	[ metric_parameters ]
2021-09-01 10:39:16,354 - deformetrica.core.estimators.gradient_ascent - INFO - 		3.919E-01   and   4.401E+01 	[ onset_age ]
2021-09-01 10:39:16,354 - deformetrica.core.estimators.gradient_ascent - INFO - 		6.768E-04   and   4.631E+02 	[ log_acceleration ]
2021-09-01 10:39:16,354 - deformetrica.core.estimators.gradient_ascent - INFO - 		2.311E-03   and   7.009E+02 	[ sources ]
2021-09-01 10:39:25,672 - deformetrica.core.estimators.gradient_ascent - INFO - --------------------------------- GA Iteration: 41/50 -----------------------------------
2021-09-01 10:39:25,672 - deformetrica.core.estimators.gradient_ascent - INFO - >> Log-likelihood = -5.583E+03 	 [ attachment = -4.960E+03 ; regularity = -6.228E+02 ]
2021-09-01 10:40:16,374 - deformetrica.core.estimators.gradient_ascent - INFO - >> Step size and gradient norm: 
2021-09-01 10:40:16,374 - deformetrica.core.estimators.gradient_ascent - INFO - 		1.132E-04   and   1.465E+03 	[ metric_parameters ]
2021-09-01 10:40:16,374 - deformetrica.core.estimators.gradient_ascent - INFO - 		5.486E-01   and   2.159E+01 	[ onset_age ]
2021-09-01 10:40:16,375 - deformetrica.core.estimators.gradient_ascent - INFO - 		9.475E-04   and   1.989E+02 	[ log_acceleration ]
2021-09-01 10:40:16,375 - deformetrica.core.estimators.gradient_ascent - INFO - 		3.235E-03   and   4.497E+02 	[ sources ]
2021-09-01 10:40:25,754 - deformetrica.core.estimators.gradient_ascent - INFO - --------------------------------- GA Iteration: 42/50 -----------------------------------
2021-09-01 10:40:25,755 - deformetrica.core.estimators.gradient_ascent - INFO - >> Log-likelihood = -4.897E+03 	 [ attachment = -4.289E+03 ; regularity = -6.078E+02 ]
2021-09-01 10:41:16,665 - deformetrica.core.estimators.gradient_ascent - INFO - >> Step size and gradient norm: 
2021-09-01 10:41:16,665 - deformetrica.core.estimators.gradient_ascent - INFO - 		1.585E-04   and   1.650E+03 	[ metric_parameters ]
2021-09-01 10:41:16,665 - deformetrica.core.estimators.gradient_ascent - INFO - 		7.681E-01   and   1.406E+01 	[ onset_age ]
2021-09-01 10:41:16,665 - deformetrica.core.estimators.gradient_ascent - INFO - 		1.326E-03   and   1.293E+02 	[ log_acceleration ]
2021-09-01 10:41:16,666 - deformetrica.core.estimators.gradient_ascent - INFO - 		4.529E-03   and   3.692E+02 	[ sources ]
2021-09-01 10:41:25,986 - deformetrica.core.estimators.gradient_ascent - INFO - --------------------------------- GA Iteration: 43/50 -----------------------------------
2021-09-01 10:41:25,986 - deformetrica.core.estimators.gradient_ascent - INFO - >> Log-likelihood = -4.437E+03 	 [ attachment = -3.843E+03 ; regularity = -5.934E+02 ]
2021-09-01 10:42:18,897 - deformetrica.core.estimators.gradient_ascent - INFO - >> Step size and gradient norm: 
2021-09-01 10:42:18,897 - deformetrica.core.estimators.gradient_ascent - INFO - 		2.220E-04   and   1.898E+03 	[ metric_parameters ]
2021-09-01 10:42:18,897 - deformetrica.core.estimators.gradient_ascent - INFO - 		1.075E+00   and   1.323E+01 	[ onset_age ]
2021-09-01 10:42:18,897 - deformetrica.core.estimators.gradient_ascent - INFO - 		1.857E-03   and   1.169E+02 	[ log_acceleration ]
2021-09-01 10:42:18,897 - deformetrica.core.estimators.gradient_ascent - INFO - 		6.341E-03   and   3.636E+02 	[ sources ]
2021-09-01 10:42:28,264 - deformetrica.core.estimators.gradient_ascent - INFO - --------------------------------- GA Iteration: 44/50 -----------------------------------
2021-09-01 10:42:28,264 - deformetrica.core.estimators.gradient_ascent - INFO - >> Log-likelihood = -4.245E+03 	 [ attachment = -3.671E+03 ; regularity = -5.739E+02 ]
2021-09-01 10:43:19,246 - deformetrica.core.estimators.gradient_ascent - INFO - >> Step size and gradient norm: 
2021-09-01 10:43:19,246 - deformetrica.core.estimators.gradient_ascent - INFO - 		3.107E-04   and   7.716E+02 	[ metric_parameters ]
2021-09-01 10:43:19,246 - deformetrica.core.estimators.gradient_ascent - INFO - 		1.505E+00   and   2.327E+01 	[ onset_age ]
2021-09-01 10:43:19,246 - deformetrica.core.estimators.gradient_ascent - INFO - 		2.600E-03   and   1.680E+02 	[ log_acceleration ]
2021-09-01 10:43:19,246 - deformetrica.core.estimators.gradient_ascent - INFO - 		8.877E-03   and   5.866E+02 	[ sources ]
2021-09-01 10:44:06,210 - deformetrica.core.estimators.gradient_ascent - INFO - >> Step size and gradient norm: 
2021-09-01 10:44:06,210 - deformetrica.core.estimators.gradient_ascent - INFO - 		1.864E-04   and   7.716E+02 	[ metric_parameters ]
2021-09-01 10:44:06,210 - deformetrica.core.estimators.gradient_ascent - INFO - 		9.033E-01   and   2.327E+01 	[ onset_age ]
2021-09-01 10:44:06,210 - deformetrica.core.estimators.gradient_ascent - INFO - 		1.560E-03   and   1.680E+02 	[ log_acceleration ]
2021-09-01 10:44:06,210 - deformetrica.core.estimators.gradient_ascent - INFO - 		5.326E-03   and   5.866E+02 	[ sources ]
2021-09-01 10:44:52,876 - deformetrica.core.estimators.gradient_ascent - INFO - --------------------------------- GA Iteration: 45/50 -----------------------------------
2021-09-01 10:44:52,876 - deformetrica.core.estimators.gradient_ascent - INFO - >> Log-likelihood = -3.841E+03 	 [ attachment = -3.274E+03 ; regularity = -5.678E+02 ]
2021-09-01 10:45:44,082 - deformetrica.core.estimators.gradient_ascent - INFO - >> Step size and gradient norm: 
2021-09-01 10:45:44,083 - deformetrica.core.estimators.gradient_ascent - INFO - 		1.864E-04   and   6.621E+02 	[ metric_parameters ]
2021-09-01 10:45:44,083 - deformetrica.core.estimators.gradient_ascent - INFO - 		5.420E-01   and   1.755E+01 	[ onset_age ]
2021-09-01 10:45:44,083 - deformetrica.core.estimators.gradient_ascent - INFO - 		9.359E-04   and   1.457E+02 	[ log_acceleration ]
2021-09-01 10:45:44,084 - deformetrica.core.estimators.gradient_ascent - INFO - 		3.196E-03   and   4.098E+02 	[ sources ]
2021-09-01 10:45:53,342 - deformetrica.core.estimators.gradient_ascent - INFO - --------------------------------- GA Iteration: 46/50 -----------------------------------
2021-09-01 10:45:53,342 - deformetrica.core.estimators.gradient_ascent - INFO - >> Log-likelihood = -3.550E+03 	 [ attachment = -2.994E+03 ; regularity = -5.559E+02 ]
2021-09-01 10:46:43,787 - deformetrica.core.estimators.gradient_ascent - INFO - >> Step size and gradient norm: 
2021-09-01 10:46:43,787 - deformetrica.core.estimators.gradient_ascent - INFO - 		2.610E-04   and   5.198E+02 	[ metric_parameters ]
2021-09-01 10:46:43,787 - deformetrica.core.estimators.gradient_ascent - INFO - 		7.588E-01   and   1.091E+01 	[ onset_age ]
2021-09-01 10:46:43,787 - deformetrica.core.estimators.gradient_ascent - INFO - 		1.310E-03   and   1.055E+02 	[ log_acceleration ]
2021-09-01 10:46:43,788 - deformetrica.core.estimators.gradient_ascent - INFO - 		4.474E-03   and   3.408E+02 	[ sources ]
2021-09-01 10:46:52,985 - deformetrica.core.estimators.gradient_ascent - INFO - --------------------------------- GA Iteration: 47/50 -----------------------------------
2021-09-01 10:46:52,985 - deformetrica.core.estimators.gradient_ascent - INFO - >> Log-likelihood = -3.509E+03 	 [ attachment = -2.959E+03 ; regularity = -5.496E+02 ]
2021-09-01 10:47:48,502 - deformetrica.core.estimators.gradient_ascent - INFO - >> Step size and gradient norm: 
2021-09-01 10:47:48,503 - deformetrica.core.estimators.gradient_ascent - INFO - 		3.654E-04   and   9.939E+02 	[ metric_parameters ]
2021-09-01 10:47:48,503 - deformetrica.core.estimators.gradient_ascent - INFO - 		1.062E+00   and   1.538E+01 	[ onset_age ]
2021-09-01 10:47:48,503 - deformetrica.core.estimators.gradient_ascent - INFO - 		1.834E-03   and   1.118E+02 	[ log_acceleration ]
2021-09-01 10:47:48,503 - deformetrica.core.estimators.gradient_ascent - INFO - 		6.264E-03   and   4.282E+02 	[ sources ]
2021-09-01 10:48:35,104 - deformetrica.core.estimators.gradient_ascent - INFO - --------------------------------- GA Iteration: 48/50 -----------------------------------
2021-09-01 10:48:35,104 - deformetrica.core.estimators.gradient_ascent - INFO - >> Log-likelihood = -3.379E+03 	 [ attachment = -2.842E+03 ; regularity = -5.370E+02 ]
2021-09-01 10:49:27,600 - deformetrica.core.estimators.gradient_ascent - INFO - >> Step size and gradient norm: 
2021-09-01 10:49:27,601 - deformetrica.core.estimators.gradient_ascent - INFO - 		2.193E-04   and   1.001E+03 	[ metric_parameters ]
2021-09-01 10:49:27,601 - deformetrica.core.estimators.gradient_ascent - INFO - 		6.374E-01   and   1.340E+01 	[ onset_age ]
2021-09-01 10:49:27,601 - deformetrica.core.estimators.gradient_ascent - INFO - 		1.834E-03   and   1.033E+02 	[ log_acceleration ]
2021-09-01 10:49:27,601 - deformetrica.core.estimators.gradient_ascent - INFO - 		3.758E-03   and   4.703E+02 	[ sources ]
2021-09-01 10:49:36,805 - deformetrica.core.estimators.gradient_ascent - INFO - --------------------------------- GA Iteration: 49/50 -----------------------------------
2021-09-01 10:49:36,805 - deformetrica.core.estimators.gradient_ascent - INFO - >> Log-likelihood = -3.338E+03 	 [ attachment = -2.807E+03 ; regularity = -5.310E+02 ]
2021-09-01 10:50:32,301 - deformetrica.core.estimators.gradient_ascent - INFO - >> Step size and gradient norm: 
2021-09-01 10:50:32,302 - deformetrica.core.estimators.gradient_ascent - INFO - 		3.070E-04   and   9.659E+02 	[ metric_parameters ]
2021-09-01 10:50:32,302 - deformetrica.core.estimators.gradient_ascent - INFO - 		8.923E-01   and   1.284E+01 	[ onset_age ]
2021-09-01 10:50:32,302 - deformetrica.core.estimators.gradient_ascent - INFO - 		2.568E-03   and   1.171E+02 	[ log_acceleration ]
2021-09-01 10:50:32,303 - deformetrica.core.estimators.gradient_ascent - INFO - 		5.261E-03   and   4.659E+02 	[ sources ]
2021-09-01 10:51:25,898 - deformetrica.core.estimators.gradient_ascent - INFO - --------------------------------- GA Iteration: 50/50 -----------------------------------
2021-09-01 10:51:25,898 - deformetrica.core.estimators.gradient_ascent - INFO - >> Log-likelihood = -3.095E+03 	 [ attachment = -2.573E+03 ; regularity = -5.224E+02 ]
2021-09-01 10:52:14,172 - deformetrica.in_out.array_readers_and_writers - INFO - >> Estimation took: 4171.03577208519
