2021-06-24 09:01:03,431 - root - ERROR - Logger has been set to: INFO
2021-06-24 09:01:03,432 - __main__ - INFO - 
2021-06-24 09:01:03,432 - __main__ - INFO - [ estimate_longitudinal_metric_model function ]
2021-06-24 09:01:03,708 - __main__ - INFO - Setting initial onset ages from simulated_study/preprocessing_3/2_gradient_descent_on_the_mode/LongitudinalMetricModel_onset_ages.txt file
2021-06-24 09:01:03,709 - __main__ - INFO - Setting initial log accelerations from simulated_study/preprocessing_3/2_gradient_descent_on_the_mode/LongitudinalMetricModel_log_accelerations.txt file
2021-06-24 09:01:03,710 - __main__ - INFO - Initializing exponential type to parametric
2021-06-24 09:01:03,710 - __main__ - INFO - Loading metric parameters from file simulated_study/preprocessing_3/2_gradient_descent_on_the_mode/LongitudinalMetricModel_metric_parameters.txt
2021-06-24 09:01:03,711 - __main__ - INFO - Loading the interpolation points from file simulated_study/preprocessing_3/2_gradient_descent_on_the_mode/LongitudinalMetricModel_interpolation_points.txt
2021-06-24 09:01:03,711 - __main__ - INFO - The width for the metric interpolation is set to 0.25
2021-06-24 09:01:03,712 - __main__ - INFO - I am setting the no_parallel_transport flag to False.
2021-06-24 09:01:03,712 - __main__ - INFO - >> Reading 1-source initial modulation matrix from file: simulated_study/preprocessing_3/2_gradient_descent_on_the_mode/LongitudinalMetricModel_modulation_matrix.txt
2021-06-24 09:01:03,712 - __main__ - INFO - Setting initial sources from simulated_study/preprocessing_3/2_gradient_descent_on_the_mode/LongitudinalMetricModel_sources.txt file
2021-06-24 09:01:03,714 - deformetrica.core.models.longitudinal_metric_learning - INFO - Acceleration factors max/min: (1.8527, 185, 0.24127014, 69)
2021-06-24 09:01:04,541 - deformetrica.core.models.longitudinal_metric_learning - INFO - Tmin 35 Tmax 110 Update of the spatiotemporalframe: 801 ms
2021-06-24 09:01:16,198 - __main__ - INFO - >> Initial noise variance set to 0.0731893661476206 based on the initial mean residual value.
2021-06-24 09:01:16,199 - deformetrica.core.models.longitudinal_metric_learning - INFO - >> The time shift variance prior degrees of freedom parameter is set to 200
2021-06-24 09:01:16,199 - deformetrica.core.models.longitudinal_metric_learning - INFO - >> The log-acceleration variance prior degrees of freedom parameter is set to the number of subjects: 200
2021-06-24 09:01:16,199 - deformetrica.core.models.longitudinal_metric_learning - INFO - ('v0', False)
2021-06-24 09:01:16,199 - deformetrica.core.models.longitudinal_metric_learning - INFO - ('p0', False)
2021-06-24 09:01:16,199 - deformetrica.core.models.longitudinal_metric_learning - INFO - ('reference_time', False)
2021-06-24 09:01:16,199 - deformetrica.core.models.longitudinal_metric_learning - INFO - ('onset_age_variance', False)
2021-06-24 09:01:16,199 - deformetrica.core.models.longitudinal_metric_learning - INFO - ('log_acceleration_variance', False)
2021-06-24 09:01:16,200 - deformetrica.core.models.longitudinal_metric_learning - INFO - ('noise_variance', False)
2021-06-24 09:01:16,200 - deformetrica.core.models.longitudinal_metric_learning - INFO - ('metric_parameters', False)
2021-06-24 09:01:16,200 - deformetrica.core.models.longitudinal_metric_learning - INFO - ('modulation_matrix', False)
2021-06-24 09:01:16,201 - deformetrica.core.models.longitudinal_metric_learning - INFO - Acceleration factors max/min: (1.8527, 185, 0.24127014, 69)
2021-06-24 09:01:17,003 - deformetrica.core.models.longitudinal_metric_learning - INFO - Tmin 35 Tmax 110 Update of the spatiotemporalframe: 778 ms
2021-06-24 09:01:31,450 - __main__ - INFO - 
2021-06-24 09:01:31,451 - __main__ - INFO - [ update method of the McmcSaem  optimizer ]
2021-06-24 09:01:31,451 - deformetrica.core.estimators.mcmc_saem - INFO - ---------------------------------- MCMC Iteration: 0 -------------------------------------
2021-06-24 09:01:31,451 - deformetrica.core.estimators.mcmc_saem - INFO - >> MCMC-SAEM algorithm launched for 200 iterations (100  iterations of burn-in).
2021-06-24 09:01:31,451 - deformetrica.core.models.longitudinal_metric_learning - INFO - >> Model parameters:
2021-06-24 09:01:31,451 - deformetrica.core.models.longitudinal_metric_learning - INFO - 		 noise_variance    =	0.1913
2021-06-24 09:01:31,451 - deformetrica.core.models.longitudinal_metric_learning - INFO - 		 onset_ages        =	69.248	[ mean ]	+/-	16.3179	[std]
2021-06-24 09:01:31,451 - deformetrica.core.models.longitudinal_metric_learning - INFO - 		 log_accelerations =	0.0028	[ mean ]	+/-	0.4966	[std]
2021-06-24 09:01:31,452 - deformetrica.core.models.longitudinal_metric_learning - INFO - 		 sources           =	0.0002	[ mean ]	+/-	0.9976	[std]
2021-06-24 09:01:31,454 - deformetrica.core.models.longitudinal_metric_learning - INFO - Acceleration factors max/min: (1.8527, 185, 0.24127014, 69)
2021-06-24 09:01:32,449 - deformetrica.core.models.longitudinal_metric_learning - INFO - Tmin 35 Tmax 110 Update of the spatiotemporalframe: 970 ms
2021-06-24 09:01:47,130 - deformetrica.core.models.longitudinal_metric_learning - INFO - Acceleration factors max/min: (1.8527, 185, 0.24127014, 69)
2021-06-24 09:01:48,129 - deformetrica.core.models.longitudinal_metric_learning - INFO - Tmin 35 Tmax 110 Update of the spatiotemporalframe: 973 ms
2021-06-24 09:02:02,768 - deformetrica.core.models.longitudinal_metric_learning - INFO - Acceleration factors max/min: (1.8943164, 136, 0.23223501, 149)
2021-06-24 09:02:04,154 - deformetrica.core.models.longitudinal_metric_learning - INFO - Tmin 35 Tmax 110 Update of the spatiotemporalframe: 1359 ms
2021-06-24 09:02:25,051 - deformetrica.core.models.longitudinal_metric_learning - INFO - Acceleration factors max/min: (1.8943164, 136, 0.23223501, 149)
2021-06-24 09:02:26,483 - deformetrica.core.models.longitudinal_metric_learning - INFO - Tmin 35 Tmax 110 Update of the spatiotemporalframe: 1397 ms
2021-06-24 09:02:41,546 - deformetrica.core.estimator_tools.samplers.srw_mhwg_sampler - INFO - >> Proposal std re-evaluated from:
		 6.000 	to	7.393 	[ onset_age ]
		 0.050 	to	0.082 	[ log_acceleration ]
		 1.000 	to	1.053 	[ sources ]
2021-06-24 09:02:41,549 - deformetrica.core.models.longitudinal_metric_learning - INFO - Acceleration factors max/min: (1.8943164, 136, 0.23223501, 149)
2021-06-24 09:02:42,337 - deformetrica.core.models.longitudinal_metric_learning - INFO - Tmin 35 Tmax 110 Update of the spatiotemporalframe: 765 ms
2021-06-24 09:02:53,684 - deformetrica.core.estimators.mcmc_saem - INFO - 
2021-06-24 09:02:53,685 - deformetrica.core.estimators.mcmc_saem - INFO - [ maximizing over the fixed effects with the GradientAscent optimizer ]
2021-06-24 09:02:53,686 - deformetrica.core.models.longitudinal_metric_learning - INFO - Acceleration factors max/min: (1.8943164, 136, 0.23223501, 149)
2021-06-24 09:02:54,921 - deformetrica.core.models.longitudinal_metric_learning - INFO - Tmin 35 Tmax 110 Update of the spatiotemporalframe: 1205 ms
2021-06-24 09:03:41,365 - deformetrica.core.estimators.gradient_ascent - INFO - --------------------------------- GA Iteration: 0/2 -----------------------------------
2021-06-24 09:03:41,373 - deformetrica.core.estimators.gradient_ascent - INFO - >> Log-likelihood = -2.305E+03 	 [ attachment = -2.004E+03 ; regularity = -3.009E+02 ]
2021-06-24 09:03:41,375 - deformetrica.core.estimators.gradient_ascent - INFO - >> Step size and gradient norm: 
2021-06-24 09:03:41,376 - deformetrica.core.estimators.gradient_ascent - INFO - 		3.966E-08   and   2.522E+04 	[ v0 ]
2021-06-24 09:03:41,377 - deformetrica.core.estimators.gradient_ascent - INFO - 		1.743E-06   and   5.736E+03 	[ p0 ]
2021-06-24 09:03:41,379 - deformetrica.core.estimators.gradient_ascent - INFO - 		2.795E-05   and   3.578E+03 	[ metric_parameters ]
2021-06-24 09:03:41,380 - deformetrica.core.estimators.gradient_ascent - INFO - 		5.010E-06   and   1.996E+03 	[ modulation_matrix ]
2021-06-24 09:03:41,382 - deformetrica.core.models.longitudinal_metric_learning - INFO - Acceleration factors max/min: (1.8943164, 136, 0.23223501, 149)
2021-06-24 09:03:42,436 - deformetrica.core.models.longitudinal_metric_learning - INFO - Tmin 35 Tmax 110 Update of the spatiotemporalframe: 1029 ms
2021-06-24 09:03:56,700 - deformetrica.core.estimators.gradient_ascent - INFO - --------------------------------- GA Iteration: 1/2 -----------------------------------
2021-06-24 09:03:56,701 - deformetrica.core.estimators.gradient_ascent - INFO - >> Log-likelihood = -2.285E+03 	 [ attachment = -1.984E+03 ; regularity = -3.009E+02 ]
2021-06-24 09:03:56,702 - deformetrica.core.models.longitudinal_metric_learning - INFO - Acceleration factors max/min: (1.8943164, 136, 0.23223501, 149)
2021-06-24 09:03:57,822 - deformetrica.core.models.longitudinal_metric_learning - INFO - Tmin 35 Tmax 110 Update of the spatiotemporalframe: 1091 ms
2021-06-24 09:04:40,732 - deformetrica.core.estimators.gradient_ascent - INFO - >> Step size and gradient norm: 
2021-06-24 09:04:41,123 - deformetrica.core.estimators.gradient_ascent - INFO - 		5.155E-08   and   3.191E+04 	[ v0 ]
2021-06-24 09:04:41,124 - deformetrica.core.estimators.gradient_ascent - INFO - 		2.266E-06   and   3.318E+03 	[ p0 ]
2021-06-24 09:04:41,126 - deformetrica.core.estimators.gradient_ascent - INFO - 		3.633E-05   and   4.313E+03 	[ metric_parameters ]
2021-06-24 09:04:41,127 - deformetrica.core.estimators.gradient_ascent - INFO - 		6.513E-06   and   1.896E+03 	[ modulation_matrix ]
2021-06-24 09:04:41,131 - deformetrica.core.models.longitudinal_metric_learning - INFO - Acceleration factors max/min: (1.8943164, 136, 0.23223501, 149)
2021-06-24 09:04:41,988 - deformetrica.core.models.longitudinal_metric_learning - INFO - Tmin 35 Tmax 110 Update of the spatiotemporalframe: 832 ms
2021-06-24 09:04:56,438 - deformetrica.core.models.longitudinal_metric_learning - INFO - Acceleration factors max/min: (1.8943164, 136, 0.23223501, 149)
2021-06-24 09:04:57,405 - deformetrica.core.models.longitudinal_metric_learning - INFO - Tmin 35 Tmax 110 Update of the spatiotemporalframe: 942 ms
2021-06-24 09:05:11,710 - deformetrica.core.models.longitudinal_metric_learning - INFO - Acceleration factors max/min: (1.8943164, 136, 0.23223501, 149)
2021-06-24 09:05:12,673 - deformetrica.core.models.longitudinal_metric_learning - INFO - Tmin 35 Tmax 110 Update of the spatiotemporalframe: 938 ms
2021-06-24 09:05:27,137 - deformetrica.core.models.longitudinal_metric_learning - INFO - Acceleration factors max/min: (1.8943164, 136, 0.23223501, 149)
2021-06-24 09:05:28,102 - deformetrica.core.models.longitudinal_metric_learning - INFO - Tmin 35 Tmax 110 Update of the spatiotemporalframe: 941 ms
2021-06-24 09:05:41,785 - deformetrica.core.models.longitudinal_metric_learning - INFO - Acceleration factors max/min: (1.8943164, 136, 0.23223501, 149)
2021-06-24 09:05:42,570 - deformetrica.core.models.longitudinal_metric_learning - INFO - Tmin 35 Tmax 110 Update of the spatiotemporalframe: 762 ms
2021-06-24 09:05:54,115 - deformetrica.core.estimators.gradient_ascent - INFO - >> Step size and gradient norm: 
2021-06-24 09:05:54,115 - deformetrica.core.estimators.gradient_ascent - INFO - 		3.609E-08   and   3.191E+04 	[ v0 ]
2021-06-24 09:05:54,115 - deformetrica.core.estimators.gradient_ascent - INFO - 		1.586E-06   and   3.318E+03 	[ p0 ]
2021-06-24 09:05:54,116 - deformetrica.core.estimators.gradient_ascent - INFO - 		2.543E-05   and   4.313E+03 	[ metric_parameters ]
2021-06-24 09:05:54,116 - deformetrica.core.estimators.gradient_ascent - INFO - 		4.559E-06   and   1.896E+03 	[ modulation_matrix ]
2021-06-24 09:05:54,116 - deformetrica.core.models.longitudinal_metric_learning - INFO - Acceleration factors max/min: (1.8943164, 136, 0.23223501, 149)
2021-06-24 09:05:54,894 - deformetrica.core.models.longitudinal_metric_learning - INFO - Tmin 35 Tmax 110 Update of the spatiotemporalframe: 756 ms
2021-06-24 09:06:06,512 - deformetrica.core.models.longitudinal_metric_learning - INFO - Acceleration factors max/min: (1.8943164, 136, 0.23223501, 149)
2021-06-24 09:06:07,290 - deformetrica.core.models.longitudinal_metric_learning - INFO - Tmin 35 Tmax 110 Update of the spatiotemporalframe: 756 ms
2021-06-24 09:06:19,238 - deformetrica.core.models.longitudinal_metric_learning - INFO - Acceleration factors max/min: (1.8943164, 136, 0.23223501, 149)
2021-06-24 09:06:20,041 - deformetrica.core.models.longitudinal_metric_learning - INFO - Tmin 35 Tmax 110 Update of the spatiotemporalframe: 780 ms
2021-06-24 09:06:32,020 - deformetrica.core.models.longitudinal_metric_learning - INFO - Acceleration factors max/min: (1.8943164, 136, 0.23223501, 149)
2021-06-24 09:06:32,823 - deformetrica.core.models.longitudinal_metric_learning - INFO - Tmin 35 Tmax 110 Update of the spatiotemporalframe: 780 ms
2021-06-24 09:06:44,785 - deformetrica.core.models.longitudinal_metric_learning - INFO - Acceleration factors max/min: (1.8943164, 136, 0.23223501, 149)
2021-06-24 09:06:45,591 - deformetrica.core.models.longitudinal_metric_learning - INFO - Tmin 35 Tmax 110 Update of the spatiotemporalframe: 782 ms
2021-06-24 09:06:57,531 - deformetrica.core.estimators.gradient_ascent - INFO - --------------------------------- GA Iteration: 2/2 -----------------------------------
2021-06-24 09:06:57,532 - deformetrica.core.estimators.gradient_ascent - INFO - >> Log-likelihood = -2.238E+03 	 [ attachment = -1.937E+03 ; regularity = -3.009E+02 ]
2021-06-24 09:06:57,532 - deformetrica.core.estimators.mcmc_saem - INFO - 
2021-06-24 09:06:57,532 - deformetrica.core.estimators.mcmc_saem - INFO - [ end of the gradient-based maximization ]
2021-06-24 09:06:57,533 - deformetrica.core.estimators.mcmc_saem - INFO - 
2021-06-24 09:06:57,533 - deformetrica.core.estimators.mcmc_saem - INFO - ---------------------------------- MCMC Iteration: 1 -------------------------------------
2021-06-24 09:06:57,533 - deformetrica.core.estimators.mcmc_saem - INFO - >> Average acceptance rates (all past iterations):
2021-06-24 09:06:57,533 - deformetrica.core.estimators.mcmc_saem - INFO -        55.0   onset_age
2021-06-24 09:06:57,533 - deformetrica.core.estimators.mcmc_saem - INFO -        93.0   log_acceleration
2021-06-24 09:06:57,533 - deformetrica.core.estimators.mcmc_saem - INFO -        38.0   sources
2021-06-24 09:06:57,533 - deformetrica.core.models.longitudinal_metric_learning - INFO - >> Model parameters:
2021-06-24 09:06:57,533 - deformetrica.core.models.longitudinal_metric_learning - INFO - 		 noise_variance    =	0.1765
2021-06-24 09:06:57,533 - deformetrica.core.models.longitudinal_metric_learning - INFO - 		 onset_ages        =	68.801	[ mean ]	+/-	16.6751	[std]
2021-06-24 09:06:57,534 - deformetrica.core.models.longitudinal_metric_learning - INFO - 		 log_accelerations =	0.0023	[ mean ]	+/-	0.4938	[std]
2021-06-24 09:06:57,534 - deformetrica.core.models.longitudinal_metric_learning - INFO - 		 sources           =	0.0532	[ mean ]	+/-	1.0000	[std]
2021-06-24 09:06:57,534 - deformetrica.core.models.longitudinal_metric_learning - INFO - Acceleration factors max/min: (1.8943164, 136, 0.23223501, 149)
2021-06-24 09:06:58,343 - deformetrica.core.models.longitudinal_metric_learning - INFO - Tmin 35 Tmax 110 Update of the spatiotemporalframe: 779 ms
2021-06-24 09:07:23,522 - deformetrica.core.models.longitudinal_metric_learning - INFO - Acceleration factors max/min: (1.8943164, 136, 0.23223501, 149)
2021-06-24 09:07:24,332 - deformetrica.core.models.longitudinal_metric_learning - INFO - Tmin 35 Tmax 110 Update of the spatiotemporalframe: 786 ms
2021-06-24 09:07:36,367 - deformetrica.core.models.longitudinal_metric_learning - INFO - Acceleration factors max/min: (1.8943164, 136, 0.23223501, 149)
2021-06-24 09:07:37,177 - deformetrica.core.models.longitudinal_metric_learning - INFO - Tmin 35 Tmax 110 Update of the spatiotemporalframe: 787 ms
2021-06-24 09:07:51,470 - deformetrica.core.models.longitudinal_metric_learning - INFO - Acceleration factors max/min: (2.323997, 136, 0.21035343, 29)
2021-06-24 09:07:52,606 - deformetrica.core.models.longitudinal_metric_learning - INFO - Tmin 35 Tmax 110 Update of the spatiotemporalframe: 1103 ms
2021-06-24 09:08:09,022 - deformetrica.core.models.longitudinal_metric_learning - INFO - Acceleration factors max/min: (2.323997, 136, 0.21035343, 29)
2021-06-24 09:08:10,157 - deformetrica.core.models.longitudinal_metric_learning - INFO - Tmin 35 Tmax 110 Update of the spatiotemporalframe: 1102 ms
2021-06-24 09:08:28,652 - deformetrica.core.estimator_tools.samplers.srw_mhwg_sampler - INFO - >> Proposal std re-evaluated from:
		 7.393 	to	8.986 	[ onset_age ]
		 0.082 	to	0.122 	[ log_acceleration ]
		 1.053 	to	1.125 	[ sources ]
2021-06-24 09:08:28,654 - deformetrica.core.models.longitudinal_metric_learning - INFO - Acceleration factors max/min: (2.323997, 136, 0.21035343, 29)
2021-06-24 09:08:29,463 - deformetrica.core.models.longitudinal_metric_learning - INFO - Tmin 35 Tmax 110 Update of the spatiotemporalframe: 786 ms
2021-06-24 09:08:43,492 - deformetrica.core.estimators.mcmc_saem - INFO - 
2021-06-24 09:08:43,493 - deformetrica.core.estimators.mcmc_saem - INFO - [ maximizing over the fixed effects with the GradientAscent optimizer ]
2021-06-24 09:08:43,494 - deformetrica.core.models.longitudinal_metric_learning - INFO - Acceleration factors max/min: (1.8943164, 136, 0.23223501, 149)
2021-06-24 09:08:44,900 - deformetrica.core.models.longitudinal_metric_learning - INFO - Tmin 35 Tmax 110 Update of the spatiotemporalframe: 1374 ms
2021-06-24 09:09:30,624 - deformetrica.core.estimators.gradient_ascent - INFO - --------------------------------- GA Iteration: 0/2 -----------------------------------
2021-06-24 09:09:31,025 - deformetrica.core.estimators.gradient_ascent - INFO - >> Log-likelihood = -2.534E+03 	 [ attachment = -2.236E+03 ; regularity = -2.976E+02 ]
2021-06-24 09:09:31,026 - deformetrica.core.estimators.gradient_ascent - INFO - >> Step size and gradient norm: 
2021-06-24 09:09:31,028 - deformetrica.core.estimators.gradient_ascent - INFO - 		2.526E-08   and   4.499E+04 	[ v0 ]
2021-06-24 09:09:31,029 - deformetrica.core.estimators.gradient_ascent - INFO - 		1.110E-06   and   5.175E+03 	[ p0 ]
2021-06-24 09:09:31,030 - deformetrica.core.estimators.gradient_ascent - INFO - 		1.780E-05   and   2.532E+03 	[ metric_parameters ]
2021-06-24 09:09:31,032 - deformetrica.core.estimators.gradient_ascent - INFO - 		4.559E-06   and   2.358E+03 	[ modulation_matrix ]
2021-06-24 09:09:31,035 - deformetrica.core.models.longitudinal_metric_learning - INFO - Acceleration factors max/min: (1.8943164, 136, 0.23223501, 149)
2021-06-24 09:09:31,947 - deformetrica.core.models.longitudinal_metric_learning - INFO - Tmin 35 Tmax 110 Update of the spatiotemporalframe: 888 ms
2021-06-24 09:09:47,699 - deformetrica.core.estimators.gradient_ascent - INFO - --------------------------------- GA Iteration: 1/2 -----------------------------------
2021-06-24 09:09:47,701 - deformetrica.core.estimators.gradient_ascent - INFO - >> Log-likelihood = -2.480E+03 	 [ attachment = -2.182E+03 ; regularity = -2.976E+02 ]
2021-06-24 09:09:47,702 - deformetrica.core.models.longitudinal_metric_learning - INFO - Acceleration factors max/min: (1.8943164, 136, 0.23223501, 149)
2021-06-24 09:09:49,321 - deformetrica.core.models.longitudinal_metric_learning - INFO - Tmin 35 Tmax 110 Update of the spatiotemporalframe: 1569 ms
2021-06-24 09:10:34,438 - deformetrica.core.estimators.gradient_ascent - INFO - >> Step size and gradient norm: 
2021-06-24 09:10:34,837 - deformetrica.core.estimators.gradient_ascent - INFO - 		3.284E-08   and   1.863E+04 	[ v0 ]
2021-06-24 09:10:34,838 - deformetrica.core.estimators.gradient_ascent - INFO - 		1.444E-06   and   1.106E+03 	[ p0 ]
2021-06-24 09:10:34,840 - deformetrica.core.estimators.gradient_ascent - INFO - 		2.314E-05   and   3.706E+03 	[ metric_parameters ]
2021-06-24 09:10:34,841 - deformetrica.core.estimators.gradient_ascent - INFO - 		5.927E-06   and   2.326E+03 	[ modulation_matrix ]
2021-06-24 09:10:34,847 - deformetrica.core.models.longitudinal_metric_learning - INFO - Acceleration factors max/min: (1.8943164, 136, 0.23223501, 149)
2021-06-24 09:10:35,782 - deformetrica.core.models.longitudinal_metric_learning - INFO - Tmin 35 Tmax 110 Update of the spatiotemporalframe: 910 ms
2021-06-24 09:10:48,027 - deformetrica.core.estimators.gradient_ascent - INFO - --------------------------------- GA Iteration: 2/2 -----------------------------------
2021-06-24 09:10:48,028 - deformetrica.core.estimators.gradient_ascent - INFO - >> Log-likelihood = -2.450E+03 	 [ attachment = -2.153E+03 ; regularity = -2.976E+02 ]
2021-06-24 09:10:48,029 - deformetrica.core.estimators.mcmc_saem - INFO - 
2021-06-24 09:10:48,029 - deformetrica.core.estimators.mcmc_saem - INFO - [ end of the gradient-based maximization ]
2021-06-24 09:10:48,029 - deformetrica.core.estimators.mcmc_saem - INFO - 
2021-06-24 09:10:48,029 - deformetrica.core.estimators.mcmc_saem - INFO - ---------------------------------- MCMC Iteration: 2 -------------------------------------
2021-06-24 09:10:48,029 - deformetrica.core.estimators.mcmc_saem - INFO - >> Average acceptance rates (all past iterations):
2021-06-24 09:10:48,030 - deformetrica.core.estimators.mcmc_saem - INFO -        56.5   onset_age
2021-06-24 09:10:48,030 - deformetrica.core.estimators.mcmc_saem - INFO -        91.5   log_acceleration
2021-06-24 09:10:48,030 - deformetrica.core.estimators.mcmc_saem - INFO -        39.5   sources
2021-06-24 09:10:48,030 - deformetrica.core.models.longitudinal_metric_learning - INFO - >> Model parameters:
2021-06-24 09:10:48,030 - deformetrica.core.models.longitudinal_metric_learning - INFO - 		 noise_variance    =	0.1568
2021-06-24 09:10:48,030 - deformetrica.core.models.longitudinal_metric_learning - INFO - 		 onset_ages        =	68.983	[ mean ]	+/-	17.1427	[std]
2021-06-24 09:10:48,030 - deformetrica.core.models.longitudinal_metric_learning - INFO - 		 log_accelerations =	0.0022	[ mean ]	+/-	0.4935	[std]
2021-06-24 09:10:48,031 - deformetrica.core.models.longitudinal_metric_learning - INFO - 		 sources           =	0.0599	[ mean ]	+/-	1.0000	[std]
2021-06-24 09:10:48,031 - deformetrica.core.models.longitudinal_metric_learning - INFO - Acceleration factors max/min: (2.323997, 136, 0.21035343, 29)
2021-06-24 09:10:48,869 - deformetrica.core.models.longitudinal_metric_learning - INFO - Tmin 35 Tmax 110 Update of the spatiotemporalframe: 807 ms
2021-06-24 09:11:13,929 - deformetrica.core.models.longitudinal_metric_learning - INFO - Acceleration factors max/min: (2.323997, 136, 0.21035343, 29)
2021-06-24 09:11:14,749 - deformetrica.core.models.longitudinal_metric_learning - INFO - Tmin 35 Tmax 110 Update of the spatiotemporalframe: 797 ms
2021-06-24 09:11:26,905 - deformetrica.core.models.longitudinal_metric_learning - INFO - Acceleration factors max/min: (2.323997, 136, 0.21035343, 29)
2021-06-24 09:11:27,716 - deformetrica.core.models.longitudinal_metric_learning - INFO - Tmin 35 Tmax 110 Update of the spatiotemporalframe: 787 ms
2021-06-24 09:11:40,628 - deformetrica.core.models.longitudinal_metric_learning - INFO - Acceleration factors max/min: (2.2973592, 124, 0.18357176, 29)
2021-06-24 09:11:41,770 - deformetrica.core.models.longitudinal_metric_learning - INFO - Tmin 35 Tmax 110 Update of the spatiotemporalframe: 1109 ms
2021-06-24 09:11:56,462 - deformetrica.core.models.longitudinal_metric_learning - INFO - Acceleration factors max/min: (2.2289166, 136, 0.18357176, 29)
2021-06-24 09:11:57,281 - deformetrica.core.models.longitudinal_metric_learning - INFO - Tmin 35 Tmax 110 Update of the spatiotemporalframe: 795 ms
2021-06-24 09:12:09,374 - deformetrica.core.estimator_tools.samplers.srw_mhwg_sampler - INFO - >> Proposal std re-evaluated from:
		 8.986 	to	9.589 	[ onset_age ]
		 0.122 	to	0.163 	[ log_acceleration ]
		 1.125 	to	1.091 	[ sources ]
2021-06-24 09:12:09,376 - deformetrica.core.models.longitudinal_metric_learning - INFO - Acceleration factors max/min: (2.2289166, 136, 0.18357176, 29)
2021-06-24 09:12:10,187 - deformetrica.core.models.longitudinal_metric_learning - INFO - Tmin 35 Tmax 110 Update of the spatiotemporalframe: 789 ms
2021-06-24 09:12:22,197 - deformetrica.core.estimators.mcmc_saem - INFO - 
2021-06-24 09:12:22,198 - deformetrica.core.estimators.mcmc_saem - INFO - [ maximizing over the fixed effects with the GradientAscent optimizer ]
2021-06-24 09:12:22,199 - deformetrica.core.models.longitudinal_metric_learning - INFO - Acceleration factors max/min: (1.8943164, 136, 0.23223501, 149)
2021-06-24 09:12:23,305 - deformetrica.core.models.longitudinal_metric_learning - INFO - Tmin 35 Tmax 110 Update of the spatiotemporalframe: 1076 ms
2021-06-24 09:13:07,982 - deformetrica.core.estimators.gradient_ascent - INFO - --------------------------------- GA Iteration: 0/2 -----------------------------------
2021-06-24 09:13:08,381 - deformetrica.core.estimators.gradient_ascent - INFO - >> Log-likelihood = -2.696E+03 	 [ attachment = -2.404E+03 ; regularity = -2.918E+02 ]
2021-06-24 09:13:08,382 - deformetrica.core.estimators.gradient_ascent - INFO - >> Step size and gradient norm: 
2021-06-24 09:13:08,384 - deformetrica.core.estimators.gradient_ascent - INFO - 		4.269E-08   and   4.245E+04 	[ v0 ]
2021-06-24 09:13:08,385 - deformetrica.core.estimators.gradient_ascent - INFO - 		1.877E-06   and   5.932E+03 	[ p0 ]
2021-06-24 09:13:08,386 - deformetrica.core.estimators.gradient_ascent - INFO - 		3.008E-05   and   2.211E+03 	[ metric_parameters ]
2021-06-24 09:13:08,388 - deformetrica.core.estimators.gradient_ascent - INFO - 		7.704E-06   and   2.886E+03 	[ modulation_matrix ]
2021-06-24 09:13:08,392 - deformetrica.core.models.longitudinal_metric_learning - INFO - Acceleration factors max/min: (1.8943164, 136, 0.23223501, 149)
2021-06-24 09:13:09,295 - deformetrica.core.models.longitudinal_metric_learning - INFO - Tmin 35 Tmax 110 Update of the spatiotemporalframe: 878 ms
2021-06-24 09:13:21,462 - deformetrica.core.models.longitudinal_metric_learning - INFO - Acceleration factors max/min: (1.8943164, 136, 0.23223501, 149)
2021-06-24 09:13:22,283 - deformetrica.core.models.longitudinal_metric_learning - INFO - Tmin 35 Tmax 110 Update of the spatiotemporalframe: 798 ms
2021-06-24 09:13:34,401 - deformetrica.core.models.longitudinal_metric_learning - INFO - Acceleration factors max/min: (1.8943164, 136, 0.23223501, 149)
2021-06-24 09:13:35,217 - deformetrica.core.models.longitudinal_metric_learning - INFO - Tmin 35 Tmax 110 Update of the spatiotemporalframe: 793 ms
2021-06-24 09:13:47,313 - deformetrica.core.models.longitudinal_metric_learning - INFO - Acceleration factors max/min: (1.8943164, 136, 0.23223501, 149)
2021-06-24 09:13:48,123 - deformetrica.core.models.longitudinal_metric_learning - INFO - Tmin 35 Tmax 110 Update of the spatiotemporalframe: 788 ms
2021-06-24 09:14:02,867 - deformetrica.core.models.longitudinal_metric_learning - INFO - Acceleration factors max/min: (1.8943164, 136, 0.23223501, 149)
2021-06-24 09:14:03,724 - deformetrica.core.models.longitudinal_metric_learning - INFO - Tmin 35 Tmax 110 Update of the spatiotemporalframe: 831 ms
2021-06-24 09:14:18,315 - deformetrica.core.estimators.gradient_ascent - INFO - --------------------------------- GA Iteration: 1/2 -----------------------------------
2021-06-24 09:14:18,316 - deformetrica.core.estimators.gradient_ascent - INFO - >> Log-likelihood = -2.645E+03 	 [ attachment = -2.354E+03 ; regularity = -2.918E+02 ]
2021-06-24 09:14:18,317 - deformetrica.core.models.longitudinal_metric_learning - INFO - Acceleration factors max/min: (1.8943164, 136, 0.23223501, 149)
2021-06-24 09:14:19,758 - deformetrica.core.models.longitudinal_metric_learning - INFO - Tmin 35 Tmax 110 Update of the spatiotemporalframe: 1408 ms
2021-06-24 09:15:18,856 - deformetrica.core.estimators.gradient_ascent - INFO - >> Step size and gradient norm: 
2021-06-24 09:15:19,249 - deformetrica.core.estimators.gradient_ascent - INFO - 		2.988E-08   and   5.778E+04 	[ v0 ]
2021-06-24 09:15:19,250 - deformetrica.core.estimators.gradient_ascent - INFO - 		1.314E-06   and   5.646E+03 	[ p0 ]
2021-06-24 09:15:19,251 - deformetrica.core.estimators.gradient_ascent - INFO - 		2.106E-05   and   4.975E+03 	[ metric_parameters ]
2021-06-24 09:15:19,253 - deformetrica.core.estimators.gradient_ascent - INFO - 		7.704E-06   and   2.946E+03 	[ modulation_matrix ]
2021-06-24 09:15:19,259 - deformetrica.core.models.longitudinal_metric_learning - INFO - Acceleration factors max/min: (1.8943164, 136, 0.23223501, 149)
2021-06-24 09:15:20,158 - deformetrica.core.models.longitudinal_metric_learning - INFO - Tmin 35 Tmax 110 Update of the spatiotemporalframe: 874 ms
2021-06-24 09:15:32,451 - deformetrica.core.models.longitudinal_metric_learning - INFO - Acceleration factors max/min: (1.8943164, 136, 0.23223501, 149)
2021-06-24 09:15:33,263 - deformetrica.core.models.longitudinal_metric_learning - INFO - Tmin 35 Tmax 110 Update of the spatiotemporalframe: 789 ms
2021-06-24 09:15:45,417 - deformetrica.core.models.longitudinal_metric_learning - INFO - Acceleration factors max/min: (1.8943164, 136, 0.23223501, 149)
2021-06-24 09:15:46,228 - deformetrica.core.models.longitudinal_metric_learning - INFO - Tmin 35 Tmax 110 Update of the spatiotemporalframe: 788 ms
2021-06-24 09:15:58,216 - deformetrica.core.models.longitudinal_metric_learning - INFO - Acceleration factors max/min: (1.8943164, 136, 0.23223501, 149)
2021-06-24 09:15:59,025 - deformetrica.core.models.longitudinal_metric_learning - INFO - Tmin 35 Tmax 110 Update of the spatiotemporalframe: 786 ms
2021-06-24 09:16:11,135 - deformetrica.core.models.longitudinal_metric_learning - INFO - Acceleration factors max/min: (1.8943164, 136, 0.23223501, 149)
2021-06-24 09:16:11,941 - deformetrica.core.models.longitudinal_metric_learning - INFO - Tmin 35 Tmax 110 Update of the spatiotemporalframe: 783 ms
2021-06-24 09:16:23,934 - deformetrica.core.estimators.gradient_ascent - INFO - --------------------------------- GA Iteration: 2/2 -----------------------------------
2021-06-24 09:16:23,935 - deformetrica.core.estimators.gradient_ascent - INFO - >> Log-likelihood = -2.558E+03 	 [ attachment = -2.266E+03 ; regularity = -2.918E+02 ]
2021-06-24 09:16:23,935 - deformetrica.core.estimators.mcmc_saem - INFO - 
2021-06-24 09:16:23,935 - deformetrica.core.estimators.mcmc_saem - INFO - [ end of the gradient-based maximization ]
2021-06-24 09:16:23,936 - deformetrica.core.estimators.mcmc_saem - INFO - 
2021-06-24 09:16:23,936 - deformetrica.core.estimators.mcmc_saem - INFO - ---------------------------------- MCMC Iteration: 3 -------------------------------------
2021-06-24 09:16:23,936 - deformetrica.core.estimators.mcmc_saem - INFO - >> Average acceptance rates (all past iterations):
2021-06-24 09:16:23,936 - deformetrica.core.estimators.mcmc_saem - INFO -        51.666666666666664   onset_age
2021-06-24 09:16:23,936 - deformetrica.core.estimators.mcmc_saem - INFO -        87.0   log_acceleration
2021-06-24 09:16:23,936 - deformetrica.core.estimators.mcmc_saem - INFO -        36.666666666666664   sources
2021-06-24 09:16:23,936 - deformetrica.core.models.longitudinal_metric_learning - INFO - >> Model parameters:
2021-06-24 09:16:23,936 - deformetrica.core.models.longitudinal_metric_learning - INFO - 		 noise_variance    =	0.1387
2021-06-24 09:16:23,936 - deformetrica.core.models.longitudinal_metric_learning - INFO - 		 onset_ages        =	69.048	[ mean ]	+/-	17.8725	[std]
2021-06-24 09:16:23,937 - deformetrica.core.models.longitudinal_metric_learning - INFO - 		 log_accelerations =	0.0050	[ mean ]	+/-	0.4971	[std]
2021-06-24 09:16:23,937 - deformetrica.core.models.longitudinal_metric_learning - INFO - 		 sources           =	0.0862	[ mean ]	+/-	1.0000	[std]
2021-06-24 09:16:23,937 - deformetrica.core.models.longitudinal_metric_learning - INFO - Acceleration factors max/min: (2.2289166, 136, 0.18357176, 29)
2021-06-24 09:16:24,747 - deformetrica.core.models.longitudinal_metric_learning - INFO - Tmin 35 Tmax 110 Update of the spatiotemporalframe: 780 ms
2021-06-24 09:16:49,414 - deformetrica.core.models.longitudinal_metric_learning - INFO - Acceleration factors max/min: (2.2289166, 136, 0.18357176, 29)
2021-06-24 09:16:50,217 - deformetrica.core.models.longitudinal_metric_learning - INFO - Tmin 35 Tmax 110 Update of the spatiotemporalframe: 780 ms
2021-06-24 09:17:02,182 - deformetrica.core.models.longitudinal_metric_learning - INFO - Acceleration factors max/min: (2.2289166, 136, 0.18357176, 29)
2021-06-24 09:17:02,996 - deformetrica.core.models.longitudinal_metric_learning - INFO - Tmin 35 Tmax 110 Update of the spatiotemporalframe: 790 ms
2021-06-24 09:17:14,989 - deformetrica.core.models.longitudinal_metric_learning - INFO - Acceleration factors max/min: (3.0041661, 5, 0.17804143, 29)
2021-06-24 09:17:15,795 - deformetrica.core.models.longitudinal_metric_learning - INFO - Tmin 35 Tmax 110 Update of the spatiotemporalframe: 783 ms
2021-06-24 09:17:27,723 - deformetrica.core.models.longitudinal_metric_learning - INFO - Acceleration factors max/min: (2.153553, 26, 0.17804143, 29)
2021-06-24 09:17:28,530 - deformetrica.core.models.longitudinal_metric_learning - INFO - Tmin 35 Tmax 110 Update of the spatiotemporalframe: 785 ms
2021-06-24 09:17:41,374 - deformetrica.core.estimator_tools.samplers.srw_mhwg_sampler - INFO - >> Proposal std re-evaluated from:
		 9.589 	to	9.813 	[ onset_age ]
		 0.163 	to	0.200 	[ log_acceleration ]
		 1.091 	to	1.095 	[ sources ]
2021-06-24 09:17:41,376 - deformetrica.core.models.longitudinal_metric_learning - INFO - Acceleration factors max/min: (2.153553, 26, 0.17804143, 29)
2021-06-24 09:17:42,372 - deformetrica.core.models.longitudinal_metric_learning - INFO - Tmin 35 Tmax 110 Update of the spatiotemporalframe: 972 ms
2021-06-24 09:17:56,818 - deformetrica.core.estimators.mcmc_saem - INFO - 
2021-06-24 09:17:56,818 - deformetrica.core.estimators.mcmc_saem - INFO - [ maximizing over the fixed effects with the GradientAscent optimizer ]
2021-06-24 09:17:56,819 - deformetrica.core.models.longitudinal_metric_learning - INFO - Acceleration factors max/min: (1.8943164, 136, 0.23223501, 149)
2021-06-24 09:17:58,166 - deformetrica.core.models.longitudinal_metric_learning - INFO - Tmin 35 Tmax 110 Update of the spatiotemporalframe: 1315 ms
2021-06-24 09:18:51,459 - deformetrica.core.estimators.gradient_ascent - INFO - --------------------------------- GA Iteration: 0/2 -----------------------------------
2021-06-24 09:18:51,859 - deformetrica.core.estimators.gradient_ascent - INFO - >> Log-likelihood = -2.827E+03 	 [ attachment = -2.538E+03 ; regularity = -2.898E+02 ]
2021-06-24 09:18:51,861 - deformetrica.core.estimators.gradient_ascent - INFO - >> Step size and gradient norm: 
2021-06-24 09:18:51,862 - deformetrica.core.estimators.gradient_ascent - INFO - 		2.092E-08   and   5.949E+04 	[ v0 ]
2021-06-24 09:18:51,864 - deformetrica.core.estimators.gradient_ascent - INFO - 		9.196E-07   and   8.755E+03 	[ p0 ]
2021-06-24 09:18:51,865 - deformetrica.core.estimators.gradient_ascent - INFO - 		1.474E-05   and   3.239E+03 	[ metric_parameters ]
2021-06-24 09:18:51,866 - deformetrica.core.estimators.gradient_ascent - INFO - 		7.704E-06   and   3.556E+03 	[ modulation_matrix ]
2021-06-24 09:18:51,871 - deformetrica.core.models.longitudinal_metric_learning - INFO - Acceleration factors max/min: (1.8943164, 136, 0.23223501, 149)
2021-06-24 09:18:52,951 - deformetrica.core.models.longitudinal_metric_learning - INFO - Tmin 35 Tmax 110 Update of the spatiotemporalframe: 1054 ms
2021-06-24 09:19:06,532 - deformetrica.core.estimators.gradient_ascent - INFO - --------------------------------- GA Iteration: 1/2 -----------------------------------
2021-06-24 09:19:06,533 - deformetrica.core.estimators.gradient_ascent - INFO - >> Log-likelihood = -2.700E+03 	 [ attachment = -2.411E+03 ; regularity = -2.898E+02 ]
2021-06-24 09:19:06,534 - deformetrica.core.models.longitudinal_metric_learning - INFO - Acceleration factors max/min: (1.8943164, 136, 0.23223501, 149)
2021-06-24 09:19:07,699 - deformetrica.core.models.longitudinal_metric_learning - INFO - Tmin 35 Tmax 110 Update of the spatiotemporalframe: 1134 ms
2021-06-24 09:19:52,322 - deformetrica.core.estimators.gradient_ascent - INFO - >> Step size and gradient norm: 
2021-06-24 09:19:52,718 - deformetrica.core.estimators.gradient_ascent - INFO - 		2.720E-08   and   5.956E+04 	[ v0 ]
2021-06-24 09:19:52,719 - deformetrica.core.estimators.gradient_ascent - INFO - 		1.195E-06   and   7.171E+03 	[ p0 ]
2021-06-24 09:19:52,720 - deformetrica.core.estimators.gradient_ascent - INFO - 		1.916E-05   and   4.755E+03 	[ metric_parameters ]
2021-06-24 09:19:52,722 - deformetrica.core.estimators.gradient_ascent - INFO - 		1.002E-05   and   3.700E+03 	[ modulation_matrix ]
2021-06-24 09:19:52,728 - deformetrica.core.models.longitudinal_metric_learning - INFO - Acceleration factors max/min: (1.8943164, 136, 0.23223501, 149)
2021-06-24 09:19:53,644 - deformetrica.core.models.longitudinal_metric_learning - INFO - Tmin 35 Tmax 110 Update of the spatiotemporalframe: 887 ms
2021-06-24 09:20:05,649 - deformetrica.core.estimators.gradient_ascent - INFO - --------------------------------- GA Iteration: 2/2 -----------------------------------
2021-06-24 09:20:05,650 - deformetrica.core.estimators.gradient_ascent - INFO - >> Log-likelihood = -2.698E+03 	 [ attachment = -2.408E+03 ; regularity = -2.898E+02 ]
2021-06-24 09:20:05,650 - deformetrica.core.estimators.mcmc_saem - INFO - 
2021-06-24 09:20:05,650 - deformetrica.core.estimators.mcmc_saem - INFO - [ end of the gradient-based maximization ]
2021-06-24 09:20:05,651 - deformetrica.core.estimators.mcmc_saem - INFO - 
2021-06-24 09:20:05,651 - deformetrica.core.estimators.mcmc_saem - INFO - ---------------------------------- MCMC Iteration: 4 -------------------------------------
2021-06-24 09:20:05,651 - deformetrica.core.estimators.mcmc_saem - INFO - >> Average acceptance rates (all past iterations):
2021-06-24 09:20:05,651 - deformetrica.core.estimators.mcmc_saem - INFO -        47.875   onset_age
2021-06-24 09:20:05,651 - deformetrica.core.estimators.mcmc_saem - INFO -        82.125   log_acceleration
2021-06-24 09:20:05,651 - deformetrica.core.estimators.mcmc_saem - INFO -        35.875   sources
2021-06-24 09:20:05,651 - deformetrica.core.models.longitudinal_metric_learning - INFO - >> Model parameters:
2021-06-24 09:20:05,651 - deformetrica.core.models.longitudinal_metric_learning - INFO - 		 noise_variance    =	0.1228
2021-06-24 09:20:05,652 - deformetrica.core.models.longitudinal_metric_learning - INFO - 		 onset_ages        =	69.236	[ mean ]	+/-	18.3665	[std]
2021-06-24 09:20:05,652 - deformetrica.core.models.longitudinal_metric_learning - INFO - 		 log_accelerations =	0.0038	[ mean ]	+/-	0.4913	[std]
2021-06-24 09:20:05,652 - deformetrica.core.models.longitudinal_metric_learning - INFO - 		 sources           =	0.0970	[ mean ]	+/-	1.0000	[std]
2021-06-24 09:20:05,652 - deformetrica.core.models.longitudinal_metric_learning - INFO - Acceleration factors max/min: (2.153553, 26, 0.17804143, 29)
2021-06-24 09:20:06,475 - deformetrica.core.models.longitudinal_metric_learning - INFO - Tmin 35 Tmax 110 Update of the spatiotemporalframe: 791 ms
2021-06-24 09:20:31,329 - deformetrica.core.models.longitudinal_metric_learning - INFO - Acceleration factors max/min: (2.153553, 26, 0.17804143, 29)
2021-06-24 09:20:32,151 - deformetrica.core.models.longitudinal_metric_learning - INFO - Tmin 35 Tmax 110 Update of the spatiotemporalframe: 800 ms
2021-06-24 09:20:44,250 - deformetrica.core.models.longitudinal_metric_learning - INFO - Acceleration factors max/min: (2.153553, 26, 0.17804143, 29)
2021-06-24 09:20:45,060 - deformetrica.core.models.longitudinal_metric_learning - INFO - Tmin 35 Tmax 110 Update of the spatiotemporalframe: 786 ms
2021-06-24 09:20:57,015 - deformetrica.core.models.longitudinal_metric_learning - INFO - Acceleration factors max/min: (3.0041661, 193, 0.17410135, 29)
2021-06-24 09:20:57,828 - deformetrica.core.models.longitudinal_metric_learning - INFO - Tmin 35 Tmax 110 Update of the spatiotemporalframe: 788 ms
2021-06-24 09:21:09,777 - deformetrica.core.models.longitudinal_metric_learning - INFO - Acceleration factors max/min: (2.2993999, 136, 0.17804143, 29)
2021-06-24 09:21:10,781 - deformetrica.core.models.longitudinal_metric_learning - INFO - Tmin 35 Tmax 110 Update of the spatiotemporalframe: 980 ms
2021-06-24 09:21:24,825 - deformetrica.core.estimator_tools.samplers.srw_mhwg_sampler - INFO - >> Proposal std re-evaluated from:
		 9.813 	to	10.322 	[ onset_age ]
		 0.200 	to	0.243 	[ log_acceleration ]
		 1.095 	to	1.095 	[ sources ]
2021-06-24 09:21:24,827 - deformetrica.core.models.longitudinal_metric_learning - INFO - Acceleration factors max/min: (2.2993999, 136, 0.17804143, 29)
2021-06-24 09:21:25,646 - deformetrica.core.models.longitudinal_metric_learning - INFO - Tmin 35 Tmax 110 Update of the spatiotemporalframe: 793 ms
2021-06-24 09:21:37,554 - deformetrica.core.estimators.mcmc_saem - INFO - 
2021-06-24 09:21:37,555 - deformetrica.core.estimators.mcmc_saem - INFO - [ maximizing over the fixed effects with the GradientAscent optimizer ]
2021-06-24 09:21:37,556 - deformetrica.core.models.longitudinal_metric_learning - INFO - Acceleration factors max/min: (1.8943164, 136, 0.23223501, 149)
2021-06-24 09:21:38,730 - deformetrica.core.models.longitudinal_metric_learning - INFO - Tmin 35 Tmax 110 Update of the spatiotemporalframe: 1142 ms
2021-06-24 09:22:28,991 - deformetrica.core.estimators.gradient_ascent - INFO - --------------------------------- GA Iteration: 0/2 -----------------------------------
2021-06-24 09:22:29,385 - deformetrica.core.estimators.gradient_ascent - INFO - >> Log-likelihood = -3.398E+03 	 [ attachment = -3.111E+03 ; regularity = -2.878E+02 ]
2021-06-24 09:22:29,387 - deformetrica.core.estimators.gradient_ascent - INFO - >> Step size and gradient norm: 
2021-06-24 09:22:29,388 - deformetrica.core.estimators.gradient_ascent - INFO - 		3.535E-08   and   1.250E+05 	[ v0 ]
2021-06-24 09:22:29,389 - deformetrica.core.estimators.gradient_ascent - INFO - 		1.554E-06   and   1.676E+04 	[ p0 ]
2021-06-24 09:22:29,391 - deformetrica.core.estimators.gradient_ascent - INFO - 		2.491E-05   and   7.726E+03 	[ metric_parameters ]
2021-06-24 09:22:29,392 - deformetrica.core.estimators.gradient_ascent - INFO - 		1.302E-05   and   4.709E+03 	[ modulation_matrix ]
2021-06-24 09:22:29,395 - deformetrica.core.models.longitudinal_metric_learning - INFO - Acceleration factors max/min: (1.8943164, 136, 0.23223501, 149)
2021-06-24 09:22:30,471 - deformetrica.core.models.longitudinal_metric_learning - INFO - Tmin 35 Tmax 110 Update of the spatiotemporalframe: 1050 ms
2021-06-24 09:22:45,187 - deformetrica.core.models.longitudinal_metric_learning - INFO - Acceleration factors max/min: (1.8943164, 136, 0.23223501, 149)
2021-06-24 09:22:46,185 - deformetrica.core.models.longitudinal_metric_learning - INFO - Tmin 35 Tmax 110 Update of the spatiotemporalframe: 972 ms
2021-06-24 09:23:00,922 - deformetrica.core.models.longitudinal_metric_learning - INFO - Acceleration factors max/min: (1.8943164, 136, 0.23223501, 149)
2021-06-24 09:23:01,920 - deformetrica.core.models.longitudinal_metric_learning - INFO - Tmin 35 Tmax 110 Update of the spatiotemporalframe: 972 ms
2021-06-24 09:23:16,721 - deformetrica.core.models.longitudinal_metric_learning - INFO - Acceleration factors max/min: (1.8943164, 136, 0.23223501, 149)
2021-06-24 09:23:17,721 - deformetrica.core.models.longitudinal_metric_learning - INFO - Tmin 35 Tmax 110 Update of the spatiotemporalframe: 975 ms
2021-06-24 09:23:32,433 - deformetrica.core.models.longitudinal_metric_learning - INFO - Acceleration factors max/min: (1.8943164, 136, 0.23223501, 149)
2021-06-24 09:23:33,433 - deformetrica.core.models.longitudinal_metric_learning - INFO - Tmin 35 Tmax 110 Update of the spatiotemporalframe: 975 ms
2021-06-24 09:23:45,988 - deformetrica.core.estimators.gradient_ascent - INFO - >> Step size and gradient norm: 
2021-06-24 09:23:45,989 - deformetrica.core.estimators.gradient_ascent - INFO - 		2.475E-08   and   1.250E+05 	[ v0 ]
2021-06-24 09:23:45,989 - deformetrica.core.estimators.gradient_ascent - INFO - 		1.088E-06   and   1.676E+04 	[ p0 ]
2021-06-24 09:23:45,989 - deformetrica.core.estimators.gradient_ascent - INFO - 		1.744E-05   and   7.726E+03 	[ metric_parameters ]
2021-06-24 09:23:45,989 - deformetrica.core.estimators.gradient_ascent - INFO - 		9.114E-06   and   4.709E+03 	[ modulation_matrix ]
2021-06-24 09:23:45,990 - deformetrica.core.models.longitudinal_metric_learning - INFO - Acceleration factors max/min: (1.8943164, 136, 0.23223501, 149)
2021-06-24 09:23:47,086 - deformetrica.core.models.longitudinal_metric_learning - INFO - Tmin 35 Tmax 110 Update of the spatiotemporalframe: 1071 ms
2021-06-24 09:24:01,819 - deformetrica.core.models.longitudinal_metric_learning - INFO - Acceleration factors max/min: (1.8943164, 136, 0.23223501, 149)
2021-06-24 09:24:02,811 - deformetrica.core.models.longitudinal_metric_learning - INFO - Tmin 35 Tmax 110 Update of the spatiotemporalframe: 968 ms
2021-06-24 09:24:18,806 - deformetrica.core.models.longitudinal_metric_learning - INFO - Acceleration factors max/min: (1.8943164, 136, 0.23223501, 149)
2021-06-24 09:24:19,805 - deformetrica.core.models.longitudinal_metric_learning - INFO - Tmin 35 Tmax 110 Update of the spatiotemporalframe: 973 ms
2021-06-24 09:24:34,606 - deformetrica.core.models.longitudinal_metric_learning - INFO - Acceleration factors max/min: (1.8943164, 136, 0.23223501, 149)
2021-06-24 09:24:35,600 - deformetrica.core.models.longitudinal_metric_learning - INFO - Tmin 35 Tmax 110 Update of the spatiotemporalframe: 969 ms
2021-06-24 09:24:50,372 - deformetrica.core.models.longitudinal_metric_learning - INFO - Acceleration factors max/min: (1.8943164, 136, 0.23223501, 149)
2021-06-24 09:24:51,367 - deformetrica.core.models.longitudinal_metric_learning - INFO - Tmin 35 Tmax 110 Update of the spatiotemporalframe: 970 ms
2021-06-24 09:25:06,125 - deformetrica.core.estimators.gradient_ascent - INFO - --------------------------------- GA Iteration: 1/2 -----------------------------------
2021-06-24 09:25:06,126 - deformetrica.core.estimators.gradient_ascent - INFO - >> Log-likelihood = -3.076E+03 	 [ attachment = -2.788E+03 ; regularity = -2.878E+02 ]
2021-06-24 09:25:06,127 - deformetrica.core.models.longitudinal_metric_learning - INFO - Acceleration factors max/min: (1.8943164, 136, 0.23223501, 149)
2021-06-24 09:25:07,544 - deformetrica.core.models.longitudinal_metric_learning - INFO - Tmin 35 Tmax 110 Update of the spatiotemporalframe: 1386 ms
2021-06-24 09:26:06,997 - deformetrica.core.estimators.gradient_ascent - INFO - >> Step size and gradient norm: 
2021-06-24 09:26:07,436 - deformetrica.core.estimators.gradient_ascent - INFO - 		1.732E-08   and   1.429E+05 	[ v0 ]
2021-06-24 09:26:07,438 - deformetrica.core.estimators.gradient_ascent - INFO - 		7.615E-07   and   1.697E+04 	[ p0 ]
2021-06-24 09:26:07,439 - deformetrica.core.estimators.gradient_ascent - INFO - 		1.221E-05   and   7.664E+03 	[ metric_parameters ]
2021-06-24 09:26:07,440 - deformetrica.core.estimators.gradient_ascent - INFO - 		9.114E-06   and   5.078E+03 	[ modulation_matrix ]
2021-06-24 09:26:07,441 - deformetrica.core.models.longitudinal_metric_learning - INFO - Acceleration factors max/min: (1.8943164, 136, 0.23223501, 149)
2021-06-24 09:26:08,346 - deformetrica.core.models.longitudinal_metric_learning - INFO - Tmin 35 Tmax 110 Update of the spatiotemporalframe: 881 ms
2021-06-24 09:26:20,056 - deformetrica.core.estimators.gradient_ascent - INFO - --------------------------------- GA Iteration: 2/2 -----------------------------------
2021-06-24 09:26:20,057 - deformetrica.core.estimators.gradient_ascent - INFO - >> Log-likelihood = -2.984E+03 	 [ attachment = -2.696E+03 ; regularity = -2.878E+02 ]
2021-06-24 09:26:20,058 - deformetrica.core.estimators.mcmc_saem - INFO - 
2021-06-24 09:26:20,058 - deformetrica.core.estimators.mcmc_saem - INFO - [ end of the gradient-based maximization ]
2021-06-24 09:26:20,058 - deformetrica.core.estimators.mcmc_saem - INFO - 
2021-06-24 09:26:20,059 - deformetrica.core.estimators.mcmc_saem - INFO - ---------------------------------- MCMC Iteration: 5 -------------------------------------
2021-06-24 09:26:20,059 - deformetrica.core.estimators.mcmc_saem - INFO - >> Average acceptance rates (all past iterations):
2021-06-24 09:26:20,059 - deformetrica.core.estimators.mcmc_saem - INFO -        46.60000000000001   onset_age
2021-06-24 09:26:20,059 - deformetrica.core.estimators.mcmc_saem - INFO -        79.4   log_acceleration
2021-06-24 09:26:20,059 - deformetrica.core.estimators.mcmc_saem - INFO -        35.300000000000004   sources
2021-06-24 09:26:20,059 - deformetrica.core.models.longitudinal_metric_learning - INFO - >> Model parameters:
2021-06-24 09:26:20,059 - deformetrica.core.models.longitudinal_metric_learning - INFO - 		 noise_variance    =	0.1041
2021-06-24 09:26:20,059 - deformetrica.core.models.longitudinal_metric_learning - INFO - 		 onset_ages        =	69.491	[ mean ]	+/-	19.0496	[std]
2021-06-24 09:26:20,059 - deformetrica.core.models.longitudinal_metric_learning - INFO - 		 log_accelerations =	-0.0232	[ mean ]	+/-	0.4801	[std]
2021-06-24 09:26:20,060 - deformetrica.core.models.longitudinal_metric_learning - INFO - 		 sources           =	0.1968	[ mean ]	+/-	1.0000	[std]
2021-06-24 09:26:20,060 - deformetrica.core.models.longitudinal_metric_learning - INFO - Acceleration factors max/min: (2.2993999, 136, 0.17804143, 29)
2021-06-24 09:26:20,852 - deformetrica.core.models.longitudinal_metric_learning - INFO - Tmin 35 Tmax 110 Update of the spatiotemporalframe: 761 ms
2021-06-24 09:26:44,872 - deformetrica.core.models.longitudinal_metric_learning - INFO - Acceleration factors max/min: (2.2993999, 136, 0.17804143, 29)
2021-06-24 09:26:45,656 - deformetrica.core.models.longitudinal_metric_learning - INFO - Tmin 35 Tmax 110 Update of the spatiotemporalframe: 761 ms
2021-06-24 09:26:57,294 - deformetrica.core.models.longitudinal_metric_learning - INFO - Acceleration factors max/min: (2.2993999, 136, 0.17804143, 29)
2021-06-24 09:26:58,073 - deformetrica.core.models.longitudinal_metric_learning - INFO - Tmin 35 Tmax 110 Update of the spatiotemporalframe: 755 ms
2021-06-24 09:27:09,681 - deformetrica.core.models.longitudinal_metric_learning - INFO - Acceleration factors max/min: (2.8884995, 173, 0.18272777, 56)
2021-06-24 09:27:10,469 - deformetrica.core.models.longitudinal_metric_learning - INFO - Tmin 35 Tmax 110 Update of the spatiotemporalframe: 764 ms
2021-06-24 09:27:22,051 - deformetrica.core.models.longitudinal_metric_learning - INFO - Acceleration factors max/min: (2.2993999, 136, 0.19002439, 29)
2021-06-24 09:27:22,894 - deformetrica.core.models.longitudinal_metric_learning - INFO - Tmin 35 Tmax 110 Update of the spatiotemporalframe: 818 ms
2021-06-24 09:27:37,298 - deformetrica.core.estimator_tools.samplers.srw_mhwg_sampler - INFO - >> Proposal std re-evaluated from:
		 10.322 	to	10.409 	[ onset_age ]
		 0.243 	to	0.284 	[ log_acceleration ]
		 1.095 	to	1.123 	[ sources ]
2021-06-24 09:27:37,300 - deformetrica.core.models.longitudinal_metric_learning - INFO - Acceleration factors max/min: (2.2993999, 136, 0.19002439, 29)
2021-06-24 09:27:38,268 - deformetrica.core.models.longitudinal_metric_learning - INFO - Tmin 35 Tmax 110 Update of the spatiotemporalframe: 944 ms
2021-06-24 09:27:52,563 - deformetrica.core.estimators.mcmc_saem - INFO - 
2021-06-24 09:27:52,564 - deformetrica.core.estimators.mcmc_saem - INFO - [ maximizing over the fixed effects with the GradientAscent optimizer ]
2021-06-24 09:27:52,565 - deformetrica.core.models.longitudinal_metric_learning - INFO - Acceleration factors max/min: (1.8943164, 136, 0.23223501, 149)
2021-06-24 09:27:53,890 - deformetrica.core.models.longitudinal_metric_learning - INFO - Tmin 35 Tmax 110 Update of the spatiotemporalframe: 1296 ms
