2021-08-30 12:19:04,321 - root - ERROR - Logger has been set to: INFO
2021-08-30 12:19:04,322 - __main__ - INFO - 
2021-08-30 12:19:04,322 - __main__ - INFO - [ estimate_longitudinal_metric_model function ]
2021-08-30 12:19:04,984 - __main__ - INFO - Setting initial onset ages from simulated_study/preprocessing_metric_1/2_gradient_descent_on_the_mode/LongitudinalMetricModel_onset_ages.txt file
2021-08-30 12:19:04,986 - __main__ - INFO - Setting initial log accelerations from simulated_study/preprocessing_metric_1/2_gradient_descent_on_the_mode/LongitudinalMetricModel_log_accelerations.txt file
2021-08-30 12:19:04,987 - __main__ - INFO - Initializing exponential type to parametric
2021-08-30 12:19:04,987 - __main__ - INFO - Loading metric parameters from file simulated_study/preprocessing_metric_1/2_gradient_descent_on_the_mode/LongitudinalMetricModel_metric_parameters.txt
2021-08-30 12:19:04,988 - __main__ - INFO - Loading the interpolation points from file simulated_study/preprocessing_metric_1/2_gradient_descent_on_the_mode/LongitudinalMetricModel_interpolation_points.txt
2021-08-30 12:19:04,989 - __main__ - INFO - The width for the metric interpolation is set to 0.16
2021-08-30 12:19:04,989 - __main__ - INFO - I am setting the no_parallel_transport flag to False.
2021-08-30 12:19:04,990 - __main__ - INFO - >> Reading 1-source initial modulation matrix from file: simulated_study/preprocessing_metric_1/2_gradient_descent_on_the_mode/LongitudinalMetricModel_modulation_matrix.txt
2021-08-30 12:19:04,990 - __main__ - INFO - Setting initial sources from simulated_study/preprocessing_metric_1/2_gradient_descent_on_the_mode/LongitudinalMetricModel_sources.txt file
2021-08-30 12:19:30,227 - __main__ - INFO - >> Initial noise variance set to 0.01645901761782755 based on the initial mean residual value.
2021-08-30 12:19:30,227 - deformetrica.core.models.longitudinal_metric_learning - INFO - >> The time shift variance prior degrees of freedom parameter is set to 300
2021-08-30 12:19:30,227 - deformetrica.core.models.longitudinal_metric_learning - INFO - >> The log-acceleration variance prior degrees of freedom parameter is set to the number of subjects: 300
2021-08-30 12:19:30,228 - deformetrica.core.models.longitudinal_metric_learning - INFO - ('v0', False)
2021-08-30 12:19:30,228 - deformetrica.core.models.longitudinal_metric_learning - INFO - ('p0', False)
2021-08-30 12:19:30,228 - deformetrica.core.models.longitudinal_metric_learning - INFO - ('reference_time', False)
2021-08-30 12:19:30,228 - deformetrica.core.models.longitudinal_metric_learning - INFO - ('onset_age_variance', False)
2021-08-30 12:19:30,228 - deformetrica.core.models.longitudinal_metric_learning - INFO - ('log_acceleration_variance', False)
2021-08-30 12:19:30,228 - deformetrica.core.models.longitudinal_metric_learning - INFO - ('noise_variance', False)
2021-08-30 12:19:30,228 - deformetrica.core.models.longitudinal_metric_learning - INFO - ('metric_parameters', False)
2021-08-30 12:19:30,228 - deformetrica.core.models.longitudinal_metric_learning - INFO - ('modulation_matrix', False)
2021-08-30 12:19:54,505 - __main__ - INFO - 
2021-08-30 12:19:54,506 - __main__ - INFO - [ update method of the McmcSaem  optimizer ]
2021-08-30 12:19:54,506 - deformetrica.core.estimators.mcmc_saem - INFO - ---------------------------------- MCMC Iteration: 0 -------------------------------------
2021-08-30 12:19:54,506 - deformetrica.core.estimators.mcmc_saem - INFO - >> MCMC-SAEM algorithm launched for 200 iterations (100  iterations of burn-in).
2021-08-30 12:19:54,506 - deformetrica.core.models.longitudinal_metric_learning - INFO - >> Model parameters:
2021-08-30 12:19:54,506 - deformetrica.core.models.longitudinal_metric_learning - INFO - 		 noise_variance    =	0.0907
2021-08-30 12:19:54,506 - deformetrica.core.models.longitudinal_metric_learning - INFO - 		 onset_ages        =	72.371	[ mean ]	+/-	18.0528	[std]
2021-08-30 12:19:54,507 - deformetrica.core.models.longitudinal_metric_learning - INFO - 		 log_accelerations =	0.0018	[ mean ]	+/-	0.4950	[std]
2021-08-30 12:19:54,507 - deformetrica.core.models.longitudinal_metric_learning - INFO - 		 sources           =	-0.0001	[ mean ]	+/-	0.9988	[std]
2021-08-30 12:26:40,671 - deformetrica.core.estimator_tools.samplers.srw_mhwg_sampler - INFO - >> Proposal std re-evaluated from:
		 6.868 	to	7.063 	[ onset_age ]
		 0.180 	to	0.216 	[ log_acceleration ]
		 0.682 	to	0.634 	[ sources ]
2021-08-30 12:27:04,709 - deformetrica.core.estimators.mcmc_saem - INFO - 
2021-08-30 12:27:04,709 - deformetrica.core.estimators.mcmc_saem - INFO - [ maximizing over the fixed effects with the GradientAscent optimizer ]
2021-08-30 12:28:31,404 - deformetrica.core.estimators.gradient_ascent - INFO - --------------------------------- GA Iteration: 0/4 -----------------------------------
2021-08-30 12:28:31,453 - deformetrica.core.estimators.gradient_ascent - INFO - >> Log-likelihood = -4.603E+03 	 [ attachment = -4.215E+03 ; regularity = -3.882E+02 ]
2021-08-30 12:28:31,454 - deformetrica.core.estimators.gradient_ascent - INFO - >> Step size and gradient norm: 
2021-08-30 12:28:31,454 - deformetrica.core.estimators.gradient_ascent - INFO - 		3.888E-11   and   2.572E+05 	[ v0 ]
2021-08-30 12:28:31,454 - deformetrica.core.estimators.gradient_ascent - INFO - 		2.492E-09   and   4.013E+04 	[ p0 ]
2021-08-30 12:28:31,454 - deformetrica.core.estimators.gradient_ascent - INFO - 		3.926E-08   and   2.547E+04 	[ metric_parameters ]
2021-08-30 12:28:31,454 - deformetrica.core.estimators.gradient_ascent - INFO - 		2.790E-08   and   3.584E+03 	[ modulation_matrix ]
2021-08-30 12:28:56,011 - deformetrica.core.estimators.gradient_ascent - INFO - --------------------------------- GA Iteration: 1/4 -----------------------------------
2021-08-30 12:28:56,012 - deformetrica.core.estimators.gradient_ascent - INFO - >> Log-likelihood = -4.566E+03 	 [ attachment = -4.178E+03 ; regularity = -3.882E+02 ]
2021-08-30 12:30:26,766 - deformetrica.core.estimators.gradient_ascent - INFO - >> Step size and gradient norm: 
2021-08-30 12:30:26,768 - deformetrica.core.estimators.gradient_ascent - INFO - 		5.832E-11   and   1.494E+05 	[ v0 ]
2021-08-30 12:30:26,769 - deformetrica.core.estimators.gradient_ascent - INFO - 		3.738E-09   and   2.207E+04 	[ p0 ]
2021-08-30 12:30:26,771 - deformetrica.core.estimators.gradient_ascent - INFO - 		5.889E-08   and   1.339E+04 	[ metric_parameters ]
2021-08-30 12:30:26,771 - deformetrica.core.estimators.gradient_ascent - INFO - 		4.185E-08   and   3.737E+03 	[ modulation_matrix ]
2021-08-30 12:30:51,506 - deformetrica.core.estimators.gradient_ascent - INFO - --------------------------------- GA Iteration: 2/4 -----------------------------------
2021-08-30 12:30:51,507 - deformetrica.core.estimators.gradient_ascent - INFO - >> Log-likelihood = -4.548E+03 	 [ attachment = -4.160E+03 ; regularity = -3.882E+02 ]
2021-08-30 12:32:21,351 - deformetrica.core.estimators.gradient_ascent - INFO - >> Step size and gradient norm: 
2021-08-30 12:32:22,133 - deformetrica.core.estimators.gradient_ascent - INFO - 		8.747E-11   and   8.975E+04 	[ v0 ]
2021-08-30 12:32:22,134 - deformetrica.core.estimators.gradient_ascent - INFO - 		5.606E-09   and   1.504E+04 	[ p0 ]
2021-08-30 12:32:22,135 - deformetrica.core.estimators.gradient_ascent - INFO - 		8.833E-08   and   7.927E+03 	[ metric_parameters ]
2021-08-30 12:32:22,135 - deformetrica.core.estimators.gradient_ascent - INFO - 		6.278E-08   and   3.815E+03 	[ modulation_matrix ]
2021-08-30 12:32:46,729 - deformetrica.core.estimators.gradient_ascent - INFO - --------------------------------- GA Iteration: 3/4 -----------------------------------
2021-08-30 12:32:46,730 - deformetrica.core.estimators.gradient_ascent - INFO - >> Log-likelihood = -4.545E+03 	 [ attachment = -4.157E+03 ; regularity = -3.882E+02 ]
2021-08-30 12:34:16,504 - deformetrica.core.estimators.gradient_ascent - INFO - >> Step size and gradient norm: 
2021-08-30 12:34:16,506 - deformetrica.core.estimators.gradient_ascent - INFO - 		1.312E-10   and   7.215E+04 	[ v0 ]
2021-08-30 12:34:16,507 - deformetrica.core.estimators.gradient_ascent - INFO - 		8.409E-09   and   1.324E+04 	[ p0 ]
2021-08-30 12:34:16,509 - deformetrica.core.estimators.gradient_ascent - INFO - 		1.325E-07   and   6.427E+03 	[ metric_parameters ]
2021-08-30 12:34:16,509 - deformetrica.core.estimators.gradient_ascent - INFO - 		9.417E-08   and   3.815E+03 	[ modulation_matrix ]
2021-08-30 12:34:41,229 - deformetrica.core.estimators.gradient_ascent - INFO - --------------------------------- GA Iteration: 4/4 -----------------------------------
2021-08-30 12:34:41,230 - deformetrica.core.estimators.gradient_ascent - INFO - >> Log-likelihood = -4.525E+03 	 [ attachment = -4.137E+03 ; regularity = -3.882E+02 ]
2021-08-30 12:34:41,230 - deformetrica.core.estimators.mcmc_saem - INFO - 
2021-08-30 12:34:41,230 - deformetrica.core.estimators.mcmc_saem - INFO - [ end of the gradient-based maximization ]
2021-08-30 12:34:41,238 - deformetrica.core.estimators.mcmc_saem - INFO - 
2021-08-30 12:34:41,238 - deformetrica.core.estimators.mcmc_saem - INFO - ---------------------------------- MCMC Iteration: 1 -------------------------------------
2021-08-30 12:34:41,238 - deformetrica.core.estimators.mcmc_saem - INFO - >> Average acceptance rates (all past iterations):
2021-08-30 12:34:41,238 - deformetrica.core.estimators.mcmc_saem - INFO -        37.33333333333333   onset_age
2021-08-30 12:34:41,238 - deformetrica.core.estimators.mcmc_saem - INFO -        75.4   log_acceleration
2021-08-30 12:34:41,238 - deformetrica.core.estimators.mcmc_saem - INFO -        27.53333333333333   sources
2021-08-30 12:34:41,238 - deformetrica.core.models.longitudinal_metric_learning - INFO - >> Model parameters:
2021-08-30 12:34:41,238 - deformetrica.core.models.longitudinal_metric_learning - INFO - 		 noise_variance    =	0.0618
2021-08-30 12:34:41,238 - deformetrica.core.models.longitudinal_metric_learning - INFO - 		 onset_ages        =	72.902	[ mean ]	+/-	21.6607	[std]
2021-08-30 12:34:41,239 - deformetrica.core.models.longitudinal_metric_learning - INFO - 		 log_accelerations =	0.0000	[ mean ]	+/-	0.4554	[std]
2021-08-30 12:34:41,239 - deformetrica.core.models.longitudinal_metric_learning - INFO - 		 sources           =	-0.0659	[ mean ]	+/-	1.0000	[std]
2021-08-30 12:42:13,497 - deformetrica.core.estimator_tools.samplers.srw_mhwg_sampler - INFO - >> Proposal std re-evaluated from:
		 7.027 	to	7.122 	[ onset_age ]
		 0.298 	to	0.319 	[ log_acceleration ]
		 0.571 	to	0.524 	[ sources ]
2021-08-30 12:42:38,169 - deformetrica.core.estimators.mcmc_saem - INFO - 
2021-08-30 12:42:38,170 - deformetrica.core.estimators.mcmc_saem - INFO - [ maximizing over the fixed effects with the GradientAscent optimizer ]
2021-08-30 12:44:08,511 - deformetrica.core.estimators.gradient_ascent - INFO - --------------------------------- GA Iteration: 0/4 -----------------------------------
2021-08-30 12:44:08,517 - deformetrica.core.estimators.gradient_ascent - INFO - >> Log-likelihood = -1.011E+04 	 [ attachment = -9.726E+03 ; regularity = -3.828E+02 ]
2021-08-30 12:44:08,521 - deformetrica.core.estimators.gradient_ascent - INFO - >> Step size and gradient norm: 
2021-08-30 12:44:08,522 - deformetrica.core.estimators.gradient_ascent - INFO - 		1.958E-10   and   7.968E+05 	[ v0 ]
2021-08-30 12:44:08,523 - deformetrica.core.estimators.gradient_ascent - INFO - 		1.261E-08   and   2.474E+05 	[ p0 ]
2021-08-30 12:44:08,523 - deformetrica.core.estimators.gradient_ascent - INFO - 		1.987E-07   and   1.557E+05 	[ metric_parameters ]
2021-08-30 12:44:08,523 - deformetrica.core.estimators.gradient_ascent - INFO - 		2.139E-07   and   2.769E+03 	[ modulation_matrix ]
2021-08-30 12:44:33,802 - deformetrica.core.estimators.gradient_ascent - INFO - --------------------------------- GA Iteration: 1/4 -----------------------------------
2021-08-30 12:44:33,802 - deformetrica.core.estimators.gradient_ascent - INFO - >> Log-likelihood = -9.475E+03 	 [ attachment = -9.092E+03 ; regularity = -3.828E+02 ]
2021-08-30 12:46:05,210 - deformetrica.core.estimators.gradient_ascent - INFO - >> Step size and gradient norm: 
2021-08-30 12:46:05,996 - deformetrica.core.estimators.gradient_ascent - INFO - 		2.937E-10   and   1.947E+06 	[ v0 ]
2021-08-30 12:46:05,997 - deformetrica.core.estimators.gradient_ascent - INFO - 		1.892E-08   and   3.154E+05 	[ p0 ]
2021-08-30 12:46:05,998 - deformetrica.core.estimators.gradient_ascent - INFO - 		2.981E-07   and   2.077E+05 	[ metric_parameters ]
2021-08-30 12:46:05,998 - deformetrica.core.estimators.gradient_ascent - INFO - 		3.209E-07   and   1.174E+03 	[ modulation_matrix ]
2021-08-30 12:48:14,900 - deformetrica.core.estimators.gradient_ascent - INFO - >> Step size and gradient norm: 
2021-08-30 12:48:14,900 - deformetrica.core.estimators.gradient_ascent - INFO - 		2.350E-10   and   1.947E+06 	[ v0 ]
2021-08-30 12:48:14,900 - deformetrica.core.estimators.gradient_ascent - INFO - 		1.514E-08   and   3.154E+05 	[ p0 ]
2021-08-30 12:48:14,900 - deformetrica.core.estimators.gradient_ascent - INFO - 		2.385E-07   and   2.077E+05 	[ metric_parameters ]
2021-08-30 12:48:14,901 - deformetrica.core.estimators.gradient_ascent - INFO - 		2.567E-07   and   1.174E+03 	[ modulation_matrix ]
2021-08-30 12:50:40,666 - deformetrica.core.estimators.gradient_ascent - INFO - >> Step size and gradient norm: 
2021-08-30 12:50:40,667 - deformetrica.core.estimators.gradient_ascent - INFO - 		1.880E-10   and   1.947E+06 	[ v0 ]
2021-08-30 12:50:40,667 - deformetrica.core.estimators.gradient_ascent - INFO - 		1.211E-08   and   3.154E+05 	[ p0 ]
2021-08-30 12:50:40,667 - deformetrica.core.estimators.gradient_ascent - INFO - 		1.908E-07   and   2.077E+05 	[ metric_parameters ]
2021-08-30 12:50:40,667 - deformetrica.core.estimators.gradient_ascent - INFO - 		2.054E-07   and   1.174E+03 	[ modulation_matrix ]
2021-08-30 12:52:56,023 - deformetrica.core.estimators.gradient_ascent - INFO - Number of line search loops exceeded. Stopping.
2021-08-30 12:52:56,025 - deformetrica.core.estimators.gradient_ascent - INFO - --------------------------------- GA Iteration: 2/4 -----------------------------------
2021-08-30 12:52:56,025 - deformetrica.core.estimators.gradient_ascent - INFO - >> Log-likelihood = -1.149E+04 	 [ attachment = -1.111E+04 ; regularity = -3.828E+02 ]
2021-08-30 12:54:35,655 - deformetrica.core.estimators.gradient_ascent - INFO - >> Step size and gradient norm: 
2021-08-30 12:54:37,062 - deformetrica.core.estimators.gradient_ascent - INFO - 		1.504E-10   and   9.979E+05 	[ v0 ]
2021-08-30 12:54:37,063 - deformetrica.core.estimators.gradient_ascent - INFO - 		9.688E-09   and   2.754E+05 	[ p0 ]
2021-08-30 12:54:37,063 - deformetrica.core.estimators.gradient_ascent - INFO - 		1.526E-07   and   1.787E+05 	[ metric_parameters ]
2021-08-30 12:54:37,063 - deformetrica.core.estimators.gradient_ascent - INFO - 		1.643E-07   and   3.648E+03 	[ modulation_matrix ]
2021-08-30 12:55:02,092 - deformetrica.core.estimators.gradient_ascent - INFO - --------------------------------- GA Iteration: 3/4 -----------------------------------
2021-08-30 12:55:02,093 - deformetrica.core.estimators.gradient_ascent - INFO - >> Log-likelihood = -8.255E+03 	 [ attachment = -7.872E+03 ; regularity = -3.828E+02 ]
2021-08-30 12:56:43,668 - deformetrica.core.estimators.gradient_ascent - INFO - >> Step size and gradient norm: 
2021-08-30 12:56:44,478 - deformetrica.core.estimators.gradient_ascent - INFO - 		2.256E-10   and   2.380E+05 	[ v0 ]
2021-08-30 12:56:44,480 - deformetrica.core.estimators.gradient_ascent - INFO - 		1.453E-08   and   3.674E+04 	[ p0 ]
2021-08-30 12:56:44,480 - deformetrica.core.estimators.gradient_ascent - INFO - 		2.289E-07   and   4.104E+04 	[ metric_parameters ]
2021-08-30 12:56:44,480 - deformetrica.core.estimators.gradient_ascent - INFO - 		2.465E-07   and   2.067E+02 	[ modulation_matrix ]
2021-08-30 12:57:14,547 - deformetrica.core.estimators.gradient_ascent - INFO - --------------------------------- GA Iteration: 4/4 -----------------------------------
2021-08-30 12:57:14,549 - deformetrica.core.estimators.gradient_ascent - INFO - >> Log-likelihood = -8.184E+03 	 [ attachment = -7.801E+03 ; regularity = -3.828E+02 ]
2021-08-30 12:57:14,549 - deformetrica.core.estimators.mcmc_saem - INFO - 
2021-08-30 12:57:14,549 - deformetrica.core.estimators.mcmc_saem - INFO - [ end of the gradient-based maximization ]
2021-08-30 12:57:14,557 - deformetrica.core.estimators.mcmc_saem - INFO - 
2021-08-30 12:57:14,557 - deformetrica.core.estimators.mcmc_saem - INFO - ---------------------------------- MCMC Iteration: 2 -------------------------------------
2021-08-30 12:57:14,557 - deformetrica.core.estimators.mcmc_saem - INFO - >> Average acceptance rates (all past iterations):
2021-08-30 12:57:14,557 - deformetrica.core.estimators.mcmc_saem - INFO -        35.63333333333333   onset_age
2021-08-30 12:57:14,557 - deformetrica.core.estimators.mcmc_saem - INFO -        62.233333333333334   log_acceleration
2021-08-30 12:57:14,558 - deformetrica.core.estimators.mcmc_saem - INFO -        28.666666666666668   sources
2021-08-30 12:57:14,558 - deformetrica.core.models.longitudinal_metric_learning - INFO - >> Model parameters:
2021-08-30 12:57:14,558 - deformetrica.core.models.longitudinal_metric_learning - INFO - 		 noise_variance    =	0.0410
2021-08-30 12:57:14,558 - deformetrica.core.models.longitudinal_metric_learning - INFO - 		 onset_ages        =	73.035	[ mean ]	+/-	23.0214	[std]
2021-08-30 12:57:14,558 - deformetrica.core.models.longitudinal_metric_learning - INFO - 		 log_accelerations =	-0.0000	[ mean ]	+/-	0.4282	[std]
2021-08-30 12:57:14,559 - deformetrica.core.models.longitudinal_metric_learning - INFO - 		 sources           =	0.0684	[ mean ]	+/-	1.0000	[std]
2021-08-30 13:04:50,105 - deformetrica.core.estimator_tools.samplers.srw_mhwg_sampler - INFO - >> Proposal std re-evaluated from:
		 6.894 	to	6.668 	[ onset_age ]
		 0.364 	to	0.366 	[ log_acceleration ]
		 0.478 	to	0.454 	[ sources ]
2021-08-30 13:05:19,727 - deformetrica.core.estimators.mcmc_saem - INFO - 
2021-08-30 13:05:19,728 - deformetrica.core.estimators.mcmc_saem - INFO - [ maximizing over the fixed effects with the GradientAscent optimizer ]
2021-08-30 13:06:54,676 - deformetrica.core.estimators.gradient_ascent - INFO - --------------------------------- GA Iteration: 0/4 -----------------------------------
2021-08-30 13:06:55,452 - deformetrica.core.estimators.gradient_ascent - INFO - >> Log-likelihood = -1.020E+04 	 [ attachment = -9.811E+03 ; regularity = -3.918E+02 ]
2021-08-30 13:06:55,453 - deformetrica.core.estimators.gradient_ascent - INFO - >> Step size and gradient norm: 
2021-08-30 13:06:55,455 - deformetrica.core.estimators.gradient_ascent - INFO - 		3.366E-10   and   2.349E+06 	[ v0 ]
2021-08-30 13:06:55,455 - deformetrica.core.estimators.gradient_ascent - INFO - 		2.180E-08   and   4.403E+05 	[ p0 ]
2021-08-30 13:06:55,455 - deformetrica.core.estimators.gradient_ascent - INFO - 		3.434E-07   and   2.729E+05 	[ metric_parameters ]
2021-08-30 13:06:55,455 - deformetrica.core.estimators.gradient_ascent - INFO - 		4.944E-07   and   7.976E+03 	[ modulation_matrix ]
2021-08-30 13:09:05,410 - deformetrica.core.estimators.gradient_ascent - INFO - >> Step size and gradient norm: 
2021-08-30 13:09:05,411 - deformetrica.core.estimators.gradient_ascent - INFO - 		2.693E-10   and   2.349E+06 	[ v0 ]
2021-08-30 13:09:05,411 - deformetrica.core.estimators.gradient_ascent - INFO - 		1.744E-08   and   4.403E+05 	[ p0 ]
2021-08-30 13:09:05,411 - deformetrica.core.estimators.gradient_ascent - INFO - 		2.747E-07   and   2.729E+05 	[ metric_parameters ]
2021-08-30 13:09:05,412 - deformetrica.core.estimators.gradient_ascent - INFO - 		3.955E-07   and   7.976E+03 	[ modulation_matrix ]
2021-08-30 13:11:11,696 - deformetrica.core.estimators.gradient_ascent - INFO - >> Step size and gradient norm: 
2021-08-30 13:11:11,696 - deformetrica.core.estimators.gradient_ascent - INFO - 		2.154E-10   and   2.349E+06 	[ v0 ]
2021-08-30 13:11:11,696 - deformetrica.core.estimators.gradient_ascent - INFO - 		1.395E-08   and   4.403E+05 	[ p0 ]
2021-08-30 13:11:11,697 - deformetrica.core.estimators.gradient_ascent - INFO - 		2.198E-07   and   2.729E+05 	[ metric_parameters ]
2021-08-30 13:11:11,697 - deformetrica.core.estimators.gradient_ascent - INFO - 		3.164E-07   and   7.976E+03 	[ modulation_matrix ]
2021-08-30 13:13:29,398 - deformetrica.core.estimators.gradient_ascent - INFO - --------------------------------- GA Iteration: 1/4 -----------------------------------
2021-08-30 13:13:29,399 - deformetrica.core.estimators.gradient_ascent - INFO - >> Log-likelihood = -9.680E+03 	 [ attachment = -9.288E+03 ; regularity = -3.918E+02 ]
2021-08-30 13:15:12,359 - deformetrica.core.estimators.gradient_ascent - INFO - >> Step size and gradient norm: 
2021-08-30 13:15:13,353 - deformetrica.core.estimators.gradient_ascent - INFO - 		1.724E-10   and   9.530E+05 	[ v0 ]
2021-08-30 13:15:13,354 - deformetrica.core.estimators.gradient_ascent - INFO - 		1.116E-08   and   1.949E+05 	[ p0 ]
2021-08-30 13:15:13,355 - deformetrica.core.estimators.gradient_ascent - INFO - 		1.758E-07   and   1.428E+05 	[ metric_parameters ]
2021-08-30 13:15:13,355 - deformetrica.core.estimators.gradient_ascent - INFO - 		3.164E-07   and   3.695E+03 	[ modulation_matrix ]
2021-08-30 13:15:38,730 - deformetrica.core.estimators.gradient_ascent - INFO - --------------------------------- GA Iteration: 2/4 -----------------------------------
2021-08-30 13:15:38,731 - deformetrica.core.estimators.gradient_ascent - INFO - >> Log-likelihood = -7.463E+03 	 [ attachment = -7.071E+03 ; regularity = -3.918E+02 ]
2021-08-30 13:17:21,117 - deformetrica.core.estimators.gradient_ascent - INFO - >> Step size and gradient norm: 
2021-08-30 13:17:22,916 - deformetrica.core.estimators.gradient_ascent - INFO - 		2.585E-10   and   4.899E+05 	[ v0 ]
2021-08-30 13:17:22,918 - deformetrica.core.estimators.gradient_ascent - INFO - 		1.674E-08   and   5.841E+04 	[ p0 ]
2021-08-30 13:17:22,918 - deformetrica.core.estimators.gradient_ascent - INFO - 		2.637E-07   and   5.773E+04 	[ metric_parameters ]
2021-08-30 13:17:22,919 - deformetrica.core.estimators.gradient_ascent - INFO - 		4.746E-07   and   5.644E+03 	[ modulation_matrix ]
2021-08-30 13:17:48,085 - deformetrica.core.estimators.gradient_ascent - INFO - --------------------------------- GA Iteration: 3/4 -----------------------------------
2021-08-30 13:17:48,086 - deformetrica.core.estimators.gradient_ascent - INFO - >> Log-likelihood = -7.355E+03 	 [ attachment = -6.963E+03 ; regularity = -3.918E+02 ]
2021-08-30 13:19:25,026 - deformetrica.core.estimators.gradient_ascent - INFO - >> Step size and gradient norm: 
2021-08-30 13:19:25,918 - deformetrica.core.estimators.gradient_ascent - INFO - 		3.878E-10   and   1.439E+05 	[ v0 ]
2021-08-30 13:19:25,919 - deformetrica.core.estimators.gradient_ascent - INFO - 		2.511E-08   and   5.600E+04 	[ p0 ]
2021-08-30 13:19:25,919 - deformetrica.core.estimators.gradient_ascent - INFO - 		3.956E-07   and   5.316E+04 	[ metric_parameters ]
2021-08-30 13:19:25,920 - deformetrica.core.estimators.gradient_ascent - INFO - 		7.119E-07   and   6.317E+03 	[ modulation_matrix ]
2021-08-30 13:21:32,963 - deformetrica.core.estimators.gradient_ascent - INFO - >> Step size and gradient norm: 
2021-08-30 13:21:32,965 - deformetrica.core.estimators.gradient_ascent - INFO - 		3.102E-10   and   1.439E+05 	[ v0 ]
2021-08-30 13:21:32,965 - deformetrica.core.estimators.gradient_ascent - INFO - 		2.009E-08   and   5.600E+04 	[ p0 ]
2021-08-30 13:21:32,965 - deformetrica.core.estimators.gradient_ascent - INFO - 		3.165E-07   and   5.316E+04 	[ metric_parameters ]
2021-08-30 13:21:32,965 - deformetrica.core.estimators.gradient_ascent - INFO - 		5.695E-07   and   6.317E+03 	[ modulation_matrix ]
2021-08-30 13:23:42,236 - deformetrica.core.estimators.gradient_ascent - INFO - >> Step size and gradient norm: 
2021-08-30 13:23:42,236 - deformetrica.core.estimators.gradient_ascent - INFO - 		2.482E-10   and   1.439E+05 	[ v0 ]
2021-08-30 13:23:42,237 - deformetrica.core.estimators.gradient_ascent - INFO - 		1.607E-08   and   5.600E+04 	[ p0 ]
2021-08-30 13:23:42,237 - deformetrica.core.estimators.gradient_ascent - INFO - 		2.532E-07   and   5.316E+04 	[ metric_parameters ]
2021-08-30 13:23:42,237 - deformetrica.core.estimators.gradient_ascent - INFO - 		4.556E-07   and   6.317E+03 	[ modulation_matrix ]
2021-08-30 13:24:07,014 - deformetrica.core.estimators.gradient_ascent - INFO - Tolerance threshold met. Stopping the optimization process.
2021-08-30 13:24:07,014 - deformetrica.core.estimators.mcmc_saem - INFO - 
2021-08-30 13:24:07,014 - deformetrica.core.estimators.mcmc_saem - INFO - [ end of the gradient-based maximization ]
2021-08-30 13:24:07,021 - deformetrica.core.estimators.mcmc_saem - INFO - 
2021-08-30 13:24:07,021 - deformetrica.core.estimators.mcmc_saem - INFO - ---------------------------------- MCMC Iteration: 3 -------------------------------------
2021-08-30 13:24:07,021 - deformetrica.core.estimators.mcmc_saem - INFO - >> Average acceptance rates (all past iterations):
2021-08-30 13:24:07,021 - deformetrica.core.estimators.mcmc_saem - INFO -        34.37777777777778   onset_age
2021-08-30 13:24:07,021 - deformetrica.core.estimators.mcmc_saem - INFO -        54.733333333333334   log_acceleration
2021-08-30 13:24:07,021 - deformetrica.core.estimators.mcmc_saem - INFO -        28.95555555555556   sources
2021-08-30 13:24:07,022 - deformetrica.core.models.longitudinal_metric_learning - INFO - >> Model parameters:
2021-08-30 13:24:07,022 - deformetrica.core.models.longitudinal_metric_learning - INFO - 		 noise_variance    =	0.0445
2021-08-30 13:24:07,022 - deformetrica.core.models.longitudinal_metric_learning - INFO - 		 onset_ages        =	72.031	[ mean ]	+/-	21.4686	[std]
2021-08-30 13:24:07,022 - deformetrica.core.models.longitudinal_metric_learning - INFO - 		 log_accelerations =	-0.0000	[ mean ]	+/-	0.4507	[std]
2021-08-30 13:24:07,022 - deformetrica.core.models.longitudinal_metric_learning - INFO - 		 sources           =	-0.1542	[ mean ]	+/-	1.0000	[std]
2021-08-30 13:32:02,807 - deformetrica.core.estimator_tools.samplers.srw_mhwg_sampler - INFO - >> Proposal std re-evaluated from:
		 6.526 	to	6.454 	[ onset_age ]
		 0.405 	to	0.399 	[ log_acceleration ]
		 0.469 	to	0.475 	[ sources ]
2021-08-30 13:32:27,622 - deformetrica.core.estimators.mcmc_saem - INFO - 
2021-08-30 13:32:27,623 - deformetrica.core.estimators.mcmc_saem - INFO - [ maximizing over the fixed effects with the GradientAscent optimizer ]
2021-08-30 13:33:58,867 - deformetrica.core.estimators.gradient_ascent - INFO - --------------------------------- GA Iteration: 0/4 -----------------------------------
2021-08-30 13:33:59,800 - deformetrica.core.estimators.gradient_ascent - INFO - >> Log-likelihood = -1.385E+04 	 [ attachment = -1.345E+04 ; regularity = -3.941E+02 ]
2021-08-30 13:33:59,802 - deformetrica.core.estimators.gradient_ascent - INFO - >> Step size and gradient norm: 
2021-08-30 13:33:59,802 - deformetrica.core.estimators.gradient_ascent - INFO - 		3.727E-10   and   4.439E+05 	[ v0 ]
2021-08-30 13:33:59,802 - deformetrica.core.estimators.gradient_ascent - INFO - 		2.411E-08   and   3.117E+05 	[ p0 ]
2021-08-30 13:33:59,803 - deformetrica.core.estimators.gradient_ascent - INFO - 		3.798E-07   and   1.861E+05 	[ metric_parameters ]
2021-08-30 13:33:59,803 - deformetrica.core.estimators.gradient_ascent - INFO - 		7.102E-07   and   4.696E+03 	[ modulation_matrix ]
2021-08-30 13:34:24,902 - deformetrica.core.estimators.gradient_ascent - INFO - --------------------------------- GA Iteration: 1/4 -----------------------------------
2021-08-30 13:34:24,903 - deformetrica.core.estimators.gradient_ascent - INFO - >> Log-likelihood = -1.215E+04 	 [ attachment = -1.176E+04 ; regularity = -3.941E+02 ]
2021-08-30 13:35:59,187 - deformetrica.core.estimators.gradient_ascent - INFO - >> Step size and gradient norm: 
2021-08-30 13:35:59,986 - deformetrica.core.estimators.gradient_ascent - INFO - 		5.591E-10   and   2.226E+06 	[ v0 ]
2021-08-30 13:35:59,988 - deformetrica.core.estimators.gradient_ascent - INFO - 		3.616E-08   and   4.306E+05 	[ p0 ]
2021-08-30 13:35:59,988 - deformetrica.core.estimators.gradient_ascent - INFO - 		5.697E-07   and   2.940E+05 	[ metric_parameters ]
2021-08-30 13:35:59,988 - deformetrica.core.estimators.gradient_ascent - INFO - 		1.065E-06   and   8.964E+03 	[ modulation_matrix ]
2021-08-30 13:38:03,734 - deformetrica.core.estimators.gradient_ascent - INFO - >> Step size and gradient norm: 
2021-08-30 13:38:03,736 - deformetrica.core.estimators.gradient_ascent - INFO - 		4.473E-10   and   2.226E+06 	[ v0 ]
2021-08-30 13:38:03,736 - deformetrica.core.estimators.gradient_ascent - INFO - 		2.893E-08   and   4.306E+05 	[ p0 ]
2021-08-30 13:38:03,736 - deformetrica.core.estimators.gradient_ascent - INFO - 		4.558E-07   and   2.940E+05 	[ metric_parameters ]
2021-08-30 13:38:03,736 - deformetrica.core.estimators.gradient_ascent - INFO - 		8.522E-07   and   8.964E+03 	[ modulation_matrix ]
2021-08-30 13:40:07,112 - deformetrica.core.estimators.gradient_ascent - INFO - >> Step size and gradient norm: 
2021-08-30 13:40:07,113 - deformetrica.core.estimators.gradient_ascent - INFO - 		3.578E-10   and   2.226E+06 	[ v0 ]
2021-08-30 13:40:07,113 - deformetrica.core.estimators.gradient_ascent - INFO - 		2.314E-08   and   4.306E+05 	[ p0 ]
2021-08-30 13:40:07,114 - deformetrica.core.estimators.gradient_ascent - INFO - 		3.646E-07   and   2.940E+05 	[ metric_parameters ]
2021-08-30 13:40:07,114 - deformetrica.core.estimators.gradient_ascent - INFO - 		6.818E-07   and   8.964E+03 	[ modulation_matrix ]
2021-08-30 13:42:14,183 - deformetrica.core.estimators.gradient_ascent - INFO - Number of line search loops exceeded. Stopping.
2021-08-30 13:42:14,185 - deformetrica.core.estimators.gradient_ascent - INFO - --------------------------------- GA Iteration: 2/4 -----------------------------------
2021-08-30 13:42:14,185 - deformetrica.core.estimators.gradient_ascent - INFO - >> Log-likelihood = -1.809E+04 	 [ attachment = -1.770E+04 ; regularity = -3.941E+02 ]
2021-08-30 13:43:55,757 - deformetrica.core.estimators.gradient_ascent - INFO - >> Step size and gradient norm: 
2021-08-30 13:43:57,615 - deformetrica.core.estimators.gradient_ascent - INFO - 		2.863E-10   and   5.481E+05 	[ v0 ]
2021-08-30 13:43:57,617 - deformetrica.core.estimators.gradient_ascent - INFO - 		1.851E-08   and   3.357E+05 	[ p0 ]
2021-08-30 13:43:57,617 - deformetrica.core.estimators.gradient_ascent - INFO - 		2.917E-07   and   1.886E+05 	[ metric_parameters ]
2021-08-30 13:43:57,617 - deformetrica.core.estimators.gradient_ascent - INFO - 		5.454E-07   and   2.146E+03 	[ modulation_matrix ]
2021-08-30 13:44:35,431 - deformetrica.core.estimators.gradient_ascent - INFO - --------------------------------- GA Iteration: 3/4 -----------------------------------
2021-08-30 13:44:35,433 - deformetrica.core.estimators.gradient_ascent - INFO - >> Log-likelihood = -1.020E+04 	 [ attachment = -9.801E+03 ; regularity = -3.941E+02 ]
2021-08-30 13:46:09,806 - deformetrica.core.estimators.gradient_ascent - INFO - >> Step size and gradient norm: 
2021-08-30 13:46:10,605 - deformetrica.core.estimators.gradient_ascent - INFO - 		4.294E-10   and   9.478E+05 	[ v0 ]
2021-08-30 13:46:10,606 - deformetrica.core.estimators.gradient_ascent - INFO - 		2.777E-08   and   1.397E+05 	[ p0 ]
2021-08-30 13:46:10,606 - deformetrica.core.estimators.gradient_ascent - INFO - 		4.375E-07   and   1.044E+05 	[ metric_parameters ]
2021-08-30 13:46:10,606 - deformetrica.core.estimators.gradient_ascent - INFO - 		8.182E-07   and   5.355E+03 	[ modulation_matrix ]
2021-08-30 13:46:44,365 - deformetrica.core.estimators.gradient_ascent - INFO - --------------------------------- GA Iteration: 4/4 -----------------------------------
2021-08-30 13:46:44,367 - deformetrica.core.estimators.gradient_ascent - INFO - >> Log-likelihood = -8.863E+03 	 [ attachment = -8.469E+03 ; regularity = -3.941E+02 ]
2021-08-30 13:46:44,367 - deformetrica.core.estimators.mcmc_saem - INFO - 
2021-08-30 13:46:44,367 - deformetrica.core.estimators.mcmc_saem - INFO - [ end of the gradient-based maximization ]
2021-08-30 13:46:44,374 - deformetrica.core.estimators.mcmc_saem - INFO - 
2021-08-30 13:46:44,374 - deformetrica.core.estimators.mcmc_saem - INFO - ---------------------------------- MCMC Iteration: 4 -------------------------------------
2021-08-30 13:46:44,374 - deformetrica.core.estimators.mcmc_saem - INFO - >> Average acceptance rates (all past iterations):
2021-08-30 13:46:44,374 - deformetrica.core.estimators.mcmc_saem - INFO -        33.88333333333334   onset_age
2021-08-30 13:46:44,374 - deformetrica.core.estimators.mcmc_saem - INFO -        50.76666666666665   log_acceleration
2021-08-30 13:46:44,374 - deformetrica.core.estimators.mcmc_saem - INFO -        30.749999999999993   sources
2021-08-30 13:46:44,375 - deformetrica.core.models.longitudinal_metric_learning - INFO - >> Model parameters:
2021-08-30 13:46:44,375 - deformetrica.core.models.longitudinal_metric_learning - INFO - 		 noise_variance    =	0.0417
2021-08-30 13:46:44,375 - deformetrica.core.models.longitudinal_metric_learning - INFO - 		 onset_ages        =	72.644	[ mean ]	+/-	21.2266	[std]
2021-08-30 13:46:44,375 - deformetrica.core.models.longitudinal_metric_learning - INFO - 		 log_accelerations =	0.0000	[ mean ]	+/-	0.4501	[std]
2021-08-30 13:46:44,375 - deformetrica.core.models.longitudinal_metric_learning - INFO - 		 sources           =	0.1623	[ mean ]	+/-	1.0000	[std]
2021-08-30 13:54:08,194 - deformetrica.core.estimator_tools.samplers.srw_mhwg_sampler - INFO - >> Proposal std re-evaluated from:
		 6.622 	to	6.687 	[ onset_age ]
		 0.438 	to	0.451 	[ log_acceleration ]
		 0.497 	to	0.494 	[ sources ]
2021-08-30 13:54:32,318 - deformetrica.core.estimators.mcmc_saem - INFO - 
2021-08-30 13:54:32,318 - deformetrica.core.estimators.mcmc_saem - INFO - [ maximizing over the fixed effects with the GradientAscent optimizer ]
2021-08-30 13:56:02,178 - deformetrica.core.estimators.gradient_ascent - INFO - --------------------------------- GA Iteration: 0/4 -----------------------------------
2021-08-30 13:56:02,973 - deformetrica.core.estimators.gradient_ascent - INFO - >> Log-likelihood = -1.045E+04 	 [ attachment = -1.007E+04 ; regularity = -3.770E+02 ]
2021-08-30 13:56:02,974 - deformetrica.core.estimators.gradient_ascent - INFO - >> Step size and gradient norm: 
2021-08-30 13:56:02,975 - deformetrica.core.estimators.gradient_ascent - INFO - 		6.330E-10   and   1.672E+06 	[ v0 ]
2021-08-30 13:56:02,975 - deformetrica.core.estimators.gradient_ascent - INFO - 		4.166E-08   and   3.450E+05 	[ p0 ]
2021-08-30 13:56:02,975 - deformetrica.core.estimators.gradient_ascent - INFO - 		6.563E-07   and   2.302E+05 	[ metric_parameters ]
2021-08-30 13:56:02,975 - deformetrica.core.estimators.gradient_ascent - INFO - 		1.364E-06   and   7.287E+03 	[ modulation_matrix ]
2021-08-30 13:56:34,819 - deformetrica.core.estimators.gradient_ascent - INFO - --------------------------------- GA Iteration: 1/4 -----------------------------------
2021-08-30 13:56:34,821 - deformetrica.core.estimators.gradient_ascent - INFO - >> Log-likelihood = -8.386E+03 	 [ attachment = -8.008E+03 ; regularity = -3.770E+02 ]
2021-08-30 13:58:14,485 - deformetrica.core.estimators.gradient_ascent - INFO - >> Step size and gradient norm: 
2021-08-30 13:58:15,351 - deformetrica.core.estimators.gradient_ascent - INFO - 		9.495E-10   and   5.253E+05 	[ v0 ]
2021-08-30 13:58:15,352 - deformetrica.core.estimators.gradient_ascent - INFO - 		6.248E-08   and   1.177E+05 	[ p0 ]
2021-08-30 13:58:15,352 - deformetrica.core.estimators.gradient_ascent - INFO - 		9.844E-07   and   8.044E+04 	[ metric_parameters ]
2021-08-30 13:58:15,352 - deformetrica.core.estimators.gradient_ascent - INFO - 		2.046E-06   and   2.323E+03 	[ modulation_matrix ]
2021-08-30 13:58:40,132 - deformetrica.core.estimators.gradient_ascent - INFO - --------------------------------- GA Iteration: 2/4 -----------------------------------
2021-08-30 13:58:40,133 - deformetrica.core.estimators.gradient_ascent - INFO - >> Log-likelihood = -5.194E+03 	 [ attachment = -4.817E+03 ; regularity = -3.770E+02 ]
2021-08-30 14:00:11,072 - deformetrica.core.estimators.gradient_ascent - INFO - >> Step size and gradient norm: 
2021-08-30 14:00:11,074 - deformetrica.core.estimators.gradient_ascent - INFO - 		1.424E-09   and   4.732E+05 	[ v0 ]
2021-08-30 14:00:11,075 - deformetrica.core.estimators.gradient_ascent - INFO - 		9.372E-08   and   2.862E+04 	[ p0 ]
2021-08-30 14:00:11,076 - deformetrica.core.estimators.gradient_ascent - INFO - 		1.477E-06   and   4.549E+04 	[ metric_parameters ]
2021-08-30 14:00:11,076 - deformetrica.core.estimators.gradient_ascent - INFO - 		3.069E-06   and   4.352E+03 	[ modulation_matrix ]
2021-08-30 14:00:35,841 - deformetrica.core.estimators.gradient_ascent - INFO - --------------------------------- GA Iteration: 3/4 -----------------------------------
2021-08-30 14:00:35,843 - deformetrica.core.estimators.gradient_ascent - INFO - >> Log-likelihood = -4.740E+03 	 [ attachment = -4.363E+03 ; regularity = -3.770E+02 ]
2021-08-30 14:02:10,394 - deformetrica.core.estimators.gradient_ascent - INFO - >> Step size and gradient norm: 
2021-08-30 14:02:11,202 - deformetrica.core.estimators.gradient_ascent - INFO - 		2.136E-09   and   3.266E+04 	[ v0 ]
2021-08-30 14:02:11,203 - deformetrica.core.estimators.gradient_ascent - INFO - 		1.406E-07   and   3.368E+04 	[ p0 ]
2021-08-30 14:02:11,204 - deformetrica.core.estimators.gradient_ascent - INFO - 		2.215E-06   and   3.379E+04 	[ metric_parameters ]
2021-08-30 14:02:11,204 - deformetrica.core.estimators.gradient_ascent - INFO - 		4.603E-06   and   4.469E+03 	[ modulation_matrix ]
2021-08-30 14:04:14,005 - deformetrica.core.estimators.gradient_ascent - INFO - Tolerance threshold met. Stopping the optimization process.
2021-08-30 14:04:14,005 - deformetrica.core.estimators.mcmc_saem - INFO - 
2021-08-30 14:04:14,005 - deformetrica.core.estimators.mcmc_saem - INFO - [ end of the gradient-based maximization ]
2021-08-30 14:04:14,012 - deformetrica.core.estimators.mcmc_saem - INFO - 
2021-08-30 14:04:14,012 - deformetrica.core.estimators.mcmc_saem - INFO - ---------------------------------- MCMC Iteration: 5 -------------------------------------
2021-08-30 14:04:14,012 - deformetrica.core.estimators.mcmc_saem - INFO - >> Average acceptance rates (all past iterations):
2021-08-30 14:04:14,012 - deformetrica.core.estimators.mcmc_saem - INFO -        34.2   onset_age
2021-08-30 14:04:14,013 - deformetrica.core.estimators.mcmc_saem - INFO -        48.826666666666654   log_acceleration
2021-08-30 14:04:14,013 - deformetrica.core.estimators.mcmc_saem - INFO -        31.733333333333334   sources
2021-08-30 14:04:14,013 - deformetrica.core.models.longitudinal_metric_learning - INFO - >> Model parameters:
2021-08-30 14:04:14,013 - deformetrica.core.models.longitudinal_metric_learning - INFO - 		 noise_variance    =	0.0565
2021-08-30 14:04:14,013 - deformetrica.core.models.longitudinal_metric_learning - INFO - 		 onset_ages        =	71.574	[ mean ]	+/-	21.3469	[std]
2021-08-30 14:04:14,013 - deformetrica.core.models.longitudinal_metric_learning - INFO - 		 log_accelerations =	-0.0000	[ mean ]	+/-	0.5132	[std]
2021-08-30 14:04:14,013 - deformetrica.core.models.longitudinal_metric_learning - INFO - 		 sources           =	-0.1919	[ mean ]	+/-	1.0000	[std]
2021-08-30 14:11:46,248 - deformetrica.core.estimator_tools.samplers.srw_mhwg_sampler - INFO - >> Proposal std re-evaluated from:
		 6.801 	to	6.880 	[ onset_age ]
		 0.501 	to	0.503 	[ log_acceleration ]
		 0.515 	to	0.517 	[ sources ]
2021-08-30 14:12:09,985 - deformetrica.core.estimators.mcmc_saem - INFO - 
2021-08-30 14:12:09,985 - deformetrica.core.estimators.mcmc_saem - INFO - [ maximizing over the fixed effects with the GradientAscent optimizer ]
2021-08-30 14:13:40,023 - deformetrica.core.estimators.gradient_ascent - INFO - --------------------------------- GA Iteration: 0/4 -----------------------------------
2021-08-30 14:13:40,025 - deformetrica.core.estimators.gradient_ascent - INFO - >> Log-likelihood = -9.843E+03 	 [ attachment = -9.464E+03 ; regularity = -3.790E+02 ]
2021-08-30 14:13:40,027 - deformetrica.core.estimators.gradient_ascent - INFO - >> Step size and gradient norm: 
2021-08-30 14:13:40,027 - deformetrica.core.estimators.gradient_ascent - INFO - 		1.694E-09   and   1.180E+05 	[ v0 ]
2021-08-30 14:13:40,027 - deformetrica.core.estimators.gradient_ascent - INFO - 		1.125E-07   and   1.938E+05 	[ p0 ]
2021-08-30 14:13:40,028 - deformetrica.core.estimators.gradient_ascent - INFO - 		1.772E-06   and   7.868E+04 	[ metric_parameters ]
2021-08-30 14:13:40,028 - deformetrica.core.estimators.gradient_ascent - INFO - 		4.457E-06   and   5.066E+02 	[ modulation_matrix ]
2021-08-30 14:15:54,359 - deformetrica.core.estimators.gradient_ascent - INFO - --------------------------------- GA Iteration: 1/4 -----------------------------------
2021-08-30 14:15:54,360 - deformetrica.core.estimators.gradient_ascent - INFO - >> Log-likelihood = -7.919E+03 	 [ attachment = -7.540E+03 ; regularity = -3.790E+02 ]
2021-08-30 14:17:25,754 - deformetrica.core.estimators.gradient_ascent - INFO - >> Step size and gradient norm: 
2021-08-30 14:17:26,552 - deformetrica.core.estimators.gradient_ascent - INFO - 		1.356E-09   and   6.691E+05 	[ v0 ]
2021-08-30 14:17:26,553 - deformetrica.core.estimators.gradient_ascent - INFO - 		8.998E-08   and   1.693E+05 	[ p0 ]
2021-08-30 14:17:26,554 - deformetrica.core.estimators.gradient_ascent - INFO - 		1.418E-06   and   1.186E+05 	[ metric_parameters ]
2021-08-30 14:17:26,554 - deformetrica.core.estimators.gradient_ascent - INFO - 		4.457E-06   and   5.200E+03 	[ modulation_matrix ]
2021-08-30 14:19:33,747 - deformetrica.core.estimators.gradient_ascent - INFO - --------------------------------- GA Iteration: 2/4 -----------------------------------
2021-08-30 14:19:33,748 - deformetrica.core.estimators.gradient_ascent - INFO - >> Log-likelihood = -7.877E+03 	 [ attachment = -7.498E+03 ; regularity = -3.790E+02 ]
2021-08-30 14:21:03,846 - deformetrica.core.estimators.gradient_ascent - INFO - >> Step size and gradient norm: 
2021-08-30 14:21:04,734 - deformetrica.core.estimators.gradient_ascent - INFO - 		1.084E-09   and   4.276E+05 	[ v0 ]
2021-08-30 14:21:04,736 - deformetrica.core.estimators.gradient_ascent - INFO - 		7.198E-08   and   1.195E+05 	[ p0 ]
2021-08-30 14:21:04,736 - deformetrica.core.estimators.gradient_ascent - INFO - 		1.134E-06   and   4.972E+04 	[ metric_parameters ]
2021-08-30 14:21:04,736 - deformetrica.core.estimators.gradient_ascent - INFO - 		4.457E-06   and   1.098E+03 	[ modulation_matrix ]
2021-08-30 14:21:29,335 - deformetrica.core.estimators.gradient_ascent - INFO - --------------------------------- GA Iteration: 3/4 -----------------------------------
2021-08-30 14:21:29,336 - deformetrica.core.estimators.gradient_ascent - INFO - >> Log-likelihood = -5.799E+03 	 [ attachment = -5.420E+03 ; regularity = -3.790E+02 ]
2021-08-30 14:23:02,824 - deformetrica.core.estimators.gradient_ascent - INFO - >> Step size and gradient norm: 
2021-08-30 14:23:03,606 - deformetrica.core.estimators.gradient_ascent - INFO - 		1.627E-09   and   2.014E+05 	[ v0 ]
2021-08-30 14:23:03,607 - deformetrica.core.estimators.gradient_ascent - INFO - 		1.080E-07   and   1.144E+04 	[ p0 ]
2021-08-30 14:23:03,607 - deformetrica.core.estimators.gradient_ascent - INFO - 		1.701E-06   and   3.126E+04 	[ metric_parameters ]
2021-08-30 14:23:03,608 - deformetrica.core.estimators.gradient_ascent - INFO - 		6.685E-06   and   1.690E+03 	[ modulation_matrix ]
2021-08-30 14:23:32,677 - deformetrica.core.estimators.gradient_ascent - INFO - --------------------------------- GA Iteration: 4/4 -----------------------------------
2021-08-30 14:23:32,678 - deformetrica.core.estimators.gradient_ascent - INFO - >> Log-likelihood = -5.641E+03 	 [ attachment = -5.262E+03 ; regularity = -3.790E+02 ]
2021-08-30 14:23:32,678 - deformetrica.core.estimators.mcmc_saem - INFO - 
2021-08-30 14:23:32,678 - deformetrica.core.estimators.mcmc_saem - INFO - [ end of the gradient-based maximization ]
2021-08-30 14:23:32,686 - deformetrica.core.estimators.mcmc_saem - INFO - 
2021-08-30 14:23:32,686 - deformetrica.core.estimators.mcmc_saem - INFO - ---------------------------------- MCMC Iteration: 6 -------------------------------------
2021-08-30 14:23:32,686 - deformetrica.core.estimators.mcmc_saem - INFO - >> Average acceptance rates (all past iterations):
2021-08-30 14:23:32,687 - deformetrica.core.estimators.mcmc_saem - INFO -        34.43333333333334   onset_age
2021-08-30 14:23:32,687 - deformetrica.core.estimators.mcmc_saem - INFO -        47.511111111111106   log_acceleration
2021-08-30 14:23:32,687 - deformetrica.core.estimators.mcmc_saem - INFO -        32.50000000000001   sources
2021-08-30 14:23:32,687 - deformetrica.core.models.longitudinal_metric_learning - INFO - >> Model parameters:
2021-08-30 14:23:32,687 - deformetrica.core.models.longitudinal_metric_learning - INFO - 		 noise_variance    =	0.0493
2021-08-30 14:23:32,687 - deformetrica.core.models.longitudinal_metric_learning - INFO - 		 onset_ages        =	72.645	[ mean ]	+/-	20.9578	[std]
2021-08-30 14:23:32,687 - deformetrica.core.models.longitudinal_metric_learning - INFO - 		 log_accelerations =	-0.0000	[ mean ]	+/-	0.5188	[std]
2021-08-30 14:23:32,688 - deformetrica.core.models.longitudinal_metric_learning - INFO - 		 sources           =	0.1651	[ mean ]	+/-	1.0000	[std]
2021-08-30 14:31:02,064 - deformetrica.core.estimator_tools.samplers.srw_mhwg_sampler - INFO - >> Proposal std re-evaluated from:
		 7.405 	to	7.293 	[ onset_age ]
		 0.535 	to	0.537 	[ log_acceleration ]
		 0.499 	to	0.500 	[ sources ]
2021-08-30 14:31:26,228 - deformetrica.core.estimators.mcmc_saem - INFO - 
2021-08-30 14:31:26,229 - deformetrica.core.estimators.mcmc_saem - INFO - [ maximizing over the fixed effects with the GradientAscent optimizer ]
2021-08-30 14:33:01,199 - deformetrica.core.estimators.gradient_ascent - INFO - --------------------------------- GA Iteration: 0/4 -----------------------------------
2021-08-30 14:33:02,044 - deformetrica.core.estimators.gradient_ascent - INFO - >> Log-likelihood = -9.149E+03 	 [ attachment = -8.777E+03 ; regularity = -3.716E+02 ]
2021-08-30 14:33:02,045 - deformetrica.core.estimators.gradient_ascent - INFO - >> Step size and gradient norm: 
2021-08-30 14:33:02,046 - deformetrica.core.estimators.gradient_ascent - INFO - 		2.447E-09   and   3.703E+05 	[ v0 ]
2021-08-30 14:33:02,046 - deformetrica.core.estimators.gradient_ascent - INFO - 		1.620E-07   and   1.573E+05 	[ p0 ]
2021-08-30 14:33:02,046 - deformetrica.core.estimators.gradient_ascent - INFO - 		2.552E-06   and   1.040E+05 	[ metric_parameters ]
2021-08-30 14:33:02,046 - deformetrica.core.estimators.gradient_ascent - INFO - 		1.174E-05   and   9.026E+03 	[ modulation_matrix ]
2021-08-30 14:35:04,887 - deformetrica.core.estimators.gradient_ascent - INFO - >> Step size and gradient norm: 
2021-08-30 14:35:04,889 - deformetrica.core.estimators.gradient_ascent - INFO - 		1.958E-09   and   3.703E+05 	[ v0 ]
2021-08-30 14:35:04,889 - deformetrica.core.estimators.gradient_ascent - INFO - 		1.296E-07   and   1.573E+05 	[ p0 ]
2021-08-30 14:35:04,889 - deformetrica.core.estimators.gradient_ascent - INFO - 		2.041E-06   and   1.040E+05 	[ metric_parameters ]
2021-08-30 14:35:04,890 - deformetrica.core.estimators.gradient_ascent - INFO - 		9.391E-06   and   9.026E+03 	[ modulation_matrix ]
2021-08-30 14:37:25,406 - deformetrica.core.estimators.gradient_ascent - INFO - >> Step size and gradient norm: 
2021-08-30 14:37:25,408 - deformetrica.core.estimators.gradient_ascent - INFO - 		1.566E-09   and   3.703E+05 	[ v0 ]
2021-08-30 14:37:25,408 - deformetrica.core.estimators.gradient_ascent - INFO - 		1.037E-07   and   1.573E+05 	[ p0 ]
2021-08-30 14:37:25,408 - deformetrica.core.estimators.gradient_ascent - INFO - 		1.633E-06   and   1.040E+05 	[ metric_parameters ]
2021-08-30 14:37:25,408 - deformetrica.core.estimators.gradient_ascent - INFO - 		7.513E-06   and   9.026E+03 	[ modulation_matrix ]
2021-08-30 14:39:43,437 - deformetrica.core.estimators.gradient_ascent - INFO - --------------------------------- GA Iteration: 1/4 -----------------------------------
2021-08-30 14:39:43,438 - deformetrica.core.estimators.gradient_ascent - INFO - >> Log-likelihood = -8.829E+03 	 [ attachment = -8.458E+03 ; regularity = -3.715E+02 ]
2021-08-30 14:41:16,257 - deformetrica.core.estimators.gradient_ascent - INFO - >> Step size and gradient norm: 
2021-08-30 14:41:17,051 - deformetrica.core.estimators.gradient_ascent - INFO - 		1.253E-09   and   5.621E+05 	[ v0 ]
2021-08-30 14:41:17,052 - deformetrica.core.estimators.gradient_ascent - INFO - 		8.292E-08   and   1.113E+05 	[ p0 ]
2021-08-30 14:41:17,052 - deformetrica.core.estimators.gradient_ascent - INFO - 		1.306E-06   and   4.837E+04 	[ metric_parameters ]
2021-08-30 14:41:17,053 - deformetrica.core.estimators.gradient_ascent - INFO - 		7.513E-06   and   2.690E+03 	[ modulation_matrix ]
2021-08-30 14:41:42,081 - deformetrica.core.estimators.gradient_ascent - INFO - --------------------------------- GA Iteration: 2/4 -----------------------------------
2021-08-30 14:41:42,083 - deformetrica.core.estimators.gradient_ascent - INFO - >> Log-likelihood = -7.145E+03 	 [ attachment = -6.773E+03 ; regularity = -3.715E+02 ]
2021-08-30 14:43:18,927 - deformetrica.core.estimators.gradient_ascent - INFO - >> Step size and gradient norm: 
2021-08-30 14:43:18,929 - deformetrica.core.estimators.gradient_ascent - INFO - 		1.879E-09   and   6.970E+04 	[ v0 ]
2021-08-30 14:43:18,930 - deformetrica.core.estimators.gradient_ascent - INFO - 		1.244E-07   and   2.930E+04 	[ p0 ]
2021-08-30 14:43:18,930 - deformetrica.core.estimators.gradient_ascent - INFO - 		1.960E-06   and   3.665E+04 	[ metric_parameters ]
2021-08-30 14:43:18,930 - deformetrica.core.estimators.gradient_ascent - INFO - 		1.127E-05   and   2.423E+03 	[ modulation_matrix ]
2021-08-30 14:45:31,044 - deformetrica.core.estimators.gradient_ascent - INFO - --------------------------------- GA Iteration: 3/4 -----------------------------------
2021-08-30 14:45:31,044 - deformetrica.core.estimators.gradient_ascent - INFO - >> Log-likelihood = -7.052E+03 	 [ attachment = -6.680E+03 ; regularity = -3.715E+02 ]
2021-08-30 14:47:01,504 - deformetrica.core.estimators.gradient_ascent - INFO - >> Step size and gradient norm: 
2021-08-30 14:47:01,505 - deformetrica.core.estimators.gradient_ascent - INFO - 		1.504E-09   and   1.307E+05 	[ v0 ]
2021-08-30 14:47:01,507 - deformetrica.core.estimators.gradient_ascent - INFO - 		9.951E-08   and   2.746E+04 	[ p0 ]
2021-08-30 14:47:01,509 - deformetrica.core.estimators.gradient_ascent - INFO - 		1.568E-06   and   2.130E+04 	[ metric_parameters ]
2021-08-30 14:47:01,509 - deformetrica.core.estimators.gradient_ascent - INFO - 		1.127E-05   and   1.470E+03 	[ modulation_matrix ]
2021-08-30 14:47:26,387 - deformetrica.core.estimators.gradient_ascent - INFO - --------------------------------- GA Iteration: 4/4 -----------------------------------
2021-08-30 14:47:26,389 - deformetrica.core.estimators.gradient_ascent - INFO - >> Log-likelihood = -6.968E+03 	 [ attachment = -6.596E+03 ; regularity = -3.715E+02 ]
2021-08-30 14:47:26,389 - deformetrica.core.estimators.mcmc_saem - INFO - 
2021-08-30 14:47:26,389 - deformetrica.core.estimators.mcmc_saem - INFO - [ end of the gradient-based maximization ]
2021-08-30 14:47:26,396 - deformetrica.core.estimators.mcmc_saem - INFO - 
2021-08-30 14:47:26,396 - deformetrica.core.estimators.mcmc_saem - INFO - ---------------------------------- MCMC Iteration: 7 -------------------------------------
2021-08-30 14:47:26,396 - deformetrica.core.estimators.mcmc_saem - INFO - >> Average acceptance rates (all past iterations):
2021-08-30 14:47:26,396 - deformetrica.core.estimators.mcmc_saem - INFO -        34.96190476190477   onset_age
2021-08-30 14:47:26,396 - deformetrica.core.estimators.mcmc_saem - INFO -        46.18095238095238   log_acceleration
2021-08-30 14:47:26,397 - deformetrica.core.estimators.mcmc_saem - INFO -        32.46666666666666   sources
2021-08-30 14:47:26,397 - deformetrica.core.models.longitudinal_metric_learning - INFO - >> Model parameters:
2021-08-30 14:47:26,397 - deformetrica.core.models.longitudinal_metric_learning - INFO - 		 noise_variance    =	0.0437
2021-08-30 14:47:26,397 - deformetrica.core.models.longitudinal_metric_learning - INFO - 		 onset_ages        =	72.299	[ mean ]	+/-	20.9962	[std]
2021-08-30 14:47:26,397 - deformetrica.core.models.longitudinal_metric_learning - INFO - 		 log_accelerations =	0.0000	[ mean ]	+/-	0.5483	[std]
2021-08-30 14:47:26,398 - deformetrica.core.models.longitudinal_metric_learning - INFO - 		 sources           =	-0.1205	[ mean ]	+/-	1.0000	[std]
2021-08-30 14:55:11,802 - deformetrica.core.estimator_tools.samplers.srw_mhwg_sampler - INFO - >> Proposal std re-evaluated from:
		 7.286 	to	7.217 	[ onset_age ]
		 0.525 	to	0.527 	[ log_acceleration ]
		 0.466 	to	0.458 	[ sources ]
2021-08-30 14:55:45,476 - deformetrica.core.estimators.mcmc_saem - INFO - 
2021-08-30 14:55:45,477 - deformetrica.core.estimators.mcmc_saem - INFO - [ maximizing over the fixed effects with the GradientAscent optimizer ]
2021-08-30 14:57:23,247 - deformetrica.core.estimators.gradient_ascent - INFO - --------------------------------- GA Iteration: 0/4 -----------------------------------
2021-08-30 14:57:23,249 - deformetrica.core.estimators.gradient_ascent - INFO - >> Log-likelihood = -1.071E+04 	 [ attachment = -1.033E+04 ; regularity = -3.854E+02 ]
2021-08-30 14:57:23,250 - deformetrica.core.estimators.gradient_ascent - INFO - >> Step size and gradient norm: 
2021-08-30 14:57:23,251 - deformetrica.core.estimators.gradient_ascent - INFO - 		2.332E-09   and   1.859E+05 	[ v0 ]
2021-08-30 14:57:23,251 - deformetrica.core.estimators.gradient_ascent - INFO - 		1.493E-07   and   9.352E+04 	[ p0 ]
2021-08-30 14:57:23,252 - deformetrica.core.estimators.gradient_ascent - INFO - 		2.352E-06   and   2.991E+04 	[ metric_parameters ]
2021-08-30 14:57:23,252 - deformetrica.core.estimators.gradient_ascent - INFO - 		1.824E-05   and   2.733E+03 	[ modulation_matrix ]
2021-08-30 14:59:23,007 - deformetrica.core.estimators.gradient_ascent - INFO - >> Step size and gradient norm: 
2021-08-30 14:59:23,007 - deformetrica.core.estimators.gradient_ascent - INFO - 		1.865E-09   and   1.859E+05 	[ v0 ]
2021-08-30 14:59:23,008 - deformetrica.core.estimators.gradient_ascent - INFO - 		1.194E-07   and   9.352E+04 	[ p0 ]
2021-08-30 14:59:23,008 - deformetrica.core.estimators.gradient_ascent - INFO - 		1.881E-06   and   2.991E+04 	[ metric_parameters ]
2021-08-30 14:59:23,008 - deformetrica.core.estimators.gradient_ascent - INFO - 		1.459E-05   and   2.733E+03 	[ modulation_matrix ]
2021-08-30 15:01:32,579 - deformetrica.core.estimators.gradient_ascent - INFO - --------------------------------- GA Iteration: 1/4 -----------------------------------
2021-08-30 15:01:32,580 - deformetrica.core.estimators.gradient_ascent - INFO - >> Log-likelihood = -1.051E+04 	 [ attachment = -1.013E+04 ; regularity = -3.853E+02 ]
2021-08-30 15:03:15,996 - deformetrica.core.estimators.gradient_ascent - INFO - >> Step size and gradient norm: 
2021-08-30 15:03:17,261 - deformetrica.core.estimators.gradient_ascent - INFO - 		1.492E-09   and   2.125E+05 	[ v0 ]
2021-08-30 15:03:17,263 - deformetrica.core.estimators.gradient_ascent - INFO - 		9.552E-08   and   7.946E+04 	[ p0 ]
2021-08-30 15:03:17,264 - deformetrica.core.estimators.gradient_ascent - INFO - 		1.505E-06   and   6.304E+04 	[ metric_parameters ]
2021-08-30 15:03:17,264 - deformetrica.core.estimators.gradient_ascent - INFO - 		1.459E-05   and   1.832E+03 	[ modulation_matrix ]
2021-08-30 15:05:34,835 - deformetrica.core.estimators.gradient_ascent - INFO - >> Step size and gradient norm: 
2021-08-30 15:05:34,837 - deformetrica.core.estimators.gradient_ascent - INFO - 		1.194E-09   and   2.125E+05 	[ v0 ]
2021-08-30 15:05:34,837 - deformetrica.core.estimators.gradient_ascent - INFO - 		7.642E-08   and   7.946E+04 	[ p0 ]
2021-08-30 15:05:34,837 - deformetrica.core.estimators.gradient_ascent - INFO - 		1.204E-06   and   6.304E+04 	[ metric_parameters ]
2021-08-30 15:05:34,837 - deformetrica.core.estimators.gradient_ascent - INFO - 		1.167E-05   and   1.832E+03 	[ modulation_matrix ]
2021-08-30 15:07:42,144 - deformetrica.core.estimators.gradient_ascent - INFO - --------------------------------- GA Iteration: 2/4 -----------------------------------
2021-08-30 15:07:42,145 - deformetrica.core.estimators.gradient_ascent - INFO - >> Log-likelihood = -1.030E+04 	 [ attachment = -9.918E+03 ; regularity = -3.853E+02 ]
2021-08-30 15:09:21,572 - deformetrica.core.estimators.gradient_ascent - INFO - >> Step size and gradient norm: 
2021-08-30 15:09:22,353 - deformetrica.core.estimators.gradient_ascent - INFO - 		1.194E-09   and   3.184E+05 	[ v0 ]
2021-08-30 15:09:22,354 - deformetrica.core.estimators.gradient_ascent - INFO - 		6.114E-08   and   5.659E+04 	[ p0 ]
2021-08-30 15:09:22,355 - deformetrica.core.estimators.gradient_ascent - INFO - 		9.632E-07   and   2.407E+04 	[ metric_parameters ]
2021-08-30 15:09:22,356 - deformetrica.core.estimators.gradient_ascent - INFO - 		9.337E-06   and   4.537E+03 	[ modulation_matrix ]
2021-08-30 15:09:47,020 - deformetrica.core.estimators.gradient_ascent - INFO - --------------------------------- GA Iteration: 3/4 -----------------------------------
2021-08-30 15:09:47,021 - deformetrica.core.estimators.gradient_ascent - INFO - >> Log-likelihood = -1.009E+04 	 [ attachment = -9.701E+03 ; regularity = -3.853E+02 ]
2021-08-30 15:11:23,274 - deformetrica.core.estimators.gradient_ascent - INFO - >> Step size and gradient norm: 
2021-08-30 15:11:24,077 - deformetrica.core.estimators.gradient_ascent - INFO - 		1.791E-09   and   1.506E+05 	[ v0 ]
2021-08-30 15:11:24,079 - deformetrica.core.estimators.gradient_ascent - INFO - 		9.170E-08   and   2.560E+04 	[ p0 ]
2021-08-30 15:11:24,079 - deformetrica.core.estimators.gradient_ascent - INFO - 		1.445E-06   and   3.331E+04 	[ metric_parameters ]
2021-08-30 15:11:24,079 - deformetrica.core.estimators.gradient_ascent - INFO - 		1.401E-05   and   2.373E+03 	[ modulation_matrix ]
2021-08-30 15:13:26,801 - deformetrica.core.estimators.gradient_ascent - INFO - >> Step size and gradient norm: 
2021-08-30 15:13:26,802 - deformetrica.core.estimators.gradient_ascent - INFO - 		1.433E-09   and   1.506E+05 	[ v0 ]
2021-08-30 15:13:26,802 - deformetrica.core.estimators.gradient_ascent - INFO - 		7.336E-08   and   2.560E+04 	[ p0 ]
2021-08-30 15:13:26,802 - deformetrica.core.estimators.gradient_ascent - INFO - 		1.156E-06   and   3.331E+04 	[ metric_parameters ]
2021-08-30 15:13:26,803 - deformetrica.core.estimators.gradient_ascent - INFO - 		1.120E-05   and   2.373E+03 	[ modulation_matrix ]
2021-08-30 15:15:43,407 - deformetrica.core.estimators.gradient_ascent - INFO - --------------------------------- GA Iteration: 4/4 -----------------------------------
2021-08-30 15:15:43,408 - deformetrica.core.estimators.gradient_ascent - INFO - >> Log-likelihood = -1.001E+04 	 [ attachment = -9.625E+03 ; regularity = -3.853E+02 ]
2021-08-30 15:15:43,408 - deformetrica.core.estimators.mcmc_saem - INFO - 
2021-08-30 15:15:43,408 - deformetrica.core.estimators.mcmc_saem - INFO - [ end of the gradient-based maximization ]
2021-08-30 15:15:43,415 - deformetrica.core.estimators.mcmc_saem - INFO - 
2021-08-30 15:15:43,415 - deformetrica.core.estimators.mcmc_saem - INFO - ---------------------------------- MCMC Iteration: 8 -------------------------------------
2021-08-30 15:15:43,415 - deformetrica.core.estimators.mcmc_saem - INFO - >> Average acceptance rates (all past iterations):
2021-08-30 15:15:43,415 - deformetrica.core.estimators.mcmc_saem - INFO -        34.775   onset_age
2021-08-30 15:15:43,415 - deformetrica.core.estimators.mcmc_saem - INFO -        44.53333333333333   log_acceleration
2021-08-30 15:15:43,415 - deformetrica.core.estimators.mcmc_saem - INFO -        32.10833333333333   sources
2021-08-30 15:15:43,415 - deformetrica.core.models.longitudinal_metric_learning - INFO - >> Model parameters:
2021-08-30 15:15:43,415 - deformetrica.core.models.longitudinal_metric_learning - INFO - 		 noise_variance    =	0.0360
2021-08-30 15:15:43,416 - deformetrica.core.models.longitudinal_metric_learning - INFO - 		 onset_ages        =	72.699	[ mean ]	+/-	19.7505	[std]
2021-08-30 15:15:43,416 - deformetrica.core.models.longitudinal_metric_learning - INFO - 		 log_accelerations =	0.0000	[ mean ]	+/-	0.5476	[std]
2021-08-30 15:15:43,416 - deformetrica.core.models.longitudinal_metric_learning - INFO - 		 sources           =	-0.0047	[ mean ]	+/-	1.0000	[std]
2021-08-30 15:23:13,764 - deformetrica.core.estimator_tools.samplers.srw_mhwg_sampler - INFO - >> Proposal std re-evaluated from:
		 6.533 	to	6.378 	[ onset_age ]
		 0.489 	to	0.486 	[ log_acceleration ]
		 0.403 	to	0.395 	[ sources ]
2021-08-30 15:23:39,492 - deformetrica.core.estimators.mcmc_saem - INFO - 
2021-08-30 15:23:39,493 - deformetrica.core.estimators.mcmc_saem - INFO - [ maximizing over the fixed effects with the GradientAscent optimizer ]
2021-08-30 15:25:13,235 - deformetrica.core.estimators.gradient_ascent - INFO - --------------------------------- GA Iteration: 0/4 -----------------------------------
2021-08-30 15:25:13,236 - deformetrica.core.estimators.gradient_ascent - INFO - >> Log-likelihood = -1.389E+04 	 [ attachment = -1.349E+04 ; regularity = -4.016E+02 ]
2021-08-30 15:25:13,238 - deformetrica.core.estimators.gradient_ascent - INFO - >> Step size and gradient norm: 
2021-08-30 15:25:13,238 - deformetrica.core.estimators.gradient_ascent - INFO - 		1.418E-09   and   8.199E+04 	[ v0 ]
2021-08-30 15:25:13,239 - deformetrica.core.estimators.gradient_ascent - INFO - 		5.869E-08   and   2.287E+04 	[ p0 ]
2021-08-30 15:25:13,239 - deformetrica.core.estimators.gradient_ascent - INFO - 		9.247E-07   and   3.722E+04 	[ metric_parameters ]
2021-08-30 15:25:13,239 - deformetrica.core.estimators.gradient_ascent - INFO - 		1.151E-05   and   1.759E+04 	[ modulation_matrix ]
2021-08-30 15:25:40,583 - deformetrica.core.estimators.gradient_ascent - INFO - --------------------------------- GA Iteration: 1/4 -----------------------------------
2021-08-30 15:25:40,584 - deformetrica.core.estimators.gradient_ascent - INFO - >> Log-likelihood = -1.388E+04 	 [ attachment = -1.348E+04 ; regularity = -4.015E+02 ]
2021-08-30 15:27:15,528 - deformetrica.core.estimators.gradient_ascent - INFO - >> Step size and gradient norm: 
2021-08-30 15:27:16,332 - deformetrica.core.estimators.gradient_ascent - INFO - 		2.127E-09   and   2.458E+05 	[ v0 ]
2021-08-30 15:27:16,333 - deformetrica.core.estimators.gradient_ascent - INFO - 		8.804E-08   and   5.157E+04 	[ p0 ]
2021-08-30 15:27:16,334 - deformetrica.core.estimators.gradient_ascent - INFO - 		1.387E-06   and   2.122E+04 	[ metric_parameters ]
2021-08-30 15:27:16,334 - deformetrica.core.estimators.gradient_ascent - INFO - 		1.727E-05   and   1.481E+04 	[ modulation_matrix ]
2021-08-30 15:29:27,221 - deformetrica.core.estimators.gradient_ascent - INFO - >> Step size and gradient norm: 
2021-08-30 15:29:27,222 - deformetrica.core.estimators.gradient_ascent - INFO - 		1.702E-09   and   2.458E+05 	[ v0 ]
2021-08-30 15:29:27,222 - deformetrica.core.estimators.gradient_ascent - INFO - 		7.043E-08   and   5.157E+04 	[ p0 ]
2021-08-30 15:29:27,222 - deformetrica.core.estimators.gradient_ascent - INFO - 		1.110E-06   and   2.122E+04 	[ metric_parameters ]
2021-08-30 15:29:27,222 - deformetrica.core.estimators.gradient_ascent - INFO - 		1.381E-05   and   1.481E+04 	[ modulation_matrix ]
2021-08-30 15:31:52,600 - deformetrica.core.estimators.gradient_ascent - INFO - --------------------------------- GA Iteration: 2/4 -----------------------------------
2021-08-30 15:31:52,601 - deformetrica.core.estimators.gradient_ascent - INFO - >> Log-likelihood = -1.363E+04 	 [ attachment = -1.323E+04 ; regularity = -4.015E+02 ]
2021-08-30 15:33:26,894 - deformetrica.core.estimators.gradient_ascent - INFO - >> Step size and gradient norm: 
2021-08-30 15:33:27,675 - deformetrica.core.estimators.gradient_ascent - INFO - 		1.702E-09   and   4.411E+05 	[ v0 ]
2021-08-30 15:33:27,677 - deformetrica.core.estimators.gradient_ascent - INFO - 		5.634E-08   and   6.760E+04 	[ p0 ]
2021-08-30 15:33:27,677 - deformetrica.core.estimators.gradient_ascent - INFO - 		8.877E-07   and   5.426E+04 	[ metric_parameters ]
2021-08-30 15:33:27,677 - deformetrica.core.estimators.gradient_ascent - INFO - 		1.105E-05   and   1.236E+04 	[ modulation_matrix ]
2021-08-30 15:35:28,770 - deformetrica.core.estimators.gradient_ascent - INFO - --------------------------------- GA Iteration: 3/4 -----------------------------------
2021-08-30 15:35:28,770 - deformetrica.core.estimators.gradient_ascent - INFO - >> Log-likelihood = -1.357E+04 	 [ attachment = -1.317E+04 ; regularity = -4.015E+02 ]
2021-08-30 15:37:00,091 - deformetrica.core.estimators.gradient_ascent - INFO - >> Step size and gradient norm: 
2021-08-30 15:37:00,897 - deformetrica.core.estimators.gradient_ascent - INFO - 		1.702E-09   and   5.960E+05 	[ v0 ]
2021-08-30 15:37:00,898 - deformetrica.core.estimators.gradient_ascent - INFO - 		4.507E-08   and   6.761E+04 	[ p0 ]
2021-08-30 15:37:00,899 - deformetrica.core.estimators.gradient_ascent - INFO - 		7.102E-07   and   3.025E+04 	[ metric_parameters ]
2021-08-30 15:37:00,899 - deformetrica.core.estimators.gradient_ascent - INFO - 		8.841E-06   and   9.945E+03 	[ modulation_matrix ]
2021-08-30 15:37:26,054 - deformetrica.core.estimators.gradient_ascent - INFO - --------------------------------- GA Iteration: 4/4 -----------------------------------
2021-08-30 15:37:26,055 - deformetrica.core.estimators.gradient_ascent - INFO - >> Log-likelihood = -1.326E+04 	 [ attachment = -1.286E+04 ; regularity = -4.015E+02 ]
2021-08-30 15:37:26,056 - deformetrica.core.estimators.mcmc_saem - INFO - 
2021-08-30 15:37:26,056 - deformetrica.core.estimators.mcmc_saem - INFO - [ end of the gradient-based maximization ]
2021-08-30 15:37:26,063 - deformetrica.core.estimators.mcmc_saem - INFO - 
2021-08-30 15:37:26,063 - deformetrica.core.estimators.mcmc_saem - INFO - ---------------------------------- MCMC Iteration: 9 -------------------------------------
2021-08-30 15:37:26,063 - deformetrica.core.estimators.mcmc_saem - INFO - >> Average acceptance rates (all past iterations):
2021-08-30 15:37:26,063 - deformetrica.core.estimators.mcmc_saem - INFO -        33.98518518518517   onset_age
2021-08-30 15:37:26,063 - deformetrica.core.estimators.mcmc_saem - INFO -        42.86666666666665   log_acceleration
2021-08-30 15:37:26,063 - deformetrica.core.estimators.mcmc_saem - INFO -        31.50370370370369   sources
2021-08-30 15:37:26,063 - deformetrica.core.models.longitudinal_metric_learning - INFO - >> Model parameters:
2021-08-30 15:37:26,063 - deformetrica.core.models.longitudinal_metric_learning - INFO - 		 noise_variance    =	0.0315
2021-08-30 15:37:26,064 - deformetrica.core.models.longitudinal_metric_learning - INFO - 		 onset_ages        =	72.509	[ mean ]	+/-	19.0556	[std]
2021-08-30 15:37:26,064 - deformetrica.core.models.longitudinal_metric_learning - INFO - 		 log_accelerations =	0.0000	[ mean ]	+/-	0.5137	[std]
2021-08-30 15:37:26,064 - deformetrica.core.models.longitudinal_metric_learning - INFO - 		 sources           =	-0.0191	[ mean ]	+/-	1.0000	[std]
2021-08-30 15:45:00,399 - deformetrica.core.estimator_tools.samplers.srw_mhwg_sampler - INFO - >> Proposal std re-evaluated from:
		 5.693 	to	5.540 	[ onset_age ]
		 0.461 	to	0.447 	[ log_acceleration ]
		 0.367 	to	0.351 	[ sources ]
2021-08-30 15:45:24,701 - deformetrica.core.estimators.mcmc_saem - INFO - 
2021-08-30 15:45:24,702 - deformetrica.core.estimators.mcmc_saem - INFO - [ maximizing over the fixed effects with the GradientAscent optimizer ]
2021-08-30 15:46:58,474 - deformetrica.core.estimators.gradient_ascent - INFO - --------------------------------- GA Iteration: 0/4 -----------------------------------
2021-08-30 15:46:58,476 - deformetrica.core.estimators.gradient_ascent - INFO - >> Log-likelihood = -1.461E+04 	 [ attachment = -1.420E+04 ; regularity = -4.075E+02 ]
2021-08-30 15:46:58,478 - deformetrica.core.estimators.gradient_ascent - INFO - >> Step size and gradient norm: 
2021-08-30 15:46:58,478 - deformetrica.core.estimators.gradient_ascent - INFO - 		2.558E-09   and   7.148E+05 	[ v0 ]
2021-08-30 15:46:58,478 - deformetrica.core.estimators.gradient_ascent - INFO - 		6.761E-08   and   3.415E+04 	[ p0 ]
2021-08-30 15:46:58,478 - deformetrica.core.estimators.gradient_ascent - INFO - 		1.065E-06   and   4.253E+04 	[ metric_parameters ]
2021-08-30 15:46:58,479 - deformetrica.core.estimators.gradient_ascent - INFO - 		1.488E-05   and   1.819E+04 	[ modulation_matrix ]
2021-08-30 15:49:07,036 - deformetrica.core.estimators.gradient_ascent - INFO - >> Step size and gradient norm: 
2021-08-30 15:49:07,037 - deformetrica.core.estimators.gradient_ascent - INFO - 		2.046E-09   and   7.148E+05 	[ v0 ]
2021-08-30 15:49:07,037 - deformetrica.core.estimators.gradient_ascent - INFO - 		5.409E-08   and   3.415E+04 	[ p0 ]
2021-08-30 15:49:07,037 - deformetrica.core.estimators.gradient_ascent - INFO - 		8.522E-07   and   4.253E+04 	[ metric_parameters ]
2021-08-30 15:49:07,037 - deformetrica.core.estimators.gradient_ascent - INFO - 		1.191E-05   and   1.819E+04 	[ modulation_matrix ]
2021-08-30 15:51:20,051 - deformetrica.core.estimators.gradient_ascent - INFO - >> Step size and gradient norm: 
2021-08-30 15:51:20,051 - deformetrica.core.estimators.gradient_ascent - INFO - 		1.637E-09   and   7.148E+05 	[ v0 ]
2021-08-30 15:51:20,052 - deformetrica.core.estimators.gradient_ascent - INFO - 		4.327E-08   and   3.415E+04 	[ p0 ]
2021-08-30 15:51:20,052 - deformetrica.core.estimators.gradient_ascent - INFO - 		6.818E-07   and   4.253E+04 	[ metric_parameters ]
2021-08-30 15:51:20,052 - deformetrica.core.estimators.gradient_ascent - INFO - 		9.525E-06   and   1.819E+04 	[ modulation_matrix ]
2021-08-30 15:53:51,907 - deformetrica.core.estimators.gradient_ascent - INFO - --------------------------------- GA Iteration: 1/4 -----------------------------------
2021-08-30 15:53:51,908 - deformetrica.core.estimators.gradient_ascent - INFO - >> Log-likelihood = -1.406E+04 	 [ attachment = -1.366E+04 ; regularity = -4.074E+02 ]
2021-08-30 15:59:23,327 - deformetrica.core.estimators.gradient_ascent - INFO - >> Step size and gradient norm: 
2021-08-30 15:59:24,329 - deformetrica.core.estimators.gradient_ascent - INFO - 		1.310E-09   and   5.034E+05 	[ v0 ]
2021-08-30 15:59:24,330 - deformetrica.core.estimators.gradient_ascent - INFO - 		4.327E-08   and   5.698E+04 	[ p0 ]
2021-08-30 15:59:24,331 - deformetrica.core.estimators.gradient_ascent - INFO - 		5.454E-07   and   2.611E+04 	[ metric_parameters ]
2021-08-30 15:59:24,331 - deformetrica.core.estimators.gradient_ascent - INFO - 		7.620E-06   and   9.980E+03 	[ modulation_matrix ]
2021-08-30 16:00:14,679 - deformetrica.core.estimators.gradient_ascent - INFO - --------------------------------- GA Iteration: 2/4 -----------------------------------
2021-08-30 16:00:14,680 - deformetrica.core.estimators.gradient_ascent - INFO - >> Log-likelihood = -1.362E+04 	 [ attachment = -1.322E+04 ; regularity = -4.074E+02 ]
