2021-06-23 12:22:39,960 - root - ERROR - Logger has been set to: INFO
2021-06-23 12:22:40,194 - __main__ - INFO -  >>> Personalizing for each individual.
2021-06-23 12:22:40,426 - __main__ - INFO - Initializing all the onset_ages to the reference time.
2021-06-23 12:22:40,426 - __main__ - INFO - Initializing all log-accelerations to zero.
2021-06-23 12:22:40,426 - __main__ - INFO - Initializing exponential type to parametric
2021-06-23 12:22:40,427 - __main__ - INFO - Loading metric parameters from file simulated_study/output_2/LongitudinalMetricModel_metric_parameters.txt
2021-06-23 12:22:40,427 - __main__ - INFO - Loading the interpolation points from file simulated_study/output_2/LongitudinalMetricModel_interpolation_points.txt
2021-06-23 12:22:40,427 - __main__ - INFO - The width for the metric interpolation is set to 0.25
2021-06-23 12:22:40,428 - __main__ - INFO - I am setting the no_parallel_transport flag to False.
2021-06-23 12:22:40,428 - __main__ - INFO - >> Reading 1-source initial modulation matrix from file: simulated_study/output_2/LongitudinalMetricModel_modulation_matrix.txt
2021-06-23 12:22:40,428 - __main__ - INFO - Initializing all sources to zero
2021-06-23 12:22:40,429 - deformetrica.core.models.longitudinal_metric_learning - INFO - Acceleration factors max/min: (1.0, 0, 1.0, 0)
2021-06-23 12:22:41,371 - deformetrica.core.models.longitudinal_metric_learning - INFO - Tmin 35.12456512451172 Tmax 110 Update of the spatiotemporalframe: 915 ms
2021-06-23 12:22:53,595 - __main__ - INFO - >> Initial noise variance set to 0.05249934298545122 based on the initial mean residual value.
2021-06-23 12:22:53,596 - deformetrica.core.models.longitudinal_metric_learning - INFO - ('v0', True)
2021-06-23 12:22:53,596 - deformetrica.core.models.longitudinal_metric_learning - INFO - ('p0', True)
2021-06-23 12:22:53,596 - deformetrica.core.models.longitudinal_metric_learning - INFO - ('reference_time', True)
2021-06-23 12:22:53,596 - deformetrica.core.models.longitudinal_metric_learning - INFO - ('onset_age_variance', True)
2021-06-23 12:22:53,596 - deformetrica.core.models.longitudinal_metric_learning - INFO - ('log_acceleration_variance', True)
2021-06-23 12:22:53,596 - deformetrica.core.models.longitudinal_metric_learning - INFO - ('noise_variance', True)
2021-06-23 12:22:53,596 - deformetrica.core.models.longitudinal_metric_learning - INFO - ('metric_parameters', True)
2021-06-23 12:22:53,596 - deformetrica.core.models.longitudinal_metric_learning - INFO - ('modulation_matrix', True)
2021-06-23 12:22:53,610 - deformetrica.core.models.longitudinal_metric_learning - INFO - Acceleration factors max/min: (1.0, 0, 1.0, 0)
2021-06-23 12:22:53,842 - deformetrica.core.models.longitudinal_metric_learning - INFO - Tmin 68.641 Tmax 91.07666015625 Update of the spatiotemporalframe: 225 ms
2021-06-23 12:22:54,011 - deformetrica.core.estimators.gradient_ascent - INFO - --------------------------------- GA Iteration: 0/300 -----------------------------------
2021-06-23 12:22:54,013 - deformetrica.core.estimators.gradient_ascent - INFO - >> Log-likelihood = -9.980E-01 	 [ attachment = -9.821E-01 ; regularity = -1.585E-02 ]
2021-06-23 12:22:54,013 - deformetrica.core.estimators.gradient_ascent - INFO - >> Step size and gradient norm: 
2021-06-23 12:22:54,013 - deformetrica.core.estimators.gradient_ascent - INFO - 		1.139E+01   and   2.194E-01 	[ onset_age ]
2021-06-23 12:22:54,013 - deformetrica.core.estimators.gradient_ascent - INFO - 		1.169E-03   and   4.278E+00 	[ log_acceleration ]
2021-06-23 12:22:54,013 - deformetrica.core.estimators.gradient_ascent - INFO - 		1.607E-02   and   3.112E-01 	[ sources ]
2021-06-23 12:22:54,014 - deformetrica.core.models.longitudinal_metric_learning - INFO - Acceleration factors max/min: (1.0050125, 0, 1.0050125, 0)
2021-06-23 12:22:54,269 - deformetrica.core.models.longitudinal_metric_learning - INFO - Tmin 68.641 Tmax 93.70165252685547 Update of the spatiotemporalframe: 248 ms
2021-06-23 12:22:54,325 - deformetrica.core.estimators.gradient_ascent - INFO - --------------------------------- GA Iteration: 1/300 -----------------------------------
2021-06-23 12:22:54,327 - deformetrica.core.estimators.gradient_ascent - INFO - >> Log-likelihood = -5.975E-01 	 [ attachment = -5.634E-01 ; regularity = -3.412E-02 ]
2021-06-23 12:22:54,327 - deformetrica.core.models.longitudinal_metric_learning - INFO - Acceleration factors max/min: (1.0050125, 0, 1.0050125, 0)
2021-06-23 12:22:54,583 - deformetrica.core.models.longitudinal_metric_learning - INFO - Tmin 68.641 Tmax 93.70165252685547 Update of the spatiotemporalframe: 249 ms
2021-06-23 12:22:54,738 - deformetrica.core.estimators.gradient_ascent - INFO - >> Step size and gradient norm: 
2021-06-23 12:22:54,739 - deformetrica.core.estimators.gradient_ascent - INFO - 		1.709E+01   and   1.017E-01 	[ onset_age ]
2021-06-23 12:22:54,740 - deformetrica.core.estimators.gradient_ascent - INFO - 		1.753E-03   and   2.510E+00 	[ log_acceleration ]
2021-06-23 12:22:54,740 - deformetrica.core.estimators.gradient_ascent - INFO - 		2.410E-02   and   3.706E-01 	[ sources ]
2021-06-23 12:22:54,740 - deformetrica.core.models.longitudinal_metric_learning - INFO - Acceleration factors max/min: (1.0094447, 0, 1.0094447, 0)
2021-06-23 12:22:55,015 - deformetrica.core.models.longitudinal_metric_learning - INFO - Tmin 68.641 Tmax 95.56608581542969 Update of the spatiotemporalframe: 268 ms
2021-06-23 12:22:55,071 - deformetrica.core.estimators.gradient_ascent - INFO - --------------------------------- GA Iteration: 2/300 -----------------------------------
2021-06-23 12:22:55,072 - deformetrica.core.estimators.gradient_ascent - INFO - >> Log-likelihood = -5.000E-01 	 [ attachment = -4.315E-01 ; regularity = -6.852E-02 ]
2021-06-23 12:22:55,072 - deformetrica.core.models.longitudinal_metric_learning - INFO - Acceleration factors max/min: (1.0094447, 0, 1.0094447, 0)
2021-06-23 12:22:55,347 - deformetrica.core.models.longitudinal_metric_learning - INFO - Tmin 68.641 Tmax 95.56608581542969 Update of the spatiotemporalframe: 268 ms
2021-06-23 12:22:55,503 - deformetrica.core.estimators.gradient_ascent - INFO - >> Step size and gradient norm: 
2021-06-23 12:22:55,504 - deformetrica.core.estimators.gradient_ascent - INFO - 		2.564E+01   and   1.808E-02 	[ onset_age ]
2021-06-23 12:22:55,504 - deformetrica.core.estimators.gradient_ascent - INFO - 		2.630E-03   and   9.295E-01 	[ log_acceleration ]
2021-06-23 12:22:55,504 - deformetrica.core.estimators.gradient_ascent - INFO - 		3.615E-02   and   4.029E-01 	[ sources ]
2021-06-23 12:22:55,504 - deformetrica.core.models.longitudinal_metric_learning - INFO - Acceleration factors max/min: (1.0119152, 0, 1.0119152, 0)
2021-06-23 12:22:55,784 - deformetrica.core.models.longitudinal_metric_learning - INFO - Tmin 68.641 Tmax 96.10110473632812 Update of the spatiotemporalframe: 273 ms
2021-06-23 12:22:55,841 - deformetrica.core.estimators.gradient_ascent - INFO - --------------------------------- GA Iteration: 3/300 -----------------------------------
2021-06-23 12:22:55,842 - deformetrica.core.estimators.gradient_ascent - INFO - >> Log-likelihood = -4.932E-01 	 [ attachment = -4.141E-01 ; regularity = -7.903E-02 ]
2021-06-23 12:22:55,842 - deformetrica.core.models.longitudinal_metric_learning - INFO - Acceleration factors max/min: (1.0119152, 0, 1.0119152, 0)
2021-06-23 12:22:56,122 - deformetrica.core.models.longitudinal_metric_learning - INFO - Tmin 68.641 Tmax 96.10110473632812 Update of the spatiotemporalframe: 273 ms
2021-06-23 12:22:56,277 - deformetrica.core.estimators.gradient_ascent - INFO - >> Step size and gradient norm: 
2021-06-23 12:22:56,278 - deformetrica.core.estimators.gradient_ascent - INFO - 		3.846E+01   and   1.227E-02 	[ onset_age ]
2021-06-23 12:22:56,278 - deformetrica.core.estimators.gradient_ascent - INFO - 		3.945E-03   and   8.709E-01 	[ log_acceleration ]
2021-06-23 12:22:56,279 - deformetrica.core.estimators.gradient_ascent - INFO - 		5.423E-02   and   3.934E-01 	[ sources ]
2021-06-23 12:22:56,279 - deformetrica.core.models.longitudinal_metric_learning - INFO - Acceleration factors max/min: (1.0153978, 0, 1.0153978, 0)
2021-06-23 12:22:56,564 - deformetrica.core.models.longitudinal_metric_learning - INFO - Tmin 68.641 Tmax 96.67491149902344 Update of the spatiotemporalframe: 278 ms
2021-06-23 12:22:56,621 - deformetrica.core.models.longitudinal_metric_learning - INFO - Acceleration factors max/min: (1.0147003, 0, 1.0147003, 0)
2021-06-23 12:22:56,905 - deformetrica.core.models.longitudinal_metric_learning - INFO - Tmin 68.641 Tmax 96.65565490722656 Update of the spatiotemporalframe: 277 ms
2021-06-23 12:22:56,961 - deformetrica.core.models.longitudinal_metric_learning - INFO - Acceleration factors max/min: (1.0153978, 0, 1.0153978, 0)
2021-06-23 12:22:57,245 - deformetrica.core.models.longitudinal_metric_learning - INFO - Tmin 68.641 Tmax 96.57905578613281 Update of the spatiotemporalframe: 277 ms
2021-06-23 12:22:57,302 - deformetrica.core.models.longitudinal_metric_learning - INFO - Acceleration factors max/min: (1.0147003, 0, 1.0147003, 0)
2021-06-23 12:22:57,587 - deformetrica.core.models.longitudinal_metric_learning - INFO - Tmin 68.641 Tmax 96.55986022949219 Update of the spatiotemporalframe: 278 ms
2021-06-23 12:22:57,643 - deformetrica.core.estimators.gradient_ascent - INFO - >> Step size and gradient norm: 
2021-06-23 12:22:57,644 - deformetrica.core.estimators.gradient_ascent - INFO - 		3.076E+01   and   1.227E-02 	[ onset_age ]
2021-06-23 12:22:57,644 - deformetrica.core.estimators.gradient_ascent - INFO - 		3.156E-03   and   8.709E-01 	[ log_acceleration ]
2021-06-23 12:22:57,644 - deformetrica.core.estimators.gradient_ascent - INFO - 		4.338E-02   and   3.934E-01 	[ sources ]
2021-06-23 12:22:57,644 - deformetrica.core.models.longitudinal_metric_learning - INFO - Acceleration factors max/min: (1.0147003, 0, 1.0147003, 0)
2021-06-23 12:22:57,929 - deformetrica.core.models.longitudinal_metric_learning - INFO - Tmin 68.641 Tmax 96.55986022949219 Update of the spatiotemporalframe: 278 ms
2021-06-23 12:22:57,985 - deformetrica.core.models.longitudinal_metric_learning - INFO - Acceleration factors max/min: (1.0141428, 0, 1.0141428, 0)
2021-06-23 12:22:58,269 - deformetrica.core.models.longitudinal_metric_learning - INFO - Tmin 68.641 Tmax 96.54452514648438 Update of the spatiotemporalframe: 276 ms
2021-06-23 12:22:58,326 - deformetrica.core.models.longitudinal_metric_learning - INFO - Acceleration factors max/min: (1.0147003, 0, 1.0147003, 0)
2021-06-23 12:22:58,612 - deformetrica.core.models.longitudinal_metric_learning - INFO - Tmin 68.641 Tmax 96.48322296142578 Update of the spatiotemporalframe: 279 ms
2021-06-23 12:22:58,669 - deformetrica.core.models.longitudinal_metric_learning - INFO - Acceleration factors max/min: (1.0141428, 0, 1.0141428, 0)
2021-06-23 12:22:58,952 - deformetrica.core.models.longitudinal_metric_learning - INFO - Tmin 68.641 Tmax 96.46792602539062 Update of the spatiotemporalframe: 276 ms
2021-06-23 12:22:59,008 - deformetrica.core.estimators.gradient_ascent - INFO - --------------------------------- GA Iteration: 4/300 -----------------------------------
2021-06-23 12:22:59,009 - deformetrica.core.estimators.gradient_ascent - INFO - >> Log-likelihood = -4.923E-01 	 [ attachment = -4.066E-01 ; regularity = -8.573E-02 ]
2021-06-23 12:22:59,009 - deformetrica.core.models.longitudinal_metric_learning - INFO - Acceleration factors max/min: (1.0141428, 0, 1.0141428, 0)
2021-06-23 12:22:59,291 - deformetrica.core.models.longitudinal_metric_learning - INFO - Tmin 68.641 Tmax 96.46792602539062 Update of the spatiotemporalframe: 275 ms
2021-06-23 12:22:59,448 - deformetrica.core.estimators.gradient_ascent - INFO - >> Step size and gradient norm: 
2021-06-23 12:22:59,449 - deformetrica.core.estimators.gradient_ascent - INFO - 		2.461E+01   and   5.403E-04 	[ onset_age ]
2021-06-23 12:22:59,449 - deformetrica.core.estimators.gradient_ascent - INFO - 		2.525E-03   and   5.934E-01 	[ log_acceleration ]
2021-06-23 12:22:59,450 - deformetrica.core.estimators.gradient_ascent - INFO - 		4.338E-02   and   3.836E-01 	[ sources ]
2021-06-23 12:22:59,450 - deformetrica.core.models.longitudinal_metric_learning - INFO - Acceleration factors max/min: (1.0156631, 0, 1.0156631, 0)
2021-06-23 12:22:59,734 - deformetrica.core.models.longitudinal_metric_learning - INFO - Tmin 68.641 Tmax 96.49613952636719 Update of the spatiotemporalframe: 277 ms
2021-06-23 12:22:59,790 - deformetrica.core.estimators.gradient_ascent - INFO - --------------------------------- GA Iteration: 5/300 -----------------------------------
2021-06-23 12:22:59,791 - deformetrica.core.estimators.gradient_ascent - INFO - >> Log-likelihood = -4.860E-01 	 [ attachment = -4.026E-01 ; regularity = -8.338E-02 ]
2021-06-23 12:22:59,791 - deformetrica.core.models.longitudinal_metric_learning - INFO - Acceleration factors max/min: (1.0156631, 0, 1.0156631, 0)
2021-06-23 12:23:00,075 - deformetrica.core.models.longitudinal_metric_learning - INFO - Tmin 68.641 Tmax 96.49613952636719 Update of the spatiotemporalframe: 277 ms
2021-06-23 12:23:00,232 - deformetrica.core.estimators.gradient_ascent - INFO - >> Step size and gradient norm: 
2021-06-23 12:23:00,233 - deformetrica.core.estimators.gradient_ascent - INFO - 		3.692E+01   and   1.548E-02 	[ onset_age ]
2021-06-23 12:23:00,233 - deformetrica.core.estimators.gradient_ascent - INFO - 		3.787E-03   and   2.044E-01 	[ log_acceleration ]
2021-06-23 12:23:00,233 - deformetrica.core.estimators.gradient_ascent - INFO - 		6.508E-02   and   3.602E-01 	[ sources ]
2021-06-23 12:23:00,233 - deformetrica.core.models.longitudinal_metric_learning - INFO - Acceleration factors max/min: (1.0164497, 0, 1.0164497, 0)
2021-06-23 12:23:00,511 - deformetrica.core.models.longitudinal_metric_learning - INFO - Tmin 68.641 Tmax 95.93680572509766 Update of the spatiotemporalframe: 271 ms
2021-06-23 12:23:00,567 - deformetrica.core.estimators.gradient_ascent - INFO - --------------------------------- GA Iteration: 6/300 -----------------------------------
2021-06-23 12:23:00,568 - deformetrica.core.estimators.gradient_ascent - INFO - >> Log-likelihood = -4.702E-01 	 [ attachment = -4.056E-01 ; regularity = -6.460E-02 ]
2021-06-23 12:23:00,569 - deformetrica.core.models.longitudinal_metric_learning - INFO - Acceleration factors max/min: (1.0164497, 0, 1.0164497, 0)
2021-06-23 12:23:00,847 - deformetrica.core.models.longitudinal_metric_learning - INFO - Tmin 68.641 Tmax 95.93680572509766 Update of the spatiotemporalframe: 272 ms
2021-06-23 12:23:01,005 - deformetrica.core.estimators.gradient_ascent - INFO - >> Step size and gradient norm: 
2021-06-23 12:23:01,006 - deformetrica.core.estimators.gradient_ascent - INFO - 		5.538E+01   and   1.222E-02 	[ onset_age ]
2021-06-23 12:23:01,006 - deformetrica.core.estimators.gradient_ascent - INFO - 		5.681E-03   and   7.836E-01 	[ log_acceleration ]
2021-06-23 12:23:01,006 - deformetrica.core.estimators.gradient_ascent - INFO - 		9.761E-02   and   3.146E-01 	[ sources ]
2021-06-23 12:23:01,007 - deformetrica.core.models.longitudinal_metric_learning - INFO - Acceleration factors max/min: (1.0209845, 0, 1.0209845, 0)
2021-06-23 12:23:01,294 - deformetrica.core.models.longitudinal_metric_learning - INFO - Tmin 68.641 Tmax 96.74945068359375 Update of the spatiotemporalframe: 280 ms
2021-06-23 12:23:01,351 - deformetrica.core.models.longitudinal_metric_learning - INFO - Acceleration factors max/min: (1.0200759, 0, 1.0200759, 0)
2021-06-23 12:23:01,640 - deformetrica.core.models.longitudinal_metric_learning - INFO - Tmin 68.641 Tmax 96.72444152832031 Update of the spatiotemporalframe: 282 ms
2021-06-23 12:23:01,697 - deformetrica.core.models.longitudinal_metric_learning - INFO - Acceleration factors max/min: (1.0209845, 0, 1.0209845, 0)
2021-06-23 12:23:02,039 - deformetrica.core.models.longitudinal_metric_learning - INFO - Tmin 68.641 Tmax 96.61128234863281 Update of the spatiotemporalframe: 335 ms
2021-06-23 12:23:02,148 - deformetrica.core.models.longitudinal_metric_learning - INFO - Acceleration factors max/min: (1.0200759, 0, 1.0200759, 0)
2021-06-23 12:23:02,520 - deformetrica.core.models.longitudinal_metric_learning - INFO - Tmin 68.641 Tmax 96.58638763427734 Update of the spatiotemporalframe: 359 ms
2021-06-23 12:23:02,580 - deformetrica.core.estimators.gradient_ascent - INFO - --------------------------------- GA Iteration: 7/300 -----------------------------------
2021-06-23 12:23:02,581 - deformetrica.core.estimators.gradient_ascent - INFO - >> Log-likelihood = -4.680E-01 	 [ attachment = -3.899E-01 ; regularity = -7.810E-02 ]
2021-06-23 12:23:02,581 - deformetrica.core.models.longitudinal_metric_learning - INFO - Acceleration factors max/min: (1.0200759, 0, 1.0200759, 0)
2021-06-23 12:23:02,888 - deformetrica.core.models.longitudinal_metric_learning - INFO - Tmin 68.641 Tmax 96.58638763427734 Update of the spatiotemporalframe: 299 ms
2021-06-23 12:23:03,081 - deformetrica.core.estimators.gradient_ascent - INFO - >> Step size and gradient norm: 
2021-06-23 12:23:03,082 - deformetrica.core.estimators.gradient_ascent - INFO - 		4.430E+01   and   7.289E-03 	[ onset_age ]
2021-06-23 12:23:03,083 - deformetrica.core.estimators.gradient_ascent - INFO - 		4.545E-03   and   3.843E-01 	[ log_acceleration ]
2021-06-23 12:23:03,083 - deformetrica.core.estimators.gradient_ascent - INFO - 		9.761E-02   and   2.886E-01 	[ sources ]
2021-06-23 12:23:03,084 - deformetrica.core.models.longitudinal_metric_learning - INFO - Acceleration factors max/min: (1.0218593, 0, 1.0218593, 0)
2021-06-23 12:23:03,388 - deformetrica.core.models.longitudinal_metric_learning - INFO - Tmin 68.641 Tmax 96.30528259277344 Update of the spatiotemporalframe: 297 ms
2021-06-23 12:23:03,448 - deformetrica.core.estimators.gradient_ascent - INFO - --------------------------------- GA Iteration: 8/300 -----------------------------------
2021-06-23 12:23:03,450 - deformetrica.core.estimators.gradient_ascent - INFO - >> Log-likelihood = -4.541E-01 	 [ attachment = -3.866E-01 ; regularity = -6.751E-02 ]
2021-06-23 12:23:03,450 - deformetrica.core.models.longitudinal_metric_learning - INFO - Acceleration factors max/min: (1.0218593, 0, 1.0218593, 0)
2021-06-23 12:23:03,745 - deformetrica.core.models.longitudinal_metric_learning - INFO - Tmin 68.641 Tmax 96.30528259277344 Update of the spatiotemporalframe: 288 ms
2021-06-23 12:23:03,911 - deformetrica.core.estimators.gradient_ascent - INFO - >> Step size and gradient norm: 
2021-06-23 12:23:03,912 - deformetrica.core.estimators.gradient_ascent - INFO - 		6.645E+01   and   3.677E-03 	[ onset_age ]
2021-06-23 12:23:03,913 - deformetrica.core.estimators.gradient_ascent - INFO - 		6.817E-03   and   5.859E-01 	[ log_acceleration ]
2021-06-23 12:23:03,913 - deformetrica.core.estimators.gradient_ascent - INFO - 		1.464E-01   and   2.433E-01 	[ sources ]
2021-06-23 12:23:03,913 - deformetrica.core.models.longitudinal_metric_learning - INFO - Acceleration factors max/min: (1.0259486, 0, 1.0259486, 0)
2021-06-23 12:23:04,212 - deformetrica.core.models.longitudinal_metric_learning - INFO - Tmin 68.641 Tmax 96.6666488647461 Update of the spatiotemporalframe: 291 ms
2021-06-23 12:23:04,271 - deformetrica.core.estimators.gradient_ascent - INFO - --------------------------------- GA Iteration: 9/300 -----------------------------------
2021-06-23 12:23:04,272 - deformetrica.core.estimators.gradient_ascent - INFO - >> Log-likelihood = -4.510E-01 	 [ attachment = -3.765E-01 ; regularity = -7.458E-02 ]
2021-06-23 12:23:04,273 - deformetrica.core.models.longitudinal_metric_learning - INFO - Acceleration factors max/min: (1.0259486, 0, 1.0259486, 0)
2021-06-23 12:23:04,569 - deformetrica.core.models.longitudinal_metric_learning - INFO - Tmin 68.641 Tmax 96.6666488647461 Update of the spatiotemporalframe: 289 ms
2021-06-23 12:23:04,733 - deformetrica.core.estimators.gradient_ascent - INFO - >> Step size and gradient norm: 
2021-06-23 12:23:04,734 - deformetrica.core.estimators.gradient_ascent - INFO - 		9.968E+01   and   6.998E-03 	[ onset_age ]
2021-06-23 12:23:04,734 - deformetrica.core.estimators.gradient_ascent - INFO - 		1.023E-02   and   3.424E-01 	[ log_acceleration ]
2021-06-23 12:23:04,734 - deformetrica.core.estimators.gradient_ascent - INFO - 		2.196E-01   and   2.053E-01 	[ sources ]
2021-06-23 12:23:04,735 - deformetrica.core.models.longitudinal_metric_learning - INFO - Acceleration factors max/min: (1.0295466, 0, 1.0295466, 0)
2021-06-23 12:23:05,027 - deformetrica.core.models.longitudinal_metric_learning - INFO - Tmin 68.641 Tmax 96.04679870605469 Update of the spatiotemporalframe: 286 ms
2021-06-23 12:23:05,088 - deformetrica.core.estimators.gradient_ascent - INFO - --------------------------------- GA Iteration: 10/300 -----------------------------------
2021-06-23 12:23:05,089 - deformetrica.core.estimators.gradient_ascent - INFO - >> Log-likelihood = -4.350E-01 	 [ attachment = -3.780E-01 ; regularity = -5.694E-02 ]
2021-06-23 12:23:05,089 - deformetrica.core.models.longitudinal_metric_learning - INFO - Acceleration factors max/min: (1.0295466, 0, 1.0295466, 0)
2021-06-23 12:23:05,380 - deformetrica.core.models.longitudinal_metric_learning - INFO - Tmin 68.641 Tmax 96.04679870605469 Update of the spatiotemporalframe: 283 ms
2021-06-23 12:23:05,543 - deformetrica.core.estimators.gradient_ascent - INFO - >> Step size and gradient norm: 
2021-06-23 12:23:05,545 - deformetrica.core.estimators.gradient_ascent - INFO - 		1.495E+02   and   2.088E-02 	[ onset_age ]
2021-06-23 12:23:05,545 - deformetrica.core.estimators.gradient_ascent - INFO - 		1.534E-02   and   8.722E-01 	[ log_acceleration ]
2021-06-23 12:23:05,545 - deformetrica.core.estimators.gradient_ascent - INFO - 		3.294E-01   and   1.174E-01 	[ sources ]
2021-06-23 12:23:05,545 - deformetrica.core.models.longitudinal_metric_learning - INFO - Acceleration factors max/min: (1.0434122, 0, 1.0434122, 0)
2021-06-23 12:23:05,879 - deformetrica.core.models.longitudinal_metric_learning - INFO - Tmin 68.641 Tmax 99.67308044433594 Update of the spatiotemporalframe: 327 ms
2021-06-23 12:23:05,939 - deformetrica.core.models.longitudinal_metric_learning - INFO - Acceleration factors max/min: (1.0406241, 0, 1.0406241, 0)
2021-06-23 12:23:06,273 - deformetrica.core.models.longitudinal_metric_learning - INFO - Tmin 68.641 Tmax 99.59015655517578 Update of the spatiotemporalframe: 326 ms
2021-06-23 12:23:06,334 - deformetrica.core.models.longitudinal_metric_learning - INFO - Acceleration factors max/min: (1.0434122, 0, 1.0434122, 0)
2021-06-23 12:23:06,656 - deformetrica.core.models.longitudinal_metric_learning - INFO - Tmin 68.641 Tmax 99.02163696289062 Update of the spatiotemporalframe: 314 ms
2021-06-23 12:23:06,715 - deformetrica.core.models.longitudinal_metric_learning - INFO - Acceleration factors max/min: (1.0406241, 0, 1.0406241, 0)
2021-06-23 12:23:07,037 - deformetrica.core.models.longitudinal_metric_learning - INFO - Tmin 68.641 Tmax 98.94046020507812 Update of the spatiotemporalframe: 314 ms
2021-06-23 12:23:07,096 - deformetrica.core.estimators.gradient_ascent - INFO - >> Step size and gradient norm: 
2021-06-23 12:23:07,097 - deformetrica.core.estimators.gradient_ascent - INFO - 		1.196E+02   and   2.088E-02 	[ onset_age ]
2021-06-23 12:23:07,097 - deformetrica.core.estimators.gradient_ascent - INFO - 		1.227E-02   and   8.722E-01 	[ log_acceleration ]
2021-06-23 12:23:07,097 - deformetrica.core.estimators.gradient_ascent - INFO - 		2.636E-01   and   1.174E-01 	[ sources ]
2021-06-23 12:23:07,098 - deformetrica.core.models.longitudinal_metric_learning - INFO - Acceleration factors max/min: (1.0406241, 0, 1.0406241, 0)
2021-06-23 12:23:07,419 - deformetrica.core.models.longitudinal_metric_learning - INFO - Tmin 68.641 Tmax 98.94046020507812 Update of the spatiotemporalframe: 314 ms
2021-06-23 12:23:07,479 - deformetrica.core.models.longitudinal_metric_learning - INFO - Acceleration factors max/min: (1.0383992, 0, 1.0383992, 0)
2021-06-23 12:23:07,803 - deformetrica.core.models.longitudinal_metric_learning - INFO - Tmin 68.641 Tmax 98.87567901611328 Update of the spatiotemporalframe: 316 ms
2021-06-23 12:23:07,862 - deformetrica.core.models.longitudinal_metric_learning - INFO - Acceleration factors max/min: (1.0406241, 0, 1.0406241, 0)
2021-06-23 12:23:08,182 - deformetrica.core.models.longitudinal_metric_learning - INFO - Tmin 68.641 Tmax 98.42070007324219 Update of the spatiotemporalframe: 311 ms
2021-06-23 12:23:08,241 - deformetrica.core.models.longitudinal_metric_learning - INFO - Acceleration factors max/min: (1.0383992, 0, 1.0383992, 0)
2021-06-23 12:23:08,557 - deformetrica.core.models.longitudinal_metric_learning - INFO - Tmin 68.641 Tmax 98.3570327758789 Update of the spatiotemporalframe: 307 ms
2021-06-23 12:23:08,616 - deformetrica.core.estimators.gradient_ascent - INFO - >> Step size and gradient norm: 
2021-06-23 12:23:08,617 - deformetrica.core.estimators.gradient_ascent - INFO - 		9.569E+01   and   2.088E-02 	[ onset_age ]
2021-06-23 12:23:08,617 - deformetrica.core.estimators.gradient_ascent - INFO - 		9.816E-03   and   8.722E-01 	[ log_acceleration ]
2021-06-23 12:23:08,617 - deformetrica.core.estimators.gradient_ascent - INFO - 		2.108E-01   and   1.174E-01 	[ sources ]
2021-06-23 12:23:08,617 - deformetrica.core.models.longitudinal_metric_learning - INFO - Acceleration factors max/min: (1.0383992, 0, 1.0383992, 0)
2021-06-23 12:23:08,932 - deformetrica.core.models.longitudinal_metric_learning - INFO - Tmin 68.641 Tmax 98.3570327758789 Update of the spatiotemporalframe: 307 ms
2021-06-23 12:23:08,991 - deformetrica.core.models.longitudinal_metric_learning - INFO - Acceleration factors max/min: (1.0366226, 0, 1.0366226, 0)
2021-06-23 12:23:09,307 - deformetrica.core.models.longitudinal_metric_learning - INFO - Tmin 68.641 Tmax 98.30619049072266 Update of the spatiotemporalframe: 308 ms
2021-06-23 12:23:09,366 - deformetrica.core.models.longitudinal_metric_learning - INFO - Acceleration factors max/min: (1.0383992, 0, 1.0383992, 0)
2021-06-23 12:23:09,678 - deformetrica.core.models.longitudinal_metric_learning - INFO - Tmin 68.641 Tmax 97.9421157836914 Update of the spatiotemporalframe: 304 ms
2021-06-23 12:23:09,737 - deformetrica.core.models.longitudinal_metric_learning - INFO - Acceleration factors max/min: (1.0366226, 0, 1.0366226, 0)
2021-06-23 12:23:10,053 - deformetrica.core.models.longitudinal_metric_learning - INFO - Tmin 68.641 Tmax 97.89198303222656 Update of the spatiotemporalframe: 308 ms
2021-06-23 12:23:10,112 - deformetrica.core.estimators.gradient_ascent - INFO - >> Step size and gradient norm: 
2021-06-23 12:23:10,113 - deformetrica.core.estimators.gradient_ascent - INFO - 		7.655E+01   and   2.088E-02 	[ onset_age ]
2021-06-23 12:23:10,114 - deformetrica.core.estimators.gradient_ascent - INFO - 		7.853E-03   and   8.722E-01 	[ log_acceleration ]
2021-06-23 12:23:10,114 - deformetrica.core.estimators.gradient_ascent - INFO - 		1.687E-01   and   1.174E-01 	[ sources ]
2021-06-23 12:23:10,114 - deformetrica.core.models.longitudinal_metric_learning - INFO - Acceleration factors max/min: (1.0366226, 0, 1.0366226, 0)
2021-06-23 12:23:10,425 - deformetrica.core.models.longitudinal_metric_learning - INFO - Tmin 68.641 Tmax 97.89198303222656 Update of the spatiotemporalframe: 304 ms
2021-06-23 12:23:10,484 - deformetrica.core.models.longitudinal_metric_learning - INFO - Acceleration factors max/min: (1.0352035, 0, 1.0352035, 0)
2021-06-23 12:23:10,794 - deformetrica.core.models.longitudinal_metric_learning - INFO - Tmin 68.641 Tmax 97.85193634033203 Update of the spatiotemporalframe: 302 ms
2021-06-23 12:23:10,854 - deformetrica.core.models.longitudinal_metric_learning - INFO - Acceleration factors max/min: (1.0366226, 0, 1.0366226, 0)
2021-06-23 12:23:11,162 - deformetrica.core.models.longitudinal_metric_learning - INFO - Tmin 68.641 Tmax 97.56061553955078 Update of the spatiotemporalframe: 301 ms
2021-06-23 12:23:11,222 - deformetrica.core.models.longitudinal_metric_learning - INFO - Acceleration factors max/min: (1.0352035, 0, 1.0352035, 0)
2021-06-23 12:23:11,528 - deformetrica.core.models.longitudinal_metric_learning - INFO - Tmin 68.641 Tmax 97.52102661132812 Update of the spatiotemporalframe: 298 ms
2021-06-23 12:23:11,587 - deformetrica.core.estimators.gradient_ascent - INFO - Number of line search loops exceeded. Stopping.
2021-06-23 12:23:11,588 - deformetrica.core.estimators.gradient_ascent - INFO - --------------------------------- GA Iteration: 11/300 -----------------------------------
2021-06-23 12:23:11,588 - deformetrica.core.estimators.gradient_ascent - INFO - >> Log-likelihood = -4.914E-01 	 [ attachment = -3.835E-01 ; regularity = -1.080E-01 ]
2021-06-23 12:23:11,588 - deformetrica.core.models.longitudinal_metric_learning - INFO - Acceleration factors max/min: (1.0366226, 0, 1.0366226, 0)
2021-06-23 12:23:11,900 - deformetrica.core.models.longitudinal_metric_learning - INFO - Tmin 68.641 Tmax 97.89198303222656 Update of the spatiotemporalframe: 304 ms
2021-06-23 12:23:12,070 - deformetrica.core.estimators.gradient_ascent - INFO - >> Step size and gradient norm: 
2021-06-23 12:23:12,071 - deformetrica.core.estimators.gradient_ascent - INFO - 		6.124E+01   and   4.485E-02 	[ onset_age ]
2021-06-23 12:23:12,071 - deformetrica.core.estimators.gradient_ascent - INFO - 		6.282E-03   and   5.246E-01 	[ log_acceleration ]
2021-06-23 12:23:12,071 - deformetrica.core.estimators.gradient_ascent - INFO - 		1.349E-01   and   1.526E-01 	[ sources ]
2021-06-23 12:23:12,072 - deformetrica.core.models.longitudinal_metric_learning - INFO - Acceleration factors max/min: (1.0332116, 0, 1.0332116, 0)
2021-06-23 12:23:12,351 - deformetrica.core.models.longitudinal_metric_learning - INFO - Tmin 68.641 Tmax 94.95775604248047 Update of the spatiotemporalframe: 273 ms
2021-06-23 12:23:12,411 - deformetrica.core.estimators.gradient_ascent - INFO - --------------------------------- GA Iteration: 12/300 -----------------------------------
2021-06-23 12:23:12,412 - deformetrica.core.estimators.gradient_ascent - INFO - >> Log-likelihood = -4.606E-01 	 [ attachment = -4.256E-01 ; regularity = -3.499E-02 ]
2021-06-23 12:23:12,412 - deformetrica.core.models.longitudinal_metric_learning - INFO - Acceleration factors max/min: (1.0332116, 0, 1.0332116, 0)
2021-06-23 12:23:12,693 - deformetrica.core.models.longitudinal_metric_learning - INFO - Tmin 68.641 Tmax 94.95775604248047 Update of the spatiotemporalframe: 274 ms
2021-06-23 12:23:12,856 - deformetrica.core.estimators.gradient_ascent - INFO - >> Step size and gradient norm: 
2021-06-23 12:23:12,857 - deformetrica.core.estimators.gradient_ascent - INFO - 		9.186E+01   and   6.714E-02 	[ onset_age ]
2021-06-23 12:23:12,857 - deformetrica.core.estimators.gradient_ascent - INFO - 		9.424E-03   and   1.699E+00 	[ log_acceleration ]
2021-06-23 12:23:12,857 - deformetrica.core.estimators.gradient_ascent - INFO - 		2.024E-01   and   7.136E-03 	[ sources ]
2021-06-23 12:23:12,858 - deformetrica.core.models.longitudinal_metric_learning - INFO - Acceleration factors max/min: (1.0498861, 0, 1.0498861, 0)
2021-06-23 12:23:13,210 - deformetrica.core.models.longitudinal_metric_learning - INFO - Tmin 68.641 Tmax 101.8572998046875 Update of the spatiotemporalframe: 346 ms
2021-06-23 12:23:13,270 - deformetrica.core.models.longitudinal_metric_learning - INFO - Acceleration factors max/min: (1.0465298, 0, 1.0465298, 0)
2021-06-23 12:23:13,622 - deformetrica.core.models.longitudinal_metric_learning - INFO - Tmin 68.641 Tmax 101.75111389160156 Update of the spatiotemporalframe: 344 ms
2021-06-23 12:23:13,681 - deformetrica.core.models.longitudinal_metric_learning - INFO - Acceleration factors max/min: (1.0498861, 0, 1.0498861, 0)
2021-06-23 12:23:14,023 - deformetrica.core.models.longitudinal_metric_learning - INFO - Tmin 68.641 Tmax 100.56233215332031 Update of the spatiotemporalframe: 334 ms
2021-06-23 12:23:14,083 - deformetrica.core.models.longitudinal_metric_learning - INFO - Acceleration factors max/min: (1.0465298, 0, 1.0465298, 0)
2021-06-23 12:23:14,425 - deformetrica.core.models.longitudinal_metric_learning - INFO - Tmin 68.641 Tmax 100.46028137207031 Update of the spatiotemporalframe: 334 ms
2021-06-23 12:23:14,484 - deformetrica.core.estimators.gradient_ascent - INFO - >> Step size and gradient norm: 
2021-06-23 12:23:14,485 - deformetrica.core.estimators.gradient_ascent - INFO - 		7.349E+01   and   6.714E-02 	[ onset_age ]
2021-06-23 12:23:14,485 - deformetrica.core.estimators.gradient_ascent - INFO - 		7.539E-03   and   1.699E+00 	[ log_acceleration ]
2021-06-23 12:23:14,486 - deformetrica.core.estimators.gradient_ascent - INFO - 		1.619E-01   and   7.136E-03 	[ sources ]
2021-06-23 12:23:14,486 - deformetrica.core.models.longitudinal_metric_learning - INFO - Acceleration factors max/min: (1.0465298, 0, 1.0465298, 0)
2021-06-23 12:23:14,824 - deformetrica.core.models.longitudinal_metric_learning - INFO - Tmin 68.641 Tmax 100.46028137207031 Update of the spatiotemporalframe: 331 ms
2021-06-23 12:23:14,884 - deformetrica.core.models.longitudinal_metric_learning - INFO - Acceleration factors max/min: (1.0438526, 0, 1.0438526, 0)
2021-06-23 12:23:15,217 - deformetrica.core.models.longitudinal_metric_learning - INFO - Tmin 68.641 Tmax 100.3788833618164 Update of the spatiotemporalframe: 326 ms
2021-06-23 12:23:15,276 - deformetrica.core.models.longitudinal_metric_learning - INFO - Acceleration factors max/min: (1.0465298, 0, 1.0465298, 0)
2021-06-23 12:23:15,602 - deformetrica.core.models.longitudinal_metric_learning - INFO - Tmin 68.641 Tmax 99.42762756347656 Update of the spatiotemporalframe: 318 ms
2021-06-23 12:23:15,662 - deformetrica.core.models.longitudinal_metric_learning - INFO - Acceleration factors max/min: (1.0438526, 0, 1.0438526, 0)
2021-06-23 12:23:15,988 - deformetrica.core.models.longitudinal_metric_learning - INFO - Tmin 68.641 Tmax 99.34886169433594 Update of the spatiotemporalframe: 318 ms
2021-06-23 12:23:16,047 - deformetrica.core.estimators.gradient_ascent - INFO - >> Step size and gradient norm: 
2021-06-23 12:23:16,048 - deformetrica.core.estimators.gradient_ascent - INFO - 		5.879E+01   and   6.714E-02 	[ onset_age ]
2021-06-23 12:23:16,048 - deformetrica.core.estimators.gradient_ascent - INFO - 		6.031E-03   and   1.699E+00 	[ log_acceleration ]
2021-06-23 12:23:16,048 - deformetrica.core.estimators.gradient_ascent - INFO - 		1.295E-01   and   7.136E-03 	[ sources ]
2021-06-23 12:23:16,049 - deformetrica.core.models.longitudinal_metric_learning - INFO - Acceleration factors max/min: (1.0438526, 0, 1.0438526, 0)
2021-06-23 12:23:16,375 - deformetrica.core.models.longitudinal_metric_learning - INFO - Tmin 68.641 Tmax 99.34886169433594 Update of the spatiotemporalframe: 319 ms
2021-06-23 12:23:16,434 - deformetrica.core.models.longitudinal_metric_learning - INFO - Acceleration factors max/min: (1.0417156, 0, 1.0417156, 0)
2021-06-23 12:23:16,764 - deformetrica.core.models.longitudinal_metric_learning - INFO - Tmin 68.641 Tmax 99.28600311279297 Update of the spatiotemporalframe: 322 ms
2021-06-23 12:23:16,823 - deformetrica.core.models.longitudinal_metric_learning - INFO - Acceleration factors max/min: (1.0438526, 0, 1.0438526, 0)
2021-06-23 12:23:17,142 - deformetrica.core.models.longitudinal_metric_learning - INFO - Tmin 68.641 Tmax 98.52484893798828 Update of the spatiotemporalframe: 310 ms
2021-06-23 12:23:17,201 - deformetrica.core.models.longitudinal_metric_learning - INFO - Acceleration factors max/min: (1.0417156, 0, 1.0417156, 0)
2021-06-23 12:23:17,521 - deformetrica.core.models.longitudinal_metric_learning - INFO - Tmin 68.641 Tmax 98.46366882324219 Update of the spatiotemporalframe: 312 ms
2021-06-23 12:23:17,580 - deformetrica.core.estimators.gradient_ascent - INFO - >> Step size and gradient norm: 
2021-06-23 12:23:17,581 - deformetrica.core.estimators.gradient_ascent - INFO - 		4.703E+01   and   6.714E-02 	[ onset_age ]
2021-06-23 12:23:17,581 - deformetrica.core.estimators.gradient_ascent - INFO - 		4.825E-03   and   1.699E+00 	[ log_acceleration ]
2021-06-23 12:23:17,581 - deformetrica.core.estimators.gradient_ascent - INFO - 		1.036E-01   and   7.136E-03 	[ sources ]
2021-06-23 12:23:17,582 - deformetrica.core.models.longitudinal_metric_learning - INFO - Acceleration factors max/min: (1.0417156, 0, 1.0417156, 0)
2021-06-23 12:23:17,911 - deformetrica.core.models.longitudinal_metric_learning - INFO - Tmin 68.641 Tmax 98.46366882324219 Update of the spatiotemporalframe: 322 ms
2021-06-23 12:23:17,975 - deformetrica.core.models.longitudinal_metric_learning - INFO - Acceleration factors max/min: (1.0400093, 0, 1.0400093, 0)
2021-06-23 12:23:18,294 - deformetrica.core.models.longitudinal_metric_learning - INFO - Tmin 68.641 Tmax 98.41482543945312 Update of the spatiotemporalframe: 312 ms
2021-06-23 12:23:18,354 - deformetrica.core.models.longitudinal_metric_learning - INFO - Acceleration factors max/min: (1.0417156, 0, 1.0417156, 0)
2021-06-23 12:23:18,663 - deformetrica.core.models.longitudinal_metric_learning - INFO - Tmin 68.641 Tmax 97.8058090209961 Update of the spatiotemporalframe: 302 ms
2021-06-23 12:23:18,722 - deformetrica.core.models.longitudinal_metric_learning - INFO - Acceleration factors max/min: (1.0400093, 0, 1.0400093, 0)
2021-06-23 12:23:19,032 - deformetrica.core.models.longitudinal_metric_learning - INFO - Tmin 68.641 Tmax 97.75804138183594 Update of the spatiotemporalframe: 301 ms
2021-06-23 12:23:19,091 - deformetrica.core.estimators.gradient_ascent - INFO - Number of line search loops exceeded. Stopping.
2021-06-23 12:23:19,092 - deformetrica.core.estimators.gradient_ascent - INFO - --------------------------------- GA Iteration: 13/300 -----------------------------------
2021-06-23 12:23:19,092 - deformetrica.core.estimators.gradient_ascent - INFO - >> Log-likelihood = -5.291E-01 	 [ attachment = -4.034E-01 ; regularity = -1.257E-01 ]
2021-06-23 12:23:19,093 - deformetrica.core.models.longitudinal_metric_learning - INFO - Acceleration factors max/min: (1.0417156, 0, 1.0417156, 0)
2021-06-23 12:23:19,413 - deformetrica.core.models.longitudinal_metric_learning - INFO - Tmin 68.641 Tmax 98.46366882324219 Update of the spatiotemporalframe: 313 ms
2021-06-23 12:23:19,582 - deformetrica.core.estimators.gradient_ascent - INFO - >> Step size and gradient norm: 
2021-06-23 12:23:19,583 - deformetrica.core.estimators.gradient_ascent - INFO - 		3.763E+01   and   6.724E-02 	[ onset_age ]
2021-06-23 12:23:19,584 - deformetrica.core.estimators.gradient_ascent - INFO - 		3.860E-03   and   1.083E+00 	[ log_acceleration ]
2021-06-23 12:23:19,584 - deformetrica.core.estimators.gradient_ascent - INFO - 		8.291E-02   and   1.437E-01 	[ sources ]
2021-06-23 12:23:19,584 - deformetrica.core.models.longitudinal_metric_learning - INFO - Acceleration factors max/min: (1.0373712, 0, 1.0373712, 0)
2021-06-23 12:23:19,873 - deformetrica.core.models.longitudinal_metric_learning - INFO - Tmin 68.641 Tmax 95.71463775634766 Update of the spatiotemporalframe: 281 ms
2021-06-23 12:23:19,934 - deformetrica.core.estimators.gradient_ascent - INFO - --------------------------------- GA Iteration: 14/300 -----------------------------------
2021-06-23 12:23:19,934 - deformetrica.core.estimators.gradient_ascent - INFO - >> Log-likelihood = -4.321E-01 	 [ attachment = -3.823E-01 ; regularity = -4.980E-02 ]
2021-06-23 12:23:19,935 - deformetrica.core.models.longitudinal_metric_learning - INFO - Acceleration factors max/min: (1.0373712, 0, 1.0373712, 0)
2021-06-23 12:23:20,261 - deformetrica.core.models.longitudinal_metric_learning - INFO - Tmin 68.641 Tmax 95.71463775634766 Update of the spatiotemporalframe: 319 ms
2021-06-23 12:23:20,427 - deformetrica.core.estimators.gradient_ascent - INFO - >> Step size and gradient norm: 
2021-06-23 12:23:20,428 - deformetrica.core.estimators.gradient_ascent - INFO - 		5.644E+01   and   3.682E-02 	[ onset_age ]
2021-06-23 12:23:20,428 - deformetrica.core.estimators.gradient_ascent - INFO - 		5.790E-03   and   1.107E+00 	[ log_acceleration ]
2021-06-23 12:23:20,428 - deformetrica.core.estimators.gradient_ascent - INFO - 		1.244E-01   and   3.852E-02 	[ sources ]
2021-06-23 12:23:20,429 - deformetrica.core.models.longitudinal_metric_learning - INFO - Acceleration factors max/min: (1.0440397, 0, 1.0440397, 0)
