2021-06-23 12:31:30,997 - root - ERROR - Logger has been set to: INFO
2021-06-23 12:31:31,221 - __main__ - INFO -  >>> Personalizing for each individual.
2021-06-23 12:31:31,448 - __main__ - INFO - Initializing all the onset_ages to the reference time.
2021-06-23 12:31:31,448 - __main__ - INFO - Initializing all log-accelerations to zero.
2021-06-23 12:31:31,448 - __main__ - INFO - Initializing exponential type to parametric
2021-06-23 12:31:31,448 - __main__ - INFO - Loading metric parameters from file simulated_study/output_2/LongitudinalMetricModel_metric_parameters.txt
2021-06-23 12:31:31,449 - __main__ - INFO - Loading the interpolation points from file simulated_study/output_2/LongitudinalMetricModel_interpolation_points.txt
2021-06-23 12:31:31,449 - __main__ - INFO - The width for the metric interpolation is set to 0.25
2021-06-23 12:31:31,450 - __main__ - INFO - I am setting the no_parallel_transport flag to False.
2021-06-23 12:31:31,450 - __main__ - INFO - >> Reading 1-source initial modulation matrix from file: simulated_study/output_2/LongitudinalMetricModel_modulation_matrix.txt
2021-06-23 12:31:31,450 - __main__ - INFO - Initializing all sources to zero
2021-06-23 12:31:31,451 - deformetrica.core.models.longitudinal_metric_learning - INFO - Acceleration factors max/min: (1.0, 0, 1.0, 0)
2021-06-23 12:31:32,435 - deformetrica.core.models.longitudinal_metric_learning - INFO - Tmin 35.12456512451172 Tmax 110 Update of the spatiotemporalframe: 958 ms
2021-06-23 12:31:45,721 - __main__ - INFO - >> Initial noise variance set to 0.0524243691470474 based on the initial mean residual value.
2021-06-23 12:31:45,722 - deformetrica.core.models.longitudinal_metric_learning - INFO - ('v0', True)
2021-06-23 12:31:45,722 - deformetrica.core.models.longitudinal_metric_learning - INFO - ('p0', True)
2021-06-23 12:31:45,722 - deformetrica.core.models.longitudinal_metric_learning - INFO - ('reference_time', True)
2021-06-23 12:31:45,722 - deformetrica.core.models.longitudinal_metric_learning - INFO - ('onset_age_variance', True)
2021-06-23 12:31:45,722 - deformetrica.core.models.longitudinal_metric_learning - INFO - ('log_acceleration_variance', True)
2021-06-23 12:31:45,722 - deformetrica.core.models.longitudinal_metric_learning - INFO - ('noise_variance', True)
2021-06-23 12:31:45,722 - deformetrica.core.models.longitudinal_metric_learning - INFO - ('metric_parameters', True)
2021-06-23 12:31:45,722 - deformetrica.core.models.longitudinal_metric_learning - INFO - ('modulation_matrix', True)
2021-06-23 12:31:45,736 - deformetrica.core.models.longitudinal_metric_learning - INFO - Acceleration factors max/min: (1.0, 0, 1.0, 0)
2021-06-23 12:31:45,816 - deformetrica.core.models.longitudinal_metric_learning - INFO - Tmin 68.641 Tmax 74.99954223632812 Update of the spatiotemporalframe: 72 ms
2021-06-23 12:31:45,995 - deformetrica.core.estimators.gradient_ascent - INFO - --------------------------------- GA Iteration: 0/300 -----------------------------------
2021-06-23 12:31:45,996 - deformetrica.core.estimators.gradient_ascent - INFO - >> Log-likelihood = -1.064E+00 	 [ attachment = -1.064E+00 ; regularity = -2.118E-04 ]
2021-06-23 12:31:45,996 - deformetrica.core.estimators.gradient_ascent - INFO - >> Step size and gradient norm: 
2021-06-23 12:31:45,996 - deformetrica.core.estimators.gradient_ascent - INFO - 		1.880E+01   and   1.330E-01 	[ onset_age ]
2021-06-23 12:31:45,996 - deformetrica.core.estimators.gradient_ascent - INFO - 		6.882E-03   and   7.265E-01 	[ log_acceleration ]
2021-06-23 12:31:45,996 - deformetrica.core.estimators.gradient_ascent - INFO - 		5.280E-03   and   9.469E-01 	[ sources ]
2021-06-23 12:31:45,997 - deformetrica.core.models.longitudinal_metric_learning - INFO - Acceleration factors max/min: (0.99501246, 0, 0.99501246, 0)
2021-06-23 12:31:46,058 - deformetrica.core.models.longitudinal_metric_learning - INFO - Tmin 68.00273895263672 Tmax 72.48030090332031 Update of the spatiotemporalframe: 53 ms
2021-06-23 12:31:46,119 - deformetrica.core.estimators.gradient_ascent - INFO - --------------------------------- GA Iteration: 1/300 -----------------------------------
2021-06-23 12:31:46,120 - deformetrica.core.estimators.gradient_ascent - INFO - >> Log-likelihood = -9.126E-01 	 [ attachment = -8.933E-01 ; regularity = -1.927E-02 ]
2021-06-23 12:31:46,121 - deformetrica.core.models.longitudinal_metric_learning - INFO - Acceleration factors max/min: (0.99501246, 0, 0.99501246, 0)
2021-06-23 12:31:46,178 - deformetrica.core.models.longitudinal_metric_learning - INFO - Tmin 68.00273895263672 Tmax 72.48030090332031 Update of the spatiotemporalframe: 50 ms
2021-06-23 12:31:46,348 - deformetrica.core.estimators.gradient_ascent - INFO - >> Step size and gradient norm: 
2021-06-23 12:31:46,349 - deformetrica.core.estimators.gradient_ascent - INFO - 		2.820E+01   and   4.912E-02 	[ onset_age ]
2021-06-23 12:31:46,350 - deformetrica.core.estimators.gradient_ascent - INFO - 		1.032E-02   and   5.259E-02 	[ log_acceleration ]
2021-06-23 12:31:46,350 - deformetrica.core.estimators.gradient_ascent - INFO - 		7.921E-03   and   9.354E-01 	[ sources ]
2021-06-23 12:31:46,350 - deformetrica.core.models.longitudinal_metric_learning - INFO - Acceleration factors max/min: (0.99447244, 0, 0.99447244, 0)
2021-06-23 12:31:46,413 - deformetrica.core.models.longitudinal_metric_learning - INFO - Tmin 68.641 Tmax 73.85550689697266 Update of the spatiotemporalframe: 56 ms
2021-06-23 12:31:46,474 - deformetrica.core.estimators.gradient_ascent - INFO - Tolerance threshold met. Stopping the optimization process.
2021-06-23 12:31:46,476 - deformetrica.core.models.longitudinal_metric_learning - INFO - Acceleration factors max/min: (1.0, 0, 1.0, 0)
2021-06-23 12:31:46,706 - deformetrica.core.models.longitudinal_metric_learning - INFO - Tmin 68.641 Tmax 89.4873046875 Update of the spatiotemporalframe: 223 ms
2021-06-23 12:31:46,876 - deformetrica.core.estimators.gradient_ascent - INFO - --------------------------------- GA Iteration: 0/300 -----------------------------------
2021-06-23 12:31:46,877 - deformetrica.core.estimators.gradient_ascent - INFO - >> Log-likelihood = -1.517E+00 	 [ attachment = -1.516E+00 ; regularity = -2.118E-04 ]
2021-06-23 12:31:46,878 - deformetrica.core.estimators.gradient_ascent - INFO - >> Step size and gradient norm: 
2021-06-23 12:31:46,878 - deformetrica.core.estimators.gradient_ascent - INFO - 		1.608E+01   and   1.554E-01 	[ onset_age ]
2021-06-23 12:31:46,878 - deformetrica.core.estimators.gradient_ascent - INFO - 		1.751E-03   and   2.856E+00 	[ log_acceleration ]
2021-06-23 12:31:46,878 - deformetrica.core.estimators.gradient_ascent - INFO - 		4.838E-03   and   1.033E+00 	[ sources ]
2021-06-23 12:31:46,878 - deformetrica.core.models.longitudinal_metric_learning - INFO - Acceleration factors max/min: (0.99501246, 0, 0.99501246, 0)
2021-06-23 12:31:47,087 - deformetrica.core.models.longitudinal_metric_learning - INFO - Tmin 68.641 Tmax 86.89579772949219 Update of the spatiotemporalframe: 201 ms
2021-06-23 12:31:47,149 - deformetrica.core.estimators.gradient_ascent - INFO - --------------------------------- GA Iteration: 1/300 -----------------------------------
2021-06-23 12:31:47,149 - deformetrica.core.estimators.gradient_ascent - INFO - >> Log-likelihood = -1.223E+00 	 [ attachment = -1.204E+00 ; regularity = -1.927E-02 ]
2021-06-23 12:31:47,149 - deformetrica.core.models.longitudinal_metric_learning - INFO - Acceleration factors max/min: (0.99501246, 0, 0.99501246, 0)
2021-06-23 12:31:47,352 - deformetrica.core.models.longitudinal_metric_learning - INFO - Tmin 68.641 Tmax 86.89579772949219 Update of the spatiotemporalframe: 195 ms
2021-06-23 12:31:47,523 - deformetrica.core.estimators.gradient_ascent - INFO - >> Step size and gradient norm: 
2021-06-23 12:31:47,524 - deformetrica.core.estimators.gradient_ascent - INFO - 		2.413E+01   and   2.318E-02 	[ onset_age ]
2021-06-23 12:31:47,524 - deformetrica.core.estimators.gradient_ascent - INFO - 		2.626E-03   and   6.017E-01 	[ log_acceleration ]
2021-06-23 12:31:47,524 - deformetrica.core.estimators.gradient_ascent - INFO - 		7.257E-03   and   1.147E+00 	[ sources ]
2021-06-23 12:31:47,525 - deformetrica.core.models.longitudinal_metric_learning - INFO - Acceleration factors max/min: (0.9934414, 0, 0.9934414, 0)
2021-06-23 12:31:47,719 - deformetrica.core.models.longitudinal_metric_learning - INFO - Tmin 68.641 Tmax 86.31134033203125 Update of the spatiotemporalframe: 187 ms
2021-06-23 12:31:47,782 - deformetrica.core.estimators.gradient_ascent - INFO - Tolerance threshold met. Stopping the optimization process.
2021-06-23 12:31:47,782 - deformetrica.core.models.longitudinal_metric_learning - INFO - Acceleration factors max/min: (1.0, 0, 1.0, 0)
2021-06-23 12:31:47,933 - deformetrica.core.models.longitudinal_metric_learning - INFO - Tmin 68.641 Tmax 82.11038208007812 Update of the spatiotemporalframe: 143 ms
2021-06-23 12:31:48,104 - deformetrica.core.estimators.gradient_ascent - INFO - --------------------------------- GA Iteration: 0/300 -----------------------------------
2021-06-23 12:31:48,104 - deformetrica.core.estimators.gradient_ascent - INFO - >> Log-likelihood = -4.540E+00 	 [ attachment = -4.539E+00 ; regularity = -2.118E-04 ]
2021-06-23 12:31:48,105 - deformetrica.core.estimators.gradient_ascent - INFO - >> Step size and gradient norm: 
2021-06-23 12:31:48,105 - deformetrica.core.estimators.gradient_ascent - INFO - 		3.690E+00   and   6.776E-01 	[ onset_age ]
2021-06-23 12:31:48,105 - deformetrica.core.estimators.gradient_ascent - INFO - 		6.805E-04   and   7.348E+00 	[ log_acceleration ]
2021-06-23 12:31:48,105 - deformetrica.core.estimators.gradient_ascent - INFO - 		1.251E-02   and   3.996E-01 	[ sources ]
2021-06-23 12:31:48,105 - deformetrica.core.models.longitudinal_metric_learning - INFO - Acceleration factors max/min: (0.99501246, 0, 0.99501246, 0)
2021-06-23 12:31:48,227 - deformetrica.core.models.longitudinal_metric_learning - INFO - Tmin 68.641 Tmax 79.55567169189453 Update of the spatiotemporalframe: 114 ms
2021-06-23 12:31:48,290 - deformetrica.core.estimators.gradient_ascent - INFO - --------------------------------- GA Iteration: 1/300 -----------------------------------
2021-06-23 12:31:48,290 - deformetrica.core.estimators.gradient_ascent - INFO - >> Log-likelihood = -2.765E+00 	 [ attachment = -2.745E+00 ; regularity = -1.947E-02 ]
2021-06-23 12:31:48,290 - deformetrica.core.models.longitudinal_metric_learning - INFO - Acceleration factors max/min: (0.99501246, 0, 0.99501246, 0)
2021-06-23 12:31:48,414 - deformetrica.core.models.longitudinal_metric_learning - INFO - Tmin 68.641 Tmax 79.55567169189453 Update of the spatiotemporalframe: 116 ms
2021-06-23 12:31:48,593 - deformetrica.core.estimators.gradient_ascent - INFO - >> Step size and gradient norm: 
2021-06-23 12:31:48,593 - deformetrica.core.estimators.gradient_ascent - INFO - 		5.535E+00   and   5.194E-01 	[ onset_age ]
2021-06-23 12:31:48,593 - deformetrica.core.estimators.gradient_ascent - INFO - 		1.021E-03   and   4.437E+00 	[ log_acceleration ]
2021-06-23 12:31:48,594 - deformetrica.core.estimators.gradient_ascent - INFO - 		1.877E-02   and   3.953E-01 	[ sources ]
2021-06-23 12:31:48,594 - deformetrica.core.models.longitudinal_metric_learning - INFO - Acceleration factors max/min: (0.9905163, 0, 0.9905163, 0)
2021-06-23 12:31:48,690 - deformetrica.core.models.longitudinal_metric_learning - INFO - Tmin 68.641 Tmax 76.65917205810547 Update of the spatiotemporalframe: 88 ms
2021-06-23 12:31:48,760 - deformetrica.core.estimators.gradient_ascent - INFO - --------------------------------- GA Iteration: 2/300 -----------------------------------
2021-06-23 12:31:48,760 - deformetrica.core.estimators.gradient_ascent - INFO - >> Log-likelihood = -1.346E+00 	 [ attachment = -1.257E+00 ; regularity = -8.895E-02 ]
2021-06-23 12:31:48,761 - deformetrica.core.models.longitudinal_metric_learning - INFO - Acceleration factors max/min: (0.9905163, 0, 0.9905163, 0)
2021-06-23 12:31:48,856 - deformetrica.core.models.longitudinal_metric_learning - INFO - Tmin 68.641 Tmax 76.65917205810547 Update of the spatiotemporalframe: 88 ms
2021-06-23 12:31:49,028 - deformetrica.core.estimators.gradient_ascent - INFO - >> Step size and gradient norm: 
2021-06-23 12:31:49,029 - deformetrica.core.estimators.gradient_ascent - INFO - 		8.302E+00   and   2.896E-01 	[ onset_age ]
2021-06-23 12:31:49,029 - deformetrica.core.estimators.gradient_ascent - INFO - 		1.531E-03   and   1.712E+00 	[ log_acceleration ]
2021-06-23 12:31:49,030 - deformetrica.core.estimators.gradient_ascent - INFO - 		2.815E-02   and   3.214E-01 	[ sources ]
2021-06-23 12:31:49,030 - deformetrica.core.models.longitudinal_metric_learning - INFO - Acceleration factors max/min: (0.987923, 0, 0.987923, 0)
2021-06-23 12:31:49,100 - deformetrica.core.models.longitudinal_metric_learning - INFO - Tmin 68.641 Tmax 74.2628173828125 Update of the spatiotemporalframe: 62 ms
2021-06-23 12:31:49,162 - deformetrica.core.estimators.gradient_ascent - INFO - --------------------------------- GA Iteration: 3/300 -----------------------------------
2021-06-23 12:31:49,163 - deformetrica.core.estimators.gradient_ascent - INFO - >> Log-likelihood = -7.650E-01 	 [ attachment = -5.790E-01 ; regularity = -1.860E-01 ]
2021-06-23 12:31:49,163 - deformetrica.core.models.longitudinal_metric_learning - INFO - Acceleration factors max/min: (0.987923, 0, 0.987923, 0)
2021-06-23 12:31:49,233 - deformetrica.core.models.longitudinal_metric_learning - INFO - Tmin 68.641 Tmax 74.2628173828125 Update of the spatiotemporalframe: 63 ms
2021-06-23 12:31:49,407 - deformetrica.core.estimators.gradient_ascent - INFO - >> Step size and gradient norm: 
2021-06-23 12:31:49,408 - deformetrica.core.estimators.gradient_ascent - INFO - 		1.245E+01   and   7.172E-02 	[ onset_age ]
2021-06-23 12:31:49,408 - deformetrica.core.estimators.gradient_ascent - INFO - 		2.297E-03   and   2.849E-01 	[ log_acceleration ]
2021-06-23 12:31:49,408 - deformetrica.core.estimators.gradient_ascent - INFO - 		4.223E-02   and   2.458E-01 	[ sources ]
2021-06-23 12:31:49,408 - deformetrica.core.models.longitudinal_metric_learning - INFO - Acceleration factors max/min: (0.98727685, 0, 0.98727685, 0)
2021-06-23 12:31:49,468 - deformetrica.core.models.longitudinal_metric_learning - INFO - Tmin 68.641 Tmax 73.37738037109375 Update of the spatiotemporalframe: 52 ms
2021-06-23 12:31:49,530 - deformetrica.core.estimators.gradient_ascent - INFO - Tolerance threshold met. Stopping the optimization process.
2021-06-23 12:31:49,531 - deformetrica.core.models.longitudinal_metric_learning - INFO - Acceleration factors max/min: (1.0, 0, 1.0, 0)
2021-06-23 12:31:49,590 - deformetrica.core.models.longitudinal_metric_learning - INFO - Tmin 65.12232971191406 Tmax 69.62232971191406 Update of the spatiotemporalframe: 51 ms
2021-06-23 12:31:49,761 - deformetrica.core.estimators.gradient_ascent - INFO - --------------------------------- GA Iteration: 0/300 -----------------------------------
2021-06-23 12:31:49,762 - deformetrica.core.estimators.gradient_ascent - INFO - >> Log-likelihood = -1.494E+00 	 [ attachment = -1.493E+00 ; regularity = -2.118E-04 ]
2021-06-23 12:31:49,762 - deformetrica.core.estimators.gradient_ascent - INFO - >> Step size and gradient norm: 
2021-06-23 12:31:49,763 - deformetrica.core.estimators.gradient_ascent - INFO - 		8.003E+00   and   3.124E-01 	[ onset_age ]
2021-06-23 12:31:49,763 - deformetrica.core.estimators.gradient_ascent - INFO - 		8.182E-03   and   6.111E-01 	[ log_acceleration ]
2021-06-23 12:31:49,763 - deformetrica.core.estimators.gradient_ascent - INFO - 		6.724E-03   and   7.436E-01 	[ sources ]
2021-06-23 12:31:49,763 - deformetrica.core.models.longitudinal_metric_learning - INFO - Acceleration factors max/min: (1.0050125, 0, 1.0050125, 0)
2021-06-23 12:31:49,836 - deformetrica.core.models.longitudinal_metric_learning - INFO - Tmin 62.5921630859375 Tmax 68.641 Update of the spatiotemporalframe: 66 ms
2021-06-23 12:31:49,898 - deformetrica.core.estimators.gradient_ascent - INFO - --------------------------------- GA Iteration: 1/300 -----------------------------------
2021-06-23 12:31:49,899 - deformetrica.core.estimators.gradient_ascent - INFO - >> Log-likelihood = -8.455E-01 	 [ attachment = -8.260E-01 ; regularity = -1.947E-02 ]
2021-06-23 12:31:49,900 - deformetrica.core.models.longitudinal_metric_learning - INFO - Acceleration factors max/min: (1.0050125, 0, 1.0050125, 0)
2021-06-23 12:31:49,974 - deformetrica.core.models.longitudinal_metric_learning - INFO - Tmin 62.5921630859375 Tmax 68.641 Update of the spatiotemporalframe: 66 ms
2021-06-23 12:31:50,146 - deformetrica.core.estimators.gradient_ascent - INFO - >> Step size and gradient norm: 
2021-06-23 12:31:50,147 - deformetrica.core.estimators.gradient_ascent - INFO - 		1.200E+01   and   1.326E-01 	[ onset_age ]
2021-06-23 12:31:50,147 - deformetrica.core.estimators.gradient_ascent - INFO - 		1.227E-02   and   7.016E-01 	[ log_acceleration ]
2021-06-23 12:31:50,147 - deformetrica.core.estimators.gradient_ascent - INFO - 		1.009E-02   and   6.425E-01 	[ sources ]
2021-06-23 12:31:50,148 - deformetrica.core.models.longitudinal_metric_learning - INFO - Acceleration factors max/min: (1.0137043, 0, 1.0137043, 0)
2021-06-23 12:31:50,239 - deformetrica.core.models.longitudinal_metric_learning - INFO - Tmin 60.925926208496094 Tmax 68.641 Update of the spatiotemporalframe: 83 ms
2021-06-23 12:31:50,301 - deformetrica.core.estimators.gradient_ascent - INFO - --------------------------------- GA Iteration: 2/300 -----------------------------------
2021-06-23 12:31:50,302 - deformetrica.core.estimators.gradient_ascent - INFO - >> Log-likelihood = -7.412E-01 	 [ attachment = -6.890E-01 ; regularity = -5.214E-02 ]
2021-06-23 12:31:50,302 - deformetrica.core.models.longitudinal_metric_learning - INFO - Acceleration factors max/min: (1.0137043, 0, 1.0137043, 0)
2021-06-23 12:31:50,393 - deformetrica.core.models.longitudinal_metric_learning - INFO - Tmin 60.925926208496094 Tmax 68.641 Update of the spatiotemporalframe: 84 ms
2021-06-23 12:31:50,569 - deformetrica.core.estimators.gradient_ascent - INFO - >> Step size and gradient norm: 
2021-06-23 12:31:50,570 - deformetrica.core.estimators.gradient_ascent - INFO - 		1.801E+01   and   3.058E-04 	[ onset_age ]
2021-06-23 12:31:50,570 - deformetrica.core.estimators.gradient_ascent - INFO - 		1.841E-02   and   2.610E-01 	[ log_acceleration ]
2021-06-23 12:31:50,570 - deformetrica.core.estimators.gradient_ascent - INFO - 		1.513E-02   and   5.750E-01 	[ sources ]
2021-06-23 12:31:50,571 - deformetrica.core.models.longitudinal_metric_learning - INFO - Acceleration factors max/min: (1.0185874, 0, 1.0185874, 0)
2021-06-23 12:31:50,662 - deformetrica.core.models.longitudinal_metric_learning - INFO - Tmin 60.89436721801758 Tmax 68.641 Update of the spatiotemporalframe: 84 ms
2021-06-23 12:31:50,725 - deformetrica.core.estimators.gradient_ascent - INFO - Tolerance threshold met. Stopping the optimization process.
2021-06-23 12:31:50,726 - deformetrica.core.models.longitudinal_metric_learning - INFO - Acceleration factors max/min: (1.0, 0, 1.0, 0)
2021-06-23 12:31:50,785 - deformetrica.core.models.longitudinal_metric_learning - INFO - Tmin 66.6295394897461 Tmax 71.1295394897461 Update of the spatiotemporalframe: 51 ms
2021-06-23 12:31:50,956 - deformetrica.core.estimators.gradient_ascent - INFO - --------------------------------- GA Iteration: 0/300 -----------------------------------
2021-06-23 12:31:50,957 - deformetrica.core.estimators.gradient_ascent - INFO - >> Log-likelihood = -1.427E+01 	 [ attachment = -1.427E+01 ; regularity = -2.118E-04 ]
2021-06-23 12:31:50,958 - deformetrica.core.estimators.gradient_ascent - INFO - >> Step size and gradient norm: 
2021-06-23 12:31:50,958 - deformetrica.core.estimators.gradient_ascent - INFO - 		2.030E+00   and   1.232E+00 	[ onset_age ]
2021-06-23 12:31:50,958 - deformetrica.core.estimators.gradient_ascent - INFO - 		1.678E-02   and   2.980E-01 	[ log_acceleration ]
2021-06-23 12:31:50,958 - deformetrica.core.estimators.gradient_ascent - INFO - 		6.139E-03   and   8.145E-01 	[ sources ]
2021-06-23 12:31:50,958 - deformetrica.core.models.longitudinal_metric_learning - INFO - Acceleration factors max/min: (0.99501246, 0, 0.99501246, 0)
2021-06-23 12:31:51,016 - deformetrica.core.models.longitudinal_metric_learning - INFO - Tmin 64.15203857421875 Tmax 68.641 Update of the spatiotemporalframe: 50 ms
2021-06-23 12:31:51,079 - deformetrica.core.estimators.gradient_ascent - INFO - --------------------------------- GA Iteration: 1/300 -----------------------------------
2021-06-23 12:31:51,079 - deformetrica.core.estimators.gradient_ascent - INFO - >> Log-likelihood = -1.066E+01 	 [ attachment = -1.064E+01 ; regularity = -1.927E-02 ]
2021-06-23 12:31:51,079 - deformetrica.core.models.longitudinal_metric_learning - INFO - Acceleration factors max/min: (0.99501246, 0, 0.99501246, 0)
2021-06-23 12:31:51,140 - deformetrica.core.models.longitudinal_metric_learning - INFO - Tmin 64.15203857421875 Tmax 68.641 Update of the spatiotemporalframe: 53 ms
2021-06-23 12:31:51,312 - deformetrica.core.estimators.gradient_ascent - INFO - >> Step size and gradient norm: 
2021-06-23 12:31:51,313 - deformetrica.core.estimators.gradient_ascent - INFO - 		3.045E+00   and   1.192E+00 	[ onset_age ]
2021-06-23 12:31:51,313 - deformetrica.core.estimators.gradient_ascent - INFO - 		2.516E-02   and   2.389E+00 	[ log_acceleration ]
2021-06-23 12:31:51,313 - deformetrica.core.estimators.gradient_ascent - INFO - 		9.209E-03   and   7.761E-01 	[ sources ]
2021-06-23 12:31:51,314 - deformetrica.core.models.longitudinal_metric_learning - INFO - Acceleration factors max/min: (1.0566654, 0, 1.0566654, 0)
2021-06-23 12:31:51,415 - deformetrica.core.models.longitudinal_metric_learning - INFO - Tmin 60.03862380981445 Tmax 68.641 Update of the spatiotemporalframe: 94 ms
2021-06-23 12:31:51,478 - deformetrica.core.estimators.gradient_ascent - INFO - --------------------------------- GA Iteration: 2/300 -----------------------------------
2021-06-23 12:31:51,479 - deformetrica.core.estimators.gradient_ascent - INFO - >> Log-likelihood = -6.288E+00 	 [ attachment = -6.165E+00 ; regularity = -1.233E-01 ]
2021-06-23 12:31:51,479 - deformetrica.core.models.longitudinal_metric_learning - INFO - Acceleration factors max/min: (1.0566654, 0, 1.0566654, 0)
2021-06-23 12:31:51,582 - deformetrica.core.models.longitudinal_metric_learning - INFO - Tmin 60.03862380981445 Tmax 68.641 Update of the spatiotemporalframe: 95 ms
2021-06-23 12:31:51,753 - deformetrica.core.estimators.gradient_ascent - INFO - >> Step size and gradient norm: 
2021-06-23 12:31:51,754 - deformetrica.core.estimators.gradient_ascent - INFO - 		4.567E+00   and   8.452E-01 	[ onset_age ]
2021-06-23 12:31:51,754 - deformetrica.core.estimators.gradient_ascent - INFO - 		3.775E-02   and   4.591E+00 	[ log_acceleration ]
2021-06-23 12:31:51,754 - deformetrica.core.estimators.gradient_ascent - INFO - 		1.381E-02   and   6.769E-01 	[ sources ]
2021-06-23 12:31:51,754 - deformetrica.core.models.longitudinal_metric_learning - INFO - Acceleration factors max/min: (1.2566179, 0, 1.2566179, 0)
2021-06-23 12:31:51,923 - deformetrica.core.models.longitudinal_metric_learning - INFO - Tmin 53.56019592285156 Tmax 68.641 Update of the spatiotemporalframe: 161 ms
2021-06-23 12:31:51,986 - deformetrica.core.estimators.gradient_ascent - INFO - --------------------------------- GA Iteration: 3/300 -----------------------------------
2021-06-23 12:31:51,987 - deformetrica.core.estimators.gradient_ascent - INFO - >> Log-likelihood = -2.720E+00 	 [ attachment = -2.267E+00 ; regularity = -4.531E-01 ]
2021-06-23 12:31:51,987 - deformetrica.core.models.longitudinal_metric_learning - INFO - Acceleration factors max/min: (1.2566179, 0, 1.2566179, 0)
2021-06-23 12:31:52,156 - deformetrica.core.models.longitudinal_metric_learning - INFO - Tmin 53.56019592285156 Tmax 68.641 Update of the spatiotemporalframe: 162 ms
2021-06-23 12:31:52,329 - deformetrica.core.estimators.gradient_ascent - INFO - >> Step size and gradient norm: 
2021-06-23 12:31:52,330 - deformetrica.core.estimators.gradient_ascent - INFO - 		6.850E+00   and   4.388E-01 	[ onset_age ]
2021-06-23 12:31:52,330 - deformetrica.core.estimators.gradient_ascent - INFO - 		5.662E-02   and   3.392E+00 	[ log_acceleration ]
2021-06-23 12:31:52,330 - deformetrica.core.estimators.gradient_ascent - INFO - 		2.072E-02   and   4.313E-01 	[ sources ]
2021-06-23 12:31:52,331 - deformetrica.core.models.longitudinal_metric_learning - INFO - Acceleration factors max/min: (1.5226753, 0, 1.5226753, 0)
2021-06-23 12:31:52,588 - deformetrica.core.models.longitudinal_metric_learning - INFO - Tmin 45.78992462158203 Tmax 68.641 Update of the spatiotemporalframe: 250 ms
2021-06-23 12:31:52,650 - deformetrica.core.estimators.gradient_ascent - INFO - Tolerance threshold met. Stopping the optimization process.
2021-06-23 12:31:52,651 - deformetrica.core.models.longitudinal_metric_learning - INFO - Acceleration factors max/min: (1.0, 0, 1.0, 0)
2021-06-23 12:31:53,019 - deformetrica.core.models.longitudinal_metric_learning - INFO - Tmin 35.736778259277344 Tmax 68.641 Update of the spatiotemporalframe: 360 ms
2021-06-23 12:31:53,195 - deformetrica.core.estimators.gradient_ascent - INFO - --------------------------------- GA Iteration: 0/300 -----------------------------------
2021-06-23 12:31:53,197 - deformetrica.core.estimators.gradient_ascent - INFO - >> Log-likelihood = -1.647E+00 	 [ attachment = -1.646E+00 ; regularity = -2.118E-04 ]
2021-06-23 12:31:53,197 - deformetrica.core.estimators.gradient_ascent - INFO - >> Step size and gradient norm: 
2021-06-23 12:31:53,197 - deformetrica.core.estimators.gradient_ascent - INFO - 		1.199E+01   and   2.085E-01 	[ onset_age ]
2021-06-23 12:31:53,197 - deformetrica.core.estimators.gradient_ascent - INFO - 		7.889E-04   and   6.338E+00 	[ log_acceleration ]
2021-06-23 12:31:53,197 - deformetrica.core.estimators.gradient_ascent - INFO - 		2.056E-02   and   2.432E-01 	[ sources ]
2021-06-23 12:31:53,198 - deformetrica.core.models.longitudinal_metric_learning - INFO - Acceleration factors max/min: (0.99501246, 0, 0.99501246, 0)
2021-06-23 12:31:53,534 - deformetrica.core.models.longitudinal_metric_learning - INFO - Tmin 38.38842010498047 Tmax 68.641 Update of the spatiotemporalframe: 328 ms
2021-06-23 12:31:53,595 - deformetrica.core.estimators.gradient_ascent - INFO - --------------------------------- GA Iteration: 1/300 -----------------------------------
2021-06-23 12:31:53,596 - deformetrica.core.estimators.gradient_ascent - INFO - >> Log-likelihood = -1.094E+00 	 [ attachment = -1.075E+00 ; regularity = -1.947E-02 ]
2021-06-23 12:31:53,596 - deformetrica.core.models.longitudinal_metric_learning - INFO - Acceleration factors max/min: (0.99501246, 0, 0.99501246, 0)
2021-06-23 12:31:53,933 - deformetrica.core.models.longitudinal_metric_learning - INFO - Tmin 38.38842010498047 Tmax 68.641 Update of the spatiotemporalframe: 329 ms
2021-06-23 12:31:54,105 - deformetrica.core.estimators.gradient_ascent - INFO - >> Step size and gradient norm: 
2021-06-23 12:31:54,106 - deformetrica.core.estimators.gradient_ascent - INFO - 		1.799E+01   and   1.434E-01 	[ onset_age ]
2021-06-23 12:31:54,106 - deformetrica.core.estimators.gradient_ascent - INFO - 		1.183E-03   and   4.397E+00 	[ log_acceleration ]
2021-06-23 12:31:54,106 - deformetrica.core.estimators.gradient_ascent - INFO - 		3.084E-02   and   1.598E-01 	[ sources ]
2021-06-23 12:31:54,107 - deformetrica.core.models.longitudinal_metric_learning - INFO - Acceleration factors max/min: (0.9898483, 0, 0.9898483, 0)
2021-06-23 12:31:54,412 - deformetrica.core.models.longitudinal_metric_learning - INFO - Tmin 41.09891891479492 Tmax 68.641 Update of the spatiotemporalframe: 298 ms
2021-06-23 12:31:54,474 - deformetrica.core.estimators.gradient_ascent - INFO - --------------------------------- GA Iteration: 2/300 -----------------------------------
2021-06-23 12:31:54,475 - deformetrica.core.estimators.gradient_ascent - INFO - >> Log-likelihood = -7.268E-01 	 [ attachment = -6.473E-01 ; regularity = -7.951E-02 ]
2021-06-23 12:31:54,475 - deformetrica.core.models.longitudinal_metric_learning - INFO - Acceleration factors max/min: (0.9898483, 0, 0.9898483, 0)
2021-06-23 12:31:54,782 - deformetrica.core.models.longitudinal_metric_learning - INFO - Tmin 41.09891891479492 Tmax 68.641 Update of the spatiotemporalframe: 300 ms
2021-06-23 12:31:54,955 - deformetrica.core.estimators.gradient_ascent - INFO - >> Step size and gradient norm: 
2021-06-23 12:31:54,956 - deformetrica.core.estimators.gradient_ascent - INFO - 		2.698E+01   and   7.164E-02 	[ onset_age ]
2021-06-23 12:31:54,956 - deformetrica.core.estimators.gradient_ascent - INFO - 		1.775E-03   and   2.540E+00 	[ log_acceleration ]
2021-06-23 12:31:54,957 - deformetrica.core.estimators.gradient_ascent - INFO - 		4.627E-02   and   7.075E-02 	[ sources ]
2021-06-23 12:31:54,957 - deformetrica.core.models.longitudinal_metric_learning - INFO - Acceleration factors max/min: (0.98539484, 0, 0.98539484, 0)
2021-06-23 12:31:55,241 - deformetrica.core.models.longitudinal_metric_learning - INFO - Tmin 43.12727355957031 Tmax 68.641 Update of the spatiotemporalframe: 276 ms
2021-06-23 12:31:55,303 - deformetrica.core.estimators.gradient_ascent - INFO - --------------------------------- GA Iteration: 3/300 -----------------------------------
2021-06-23 12:31:55,303 - deformetrica.core.estimators.gradient_ascent - INFO - >> Log-likelihood = -5.883E-01 	 [ attachment = -4.371E-01 ; regularity = -1.513E-01 ]
2021-06-23 12:31:55,303 - deformetrica.core.models.longitudinal_metric_learning - INFO - Acceleration factors max/min: (0.98539484, 0, 0.98539484, 0)
2021-06-23 12:31:55,587 - deformetrica.core.models.longitudinal_metric_learning - INFO - Tmin 43.12727355957031 Tmax 68.641 Update of the spatiotemporalframe: 276 ms
2021-06-23 12:31:55,759 - deformetrica.core.estimators.gradient_ascent - INFO - >> Step size and gradient norm: 
2021-06-23 12:31:55,760 - deformetrica.core.estimators.gradient_ascent - INFO - 		4.047E+01   and   1.514E-02 	[ onset_age ]
2021-06-23 12:31:55,761 - deformetrica.core.estimators.gradient_ascent - INFO - 		2.663E-03   and   1.273E+00 	[ log_acceleration ]
2021-06-23 12:31:55,761 - deformetrica.core.estimators.gradient_ascent - INFO - 		6.940E-02   and   5.286E-03 	[ sources ]
2021-06-23 12:31:55,761 - deformetrica.core.models.longitudinal_metric_learning - INFO - Acceleration factors max/min: (0.9820593, 0, 0.9820593, 0)
2021-06-23 12:31:56,043 - deformetrica.core.models.longitudinal_metric_learning - INFO - Tmin 43.81521987915039 Tmax 68.641 Update of the spatiotemporalframe: 274 ms
2021-06-23 12:31:56,104 - deformetrica.core.estimators.gradient_ascent - INFO - Tolerance threshold met. Stopping the optimization process.
2021-06-23 12:31:56,106 - deformetrica.core.models.longitudinal_metric_learning - INFO - Acceleration factors max/min: (1.0, 0, 1.0, 0)
2021-06-23 12:31:56,164 - deformetrica.core.models.longitudinal_metric_learning - INFO - Tmin 66.31595611572266 Tmax 70.81595611572266 Update of the spatiotemporalframe: 51 ms
2021-06-23 12:31:56,337 - deformetrica.core.estimators.gradient_ascent - INFO - --------------------------------- GA Iteration: 0/300 -----------------------------------
2021-06-23 12:31:56,338 - deformetrica.core.estimators.gradient_ascent - INFO - >> Log-likelihood = -1.551E+00 	 [ attachment = -1.551E+00 ; regularity = -2.118E-04 ]
2021-06-23 12:31:56,338 - deformetrica.core.estimators.gradient_ascent - INFO - >> Step size and gradient norm: 
2021-06-23 12:31:56,338 - deformetrica.core.estimators.gradient_ascent - INFO - 		8.036E+00   and   3.111E-01 	[ onset_age ]
2021-06-23 12:31:56,338 - deformetrica.core.estimators.gradient_ascent - INFO - 		4.358E-02   and   1.147E-01 	[ log_acceleration ]
2021-06-23 12:31:56,338 - deformetrica.core.estimators.gradient_ascent - INFO - 		4.990E-03   and   1.002E+00 	[ sources ]
2021-06-23 12:31:56,339 - deformetrica.core.models.longitudinal_metric_learning - INFO - Acceleration factors max/min: (0.99501246, 0, 0.99501246, 0)
2021-06-23 12:31:56,398 - deformetrica.core.models.longitudinal_metric_learning - INFO - Tmin 68.641 Tmax 73.29264068603516 Update of the spatiotemporalframe: 52 ms
2021-06-23 12:31:56,460 - deformetrica.core.estimators.gradient_ascent - INFO - --------------------------------- GA Iteration: 1/300 -----------------------------------
2021-06-23 12:31:56,461 - deformetrica.core.estimators.gradient_ascent - INFO - >> Log-likelihood = -8.564E-01 	 [ attachment = -8.371E-01 ; regularity = -1.927E-02 ]
2021-06-23 12:31:56,461 - deformetrica.core.models.longitudinal_metric_learning - INFO - Acceleration factors max/min: (0.99501246, 0, 0.99501246, 0)
2021-06-23 12:31:56,523 - deformetrica.core.models.longitudinal_metric_learning - INFO - Tmin 68.641 Tmax 73.29264068603516 Update of the spatiotemporalframe: 53 ms
2021-06-23 12:31:56,698 - deformetrica.core.estimators.gradient_ascent - INFO - >> Step size and gradient norm: 
2021-06-23 12:31:56,698 - deformetrica.core.estimators.gradient_ascent - INFO - 		1.205E+01   and   1.553E-01 	[ onset_age ]
2021-06-23 12:31:56,698 - deformetrica.core.estimators.gradient_ascent - INFO - 		6.537E-02   and   2.731E-01 	[ log_acceleration ]
2021-06-23 12:31:56,698 - deformetrica.core.estimators.gradient_ascent - INFO - 		7.485E-03   and   1.041E+00 	[ sources ]
2021-06-23 12:31:56,699 - deformetrica.core.models.longitudinal_metric_learning - INFO - Acceleration factors max/min: (1.0129347, 0, 1.0129347, 0)
2021-06-23 12:31:56,780 - deformetrica.core.models.longitudinal_metric_learning - INFO - Tmin 68.641 Tmax 75.27239227294922 Update of the spatiotemporalframe: 73 ms
2021-06-23 12:31:56,842 - deformetrica.core.estimators.gradient_ascent - INFO - --------------------------------- GA Iteration: 2/300 -----------------------------------
2021-06-23 12:31:56,842 - deformetrica.core.estimators.gradient_ascent - INFO - >> Log-likelihood = -7.310E-01 	 [ attachment = -6.722E-01 ; regularity = -5.883E-02 ]
2021-06-23 12:31:56,843 - deformetrica.core.models.longitudinal_metric_learning - INFO - Acceleration factors max/min: (1.0129347, 0, 1.0129347, 0)
2021-06-23 12:31:56,923 - deformetrica.core.models.longitudinal_metric_learning - INFO - Tmin 68.641 Tmax 75.27239227294922 Update of the spatiotemporalframe: 72 ms
2021-06-23 12:31:57,095 - deformetrica.core.estimators.gradient_ascent - INFO - >> Step size and gradient norm: 
2021-06-23 12:31:57,096 - deformetrica.core.estimators.gradient_ascent - INFO - 		1.808E+01   and   1.951E-02 	[ onset_age ]
2021-06-23 12:31:57,096 - deformetrica.core.estimators.gradient_ascent - INFO - 		9.805E-02   and   1.734E-01 	[ log_acceleration ]
2021-06-23 12:31:57,096 - deformetrica.core.estimators.gradient_ascent - INFO - 		1.123E-02   and   1.007E+00 	[ sources ]
2021-06-23 12:31:57,097 - deformetrica.core.models.longitudinal_metric_learning - INFO - Acceleration factors max/min: (0.995853, 0, 0.995853, 0)
2021-06-23 12:31:57,173 - deformetrica.core.models.longitudinal_metric_learning - INFO - Tmin 68.641 Tmax 74.80931854248047 Update of the spatiotemporalframe: 68 ms
2021-06-23 12:31:57,235 - deformetrica.core.estimators.gradient_ascent - INFO - Tolerance threshold met. Stopping the optimization process.
2021-06-23 12:31:57,236 - deformetrica.core.models.longitudinal_metric_learning - INFO - Acceleration factors max/min: (1.0, 0, 1.0, 0)
2021-06-23 12:31:57,354 - deformetrica.core.models.longitudinal_metric_learning - INFO - Tmin 68.641 Tmax 78.81199645996094 Update of the spatiotemporalframe: 111 ms
2021-06-23 12:31:57,528 - deformetrica.core.estimators.gradient_ascent - INFO - --------------------------------- GA Iteration: 0/300 -----------------------------------
2021-06-23 12:31:57,529 - deformetrica.core.estimators.gradient_ascent - INFO - >> Log-likelihood = -1.926E+00 	 [ attachment = -1.926E+00 ; regularity = -2.118E-04 ]
2021-06-23 12:31:57,529 - deformetrica.core.estimators.gradient_ascent - INFO - >> Step size and gradient norm: 
2021-06-23 12:31:57,529 - deformetrica.core.estimators.gradient_ascent - INFO - 		5.290E+00   and   4.726E-01 	[ onset_age ]
2021-06-23 12:31:57,529 - deformetrica.core.estimators.gradient_ascent - INFO - 		1.359E-03   and   3.679E+00 	[ log_acceleration ]
2021-06-23 12:31:57,529 - deformetrica.core.estimators.gradient_ascent - INFO - 		2.876E-02   and   1.738E-01 	[ sources ]
2021-06-23 12:31:57,530 - deformetrica.core.models.longitudinal_metric_learning - INFO - Acceleration factors max/min: (0.99501246, 0, 0.99501246, 0)
2021-06-23 12:31:57,621 - deformetrica.core.models.longitudinal_metric_learning - INFO - Tmin 68.641 Tmax 76.27373504638672 Update of the spatiotemporalframe: 83 ms
2021-06-23 12:31:57,684 - deformetrica.core.estimators.gradient_ascent - INFO - --------------------------------- GA Iteration: 1/300 -----------------------------------
2021-06-23 12:31:57,685 - deformetrica.core.estimators.gradient_ascent - INFO - >> Log-likelihood = -9.245E-01 	 [ attachment = -9.052E-01 ; regularity = -1.927E-02 ]
2021-06-23 12:31:57,685 - deformetrica.core.models.longitudinal_metric_learning - INFO - Acceleration factors max/min: (0.99501246, 0, 0.99501246, 0)
2021-06-23 12:31:57,777 - deformetrica.core.models.longitudinal_metric_learning - INFO - Tmin 68.641 Tmax 76.27373504638672 Update of the spatiotemporalframe: 84 ms
2021-06-23 12:31:57,953 - deformetrica.core.estimators.gradient_ascent - INFO - >> Step size and gradient norm: 
2021-06-23 12:31:57,954 - deformetrica.core.estimators.gradient_ascent - INFO - 		7.935E+00   and   2.664E-01 	[ onset_age ]
2021-06-23 12:31:57,954 - deformetrica.core.estimators.gradient_ascent - INFO - 		2.039E-03   and   1.500E+00 	[ log_acceleration ]
2021-06-23 12:31:57,954 - deformetrica.core.estimators.gradient_ascent - INFO - 		4.314E-02   and   2.207E-01 	[ sources ]
2021-06-23 12:31:57,954 - deformetrica.core.models.longitudinal_metric_learning - INFO - Acceleration factors max/min: (0.9919736, 0, 0.9919736, 0)
2021-06-23 12:31:58,023 - deformetrica.core.models.longitudinal_metric_learning - INFO - Tmin 68.641 Tmax 74.15335845947266 Update of the spatiotemporalframe: 61 ms
2021-06-23 12:31:58,085 - deformetrica.core.estimators.gradient_ascent - INFO - --------------------------------- GA Iteration: 2/300 -----------------------------------
2021-06-23 12:31:58,087 - deformetrica.core.estimators.gradient_ascent - INFO - >> Log-likelihood = -5.560E-01 	 [ attachment = -4.909E-01 ; regularity = -6.517E-02 ]
2021-06-23 12:31:58,087 - deformetrica.core.models.longitudinal_metric_learning - INFO - Acceleration factors max/min: (0.9919736, 0, 0.9919736, 0)
2021-06-23 12:31:58,156 - deformetrica.core.models.longitudinal_metric_learning - INFO - Tmin 68.641 Tmax 74.15335845947266 Update of the spatiotemporalframe: 61 ms
2021-06-23 12:31:58,328 - deformetrica.core.estimators.gradient_ascent - INFO - >> Step size and gradient norm: 
2021-06-23 12:31:58,329 - deformetrica.core.estimators.gradient_ascent - INFO - 		1.190E+01   and   7.411E-02 	[ onset_age ]
2021-06-23 12:31:58,329 - deformetrica.core.estimators.gradient_ascent - INFO - 		3.058E-03   and   3.444E-01 	[ log_acceleration ]
2021-06-23 12:31:58,329 - deformetrica.core.estimators.gradient_ascent - INFO - 		6.471E-02   and   2.181E-01 	[ sources ]
2021-06-23 12:31:58,329 - deformetrica.core.models.longitudinal_metric_learning - INFO - Acceleration factors max/min: (0.99092937, 0, 0.99092937, 0)
2021-06-23 12:31:58,389 - deformetrica.core.models.longitudinal_metric_learning - INFO - Tmin 68.641 Tmax 73.2734603881836 Update of the spatiotemporalframe: 52 ms
2021-06-23 12:31:58,451 - deformetrica.core.estimators.gradient_ascent - INFO - Tolerance threshold met. Stopping the optimization process.
2021-06-23 12:31:58,452 - deformetrica.core.models.longitudinal_metric_learning - INFO - Acceleration factors max/min: (1.0, 0, 1.0, 0)
2021-06-23 12:31:58,823 - deformetrica.core.models.longitudinal_metric_learning - INFO - Tmin 35.42519760131836 Tmax 68.641 Update of the spatiotemporalframe: 363 ms
2021-06-23 12:31:58,996 - deformetrica.core.estimators.gradient_ascent - INFO - --------------------------------- GA Iteration: 0/300 -----------------------------------
2021-06-23 12:31:58,997 - deformetrica.core.estimators.gradient_ascent - INFO - >> Log-likelihood = -7.176E+00 	 [ attachment = -7.175E+00 ; regularity = -2.118E-04 ]
2021-06-23 12:31:58,997 - deformetrica.core.estimators.gradient_ascent - INFO - >> Step size and gradient norm: 
2021-06-23 12:31:58,997 - deformetrica.core.estimators.gradient_ascent - INFO - 		6.174E+00   and   4.049E-01 	[ onset_age ]
2021-06-23 12:31:58,998 - deformetrica.core.estimators.gradient_ascent - INFO - 		4.048E-04   and   1.235E+01 	[ log_acceleration ]
2021-06-23 12:31:58,998 - deformetrica.core.estimators.gradient_ascent - INFO - 		3.222E-02   and   1.552E-01 	[ sources ]
2021-06-23 12:31:58,998 - deformetrica.core.models.longitudinal_metric_learning - INFO - Acceleration factors max/min: (0.99501246, 0, 0.99501246, 0)
2021-06-23 12:31:59,337 - deformetrica.core.models.longitudinal_metric_learning - INFO - Tmin 38.078392028808594 Tmax 68.641 Update of the spatiotemporalframe: 331 ms
2021-06-23 12:31:59,398 - deformetrica.core.estimators.gradient_ascent - INFO - --------------------------------- GA Iteration: 1/300 -----------------------------------
2021-06-23 12:31:59,399 - deformetrica.core.estimators.gradient_ascent - INFO - >> Log-likelihood = -6.052E+00 	 [ attachment = -6.033E+00 ; regularity = -1.947E-02 ]
2021-06-23 12:31:59,399 - deformetrica.core.models.longitudinal_metric_learning - INFO - Acceleration factors max/min: (0.99501246, 0, 0.99501246, 0)
2021-06-23 12:31:59,738 - deformetrica.core.models.longitudinal_metric_learning - INFO - Tmin 38.078392028808594 Tmax 68.641 Update of the spatiotemporalframe: 331 ms
2021-06-23 12:31:59,911 - deformetrica.core.estimators.gradient_ascent - INFO - >> Step size and gradient norm: 
2021-06-23 12:31:59,911 - deformetrica.core.estimators.gradient_ascent - INFO - 		9.261E+00   and   3.518E-01 	[ onset_age ]
2021-06-23 12:31:59,911 - deformetrica.core.estimators.gradient_ascent - INFO - 		6.073E-04   and   1.023E+01 	[ log_acceleration ]
2021-06-23 12:31:59,911 - deformetrica.core.estimators.gradient_ascent - INFO - 		4.833E-02   and   8.095E-02 	[ sources ]
2021-06-23 12:31:59,912 - deformetrica.core.models.longitudinal_metric_learning - INFO - Acceleration factors max/min: (0.98884743, 0, 0.98884743, 0)
2021-06-23 12:32:00,216 - deformetrica.core.models.longitudinal_metric_learning - INFO - Tmin 41.489219665527344 Tmax 68.641 Update of the spatiotemporalframe: 296 ms
2021-06-23 12:32:00,278 - deformetrica.core.estimators.gradient_ascent - INFO - --------------------------------- GA Iteration: 2/300 -----------------------------------
2021-06-23 12:32:00,280 - deformetrica.core.estimators.gradient_ascent - INFO - >> Log-likelihood = -4.813E+00 	 [ attachment = -4.711E+00 ; regularity = -1.020E-01 ]
2021-06-23 12:32:00,280 - deformetrica.core.models.longitudinal_metric_learning - INFO - Acceleration factors max/min: (0.98884743, 0, 0.98884743, 0)
2021-06-23 12:32:00,585 - deformetrica.core.models.longitudinal_metric_learning - INFO - Tmin 41.489219665527344 Tmax 68.641 Update of the spatiotemporalframe: 297 ms
2021-06-23 12:32:00,759 - deformetrica.core.estimators.gradient_ascent - INFO - >> Step size and gradient norm: 
2021-06-23 12:32:00,760 - deformetrica.core.estimators.gradient_ascent - INFO - 		1.389E+01   and   2.852E-01 	[ onset_age ]
2021-06-23 12:32:00,760 - deformetrica.core.estimators.gradient_ascent - INFO - 		9.109E-04   and   7.830E+00 	[ log_acceleration ]
2021-06-23 12:32:00,761 - deformetrica.core.estimators.gradient_ascent - INFO - 		7.249E-02   and   5.244E-02 	[ sources ]
2021-06-23 12:32:00,761 - deformetrica.core.models.longitudinal_metric_learning - INFO - Acceleration factors max/min: (0.98182, 0, 0.98182, 0)
2021-06-23 12:32:01,019 - deformetrica.core.models.longitudinal_metric_learning - INFO - Tmin 45.571197509765625 Tmax 68.641 Update of the spatiotemporalframe: 250 ms
2021-06-23 12:32:01,080 - deformetrica.core.estimators.gradient_ascent - INFO - --------------------------------- GA Iteration: 3/300 -----------------------------------
2021-06-23 12:32:01,081 - deformetrica.core.estimators.gradient_ascent - INFO - >> Log-likelihood = -3.645E+00 	 [ attachment = -3.355E+00 ; regularity = -2.898E-01 ]
2021-06-23 12:32:01,082 - deformetrica.core.models.longitudinal_metric_learning - INFO - Acceleration factors max/min: (0.98182, 0, 0.98182, 0)
2021-06-23 12:32:01,343 - deformetrica.core.models.longitudinal_metric_learning - INFO - Tmin 45.571197509765625 Tmax 68.641 Update of the spatiotemporalframe: 253 ms
2021-06-23 12:32:01,518 - deformetrica.core.estimators.gradient_ascent - INFO - >> Step size and gradient norm: 
2021-06-23 12:32:01,518 - deformetrica.core.estimators.gradient_ascent - INFO - 		2.084E+01   and   2.042E-01 	[ onset_age ]
2021-06-23 12:32:01,518 - deformetrica.core.estimators.gradient_ascent - INFO - 		1.366E-03   and   5.319E+00 	[ log_acceleration ]
2021-06-23 12:32:01,518 - deformetrica.core.estimators.gradient_ascent - INFO - 		1.087E-01   and   2.291E-01 	[ sources ]
2021-06-23 12:32:01,519 - deformetrica.core.models.longitudinal_metric_learning - INFO - Acceleration factors max/min: (0.97471035, 0, 0.97471035, 0)
2021-06-23 12:32:01,732 - deformetrica.core.models.longitudinal_metric_learning - INFO - Tmin 49.88633728027344 Tmax 68.641 Update of the spatiotemporalframe: 206 ms
2021-06-23 12:32:01,794 - deformetrica.core.estimators.gradient_ascent - INFO - --------------------------------- GA Iteration: 4/300 -----------------------------------
2021-06-23 12:32:01,795 - deformetrica.core.estimators.gradient_ascent - INFO - >> Log-likelihood = -2.795E+00 	 [ attachment = -2.197E+00 ; regularity = -5.979E-01 ]
2021-06-23 12:32:01,796 - deformetrica.core.models.longitudinal_metric_learning - INFO - Acceleration factors max/min: (0.97471035, 0, 0.97471035, 0)
2021-06-23 12:32:02,011 - deformetrica.core.models.longitudinal_metric_learning - INFO - Tmin 49.88633728027344 Tmax 68.641 Update of the spatiotemporalframe: 207 ms
2021-06-23 12:32:02,185 - deformetrica.core.estimators.gradient_ascent - INFO - >> Step size and gradient norm: 
2021-06-23 12:32:02,186 - deformetrica.core.estimators.gradient_ascent - INFO - 		3.125E+01   and   1.087E-01 	[ onset_age ]
2021-06-23 12:32:02,186 - deformetrica.core.estimators.gradient_ascent - INFO - 		2.050E-03   and   2.983E+00 	[ log_acceleration ]
2021-06-23 12:32:02,186 - deformetrica.core.estimators.gradient_ascent - INFO - 		1.631E-01   and   4.878E-01 	[ sources ]
2021-06-23 12:32:02,187 - deformetrica.core.models.longitudinal_metric_learning - INFO - Acceleration factors max/min: (0.9687703, 0, 0.9687703, 0)
2021-06-23 12:32:02,360 - deformetrica.core.models.longitudinal_metric_learning - INFO - Tmin 53.29132080078125 Tmax 68.641 Update of the spatiotemporalframe: 165 ms
2021-06-23 12:32:02,423 - deformetrica.core.estimators.gradient_ascent - INFO - Tolerance threshold met. Stopping the optimization process.
2021-06-23 12:32:02,425 - deformetrica.core.models.longitudinal_metric_learning - INFO - Acceleration factors max/min: (1.0, 0, 1.0, 0)
2021-06-23 12:32:02,514 - deformetrica.core.models.longitudinal_metric_learning - INFO - Tmin 68.641 Tmax 76.0480728149414 Update of the spatiotemporalframe: 81 ms
2021-06-23 12:32:02,692 - deformetrica.core.estimators.gradient_ascent - INFO - --------------------------------- GA Iteration: 0/300 -----------------------------------
2021-06-23 12:32:02,693 - deformetrica.core.estimators.gradient_ascent - INFO - >> Log-likelihood = -6.937E+00 	 [ attachment = -6.937E+00 ; regularity = -2.118E-04 ]
2021-06-23 12:32:02,693 - deformetrica.core.estimators.gradient_ascent - INFO - >> Step size and gradient norm: 
2021-06-23 12:32:02,693 - deformetrica.core.estimators.gradient_ascent - INFO - 		2.575E+00   and   9.709E-01 	[ onset_age ]
2021-06-23 12:32:02,693 - deformetrica.core.estimators.gradient_ascent - INFO - 		1.117E-03   and   4.476E+00 	[ log_acceleration ]
2021-06-23 12:32:02,693 - deformetrica.core.estimators.gradient_ascent - INFO - 		7.347E-03   and   6.806E-01 	[ sources ]
2021-06-23 12:32:02,694 - deformetrica.core.models.longitudinal_metric_learning - INFO - Acceleration factors max/min: (0.99501246, 0, 0.99501246, 0)
2021-06-23 12:32:02,755 - deformetrica.core.models.longitudinal_metric_learning - INFO - Tmin 68.641 Tmax 73.52359771728516 Update of the spatiotemporalframe: 54 ms
2021-06-23 12:32:02,818 - deformetrica.core.estimators.gradient_ascent - INFO - --------------------------------- GA Iteration: 1/300 -----------------------------------
2021-06-23 12:32:02,819 - deformetrica.core.estimators.gradient_ascent - INFO - >> Log-likelihood = -4.483E+00 	 [ attachment = -4.464E+00 ; regularity = -1.927E-02 ]
2021-06-23 12:32:02,819 - deformetrica.core.models.longitudinal_metric_learning - INFO - Acceleration factors max/min: (0.99501246, 0, 0.99501246, 0)
2021-06-23 12:32:02,880 - deformetrica.core.models.longitudinal_metric_learning - INFO - Tmin 68.641 Tmax 73.52359771728516 Update of the spatiotemporalframe: 53 ms
2021-06-23 12:32:03,095 - deformetrica.core.estimators.gradient_ascent - INFO - >> Step size and gradient norm: 
2021-06-23 12:32:03,096 - deformetrica.core.estimators.gradient_ascent - INFO - 		3.863E+00   and   7.387E-01 	[ onset_age ]
2021-06-23 12:32:03,096 - deformetrica.core.estimators.gradient_ascent - INFO - 		1.676E-03   and   1.522E+00 	[ log_acceleration ]
2021-06-23 12:32:03,097 - deformetrica.core.estimators.gradient_ascent - INFO - 		1.102E-02   and   6.891E-01 	[ sources ]
2021-06-23 12:32:03,097 - deformetrica.core.models.longitudinal_metric_learning - INFO - Acceleration factors max/min: (0.9924777, 0, 0.9924777, 0)
2021-06-23 12:32:03,167 - deformetrica.core.models.longitudinal_metric_learning - INFO - Tmin 66.21322631835938 Tmax 70.67937469482422 Update of the spatiotemporalframe: 59 ms
2021-06-23 12:32:03,230 - deformetrica.core.estimators.gradient_ascent - INFO - --------------------------------- GA Iteration: 2/300 -----------------------------------
2021-06-23 12:32:03,231 - deformetrica.core.estimators.gradient_ascent - INFO - >> Log-likelihood = -2.540E+00 	 [ attachment = -2.452E+00 ; regularity = -8.765E-02 ]
2021-06-23 12:32:03,231 - deformetrica.core.models.longitudinal_metric_learning - INFO - Acceleration factors max/min: (0.9924777, 0, 0.9924777, 0)
2021-06-23 12:32:03,291 - deformetrica.core.models.longitudinal_metric_learning - INFO - Tmin 66.21322631835938 Tmax 70.67937469482422 Update of the spatiotemporalframe: 52 ms
2021-06-23 12:32:03,467 - deformetrica.core.estimators.gradient_ascent - INFO - >> Step size and gradient norm: 
2021-06-23 12:32:03,469 - deformetrica.core.estimators.gradient_ascent - INFO - 		5.794E+00   and   3.664E-01 	[ onset_age ]
2021-06-23 12:32:03,469 - deformetrica.core.estimators.gradient_ascent - INFO - 		2.513E-03   and   2.960E-01 	[ log_acceleration ]
2021-06-23 12:32:03,469 - deformetrica.core.estimators.gradient_ascent - INFO - 		1.653E-02   and   6.544E-01 	[ sources ]
2021-06-23 12:32:03,469 - deformetrica.core.models.longitudinal_metric_learning - INFO - Acceleration factors max/min: (0.99321645, 0, 0.99321645, 0)
2021-06-23 12:32:03,527 - deformetrica.core.models.longitudinal_metric_learning - INFO - Tmin 64.10321807861328 Tmax 68.641 Update of the spatiotemporalframe: 50 ms
2021-06-23 12:32:03,590 - deformetrica.core.estimators.gradient_ascent - INFO - --------------------------------- GA Iteration: 3/300 -----------------------------------
2021-06-23 12:32:03,591 - deformetrica.core.estimators.gradient_ascent - INFO - >> Log-likelihood = -1.632E+00 	 [ attachment = -1.462E+00 ; regularity = -1.707E-01 ]
2021-06-23 12:32:03,591 - deformetrica.core.models.longitudinal_metric_learning - INFO - Acceleration factors max/min: (0.99321645, 0, 0.99321645, 0)
2021-06-23 12:32:03,648 - deformetrica.core.models.longitudinal_metric_learning - INFO - Tmin 64.10321807861328 Tmax 68.641 Update of the spatiotemporalframe: 50 ms
2021-06-23 12:32:03,821 - deformetrica.core.estimators.gradient_ascent - INFO - >> Step size and gradient norm: 
2021-06-23 12:32:03,822 - deformetrica.core.estimators.gradient_ascent - INFO - 		8.691E+00   and   2.464E-01 	[ onset_age ]
2021-06-23 12:32:03,822 - deformetrica.core.estimators.gradient_ascent - INFO - 		3.770E-03   and   7.900E-01 	[ log_acceleration ]
2021-06-23 12:32:03,822 - deformetrica.core.estimators.gradient_ascent - INFO - 		2.479E-02   and   5.932E-01 	[ sources ]
2021-06-23 12:32:03,822 - deformetrica.core.models.longitudinal_metric_learning - INFO - Acceleration factors max/min: (0.9961792, 0, 0.9961792, 0)
2021-06-23 12:32:03,903 - deformetrica.core.models.longitudinal_metric_learning - INFO - Tmin 61.956668853759766 Tmax 68.641 Update of the spatiotemporalframe: 73 ms
2021-06-23 12:32:03,967 - deformetrica.core.estimators.gradient_ascent - INFO - Tolerance threshold met. Stopping the optimization process.
