2021-06-23 11:18:28,353 - root - ERROR - Logger has been set to: INFO
2021-06-23 11:18:28,576 - __main__ - INFO -  >>> Personalizing for each individual.
2021-06-23 11:18:28,801 - __main__ - INFO - Initializing all the onset_ages to the reference time.
2021-06-23 11:18:28,802 - __main__ - INFO - Initializing all log-accelerations to zero.
2021-06-23 11:18:28,802 - __main__ - INFO - Initializing exponential type to parametric
2021-06-23 11:18:28,802 - __main__ - INFO - Loading metric parameters from file simulated_study/output_2/LongitudinalMetricModel_metric_parameters.txt
2021-06-23 11:18:28,802 - __main__ - INFO - Loading the interpolation points from file simulated_study/output_2/LongitudinalMetricModel_interpolation_points.txt
2021-06-23 11:18:28,803 - __main__ - INFO - The width for the metric interpolation is set to 0.25
2021-06-23 11:18:28,803 - __main__ - INFO - I am setting the no_parallel_transport flag to False.
2021-06-23 11:18:28,804 - __main__ - INFO - >> Reading 1-source initial modulation matrix from file: simulated_study/output_2/LongitudinalMetricModel_modulation_matrix.txt
2021-06-23 11:18:28,804 - __main__ - INFO - Initializing all sources to zero
2021-06-23 11:18:28,804 - deformetrica.core.models.longitudinal_metric_learning - INFO - Acceleration factors max/min: (1.0, 0, 1.0, 0)
2021-06-23 11:18:29,750 - deformetrica.core.models.longitudinal_metric_learning - INFO - Tmin 35.12456512451172 Tmax 110 Update of the spatiotemporalframe: 922 ms
2021-06-23 11:18:43,782 - __main__ - INFO - >> Initial noise variance set to 0.05257989097945392 based on the initial mean residual value.
2021-06-23 11:18:43,783 - deformetrica.core.models.longitudinal_metric_learning - INFO - ('v0', True)
2021-06-23 11:18:43,783 - deformetrica.core.models.longitudinal_metric_learning - INFO - ('p0', True)
2021-06-23 11:18:43,783 - deformetrica.core.models.longitudinal_metric_learning - INFO - ('reference_time', True)
2021-06-23 11:18:43,783 - deformetrica.core.models.longitudinal_metric_learning - INFO - ('onset_age_variance', True)
2021-06-23 11:18:43,784 - deformetrica.core.models.longitudinal_metric_learning - INFO - ('log_acceleration_variance', True)
2021-06-23 11:18:43,784 - deformetrica.core.models.longitudinal_metric_learning - INFO - ('noise_variance', True)
2021-06-23 11:18:43,784 - deformetrica.core.models.longitudinal_metric_learning - INFO - ('metric_parameters', True)
2021-06-23 11:18:43,784 - deformetrica.core.models.longitudinal_metric_learning - INFO - ('modulation_matrix', True)
2021-06-23 11:18:43,798 - deformetrica.core.models.longitudinal_metric_learning - INFO - Acceleration factors max/min: (1.0, 0, 1.0, 0)
2021-06-23 11:18:43,868 - deformetrica.core.models.longitudinal_metric_learning - INFO - Tmin 66.6295394897461 Tmax 71.1295394897461 Update of the spatiotemporalframe: 62 ms
2021-06-23 11:18:44,078 - deformetrica.core.estimators.gradient_ascent - INFO - --------------------------------- GA Iteration: 0/300 -----------------------------------
2021-06-23 11:18:44,080 - deformetrica.core.estimators.gradient_ascent - INFO - >> Log-likelihood = -1.413E+01 	 [ attachment = -1.412E+01 ; regularity = -1.127E-02 ]
2021-06-23 11:18:44,080 - deformetrica.core.estimators.gradient_ascent - INFO - >> Step size and gradient norm: 
2021-06-23 11:18:44,080 - deformetrica.core.estimators.gradient_ascent - INFO - 		2.034E+00   and   1.229E+00 	[ onset_age ]
2021-06-23 11:18:44,080 - deformetrica.core.estimators.gradient_ascent - INFO - 		1.683E-02   and   2.970E-01 	[ log_acceleration ]
2021-06-23 11:18:44,080 - deformetrica.core.estimators.gradient_ascent - INFO - 		1.499E-02   and   3.335E-01 	[ sources ]
2021-06-23 11:18:44,081 - deformetrica.core.models.longitudinal_metric_learning - INFO - Acceleration factors max/min: (0.99501246, 0, 0.99501246, 0)
2021-06-23 11:18:44,147 - deformetrica.core.models.longitudinal_metric_learning - INFO - Tmin 64.15203857421875 Tmax 68.641 Update of the spatiotemporalframe: 58 ms
2021-06-23 11:18:44,220 - deformetrica.core.estimators.gradient_ascent - INFO - --------------------------------- GA Iteration: 1/300 -----------------------------------
2021-06-23 11:18:44,220 - deformetrica.core.estimators.gradient_ascent - INFO - >> Log-likelihood = -1.053E+01 	 [ attachment = -1.050E+01 ; regularity = -3.117E-02 ]
2021-06-23 11:18:44,221 - deformetrica.core.models.longitudinal_metric_learning - INFO - Acceleration factors max/min: (0.99501246, 0, 0.99501246, 0)
2021-06-23 11:18:44,288 - deformetrica.core.models.longitudinal_metric_learning - INFO - Tmin 64.15203857421875 Tmax 68.641 Update of the spatiotemporalframe: 59 ms
2021-06-23 11:18:44,489 - deformetrica.core.estimators.gradient_ascent - INFO - >> Step size and gradient norm: 
2021-06-23 11:18:44,490 - deformetrica.core.estimators.gradient_ascent - INFO - 		3.051E+00   and   1.189E+00 	[ onset_age ]
2021-06-23 11:18:44,490 - deformetrica.core.estimators.gradient_ascent - INFO - 		2.525E-02   and   2.383E+00 	[ log_acceleration ]
2021-06-23 11:18:44,490 - deformetrica.core.estimators.gradient_ascent - INFO - 		2.249E-02   and   3.660E-01 	[ sources ]
2021-06-23 11:18:44,491 - deformetrica.core.models.longitudinal_metric_learning - INFO - Acceleration factors max/min: (1.0567127, 0, 1.0567127, 0)
2021-06-23 11:18:44,608 - deformetrica.core.models.longitudinal_metric_learning - INFO - Tmin 60.04010772705078 Tmax 68.641 Update of the spatiotemporalframe: 110 ms
2021-06-23 11:18:44,681 - deformetrica.core.estimators.gradient_ascent - INFO - --------------------------------- GA Iteration: 2/300 -----------------------------------
2021-06-23 11:18:44,682 - deformetrica.core.estimators.gradient_ascent - INFO - >> Log-likelihood = -6.183E+00 	 [ attachment = -6.046E+00 ; regularity = -1.366E-01 ]
2021-06-23 11:18:44,683 - deformetrica.core.models.longitudinal_metric_learning - INFO - Acceleration factors max/min: (1.0567127, 0, 1.0567127, 0)
2021-06-23 11:18:44,801 - deformetrica.core.models.longitudinal_metric_learning - INFO - Tmin 60.04010772705078 Tmax 68.641 Update of the spatiotemporalframe: 111 ms
2021-06-23 11:18:45,002 - deformetrica.core.estimators.gradient_ascent - INFO - >> Step size and gradient norm: 
2021-06-23 11:18:45,003 - deformetrica.core.estimators.gradient_ascent - INFO - 		4.577E+00   and   8.394E-01 	[ onset_age ]
2021-06-23 11:18:45,003 - deformetrica.core.estimators.gradient_ascent - INFO - 		3.787E-02   and   4.557E+00 	[ log_acceleration ]
2021-06-23 11:18:45,003 - deformetrica.core.estimators.gradient_ascent - INFO - 		3.374E-02   and   3.614E-01 	[ sources ]
2021-06-23 11:18:45,004 - deformetrica.core.models.longitudinal_metric_learning - INFO - Acceleration factors max/min: (1.2557687, 0, 1.2557687, 0)
2021-06-23 11:18:45,200 - deformetrica.core.models.longitudinal_metric_learning - INFO - Tmin 53.59568786621094 Tmax 68.641 Update of the spatiotemporalframe: 188 ms
2021-06-23 11:18:45,274 - deformetrica.core.estimators.gradient_ascent - INFO - --------------------------------- GA Iteration: 3/300 -----------------------------------
2021-06-23 11:18:45,274 - deformetrica.core.estimators.gradient_ascent - INFO - >> Log-likelihood = -2.672E+00 	 [ attachment = -2.205E+00 ; regularity = -4.664E-01 ]
2021-06-23 11:18:45,275 - deformetrica.core.models.longitudinal_metric_learning - INFO - Acceleration factors max/min: (1.2557687, 0, 1.2557687, 0)
2021-06-23 11:18:45,472 - deformetrica.core.models.longitudinal_metric_learning - INFO - Tmin 53.59568786621094 Tmax 68.641 Update of the spatiotemporalframe: 189 ms
2021-06-23 11:18:45,673 - deformetrica.core.estimators.gradient_ascent - INFO - >> Step size and gradient norm: 
2021-06-23 11:18:45,674 - deformetrica.core.estimators.gradient_ascent - INFO - 		6.865E+00   and   4.302E-01 	[ onset_age ]
2021-06-23 11:18:45,674 - deformetrica.core.estimators.gradient_ascent - INFO - 		5.681E-02   and   3.295E+00 	[ log_acceleration ]
2021-06-23 11:18:45,675 - deformetrica.core.estimators.gradient_ascent - INFO - 		5.060E-02   and   1.898E-01 	[ sources ]
2021-06-23 11:18:45,675 - deformetrica.core.models.longitudinal_metric_learning - INFO - Acceleration factors max/min: (1.5142666, 0, 1.5142666, 0)
2021-06-23 11:18:45,971 - deformetrica.core.models.longitudinal_metric_learning - INFO - Tmin 46.02666473388672 Tmax 68.641 Update of the spatiotemporalframe: 288 ms
2021-06-23 11:18:46,043 - deformetrica.core.estimators.gradient_ascent - INFO - --------------------------------- GA Iteration: 4/300 -----------------------------------
2021-06-23 11:18:46,044 - deformetrica.core.estimators.gradient_ascent - INFO - >> Log-likelihood = -1.511E+00 	 [ attachment = -4.939E-01 ; regularity = -1.017E+00 ]
2021-06-23 11:18:46,044 - deformetrica.core.models.longitudinal_metric_learning - INFO - Acceleration factors max/min: (1.5142666, 0, 1.5142666, 0)
2021-06-23 11:18:46,341 - deformetrica.core.models.longitudinal_metric_learning - INFO - Tmin 46.02666473388672 Tmax 68.641 Update of the spatiotemporalframe: 289 ms
2021-06-23 11:18:46,542 - deformetrica.core.estimators.gradient_ascent - INFO - >> Step size and gradient norm: 
2021-06-23 11:18:46,543 - deformetrica.core.estimators.gradient_ascent - INFO - 		1.030E+01   and   8.574E-02 	[ onset_age ]
2021-06-23 11:18:46,544 - deformetrica.core.estimators.gradient_ascent - INFO - 		8.522E-02   and   3.540E-01 	[ log_acceleration ]
2021-06-23 11:18:46,544 - deformetrica.core.estimators.gradient_ascent - INFO - 		7.591E-02   and   7.978E-02 	[ sources ]
2021-06-23 11:18:46,544 - deformetrica.core.models.longitudinal_metric_learning - INFO - Acceleration factors max/min: (1.4692742, 0, 1.4692742, 0)
2021-06-23 11:18:46,846 - deformetrica.core.models.longitudinal_metric_learning - INFO - Tmin 45.40144348144531 Tmax 68.641 Update of the spatiotemporalframe: 294 ms
2021-06-23 11:18:46,918 - deformetrica.core.estimators.gradient_ascent - INFO - --------------------------------- GA Iteration: 5/300 -----------------------------------
2021-06-23 11:18:46,919 - deformetrica.core.estimators.gradient_ascent - INFO - >> Log-likelihood = -1.442E+00 	 [ attachment = -4.230E-01 ; regularity = -1.019E+00 ]
2021-06-23 11:18:46,920 - deformetrica.core.models.longitudinal_metric_learning - INFO - Acceleration factors max/min: (1.4692742, 0, 1.4692742, 0)
2021-06-23 11:18:47,221 - deformetrica.core.models.longitudinal_metric_learning - INFO - Tmin 45.40144348144531 Tmax 68.641 Update of the spatiotemporalframe: 294 ms
2021-06-23 11:18:47,423 - deformetrica.core.estimators.gradient_ascent - INFO - >> Step size and gradient norm: 
2021-06-23 11:18:47,424 - deformetrica.core.estimators.gradient_ascent - INFO - 		1.545E+01   and   3.785E-02 	[ onset_age ]
2021-06-23 11:18:47,424 - deformetrica.core.estimators.gradient_ascent - INFO - 		1.278E-01   and   5.964E-01 	[ log_acceleration ]
2021-06-23 11:18:47,424 - deformetrica.core.estimators.gradient_ascent - INFO - 		1.139E-01   and   8.873E-02 	[ sources ]
2021-06-23 11:18:47,424 - deformetrica.core.models.longitudinal_metric_learning - INFO - Acceleration factors max/min: (1.3614309, 0, 1.3614309, 0)
2021-06-23 11:18:47,716 - deformetrica.core.models.longitudinal_metric_learning - INFO - Tmin 46.311317443847656 Tmax 68.641 Update of the spatiotemporalframe: 284 ms
2021-06-23 11:18:47,792 - deformetrica.core.estimators.gradient_ascent - INFO - --------------------------------- GA Iteration: 6/300 -----------------------------------
2021-06-23 11:18:47,793 - deformetrica.core.estimators.gradient_ascent - INFO - >> Log-likelihood = -1.400E+00 	 [ attachment = -4.822E-01 ; regularity = -9.173E-01 ]
2021-06-23 11:18:47,793 - deformetrica.core.models.longitudinal_metric_learning - INFO - Acceleration factors max/min: (1.3614309, 0, 1.3614309, 0)
2021-06-23 11:18:48,086 - deformetrica.core.models.longitudinal_metric_learning - INFO - Tmin 46.311317443847656 Tmax 68.641 Update of the spatiotemporalframe: 284 ms
2021-06-23 11:18:48,293 - deformetrica.core.estimators.gradient_ascent - INFO - >> Step size and gradient norm: 
2021-06-23 11:18:48,294 - deformetrica.core.estimators.gradient_ascent - INFO - 		2.317E+01   and   5.466E-02 	[ onset_age ]
2021-06-23 11:18:48,294 - deformetrica.core.estimators.gradient_ascent - INFO - 		1.917E-01   and   2.006E-01 	[ log_acceleration ]
2021-06-23 11:18:48,294 - deformetrica.core.estimators.gradient_ascent - INFO - 		1.708E-01   and   6.030E-02 	[ sources ]
2021-06-23 11:18:48,295 - deformetrica.core.models.longitudinal_metric_learning - INFO - Acceleration factors max/min: (1.4148033, 0, 1.4148033, 0)
2021-06-23 11:18:48,621 - deformetrica.core.models.longitudinal_metric_learning - INFO - Tmin 43.64405059814453 Tmax 68.641 Update of the spatiotemporalframe: 318 ms
2021-06-23 11:18:48,693 - deformetrica.core.models.longitudinal_metric_learning - INFO - Acceleration factors max/min: (1.4039639, 0, 1.4039639, 0)
2021-06-23 11:18:49,022 - deformetrica.core.models.longitudinal_metric_learning - INFO - Tmin 43.83556365966797 Tmax 68.641 Update of the spatiotemporalframe: 320 ms
2021-06-23 11:18:49,094 - deformetrica.core.models.longitudinal_metric_learning - INFO - Acceleration factors max/min: (1.4148033, 0, 1.4148033, 0)
2021-06-23 11:18:49,415 - deformetrica.core.models.longitudinal_metric_learning - INFO - Tmin 44.00242614746094 Tmax 68.641 Update of the spatiotemporalframe: 312 ms
2021-06-23 11:18:49,487 - deformetrica.core.models.longitudinal_metric_learning - INFO - Acceleration factors max/min: (1.4039639, 0, 1.4039639, 0)
2021-06-23 11:18:49,810 - deformetrica.core.models.longitudinal_metric_learning - INFO - Tmin 44.191192626953125 Tmax 68.641 Update of the spatiotemporalframe: 314 ms
2021-06-23 11:18:49,881 - deformetrica.core.estimators.gradient_ascent - INFO - >> Step size and gradient norm: 
2021-06-23 11:18:49,883 - deformetrica.core.estimators.gradient_ascent - INFO - 		1.854E+01   and   5.466E-02 	[ onset_age ]
2021-06-23 11:18:49,883 - deformetrica.core.estimators.gradient_ascent - INFO - 		1.534E-01   and   2.006E-01 	[ log_acceleration ]
2021-06-23 11:18:49,883 - deformetrica.core.estimators.gradient_ascent - INFO - 		1.366E-01   and   6.030E-02 	[ sources ]
2021-06-23 11:18:49,883 - deformetrica.core.models.longitudinal_metric_learning - INFO - Acceleration factors max/min: (1.4039639, 0, 1.4039639, 0)
2021-06-23 11:18:50,204 - deformetrica.core.models.longitudinal_metric_learning - INFO - Tmin 44.191192626953125 Tmax 68.641 Update of the spatiotemporalframe: 313 ms
2021-06-23 11:18:50,275 - deformetrica.core.models.longitudinal_metric_learning - INFO - Acceleration factors max/min: (1.3953524, 0, 1.3953524, 0)
2021-06-23 11:18:50,593 - deformetrica.core.models.longitudinal_metric_learning - INFO - Tmin 44.34115982055664 Tmax 68.641 Update of the spatiotemporalframe: 308 ms
2021-06-23 11:18:50,664 - deformetrica.core.models.longitudinal_metric_learning - INFO - Acceleration factors max/min: (1.4039639, 0, 1.4039639, 0)
2021-06-23 11:18:50,980 - deformetrica.core.models.longitudinal_metric_learning - INFO - Tmin 44.4756965637207 Tmax 68.641 Update of the spatiotemporalframe: 307 ms
2021-06-23 11:18:51,051 - deformetrica.core.models.longitudinal_metric_learning - INFO - Acceleration factors max/min: (1.3953524, 0, 1.3953524, 0)
2021-06-23 11:18:51,367 - deformetrica.core.models.longitudinal_metric_learning - INFO - Tmin 44.62392044067383 Tmax 68.641 Update of the spatiotemporalframe: 307 ms
2021-06-23 11:18:51,440 - deformetrica.core.estimators.gradient_ascent - INFO - --------------------------------- GA Iteration: 7/300 -----------------------------------
2021-06-23 11:18:51,440 - deformetrica.core.estimators.gradient_ascent - INFO - >> Log-likelihood = -1.393E+00 	 [ attachment = -3.587E-01 ; regularity = -1.034E+00 ]
2021-06-23 11:18:51,441 - deformetrica.core.models.longitudinal_metric_learning - INFO - Acceleration factors max/min: (1.3953524, 0, 1.3953524, 0)
2021-06-23 11:18:51,759 - deformetrica.core.models.longitudinal_metric_learning - INFO - Tmin 44.62392044067383 Tmax 68.641 Update of the spatiotemporalframe: 310 ms
2021-06-23 11:18:51,967 - deformetrica.core.estimators.gradient_ascent - INFO - >> Step size and gradient norm: 
2021-06-23 11:18:51,968 - deformetrica.core.estimators.gradient_ascent - INFO - 		1.483E+01   and   1.322E-02 	[ onset_age ]
2021-06-23 11:18:51,968 - deformetrica.core.estimators.gradient_ascent - INFO - 		1.227E-01   and   7.377E-01 	[ log_acceleration ]
2021-06-23 11:18:51,968 - deformetrica.core.estimators.gradient_ascent - INFO - 		1.366E-01   and   1.010E-01 	[ sources ]
2021-06-23 11:18:51,969 - deformetrica.core.models.longitudinal_metric_learning - INFO - Acceleration factors max/min: (1.2745897, 0, 1.2745897, 0)
2021-06-23 11:18:52,253 - deformetrica.core.models.longitudinal_metric_learning - INFO - Tmin 46.95233917236328 Tmax 68.641 Update of the spatiotemporalframe: 276 ms
2021-06-23 11:18:52,326 - deformetrica.core.models.longitudinal_metric_learning - INFO - Acceleration factors max/min: (1.2978758, 0, 1.2978758, 0)
2021-06-23 11:18:52,616 - deformetrica.core.models.longitudinal_metric_learning - INFO - Tmin 46.55609893798828 Tmax 68.641 Update of the spatiotemporalframe: 282 ms
2021-06-23 11:18:52,687 - deformetrica.core.models.longitudinal_metric_learning - INFO - Acceleration factors max/min: (1.2745897, 0, 1.2745897, 0)
2021-06-23 11:18:52,936 - deformetrica.core.models.longitudinal_metric_learning - INFO - Tmin 46.902366638183594 Tmax 68.641 Update of the spatiotemporalframe: 240 ms
2021-06-23 11:18:52,996 - deformetrica.core.models.longitudinal_metric_learning - INFO - Acceleration factors max/min: (1.2978758, 0, 1.2978758, 0)
2021-06-23 11:18:53,237 - deformetrica.core.models.longitudinal_metric_learning - INFO - Tmin 46.505210876464844 Tmax 68.641 Update of the spatiotemporalframe: 233 ms
2021-06-23 11:18:53,296 - deformetrica.core.estimators.gradient_ascent - INFO - --------------------------------- GA Iteration: 8/300 -----------------------------------
2021-06-23 11:18:53,298 - deformetrica.core.estimators.gradient_ascent - INFO - >> Log-likelihood = -1.382E+00 	 [ attachment = -4.871E-01 ; regularity = -8.951E-01 ]
2021-06-23 11:18:53,298 - deformetrica.core.models.longitudinal_metric_learning - INFO - Acceleration factors max/min: (1.2978758, 0, 1.2978758, 0)
2021-06-23 11:18:53,591 - deformetrica.core.models.longitudinal_metric_learning - INFO - Tmin 46.505210876464844 Tmax 68.641 Update of the spatiotemporalframe: 285 ms
2021-06-23 11:18:53,796 - deformetrica.core.estimators.gradient_ascent - INFO - >> Step size and gradient norm: 
2021-06-23 11:18:53,797 - deformetrica.core.estimators.gradient_ascent - INFO - 		1.186E+01   and   4.050E-02 	[ onset_age ]
2021-06-23 11:18:53,797 - deformetrica.core.estimators.gradient_ascent - INFO - 		9.817E-02   and   4.276E-01 	[ log_acceleration ]
2021-06-23 11:18:53,798 - deformetrica.core.estimators.gradient_ascent - INFO - 		1.366E-01   and   3.018E-02 	[ sources ]
2021-06-23 11:18:53,798 - deformetrica.core.models.longitudinal_metric_learning - INFO - Acceleration factors max/min: (1.3535199, 0, 1.3535199, 0)
2021-06-23 11:18:54,105 - deformetrica.core.models.longitudinal_metric_learning - INFO - Tmin 44.905845642089844 Tmax 68.641 Update of the spatiotemporalframe: 298 ms
2021-06-23 11:18:54,176 - deformetrica.core.estimators.gradient_ascent - INFO - --------------------------------- GA Iteration: 9/300 -----------------------------------
2021-06-23 11:18:54,177 - deformetrica.core.estimators.gradient_ascent - INFO - >> Log-likelihood = -1.376E+00 	 [ attachment = -3.691E-01 ; regularity = -1.007E+00 ]
2021-06-23 11:18:54,178 - deformetrica.core.models.longitudinal_metric_learning - INFO - Acceleration factors max/min: (1.3535199, 0, 1.3535199, 0)
2021-06-23 11:18:54,485 - deformetrica.core.models.longitudinal_metric_learning - INFO - Tmin 44.905845642089844 Tmax 68.641 Update of the spatiotemporalframe: 299 ms
2021-06-23 11:18:54,685 - deformetrica.core.estimators.gradient_ascent - INFO - >> Step size and gradient norm: 
2021-06-23 11:18:54,686 - deformetrica.core.estimators.gradient_ascent - INFO - 		1.779E+01   and   1.846E-02 	[ onset_age ]
2021-06-23 11:18:54,686 - deformetrica.core.estimators.gradient_ascent - INFO - 		1.473E-01   and   5.884E-01 	[ log_acceleration ]
2021-06-23 11:18:54,686 - deformetrica.core.estimators.gradient_ascent - INFO - 		2.049E-01   and   7.592E-02 	[ sources ]
2021-06-23 11:18:54,686 - deformetrica.core.models.longitudinal_metric_learning - INFO - Acceleration factors max/min: (1.241177, 0, 1.241177, 0)
2021-06-23 11:18:54,964 - deformetrica.core.models.longitudinal_metric_learning - INFO - Tmin 47.28361129760742 Tmax 68.641 Update of the spatiotemporalframe: 270 ms
2021-06-23 11:18:55,036 - deformetrica.core.models.longitudinal_metric_learning - INFO - Acceleration factors max/min: (1.2628736, 0, 1.2628736, 0)
2021-06-23 11:18:55,318 - deformetrica.core.models.longitudinal_metric_learning - INFO - Tmin 46.91027069091797 Tmax 68.641 Update of the spatiotemporalframe: 273 ms
2021-06-23 11:18:55,390 - deformetrica.core.models.longitudinal_metric_learning - INFO - Acceleration factors max/min: (1.241177, 0, 1.241177, 0)
2021-06-23 11:18:55,671 - deformetrica.core.models.longitudinal_metric_learning - INFO - Tmin 47.20207214355469 Tmax 68.641 Update of the spatiotemporalframe: 272 ms
2021-06-23 11:18:55,742 - deformetrica.core.models.longitudinal_metric_learning - INFO - Acceleration factors max/min: (1.2628736, 0, 1.2628736, 0)
2021-06-23 11:18:56,027 - deformetrica.core.models.longitudinal_metric_learning - INFO - Tmin 46.827301025390625 Tmax 68.641 Update of the spatiotemporalframe: 276 ms
2021-06-23 11:18:56,098 - deformetrica.core.estimators.gradient_ascent - INFO - >> Step size and gradient norm: 
2021-06-23 11:18:56,100 - deformetrica.core.estimators.gradient_ascent - INFO - 		1.424E+01   and   1.846E-02 	[ onset_age ]
2021-06-23 11:18:56,100 - deformetrica.core.estimators.gradient_ascent - INFO - 		1.178E-01   and   5.884E-01 	[ log_acceleration ]
2021-06-23 11:18:56,100 - deformetrica.core.estimators.gradient_ascent - INFO - 		1.640E-01   and   7.592E-02 	[ sources ]
2021-06-23 11:18:56,100 - deformetrica.core.models.longitudinal_metric_learning - INFO - Acceleration factors max/min: (1.2628736, 0, 1.2628736, 0)
2021-06-23 11:18:56,385 - deformetrica.core.models.longitudinal_metric_learning - INFO - Tmin 46.827301025390625 Tmax 68.641 Update of the spatiotemporalframe: 277 ms
2021-06-23 11:18:56,458 - deformetrica.core.models.longitudinal_metric_learning - INFO - Acceleration factors max/min: (1.2805037, 0, 1.2805037, 0)
2021-06-23 11:18:56,747 - deformetrica.core.models.longitudinal_metric_learning - INFO - Tmin 46.52277374267578 Tmax 68.641 Update of the spatiotemporalframe: 281 ms
2021-06-23 11:18:56,819 - deformetrica.core.models.longitudinal_metric_learning - INFO - Acceleration factors max/min: (1.2628736, 0, 1.2628736, 0)
2021-06-23 11:18:57,104 - deformetrica.core.models.longitudinal_metric_learning - INFO - Tmin 46.76091766357422 Tmax 68.641 Update of the spatiotemporalframe: 277 ms
2021-06-23 11:18:57,176 - deformetrica.core.models.longitudinal_metric_learning - INFO - Acceleration factors max/min: (1.2805037, 0, 1.2805037, 0)
2021-06-23 11:18:57,466 - deformetrica.core.models.longitudinal_metric_learning - INFO - Tmin 46.455467224121094 Tmax 68.641 Update of the spatiotemporalframe: 281 ms
2021-06-23 11:18:57,538 - deformetrica.core.estimators.gradient_ascent - INFO - >> Step size and gradient norm: 
2021-06-23 11:18:57,539 - deformetrica.core.estimators.gradient_ascent - INFO - 		1.139E+01   and   1.846E-02 	[ onset_age ]
2021-06-23 11:18:57,539 - deformetrica.core.estimators.gradient_ascent - INFO - 		9.424E-02   and   5.884E-01 	[ log_acceleration ]
2021-06-23 11:18:57,539 - deformetrica.core.estimators.gradient_ascent - INFO - 		1.312E-01   and   7.592E-02 	[ sources ]
2021-06-23 11:18:57,540 - deformetrica.core.models.longitudinal_metric_learning - INFO - Acceleration factors max/min: (1.2805037, 0, 1.2805037, 0)
2021-06-23 11:18:57,828 - deformetrica.core.models.longitudinal_metric_learning - INFO - Tmin 46.455467224121094 Tmax 68.641 Update of the spatiotemporalframe: 280 ms
2021-06-23 11:18:57,900 - deformetrica.core.models.longitudinal_metric_learning - INFO - Acceleration factors max/min: (1.2947848, 0, 1.2947848, 0)
2021-06-23 11:18:58,193 - deformetrica.core.models.longitudinal_metric_learning - INFO - Tmin 46.208038330078125 Tmax 68.641 Update of the spatiotemporalframe: 285 ms
2021-06-23 11:18:58,265 - deformetrica.core.models.longitudinal_metric_learning - INFO - Acceleration factors max/min: (1.2805037, 0, 1.2805037, 0)
2021-06-23 11:18:58,554 - deformetrica.core.models.longitudinal_metric_learning - INFO - Tmin 46.40162658691406 Tmax 68.641 Update of the spatiotemporalframe: 281 ms
2021-06-23 11:18:58,626 - deformetrica.core.models.longitudinal_metric_learning - INFO - Acceleration factors max/min: (1.2947848, 0, 1.2947848, 0)
2021-06-23 11:18:58,921 - deformetrica.core.models.longitudinal_metric_learning - INFO - Tmin 46.153594970703125 Tmax 68.641 Update of the spatiotemporalframe: 286 ms
2021-06-23 11:18:58,993 - deformetrica.core.estimators.gradient_ascent - INFO - --------------------------------- GA Iteration: 10/300 -----------------------------------
2021-06-23 11:18:58,993 - deformetrica.core.estimators.gradient_ascent - INFO - >> Log-likelihood = -1.371E+00 	 [ attachment = -4.526E-01 ; regularity = -9.186E-01 ]
2021-06-23 11:18:58,994 - deformetrica.core.models.longitudinal_metric_learning - INFO - Acceleration factors max/min: (1.2947848, 0, 1.2947848, 0)
2021-06-23 11:18:59,286 - deformetrica.core.models.longitudinal_metric_learning - INFO - Tmin 46.153594970703125 Tmax 68.641 Update of the spatiotemporalframe: 285 ms
2021-06-23 11:18:59,488 - deformetrica.core.estimators.gradient_ascent - INFO - >> Step size and gradient norm: 
2021-06-23 11:18:59,489 - deformetrica.core.estimators.gradient_ascent - INFO - 		9.111E+00   and   2.722E-02 	[ onset_age ]
2021-06-23 11:18:59,489 - deformetrica.core.estimators.gradient_ascent - INFO - 		7.539E-02   and   3.131E-01 	[ log_acceleration ]
2021-06-23 11:18:59,489 - deformetrica.core.estimators.gradient_ascent - INFO - 		1.312E-01   and   2.479E-02 	[ sources ]
2021-06-23 11:18:59,489 - deformetrica.core.models.longitudinal_metric_learning - INFO - Acceleration factors max/min: (1.3257171, 0, 1.3257171, 0)
2021-06-23 11:18:59,792 - deformetrica.core.models.longitudinal_metric_learning - INFO - Tmin 45.287567138671875 Tmax 68.641 Update of the spatiotemporalframe: 295 ms
2021-06-23 11:18:59,864 - deformetrica.core.estimators.gradient_ascent - INFO - --------------------------------- GA Iteration: 11/300 -----------------------------------
2021-06-23 11:18:59,865 - deformetrica.core.estimators.gradient_ascent - INFO - >> Log-likelihood = -1.367E+00 	 [ attachment = -3.894E-01 ; regularity = -9.779E-01 ]
2021-06-23 11:18:59,866 - deformetrica.core.models.longitudinal_metric_learning - INFO - Acceleration factors max/min: (1.3257171, 0, 1.3257171, 0)
2021-06-23 11:19:00,169 - deformetrica.core.models.longitudinal_metric_learning - INFO - Tmin 45.287567138671875 Tmax 68.641 Update of the spatiotemporalframe: 296 ms
2021-06-23 11:19:00,370 - deformetrica.core.estimators.gradient_ascent - INFO - >> Step size and gradient norm: 
2021-06-23 11:19:00,371 - deformetrica.core.estimators.gradient_ascent - INFO - 		1.367E+01   and   2.965E-03 	[ onset_age ]
2021-06-23 11:19:00,371 - deformetrica.core.estimators.gradient_ascent - INFO - 		1.131E-01   and   2.200E-01 	[ log_acceleration ]
2021-06-23 11:19:00,371 - deformetrica.core.estimators.gradient_ascent - INFO - 		1.967E-01   and   4.952E-02 	[ sources ]
2021-06-23 11:19:00,371 - deformetrica.core.models.longitudinal_metric_learning - INFO - Acceleration factors max/min: (1.2931355, 0, 1.2931355, 0)
2021-06-23 11:19:00,667 - deformetrica.core.models.longitudinal_metric_learning - INFO - Tmin 45.913909912109375 Tmax 68.641 Update of the spatiotemporalframe: 288 ms
2021-06-23 11:19:00,740 - deformetrica.core.estimators.gradient_ascent - INFO - Tolerance threshold met. Stopping the optimization process.
2021-06-23 11:19:00,741 - __main__ - INFO - >> Estimation took: 9.5367431640625e-07
