2021-06-23 11:54:46,172 - root - ERROR - Logger has been set to: INFO
2021-06-23 11:54:46,403 - __main__ - INFO -  >>> Personalizing for each individual.
2021-06-23 11:54:46,638 - __main__ - INFO - Initializing all the onset_ages to the reference time.
2021-06-23 11:54:46,639 - __main__ - INFO - Initializing all log-accelerations to zero.
2021-06-23 11:54:46,639 - __main__ - INFO - Initializing exponential type to parametric
2021-06-23 11:54:46,639 - __main__ - INFO - Loading metric parameters from file simulated_study/output_2/LongitudinalMetricModel_metric_parameters.txt
2021-06-23 11:54:46,640 - __main__ - INFO - Loading the interpolation points from file simulated_study/output_2/LongitudinalMetricModel_interpolation_points.txt
2021-06-23 11:54:46,640 - __main__ - INFO - The width for the metric interpolation is set to 0.25
2021-06-23 11:54:46,641 - __main__ - INFO - I am setting the no_parallel_transport flag to False.
2021-06-23 11:54:46,641 - __main__ - INFO - >> Reading 1-source initial modulation matrix from file: simulated_study/output_2/LongitudinalMetricModel_modulation_matrix.txt
2021-06-23 11:54:46,641 - __main__ - INFO - Initializing all sources to zero
2021-06-23 11:54:46,643 - deformetrica.core.models.longitudinal_metric_learning - INFO - Acceleration factors max/min: (1.0, 0, 1.0, 0)
2021-06-23 11:54:47,632 - deformetrica.core.models.longitudinal_metric_learning - INFO - Tmin 35.12456512451172 Tmax 110 Update of the spatiotemporalframe: 961 ms
2021-06-23 11:55:01,873 - __main__ - INFO - >> Initial noise variance set to 0.05262669914588332 based on the initial mean residual value.
2021-06-23 11:55:01,874 - deformetrica.core.models.longitudinal_metric_learning - INFO - ('v0', True)
2021-06-23 11:55:01,874 - deformetrica.core.models.longitudinal_metric_learning - INFO - ('p0', True)
2021-06-23 11:55:01,874 - deformetrica.core.models.longitudinal_metric_learning - INFO - ('reference_time', True)
2021-06-23 11:55:01,874 - deformetrica.core.models.longitudinal_metric_learning - INFO - ('onset_age_variance', True)
2021-06-23 11:55:01,874 - deformetrica.core.models.longitudinal_metric_learning - INFO - ('log_acceleration_variance', True)
2021-06-23 11:55:01,874 - deformetrica.core.models.longitudinal_metric_learning - INFO - ('noise_variance', True)
2021-06-23 11:55:01,874 - deformetrica.core.models.longitudinal_metric_learning - INFO - ('metric_parameters', True)
2021-06-23 11:55:01,874 - deformetrica.core.models.longitudinal_metric_learning - INFO - ('modulation_matrix', True)
2021-06-23 11:55:01,889 - deformetrica.core.models.longitudinal_metric_learning - INFO - Acceleration factors max/min: (1.0, 0, 1.0, 0)
2021-06-23 11:55:01,959 - deformetrica.core.models.longitudinal_metric_learning - INFO - Tmin 66.31595611572266 Tmax 70.81595611572266 Update of the spatiotemporalframe: 62 ms
2021-06-23 11:55:02,174 - deformetrica.core.estimators.gradient_ascent - INFO - --------------------------------- GA Iteration: 0/300 -----------------------------------
2021-06-23 11:55:02,175 - deformetrica.core.estimators.gradient_ascent - INFO - >> Log-likelihood = -1.929E+00 	 [ attachment = -1.887E+00 ; regularity = -4.181E-02 ]
2021-06-23 11:55:02,176 - deformetrica.core.estimators.gradient_ascent - INFO - >> Step size and gradient norm: 
2021-06-23 11:55:02,176 - deformetrica.core.estimators.gradient_ascent - INFO - 		8.379E+00   and   2.984E-01 	[ onset_age ]
2021-06-23 11:55:02,176 - deformetrica.core.estimators.gradient_ascent - INFO - 		4.415E-02   and   1.132E-01 	[ log_acceleration ]
2021-06-23 11:55:02,176 - deformetrica.core.estimators.gradient_ascent - INFO - 		2.690E-03   and   1.859E+00 	[ sources ]
2021-06-23 11:55:02,176 - deformetrica.core.models.longitudinal_metric_learning - INFO - Acceleration factors max/min: (0.99501246, 0, 0.99501246, 0)
2021-06-23 11:55:02,245 - deformetrica.core.models.longitudinal_metric_learning - INFO - Tmin 68.641 Tmax 73.29264068603516 Update of the spatiotemporalframe: 61 ms
2021-06-23 11:55:02,318 - deformetrica.core.estimators.gradient_ascent - INFO - --------------------------------- GA Iteration: 1/300 -----------------------------------
2021-06-23 11:55:02,319 - deformetrica.core.estimators.gradient_ascent - INFO - >> Log-likelihood = -1.256E+00 	 [ attachment = -1.196E+00 ; regularity = -5.952E-02 ]
2021-06-23 11:55:02,319 - deformetrica.core.models.longitudinal_metric_learning - INFO - Acceleration factors max/min: (0.99501246, 0, 0.99501246, 0)
2021-06-23 11:55:02,388 - deformetrica.core.models.longitudinal_metric_learning - INFO - Tmin 68.641 Tmax 73.29264068603516 Update of the spatiotemporalframe: 61 ms
2021-06-23 11:55:02,593 - deformetrica.core.estimators.gradient_ascent - INFO - >> Step size and gradient norm: 
2021-06-23 11:55:02,594 - deformetrica.core.estimators.gradient_ascent - INFO - 		1.257E+01   and   1.495E-01 	[ onset_age ]
2021-06-23 11:55:02,595 - deformetrica.core.estimators.gradient_ascent - INFO - 		6.623E-02   and   2.658E-01 	[ log_acceleration ]
2021-06-23 11:55:02,595 - deformetrica.core.estimators.gradient_ascent - INFO - 		4.035E-03   and   1.961E+00 	[ sources ]
2021-06-23 11:55:02,595 - deformetrica.core.models.longitudinal_metric_learning - INFO - Acceleration factors max/min: (1.0126874, 0, 1.0126874, 0)
2021-06-23 11:55:02,689 - deformetrica.core.models.longitudinal_metric_learning - INFO - Tmin 68.641 Tmax 75.2781982421875 Update of the spatiotemporalframe: 86 ms
2021-06-23 11:55:02,762 - deformetrica.core.estimators.gradient_ascent - INFO - --------------------------------- GA Iteration: 2/300 -----------------------------------
2021-06-23 11:55:02,762 - deformetrica.core.estimators.gradient_ascent - INFO - >> Log-likelihood = -1.124E+00 	 [ attachment = -1.027E+00 ; regularity = -9.714E-02 ]
2021-06-23 11:55:02,763 - deformetrica.core.models.longitudinal_metric_learning - INFO - Acceleration factors max/min: (1.0126874, 0, 1.0126874, 0)
2021-06-23 11:55:02,857 - deformetrica.core.models.longitudinal_metric_learning - INFO - Tmin 68.641 Tmax 75.2781982421875 Update of the spatiotemporalframe: 86 ms
2021-06-23 11:55:03,061 - deformetrica.core.estimators.gradient_ascent - INFO - >> Step size and gradient norm: 
2021-06-23 11:55:03,062 - deformetrica.core.estimators.gradient_ascent - INFO - 		1.885E+01   and   1.752E-02 	[ onset_age ]
2021-06-23 11:55:03,063 - deformetrica.core.estimators.gradient_ascent - INFO - 		9.935E-02   and   1.552E-01 	[ log_acceleration ]
2021-06-23 11:55:03,063 - deformetrica.core.estimators.gradient_ascent - INFO - 		6.052E-03   and   1.946E+00 	[ sources ]
2021-06-23 11:55:03,063 - deformetrica.core.models.longitudinal_metric_learning - INFO - Acceleration factors max/min: (0.9971921, 0, 0.9971921, 0)
2021-06-23 11:55:03,152 - deformetrica.core.models.longitudinal_metric_learning - INFO - Tmin 68.641 Tmax 74.84735107421875 Update of the spatiotemporalframe: 80 ms
2021-06-23 11:55:03,223 - deformetrica.core.estimators.gradient_ascent - INFO - --------------------------------- GA Iteration: 3/300 -----------------------------------
2021-06-23 11:55:03,225 - deformetrica.core.estimators.gradient_ascent - INFO - >> Log-likelihood = -1.095E+00 	 [ attachment = -1.010E+00 ; regularity = -8.503E-02 ]
2021-06-23 11:55:03,225 - deformetrica.core.models.longitudinal_metric_learning - INFO - Acceleration factors max/min: (0.9971921, 0, 0.9971921, 0)
2021-06-23 11:55:03,313 - deformetrica.core.models.longitudinal_metric_learning - INFO - Tmin 68.641 Tmax 74.84735107421875 Update of the spatiotemporalframe: 80 ms
2021-06-23 11:55:03,520 - deformetrica.core.estimators.gradient_ascent - INFO - >> Step size and gradient norm: 
2021-06-23 11:55:03,521 - deformetrica.core.estimators.gradient_ascent - INFO - 		2.828E+01   and   1.654E-02 	[ onset_age ]
2021-06-23 11:55:03,521 - deformetrica.core.estimators.gradient_ascent - INFO - 		1.490E-01   and   5.041E-02 	[ log_acceleration ]
2021-06-23 11:55:03,521 - deformetrica.core.estimators.gradient_ascent - INFO - 		9.078E-03   and   1.909E+00 	[ sources ]
2021-06-23 11:55:03,522 - deformetrica.core.models.longitudinal_metric_learning - INFO - Acceleration factors max/min: (1.0047112, 0, 1.0047112, 0)
2021-06-23 11:55:03,616 - deformetrica.core.models.longitudinal_metric_learning - INFO - Tmin 68.641 Tmax 75.3639907836914 Update of the spatiotemporalframe: 87 ms
2021-06-23 11:55:03,688 - deformetrica.core.estimators.gradient_ascent - INFO - --------------------------------- GA Iteration: 4/300 -----------------------------------
2021-06-23 11:55:03,689 - deformetrica.core.estimators.gradient_ascent - INFO - >> Log-likelihood = -1.072E+00 	 [ attachment = -9.796E-01 ; regularity = -9.286E-02 ]
2021-06-23 11:55:03,690 - deformetrica.core.models.longitudinal_metric_learning - INFO - Acceleration factors max/min: (1.0047112, 0, 1.0047112, 0)
2021-06-23 11:55:03,784 - deformetrica.core.models.longitudinal_metric_learning - INFO - Tmin 68.641 Tmax 75.3639907836914 Update of the spatiotemporalframe: 87 ms
2021-06-23 11:55:03,995 - deformetrica.core.estimators.gradient_ascent - INFO - >> Step size and gradient norm: 
2021-06-23 11:55:03,995 - deformetrica.core.estimators.gradient_ascent - INFO - 		4.242E+01   and   2.668E-02 	[ onset_age ]
2021-06-23 11:55:03,996 - deformetrica.core.estimators.gradient_ascent - INFO - 		2.235E-01   and   1.424E-01 	[ log_acceleration ]
2021-06-23 11:55:03,996 - deformetrica.core.estimators.gradient_ascent - INFO - 		1.362E-02   and   1.843E+00 	[ sources ]
2021-06-23 11:55:03,996 - deformetrica.core.models.longitudinal_metric_learning - INFO - Acceleration factors max/min: (0.9732405, 0, 0.9732405, 0)
2021-06-23 11:55:04,076 - deformetrica.core.models.longitudinal_metric_learning - INFO - Tmin 68.641 Tmax 74.05200958251953 Update of the spatiotemporalframe: 72 ms
2021-06-23 11:55:04,150 - deformetrica.core.estimators.gradient_ascent - INFO - --------------------------------- GA Iteration: 5/300 -----------------------------------
2021-06-23 11:55:04,151 - deformetrica.core.estimators.gradient_ascent - INFO - >> Log-likelihood = -1.047E+00 	 [ attachment = -9.850E-01 ; regularity = -6.172E-02 ]
2021-06-23 11:55:04,151 - deformetrica.core.models.longitudinal_metric_learning - INFO - Acceleration factors max/min: (0.9732405, 0, 0.9732405, 0)
2021-06-23 11:55:04,229 - deformetrica.core.models.longitudinal_metric_learning - INFO - Tmin 68.641 Tmax 74.05200958251953 Update of the spatiotemporalframe: 70 ms
2021-06-23 11:55:04,433 - deformetrica.core.estimators.gradient_ascent - INFO - >> Step size and gradient norm: 
2021-06-23 11:55:04,434 - deformetrica.core.estimators.gradient_ascent - INFO - 		6.363E+01   and   7.785E-02 	[ onset_age ]
2021-06-23 11:55:04,435 - deformetrica.core.estimators.gradient_ascent - INFO - 		3.353E-01   and   3.395E-01 	[ log_acceleration ]
2021-06-23 11:55:04,435 - deformetrica.core.estimators.gradient_ascent - INFO - 		2.043E-02   and   1.760E+00 	[ sources ]
2021-06-23 11:55:04,435 - deformetrica.core.models.longitudinal_metric_learning - INFO - Acceleration factors max/min: (1.0905967, 0, 1.0905967, 0)
2021-06-23 11:55:04,590 - deformetrica.core.models.longitudinal_metric_learning - INFO - Tmin 68.641 Tmax 80.10673522949219 Update of the spatiotemporalframe: 147 ms
2021-06-23 11:55:04,663 - deformetrica.core.models.longitudinal_metric_learning - INFO - Acceleration factors max/min: (1.0660446, 0, 1.0660446, 0)
2021-06-23 11:55:04,816 - deformetrica.core.models.longitudinal_metric_learning - INFO - Tmin 68.641 Tmax 79.8486099243164 Update of the spatiotemporalframe: 144 ms
2021-06-23 11:55:04,887 - deformetrica.core.models.longitudinal_metric_learning - INFO - Acceleration factors max/min: (1.0905967, 0, 1.0905967, 0)
2021-06-23 11:55:05,027 - deformetrica.core.models.longitudinal_metric_learning - INFO - Tmin 68.641 Tmax 79.02628326416016 Update of the spatiotemporalframe: 132 ms
2021-06-23 11:55:05,100 - deformetrica.core.models.longitudinal_metric_learning - INFO - Acceleration factors max/min: (1.0660446, 0, 1.0660446, 0)
2021-06-23 11:55:05,239 - deformetrica.core.models.longitudinal_metric_learning - INFO - Tmin 68.641 Tmax 78.79248046875 Update of the spatiotemporalframe: 130 ms
2021-06-23 11:55:05,311 - deformetrica.core.estimators.gradient_ascent - INFO - >> Step size and gradient norm: 
2021-06-23 11:55:05,312 - deformetrica.core.estimators.gradient_ascent - INFO - 		5.090E+01   and   7.785E-02 	[ onset_age ]
2021-06-23 11:55:05,312 - deformetrica.core.estimators.gradient_ascent - INFO - 		2.682E-01   and   3.395E-01 	[ log_acceleration ]
2021-06-23 11:55:05,312 - deformetrica.core.estimators.gradient_ascent - INFO - 		1.634E-02   and   1.760E+00 	[ sources ]
2021-06-23 11:55:05,313 - deformetrica.core.models.longitudinal_metric_learning - INFO - Acceleration factors max/min: (1.0660446, 0, 1.0660446, 0)
2021-06-23 11:55:05,451 - deformetrica.core.models.longitudinal_metric_learning - INFO - Tmin 68.641 Tmax 78.79248046875 Update of the spatiotemporalframe: 131 ms
2021-06-23 11:55:05,525 - deformetrica.core.models.longitudinal_metric_learning - INFO - Acceleration factors max/min: (1.0468014, 0, 1.0468014, 0)
2021-06-23 11:55:05,660 - deformetrica.core.models.longitudinal_metric_learning - INFO - Tmin 68.641 Tmax 78.60923767089844 Update of the spatiotemporalframe: 128 ms
2021-06-23 11:55:05,734 - deformetrica.core.models.longitudinal_metric_learning - INFO - Acceleration factors max/min: (1.0660446, 0, 1.0660446, 0)
2021-06-23 11:55:05,863 - deformetrica.core.models.longitudinal_metric_learning - INFO - Tmin 68.641 Tmax 77.94758605957031 Update of the spatiotemporalframe: 120 ms
2021-06-23 11:55:05,936 - deformetrica.core.models.longitudinal_metric_learning - INFO - Acceleration factors max/min: (1.0468014, 0, 1.0468014, 0)
2021-06-23 11:55:06,062 - deformetrica.core.models.longitudinal_metric_learning - INFO - Tmin 68.641 Tmax 77.77958679199219 Update of the spatiotemporalframe: 118 ms
2021-06-23 11:55:06,135 - deformetrica.core.estimators.gradient_ascent - INFO - >> Step size and gradient norm: 
2021-06-23 11:55:06,136 - deformetrica.core.estimators.gradient_ascent - INFO - 		4.072E+01   and   7.785E-02 	[ onset_age ]
2021-06-23 11:55:06,136 - deformetrica.core.estimators.gradient_ascent - INFO - 		2.146E-01   and   3.395E-01 	[ log_acceleration ]
2021-06-23 11:55:06,136 - deformetrica.core.estimators.gradient_ascent - INFO - 		1.307E-02   and   1.760E+00 	[ sources ]
2021-06-23 11:55:06,137 - deformetrica.core.models.longitudinal_metric_learning - INFO - Acceleration factors max/min: (1.0468014, 0, 1.0468014, 0)
2021-06-23 11:55:06,262 - deformetrica.core.models.longitudinal_metric_learning - INFO - Tmin 68.641 Tmax 77.77958679199219 Update of the spatiotemporalframe: 118 ms
2021-06-23 11:55:06,335 - deformetrica.core.models.longitudinal_metric_learning - INFO - Acceleration factors max/min: (1.0316575, 0, 1.0316575, 0)
2021-06-23 11:55:06,460 - deformetrica.core.models.longitudinal_metric_learning - INFO - Tmin 68.641 Tmax 77.64738464355469 Update of the spatiotemporalframe: 116 ms
2021-06-23 11:55:06,533 - deformetrica.core.models.longitudinal_metric_learning - INFO - Acceleration factors max/min: (1.0468014, 0, 1.0468014, 0)
2021-06-23 11:55:06,651 - deformetrica.core.models.longitudinal_metric_learning - INFO - Tmin 68.641 Tmax 77.11587524414062 Update of the spatiotemporalframe: 110 ms
2021-06-23 11:55:06,724 - deformetrica.core.models.longitudinal_metric_learning - INFO - Acceleration factors max/min: (1.0316575, 0, 1.0316575, 0)
2021-06-23 11:55:06,842 - deformetrica.core.models.longitudinal_metric_learning - INFO - Tmin 68.641 Tmax 76.99327087402344 Update of the spatiotemporalframe: 108 ms
2021-06-23 11:55:06,915 - deformetrica.core.estimators.gradient_ascent - INFO - >> Step size and gradient norm: 
2021-06-23 11:55:06,916 - deformetrica.core.estimators.gradient_ascent - INFO - 		3.258E+01   and   7.785E-02 	[ onset_age ]
2021-06-23 11:55:06,916 - deformetrica.core.estimators.gradient_ascent - INFO - 		1.717E-01   and   3.395E-01 	[ log_acceleration ]
2021-06-23 11:55:06,916 - deformetrica.core.estimators.gradient_ascent - INFO - 		1.046E-02   and   1.760E+00 	[ sources ]
2021-06-23 11:55:06,917 - deformetrica.core.models.longitudinal_metric_learning - INFO - Acceleration factors max/min: (1.0316575, 0, 1.0316575, 0)
2021-06-23 11:55:07,033 - deformetrica.core.models.longitudinal_metric_learning - INFO - Tmin 68.641 Tmax 76.99327087402344 Update of the spatiotemporalframe: 108 ms
2021-06-23 11:55:07,106 - deformetrica.core.models.longitudinal_metric_learning - INFO - Acceleration factors max/min: (1.0197, 0, 1.0197, 0)
2021-06-23 11:55:07,222 - deformetrica.core.models.longitudinal_metric_learning - INFO - Tmin 68.641 Tmax 76.8964614868164 Update of the spatiotemporalframe: 107 ms
2021-06-23 11:55:07,295 - deformetrica.core.models.longitudinal_metric_learning - INFO - Acceleration factors max/min: (1.0316575, 0, 1.0316575, 0)
2021-06-23 11:55:07,405 - deformetrica.core.models.longitudinal_metric_learning - INFO - Tmin 68.641 Tmax 76.469970703125 Update of the spatiotemporalframe: 101 ms
2021-06-23 11:55:07,477 - deformetrica.core.models.longitudinal_metric_learning - INFO - Acceleration factors max/min: (1.0197, 0, 1.0197, 0)
2021-06-23 11:55:07,585 - deformetrica.core.models.longitudinal_metric_learning - INFO - Tmin 68.641 Tmax 76.37923431396484 Update of the spatiotemporalframe: 99 ms
2021-06-23 11:55:07,657 - deformetrica.core.estimators.gradient_ascent - INFO - Number of line search loops exceeded. Stopping.
2021-06-23 11:55:07,658 - deformetrica.core.estimators.gradient_ascent - INFO - --------------------------------- GA Iteration: 6/300 -----------------------------------
2021-06-23 11:55:07,658 - deformetrica.core.estimators.gradient_ascent - INFO - >> Log-likelihood = -1.184E+00 	 [ attachment = -1.054E+00 ; regularity = -1.305E-01 ]
2021-06-23 11:55:07,658 - deformetrica.core.models.longitudinal_metric_learning - INFO - Acceleration factors max/min: (1.0316575, 0, 1.0316575, 0)
2021-06-23 11:55:07,774 - deformetrica.core.models.longitudinal_metric_learning - INFO - Tmin 68.641 Tmax 76.99327087402344 Update of the spatiotemporalframe: 108 ms
2021-06-23 11:55:07,981 - deformetrica.core.estimators.gradient_ascent - INFO - >> Step size and gradient norm: 
2021-06-23 11:55:07,982 - deformetrica.core.estimators.gradient_ascent - INFO - 		2.606E+01   and   1.636E-01 	[ onset_age ]
2021-06-23 11:55:07,983 - deformetrica.core.estimators.gradient_ascent - INFO - 		1.373E-01   and   1.007E+00 	[ log_acceleration ]
2021-06-23 11:55:07,983 - deformetrica.core.estimators.gradient_ascent - INFO - 		8.367E-03   and   1.643E+00 	[ sources ]
2021-06-23 11:55:07,983 - deformetrica.core.models.longitudinal_metric_learning - INFO - Acceleration factors max/min: (0.8983915, 0, 0.8983915, 0)
2021-06-23 11:55:08,047 - deformetrica.core.models.longitudinal_metric_learning - INFO - Tmin 68.0411605834961 Tmax 72.08392333984375 Update of the spatiotemporalframe: 56 ms
2021-06-23 11:55:08,121 - deformetrica.core.models.longitudinal_metric_learning - INFO - Acceleration factors max/min: (0.9235908, 0, 0.9235908, 0)
2021-06-23 11:55:08,185 - deformetrica.core.models.longitudinal_metric_learning - INFO - Tmin 68.02433776855469 Tmax 72.18049621582031 Update of the spatiotemporalframe: 56 ms
2021-06-23 11:55:08,257 - deformetrica.core.models.longitudinal_metric_learning - INFO - Acceleration factors max/min: (0.8983915, 0, 0.8983915, 0)
2021-06-23 11:55:08,320 - deformetrica.core.models.longitudinal_metric_learning - INFO - Tmin 68.641 Tmax 72.85000610351562 Update of the spatiotemporalframe: 55 ms
2021-06-23 11:55:08,392 - deformetrica.core.models.longitudinal_metric_learning - INFO - Acceleration factors max/min: (0.9235908, 0, 0.9235908, 0)
2021-06-23 11:55:08,458 - deformetrica.core.models.longitudinal_metric_learning - INFO - Tmin 68.641 Tmax 72.96807098388672 Update of the spatiotemporalframe: 57 ms
2021-06-23 11:55:08,531 - deformetrica.core.estimators.gradient_ascent - INFO - --------------------------------- GA Iteration: 7/300 -----------------------------------
2021-06-23 11:55:08,531 - deformetrica.core.estimators.gradient_ascent - INFO - >> Log-likelihood = -1.123E+00 	 [ attachment = -1.068E+00 ; regularity = -5.525E-02 ]
2021-06-23 11:55:08,531 - deformetrica.core.models.longitudinal_metric_learning - INFO - Acceleration factors max/min: (0.9235908, 0, 0.9235908, 0)
2021-06-23 11:55:08,596 - deformetrica.core.models.longitudinal_metric_learning - INFO - Tmin 68.641 Tmax 72.96807098388672 Update of the spatiotemporalframe: 57 ms
2021-06-23 11:55:08,802 - deformetrica.core.estimators.gradient_ascent - INFO - >> Step size and gradient norm: 
2021-06-23 11:55:08,802 - deformetrica.core.estimators.gradient_ascent - INFO - 		2.085E+01   and   1.506E-01 	[ onset_age ]
2021-06-23 11:55:08,802 - deformetrica.core.estimators.gradient_ascent - INFO - 		1.099E-01   and   7.103E-01 	[ log_acceleration ]
2021-06-23 11:55:08,802 - deformetrica.core.estimators.gradient_ascent - INFO - 		8.367E-03   and   1.635E+00 	[ sources ]
2021-06-23 11:55:08,802 - deformetrica.core.models.longitudinal_metric_learning - INFO - Acceleration factors max/min: (0.99855757, 0, 0.99855757, 0)
2021-06-23 11:55:08,912 - deformetrica.core.models.longitudinal_metric_learning - INFO - Tmin 68.641 Tmax 76.45487213134766 Update of the spatiotemporalframe: 102 ms
2021-06-23 11:55:08,984 - deformetrica.core.estimators.gradient_ascent - INFO - --------------------------------- GA Iteration: 8/300 -----------------------------------
2021-06-23 11:55:08,985 - deformetrica.core.estimators.gradient_ascent - INFO - >> Log-likelihood = -1.060E+00 	 [ attachment = -9.468E-01 ; regularity = -1.130E-01 ]
2021-06-23 11:55:08,986 - deformetrica.core.models.longitudinal_metric_learning - INFO - Acceleration factors max/min: (0.99855757, 0, 0.99855757, 0)
2021-06-23 11:55:09,095 - deformetrica.core.models.longitudinal_metric_learning - INFO - Tmin 68.641 Tmax 76.45487213134766 Update of the spatiotemporalframe: 101 ms
2021-06-23 11:55:09,300 - deformetrica.core.estimators.gradient_ascent - INFO - >> Step size and gradient norm: 
2021-06-23 11:55:09,301 - deformetrica.core.estimators.gradient_ascent - INFO - 		3.127E+01   and   1.243E-01 	[ onset_age ]
2021-06-23 11:55:09,301 - deformetrica.core.estimators.gradient_ascent - INFO - 		1.648E-01   and   5.831E-01 	[ log_acceleration ]
2021-06-23 11:55:09,301 - deformetrica.core.estimators.gradient_ascent - INFO - 		1.255E-02   and   1.566E+00 	[ sources ]
2021-06-23 11:55:09,302 - deformetrica.core.models.longitudinal_metric_learning - INFO - Acceleration factors max/min: (0.9070588, 0, 0.9070588, 0)
2021-06-23 11:55:09,364 - deformetrica.core.models.longitudinal_metric_learning - INFO - Tmin 68.13203430175781 Tmax 72.21380615234375 Update of the spatiotemporalframe: 54 ms
2021-06-23 11:55:09,438 - deformetrica.core.models.longitudinal_metric_learning - INFO - Acceleration factors max/min: (0.9246619, 0, 0.9246619, 0)
2021-06-23 11:55:09,503 - deformetrica.core.models.longitudinal_metric_learning - INFO - Tmin 68.12216186523438 Tmax 72.28314208984375 Update of the spatiotemporalframe: 57 ms
2021-06-23 11:55:09,574 - deformetrica.core.models.longitudinal_metric_learning - INFO - Acceleration factors max/min: (0.9070588, 0, 0.9070588, 0)
2021-06-23 11:55:09,640 - deformetrica.core.models.longitudinal_metric_learning - INFO - Tmin 68.641 Tmax 72.9188232421875 Update of the spatiotemporalframe: 57 ms
2021-06-23 11:55:09,712 - deformetrica.core.models.longitudinal_metric_learning - INFO - Acceleration factors max/min: (0.9246619, 0, 0.9246619, 0)
2021-06-23 11:55:09,777 - deformetrica.core.models.longitudinal_metric_learning - INFO - Tmin 68.641 Tmax 73.00183868408203 Update of the spatiotemporalframe: 57 ms
2021-06-23 11:55:09,849 - deformetrica.core.estimators.gradient_ascent - INFO - >> Step size and gradient norm: 
2021-06-23 11:55:09,850 - deformetrica.core.estimators.gradient_ascent - INFO - 		2.502E+01   and   1.243E-01 	[ onset_age ]
2021-06-23 11:55:09,850 - deformetrica.core.estimators.gradient_ascent - INFO - 		1.318E-01   and   5.831E-01 	[ log_acceleration ]
2021-06-23 11:55:09,851 - deformetrica.core.estimators.gradient_ascent - INFO - 		1.004E-02   and   1.566E+00 	[ sources ]
2021-06-23 11:55:09,851 - deformetrica.core.models.longitudinal_metric_learning - INFO - Acceleration factors max/min: (0.9246619, 0, 0.9246619, 0)
2021-06-23 11:55:09,916 - deformetrica.core.models.longitudinal_metric_learning - INFO - Tmin 68.641 Tmax 73.00183868408203 Update of the spatiotemporalframe: 57 ms
2021-06-23 11:55:09,988 - deformetrica.core.models.longitudinal_metric_learning - INFO - Acceleration factors max/min: (0.93899006, 0, 0.93899006, 0)
2021-06-23 11:55:10,056 - deformetrica.core.models.longitudinal_metric_learning - INFO - Tmin 68.641 Tmax 73.06941223144531 Update of the spatiotemporalframe: 59 ms
2021-06-23 11:55:10,128 - deformetrica.core.models.longitudinal_metric_learning - INFO - Acceleration factors max/min: (0.9246619, 0, 0.9246619, 0)
2021-06-23 11:55:10,202 - deformetrica.core.models.longitudinal_metric_learning - INFO - Tmin 68.641 Tmax 73.57678985595703 Update of the spatiotemporalframe: 65 ms
2021-06-23 11:55:10,274 - deformetrica.core.models.longitudinal_metric_learning - INFO - Acceleration factors max/min: (0.93899006, 0, 0.93899006, 0)
2021-06-23 11:55:10,348 - deformetrica.core.models.longitudinal_metric_learning - INFO - Tmin 68.641 Tmax 73.65327453613281 Update of the spatiotemporalframe: 65 ms
2021-06-23 11:55:10,420 - deformetrica.core.estimators.gradient_ascent - INFO - --------------------------------- GA Iteration: 9/300 -----------------------------------
2021-06-23 11:55:10,421 - deformetrica.core.estimators.gradient_ascent - INFO - >> Log-likelihood = -9.807E-01 	 [ attachment = -9.260E-01 ; regularity = -5.470E-02 ]
2021-06-23 11:55:10,422 - deformetrica.core.models.longitudinal_metric_learning - INFO - Acceleration factors max/min: (0.93899006, 0, 0.93899006, 0)
2021-06-23 11:55:10,495 - deformetrica.core.models.longitudinal_metric_learning - INFO - Tmin 68.641 Tmax 73.65327453613281 Update of the spatiotemporalframe: 65 ms
2021-06-23 11:55:10,701 - deformetrica.core.estimators.gradient_ascent - INFO - >> Step size and gradient norm: 
2021-06-23 11:55:10,701 - deformetrica.core.estimators.gradient_ascent - INFO - 		2.002E+01   and   1.003E-01 	[ onset_age ]
2021-06-23 11:55:10,701 - deformetrica.core.estimators.gradient_ascent - INFO - 		1.055E-01   and   5.885E-01 	[ log_acceleration ]
2021-06-23 11:55:10,702 - deformetrica.core.estimators.gradient_ascent - INFO - 		1.004E-02   and   1.544E+00 	[ sources ]
2021-06-23 11:55:10,702 - deformetrica.core.models.longitudinal_metric_learning - INFO - Acceleration factors max/min: (0.99911857, 0, 0.99911857, 0)
2021-06-23 11:55:10,804 - deformetrica.core.models.longitudinal_metric_learning - INFO - Tmin 68.641 Tmax 75.98046112060547 Update of the spatiotemporalframe: 94 ms
2021-06-23 11:55:10,878 - deformetrica.core.estimators.gradient_ascent - INFO - --------------------------------- GA Iteration: 10/300 -----------------------------------
2021-06-23 11:55:10,878 - deformetrica.core.estimators.gradient_ascent - INFO - >> Log-likelihood = -9.506E-01 	 [ attachment = -8.585E-01 ; regularity = -9.212E-02 ]
2021-06-23 11:55:10,878 - deformetrica.core.models.longitudinal_metric_learning - INFO - Acceleration factors max/min: (0.99911857, 0, 0.99911857, 0)
2021-06-23 11:55:10,981 - deformetrica.core.models.longitudinal_metric_learning - INFO - Tmin 68.641 Tmax 75.98046112060547 Update of the spatiotemporalframe: 95 ms
2021-06-23 11:55:11,186 - deformetrica.core.estimators.gradient_ascent - INFO - >> Step size and gradient norm: 
2021-06-23 11:55:11,187 - deformetrica.core.estimators.gradient_ascent - INFO - 		3.002E+01   and   8.329E-02 	[ onset_age ]
2021-06-23 11:55:11,187 - deformetrica.core.estimators.gradient_ascent - INFO - 		1.582E-01   and   3.629E-01 	[ log_acceleration ]
2021-06-23 11:55:11,187 - deformetrica.core.estimators.gradient_ascent - INFO - 		1.506E-02   and   1.470E+00 	[ sources ]
2021-06-23 11:55:11,188 - deformetrica.core.models.longitudinal_metric_learning - INFO - Acceleration factors max/min: (0.9433739, 0, 0.9433739, 0)
2021-06-23 11:55:11,255 - deformetrica.core.models.longitudinal_metric_learning - INFO - Tmin 68.641 Tmax 73.21183776855469 Update of the spatiotemporalframe: 60 ms
2021-06-23 11:55:11,329 - deformetrica.core.models.longitudinal_metric_learning - INFO - Acceleration factors max/min: (0.95426834, 0, 0.95426834, 0)
2021-06-23 11:55:11,398 - deformetrica.core.models.longitudinal_metric_learning - INFO - Tmin 68.641 Tmax 73.26461791992188 Update of the spatiotemporalframe: 61 ms
2021-06-23 11:55:11,470 - deformetrica.core.models.longitudinal_metric_learning - INFO - Acceleration factors max/min: (0.9433739, 0, 0.9433739, 0)
2021-06-23 11:55:11,545 - deformetrica.core.models.longitudinal_metric_learning - INFO - Tmin 68.641 Tmax 73.68365478515625 Update of the spatiotemporalframe: 66 ms
2021-06-23 11:55:11,617 - deformetrica.core.models.longitudinal_metric_learning - INFO - Acceleration factors max/min: (0.95426834, 0, 0.95426834, 0)
2021-06-23 11:55:11,693 - deformetrica.core.models.longitudinal_metric_learning - INFO - Tmin 68.641 Tmax 73.74188995361328 Update of the spatiotemporalframe: 67 ms
2021-06-23 11:55:11,765 - deformetrica.core.estimators.gradient_ascent - INFO - --------------------------------- GA Iteration: 11/300 -----------------------------------
2021-06-23 11:55:11,766 - deformetrica.core.estimators.gradient_ascent - INFO - >> Log-likelihood = -9.154E-01 	 [ attachment = -8.710E-01 ; regularity = -4.446E-02 ]
2021-06-23 11:55:11,766 - deformetrica.core.models.longitudinal_metric_learning - INFO - Acceleration factors max/min: (0.95426834, 0, 0.95426834, 0)
2021-06-23 11:55:11,842 - deformetrica.core.models.longitudinal_metric_learning - INFO - Tmin 68.641 Tmax 73.74188995361328 Update of the spatiotemporalframe: 67 ms
2021-06-23 11:55:12,051 - deformetrica.core.estimators.gradient_ascent - INFO - >> Step size and gradient norm: 
2021-06-23 11:55:12,051 - deformetrica.core.estimators.gradient_ascent - INFO - 		2.402E+01   and   9.867E-02 	[ onset_age ]
2021-06-23 11:55:12,051 - deformetrica.core.estimators.gradient_ascent - INFO - 		1.266E-01   and   4.883E-01 	[ log_acceleration ]
2021-06-23 11:55:12,051 - deformetrica.core.estimators.gradient_ascent - INFO - 		1.506E-02   and   1.413E+00 	[ sources ]
2021-06-23 11:55:12,052 - deformetrica.core.models.longitudinal_metric_learning - INFO - Acceleration factors max/min: (1.0151126, 0, 1.0151126, 0)
2021-06-23 11:55:12,161 - deformetrica.core.models.longitudinal_metric_learning - INFO - Tmin 68.641 Tmax 76.4729232788086 Update of the spatiotemporalframe: 101 ms
2021-06-23 11:55:12,235 - deformetrica.core.models.longitudinal_metric_learning - INFO - Acceleration factors max/min: (1.0026411, 0, 1.0026411, 0)
2021-06-23 11:55:12,342 - deformetrica.core.models.longitudinal_metric_learning - INFO - Tmin 68.641 Tmax 76.37670135498047 Update of the spatiotemporalframe: 100 ms
2021-06-23 11:55:12,414 - deformetrica.core.models.longitudinal_metric_learning - INFO - Acceleration factors max/min: (1.0151126, 0, 1.0151126, 0)
2021-06-23 11:55:12,517 - deformetrica.core.models.longitudinal_metric_learning - INFO - Tmin 68.641 Tmax 75.99176788330078 Update of the spatiotemporalframe: 94 ms
2021-06-23 11:55:12,589 - deformetrica.core.models.longitudinal_metric_learning - INFO - Acceleration factors max/min: (1.0026411, 0, 1.0026411, 0)
2021-06-23 11:55:12,693 - deformetrica.core.models.longitudinal_metric_learning - INFO - Tmin 68.641 Tmax 75.90145874023438 Update of the spatiotemporalframe: 95 ms
2021-06-23 11:55:12,765 - deformetrica.core.estimators.gradient_ascent - INFO - --------------------------------- GA Iteration: 12/300 -----------------------------------
2021-06-23 11:55:12,766 - deformetrica.core.estimators.gradient_ascent - INFO - >> Log-likelihood = -8.812E-01 	 [ attachment = -7.977E-01 ; regularity = -8.351E-02 ]
2021-06-23 11:55:12,766 - deformetrica.core.models.longitudinal_metric_learning - INFO - Acceleration factors max/min: (1.0026411, 0, 1.0026411, 0)
2021-06-23 11:55:12,869 - deformetrica.core.models.longitudinal_metric_learning - INFO - Tmin 68.641 Tmax 75.90145874023438 Update of the spatiotemporalframe: 94 ms
2021-06-23 11:55:13,074 - deformetrica.core.estimators.gradient_ascent - INFO - >> Step size and gradient norm: 
2021-06-23 11:55:13,075 - deformetrica.core.estimators.gradient_ascent - INFO - 		1.921E+01   and   7.701E-02 	[ onset_age ]
2021-06-23 11:55:13,075 - deformetrica.core.estimators.gradient_ascent - INFO - 		1.013E-01   and   3.539E-01 	[ log_acceleration ]
2021-06-23 11:55:13,075 - deformetrica.core.estimators.gradient_ascent - INFO - 		1.506E-02   and   1.320E+00 	[ sources ]
2021-06-23 11:55:13,076 - deformetrica.core.models.longitudinal_metric_learning - INFO - Acceleration factors max/min: (0.96734345, 0, 0.96734345, 0)
2021-06-23 11:55:13,156 - deformetrica.core.models.longitudinal_metric_learning - INFO - Tmin 68.641 Tmax 74.21440124511719 Update of the spatiotemporalframe: 72 ms
2021-06-23 11:55:13,228 - deformetrica.core.estimators.gradient_ascent - INFO - --------------------------------- GA Iteration: 13/300 -----------------------------------
2021-06-23 11:55:13,229 - deformetrica.core.estimators.gradient_ascent - INFO - >> Log-likelihood = -8.228E-01 	 [ attachment = -7.771E-01 ; regularity = -4.573E-02 ]
2021-06-23 11:55:13,230 - deformetrica.core.models.longitudinal_metric_learning - INFO - Acceleration factors max/min: (0.96734345, 0, 0.96734345, 0)
2021-06-23 11:55:13,310 - deformetrica.core.models.longitudinal_metric_learning - INFO - Tmin 68.641 Tmax 74.21440124511719 Update of the spatiotemporalframe: 73 ms
2021-06-23 11:55:13,515 - deformetrica.core.estimators.gradient_ascent - INFO - >> Step size and gradient norm: 
2021-06-23 11:55:13,516 - deformetrica.core.estimators.gradient_ascent - INFO - 		2.882E+01   and   6.254E-02 	[ onset_age ]
2021-06-23 11:55:13,516 - deformetrica.core.estimators.gradient_ascent - INFO - 		1.519E-01   and   3.468E-01 	[ log_acceleration ]
2021-06-23 11:55:13,516 - deformetrica.core.estimators.gradient_ascent - INFO - 		2.259E-02   and   1.271E+00 	[ sources ]
2021-06-23 11:55:13,516 - deformetrica.core.models.longitudinal_metric_learning - INFO - Acceleration factors max/min: (1.0196686, 0, 1.0196686, 0)
2021-06-23 11:55:13,624 - deformetrica.core.models.longitudinal_metric_learning - INFO - Tmin 68.641 Tmax 76.35383605957031 Update of the spatiotemporalframe: 99 ms
2021-06-23 11:55:13,697 - deformetrica.core.models.longitudinal_metric_learning - INFO - Acceleration factors max/min: (1.008982, 0, 1.008982, 0)
2021-06-23 11:55:13,804 - deformetrica.core.models.longitudinal_metric_learning - INFO - Tmin 68.641 Tmax 76.27299499511719 Update of the spatiotemporalframe: 99 ms
2021-06-23 11:55:13,877 - deformetrica.core.models.longitudinal_metric_learning - INFO - Acceleration factors max/min: (1.0196686, 0, 1.0196686, 0)
2021-06-23 11:55:13,979 - deformetrica.core.models.longitudinal_metric_learning - INFO - Tmin 68.641 Tmax 75.98624420166016 Update of the spatiotemporalframe: 94 ms
2021-06-23 11:55:14,052 - deformetrica.core.models.longitudinal_metric_learning - INFO - Acceleration factors max/min: (1.008982, 0, 1.008982, 0)
2021-06-23 11:55:14,155 - deformetrica.core.models.longitudinal_metric_learning - INFO - Tmin 68.641 Tmax 75.90926361083984 Update of the spatiotemporalframe: 94 ms
2021-06-23 11:55:14,226 - deformetrica.core.estimators.gradient_ascent - INFO - --------------------------------- GA Iteration: 14/300 -----------------------------------
2021-06-23 11:55:14,227 - deformetrica.core.estimators.gradient_ascent - INFO - >> Log-likelihood = -8.208E-01 	 [ attachment = -7.420E-01 ; regularity = -7.880E-02 ]
2021-06-23 11:55:14,228 - deformetrica.core.models.longitudinal_metric_learning - INFO - Acceleration factors max/min: (1.008982, 0, 1.008982, 0)
2021-06-23 11:55:14,330 - deformetrica.core.models.longitudinal_metric_learning - INFO - Tmin 68.641 Tmax 75.90926361083984 Update of the spatiotemporalframe: 94 ms
2021-06-23 11:55:14,535 - deformetrica.core.estimators.gradient_ascent - INFO - >> Step size and gradient norm: 
2021-06-23 11:55:14,536 - deformetrica.core.estimators.gradient_ascent - INFO - 		2.306E+01   and   7.734E-02 	[ onset_age ]
2021-06-23 11:55:14,536 - deformetrica.core.estimators.gradient_ascent - INFO - 		1.215E-01   and   3.937E-01 	[ log_acceleration ]
2021-06-23 11:55:14,536 - deformetrica.core.estimators.gradient_ascent - INFO - 		2.259E-02   and   1.149E+00 	[ sources ]
2021-06-23 11:55:14,537 - deformetrica.core.models.longitudinal_metric_learning - INFO - Acceleration factors max/min: (0.96184915, 0, 0.96184915, 0)
2021-06-23 11:55:14,612 - deformetrica.core.models.longitudinal_metric_learning - INFO - Tmin 68.641 Tmax 73.85453033447266 Update of the spatiotemporalframe: 67 ms
2021-06-23 11:55:14,685 - deformetrica.core.estimators.gradient_ascent - INFO - --------------------------------- GA Iteration: 15/300 -----------------------------------
2021-06-23 11:55:14,686 - deformetrica.core.estimators.gradient_ascent - INFO - >> Log-likelihood = -7.856E-01 	 [ attachment = -7.488E-01 ; regularity = -3.682E-02 ]
2021-06-23 11:55:14,686 - deformetrica.core.models.longitudinal_metric_learning - INFO - Acceleration factors max/min: (0.96184915, 0, 0.96184915, 0)
2021-06-23 11:55:14,763 - deformetrica.core.models.longitudinal_metric_learning - INFO - Tmin 68.641 Tmax 73.85453033447266 Update of the spatiotemporalframe: 68 ms
2021-06-23 11:55:14,968 - deformetrica.core.estimators.gradient_ascent - INFO - >> Step size and gradient norm: 
2021-06-23 11:55:14,968 - deformetrica.core.estimators.gradient_ascent - INFO - 		3.459E+01   and   9.229E-02 	[ onset_age ]
2021-06-23 11:55:14,968 - deformetrica.core.estimators.gradient_ascent - INFO - 		1.823E-01   and   4.314E-01 	[ log_acceleration ]
2021-06-23 11:55:14,968 - deformetrica.core.estimators.gradient_ascent - INFO - 		3.388E-02   and   1.080E+00 	[ sources ]
2021-06-23 11:55:14,968 - deformetrica.core.models.longitudinal_metric_learning - INFO - Acceleration factors max/min: (1.0405382, 0, 1.0405382, 0)
2021-06-23 11:55:15,093 - deformetrica.core.models.longitudinal_metric_learning - INFO - Tmin 68.641 Tmax 77.60250091552734 Update of the spatiotemporalframe: 116 ms
2021-06-23 11:55:15,166 - deformetrica.core.models.longitudinal_metric_learning - INFO - Acceleration factors max/min: (1.0243014, 0, 1.0243014, 0)
2021-06-23 11:55:15,292 - deformetrica.core.models.longitudinal_metric_learning - INFO - Tmin 68.641 Tmax 77.46266174316406 Update of the spatiotemporalframe: 117 ms
2021-06-23 11:55:15,364 - deformetrica.core.models.longitudinal_metric_learning - INFO - Acceleration factors max/min: (1.0405382, 0, 1.0405382, 0)
2021-06-23 11:55:15,481 - deformetrica.core.models.longitudinal_metric_learning - INFO - Tmin 68.641 Tmax 76.93820190429688 Update of the spatiotemporalframe: 108 ms
2021-06-23 11:55:15,553 - deformetrica.core.models.longitudinal_metric_learning - INFO - Acceleration factors max/min: (1.0243014, 0, 1.0243014, 0)
2021-06-23 11:55:15,668 - deformetrica.core.models.longitudinal_metric_learning - INFO - Tmin 68.641 Tmax 76.80873107910156 Update of the spatiotemporalframe: 106 ms
2021-06-23 11:55:15,740 - deformetrica.core.estimators.gradient_ascent - INFO - >> Step size and gradient norm: 
2021-06-23 11:55:15,741 - deformetrica.core.estimators.gradient_ascent - INFO - 		2.767E+01   and   9.229E-02 	[ onset_age ]
2021-06-23 11:55:15,741 - deformetrica.core.estimators.gradient_ascent - INFO - 		1.458E-01   and   4.314E-01 	[ log_acceleration ]
2021-06-23 11:55:15,741 - deformetrica.core.estimators.gradient_ascent - INFO - 		2.711E-02   and   1.080E+00 	[ sources ]
2021-06-23 11:55:15,741 - deformetrica.core.models.longitudinal_metric_learning - INFO - Acceleration factors max/min: (1.0243014, 0, 1.0243014, 0)
2021-06-23 11:55:15,854 - deformetrica.core.models.longitudinal_metric_learning - INFO - Tmin 68.641 Tmax 76.80873107910156 Update of the spatiotemporalframe: 105 ms
2021-06-23 11:55:15,928 - deformetrica.core.models.longitudinal_metric_learning - INFO - Acceleration factors max/min: (1.0114948, 0, 1.0114948, 0)
2021-06-23 11:55:16,039 - deformetrica.core.models.longitudinal_metric_learning - INFO - Tmin 68.641 Tmax 76.70661163330078 Update of the spatiotemporalframe: 103 ms
2021-06-23 11:55:16,111 - deformetrica.core.models.longitudinal_metric_learning - INFO - Acceleration factors max/min: (1.0243014, 0, 1.0243014, 0)
2021-06-23 11:55:16,219 - deformetrica.core.models.longitudinal_metric_learning - INFO - Tmin 68.641 Tmax 76.28559875488281 Update of the spatiotemporalframe: 99 ms
2021-06-23 11:55:16,291 - deformetrica.core.models.longitudinal_metric_learning - INFO - Acceleration factors max/min: (1.0114948, 0, 1.0114948, 0)
2021-06-23 11:55:16,396 - deformetrica.core.models.longitudinal_metric_learning - INFO - Tmin 68.641 Tmax 76.19001770019531 Update of the spatiotemporalframe: 96 ms
2021-06-23 11:55:16,468 - deformetrica.core.estimators.gradient_ascent - INFO - >> Step size and gradient norm: 
2021-06-23 11:55:16,469 - deformetrica.core.estimators.gradient_ascent - INFO - 		2.214E+01   and   9.229E-02 	[ onset_age ]
2021-06-23 11:55:16,470 - deformetrica.core.estimators.gradient_ascent - INFO - 		1.166E-01   and   4.314E-01 	[ log_acceleration ]
2021-06-23 11:55:16,470 - deformetrica.core.estimators.gradient_ascent - INFO - 		2.169E-02   and   1.080E+00 	[ sources ]
2021-06-23 11:55:16,470 - deformetrica.core.models.longitudinal_metric_learning - INFO - Acceleration factors max/min: (1.0114948, 0, 1.0114948, 0)
2021-06-23 11:55:16,574 - deformetrica.core.models.longitudinal_metric_learning - INFO - Tmin 68.641 Tmax 76.19001770019531 Update of the spatiotemporalframe: 96 ms
2021-06-23 11:55:16,647 - deformetrica.core.models.longitudinal_metric_learning - INFO - Acceleration factors max/min: (1.0013647, 0, 1.0013647, 0)
2021-06-23 11:55:16,752 - deformetrica.core.models.longitudinal_metric_learning - INFO - Tmin 68.641 Tmax 76.11441040039062 Update of the spatiotemporalframe: 97 ms
2021-06-23 11:55:16,824 - deformetrica.core.models.longitudinal_metric_learning - INFO - Acceleration factors max/min: (1.0114948, 0, 1.0114948, 0)
2021-06-23 11:55:16,928 - deformetrica.core.models.longitudinal_metric_learning - INFO - Tmin 68.641 Tmax 75.77674102783203 Update of the spatiotemporalframe: 95 ms
2021-06-23 11:55:17,002 - deformetrica.core.models.longitudinal_metric_learning - INFO - Acceleration factors max/min: (1.0013647, 0, 1.0013647, 0)
2021-06-23 11:55:17,101 - deformetrica.core.models.longitudinal_metric_learning - INFO - Tmin 68.641 Tmax 75.70527648925781 Update of the spatiotemporalframe: 90 ms
2021-06-23 11:55:17,173 - deformetrica.core.estimators.gradient_ascent - INFO - --------------------------------- GA Iteration: 16/300 -----------------------------------
2021-06-23 11:55:17,174 - deformetrica.core.estimators.gradient_ascent - INFO - >> Log-likelihood = -7.506E-01 	 [ attachment = -6.779E-01 ; regularity = -7.268E-02 ]
2021-06-23 11:55:17,174 - deformetrica.core.models.longitudinal_metric_learning - INFO - Acceleration factors max/min: (1.0013647, 0, 1.0013647, 0)
2021-06-23 11:55:17,272 - deformetrica.core.models.longitudinal_metric_learning - INFO - Tmin 68.641 Tmax 75.70527648925781 Update of the spatiotemporalframe: 90 ms
2021-06-23 11:55:17,482 - deformetrica.core.estimators.gradient_ascent - INFO - >> Step size and gradient norm: 
2021-06-23 11:55:17,483 - deformetrica.core.estimators.gradient_ascent - INFO - 		1.771E+01   and   6.111E-02 	[ onset_age ]
2021-06-23 11:55:17,483 - deformetrica.core.estimators.gradient_ascent - INFO - 		9.332E-02   and   2.735E-01 	[ log_acceleration ]
2021-06-23 11:55:17,484 - deformetrica.core.estimators.gradient_ascent - INFO - 		2.169E-02   and   9.811E-01 	[ sources ]
2021-06-23 11:55:17,484 - deformetrica.core.models.longitudinal_metric_learning - INFO - Acceleration factors max/min: (0.9761298, 0, 0.9761298, 0)
2021-06-23 11:55:17,568 - deformetrica.core.models.longitudinal_metric_learning - INFO - Tmin 68.641 Tmax 74.47098541259766 Update of the spatiotemporalframe: 76 ms
2021-06-23 11:55:17,642 - deformetrica.core.estimators.gradient_ascent - INFO - --------------------------------- GA Iteration: 17/300 -----------------------------------
2021-06-23 11:55:17,642 - deformetrica.core.estimators.gradient_ascent - INFO - >> Log-likelihood = -7.020E-01 	 [ attachment = -6.561E-01 ; regularity = -4.583E-02 ]
2021-06-23 11:55:17,642 - deformetrica.core.models.longitudinal_metric_learning - INFO - Acceleration factors max/min: (0.9761298, 0, 0.9761298, 0)
2021-06-23 11:55:17,727 - deformetrica.core.models.longitudinal_metric_learning - INFO - Tmin 68.641 Tmax 74.47098541259766 Update of the spatiotemporalframe: 77 ms
2021-06-23 11:55:17,932 - deformetrica.core.estimators.gradient_ascent - INFO - >> Step size and gradient norm: 
2021-06-23 11:55:17,932 - deformetrica.core.estimators.gradient_ascent - INFO - 		2.656E+01   and   4.248E-02 	[ onset_age ]
2021-06-23 11:55:17,932 - deformetrica.core.estimators.gradient_ascent - INFO - 		1.400E-01   and   2.443E-01 	[ log_acceleration ]
2021-06-23 11:55:17,933 - deformetrica.core.estimators.gradient_ascent - INFO - 		3.253E-02   and   9.234E-01 	[ sources ]
2021-06-23 11:55:17,933 - deformetrica.core.models.longitudinal_metric_learning - INFO - Acceleration factors max/min: (1.0100893, 0, 1.0100893, 0)
2021-06-23 11:55:18,034 - deformetrica.core.models.longitudinal_metric_learning - INFO - Tmin 68.641 Tmax 75.81356811523438 Update of the spatiotemporalframe: 93 ms
2021-06-23 11:55:18,107 - deformetrica.core.models.longitudinal_metric_learning - INFO - Acceleration factors max/min: (1.0032041, 0, 1.0032041, 0)
2021-06-23 11:55:18,209 - deformetrica.core.models.longitudinal_metric_learning - INFO - Tmin 68.641 Tmax 75.76467895507812 Update of the spatiotemporalframe: 93 ms
2021-06-23 11:55:18,281 - deformetrica.core.models.longitudinal_metric_learning - INFO - Acceleration factors max/min: (1.0100893, 0, 1.0100893, 0)
2021-06-23 11:55:18,380 - deformetrica.core.models.longitudinal_metric_learning - INFO - Tmin 68.641 Tmax 75.58561706542969 Update of the spatiotemporalframe: 91 ms
2021-06-23 11:55:18,452 - deformetrica.core.models.longitudinal_metric_learning - INFO - Acceleration factors max/min: (1.0032041, 0, 1.0032041, 0)
2021-06-23 11:55:18,550 - deformetrica.core.models.longitudinal_metric_learning - INFO - Tmin 68.641 Tmax 75.53828430175781 Update of the spatiotemporalframe: 88 ms
2021-06-23 11:55:18,622 - deformetrica.core.estimators.gradient_ascent - INFO - --------------------------------- GA Iteration: 18/300 -----------------------------------
2021-06-23 11:55:18,623 - deformetrica.core.estimators.gradient_ascent - INFO - >> Log-likelihood = -6.922E-01 	 [ attachment = -6.236E-01 ; regularity = -6.859E-02 ]
2021-06-23 11:55:18,623 - deformetrica.core.models.longitudinal_metric_learning - INFO - Acceleration factors max/min: (1.0032041, 0, 1.0032041, 0)
2021-06-23 11:55:18,720 - deformetrica.core.models.longitudinal_metric_learning - INFO - Tmin 68.641 Tmax 75.53828430175781 Update of the spatiotemporalframe: 89 ms
2021-06-23 11:55:18,925 - deformetrica.core.estimators.gradient_ascent - INFO - >> Step size and gradient norm: 
2021-06-23 11:55:18,926 - deformetrica.core.estimators.gradient_ascent - INFO - 		2.125E+01   and   4.635E-02 	[ onset_age ]
2021-06-23 11:55:18,926 - deformetrica.core.estimators.gradient_ascent - INFO - 		1.120E-01   and   2.210E-01 	[ log_acceleration ]
2021-06-23 11:55:18,926 - deformetrica.core.estimators.gradient_ascent - INFO - 		3.253E-02   and   8.063E-01 	[ sources ]
2021-06-23 11:55:18,927 - deformetrica.core.models.longitudinal_metric_learning - INFO - Acceleration factors max/min: (0.9786834, 0, 0.9786834, 0)
2021-06-23 11:55:19,010 - deformetrica.core.models.longitudinal_metric_learning - INFO - Tmin 68.641 Tmax 74.40571594238281 Update of the spatiotemporalframe: 76 ms
2021-06-23 11:55:19,083 - deformetrica.core.estimators.gradient_ascent - INFO - --------------------------------- GA Iteration: 19/300 -----------------------------------
2021-06-23 11:55:19,084 - deformetrica.core.estimators.gradient_ascent - INFO - >> Log-likelihood = -6.579E-01 	 [ attachment = -6.117E-01 ; regularity = -4.618E-02 ]
2021-06-23 11:55:19,084 - deformetrica.core.models.longitudinal_metric_learning - INFO - Acceleration factors max/min: (0.9786834, 0, 0.9786834, 0)
2021-06-23 11:55:19,168 - deformetrica.core.models.longitudinal_metric_learning - INFO - Tmin 68.641 Tmax 74.40571594238281 Update of the spatiotemporalframe: 76 ms
2021-06-23 11:55:19,373 - deformetrica.core.estimators.gradient_ascent - INFO - >> Step size and gradient norm: 
2021-06-23 11:55:19,374 - deformetrica.core.estimators.gradient_ascent - INFO - 		3.188E+01   and   4.881E-02 	[ onset_age ]
2021-06-23 11:55:19,374 - deformetrica.core.estimators.gradient_ascent - INFO - 		1.680E-01   and   2.421E-01 	[ log_acceleration ]
2021-06-23 11:55:19,374 - deformetrica.core.estimators.gradient_ascent - INFO - 		4.879E-02   and   7.296E-01 	[ sources ]
2021-06-23 11:55:19,375 - deformetrica.core.models.longitudinal_metric_learning - INFO - Acceleration factors max/min: (1.0193115, 0, 1.0193115, 0)
2021-06-23 11:55:19,481 - deformetrica.core.models.longitudinal_metric_learning - INFO - Tmin 68.641 Tmax 76.23094940185547 Update of the spatiotemporalframe: 99 ms
2021-06-23 11:55:19,556 - deformetrica.core.models.longitudinal_metric_learning - INFO - Acceleration factors max/min: (1.0110532, 0, 1.0110532, 0)
2021-06-23 11:55:19,661 - deformetrica.core.models.longitudinal_metric_learning - INFO - Tmin 68.641 Tmax 76.1694564819336 Update of the spatiotemporalframe: 97 ms
2021-06-23 11:55:19,734 - deformetrica.core.models.longitudinal_metric_learning - INFO - Acceleration factors max/min: (1.0193115, 0, 1.0193115, 0)
2021-06-23 11:55:19,837 - deformetrica.core.models.longitudinal_metric_learning - INFO - Tmin 68.641 Tmax 75.91376495361328 Update of the spatiotemporalframe: 95 ms
2021-06-23 11:55:19,909 - deformetrica.core.models.longitudinal_metric_learning - INFO - Acceleration factors max/min: (1.0110532, 0, 1.0110532, 0)
2021-06-23 11:55:20,010 - deformetrica.core.models.longitudinal_metric_learning - INFO - Tmin 68.641 Tmax 75.85484313964844 Update of the spatiotemporalframe: 92 ms
2021-06-23 11:55:20,082 - deformetrica.core.estimators.gradient_ascent - INFO - >> Step size and gradient norm: 
2021-06-23 11:55:20,083 - deformetrica.core.estimators.gradient_ascent - INFO - 		2.550E+01   and   4.881E-02 	[ onset_age ]
2021-06-23 11:55:20,083 - deformetrica.core.estimators.gradient_ascent - INFO - 		1.344E-01   and   2.421E-01 	[ log_acceleration ]
2021-06-23 11:55:20,083 - deformetrica.core.estimators.gradient_ascent - INFO - 		3.904E-02   and   7.296E-01 	[ sources ]
2021-06-23 11:55:20,083 - deformetrica.core.models.longitudinal_metric_learning - INFO - Acceleration factors max/min: (1.0110532, 0, 1.0110532, 0)
2021-06-23 11:55:20,184 - deformetrica.core.models.longitudinal_metric_learning - INFO - Tmin 68.641 Tmax 75.85484313964844 Update of the spatiotemporalframe: 92 ms
2021-06-23 11:55:20,256 - deformetrica.core.models.longitudinal_metric_learning - INFO - Acceleration factors max/min: (1.0044947, 0, 1.0044947, 0)
2021-06-23 11:55:20,357 - deformetrica.core.models.longitudinal_metric_learning - INFO - Tmin 68.641 Tmax 75.80804443359375 Update of the spatiotemporalframe: 92 ms
2021-06-23 11:55:20,429 - deformetrica.core.models.longitudinal_metric_learning - INFO - Acceleration factors max/min: (1.0110532, 0, 1.0110532, 0)
2021-06-23 11:55:20,528 - deformetrica.core.models.longitudinal_metric_learning - INFO - Tmin 68.641 Tmax 75.6031494140625 Update of the spatiotemporalframe: 90 ms
2021-06-23 11:55:20,601 - deformetrica.core.models.longitudinal_metric_learning - INFO - Acceleration factors max/min: (1.0044947, 0, 1.0044947, 0)
2021-06-23 11:55:20,699 - deformetrica.core.models.longitudinal_metric_learning - INFO - Tmin 68.641 Tmax 75.55799102783203 Update of the spatiotemporalframe: 90 ms
2021-06-23 11:55:20,772 - deformetrica.core.estimators.gradient_ascent - INFO - --------------------------------- GA Iteration: 20/300 -----------------------------------
2021-06-23 11:55:20,773 - deformetrica.core.estimators.gradient_ascent - INFO - >> Log-likelihood = -6.545E-01 	 [ attachment = -5.815E-01 ; regularity = -7.303E-02 ]
2021-06-23 11:55:20,773 - deformetrica.core.models.longitudinal_metric_learning - INFO - Acceleration factors max/min: (1.0044947, 0, 1.0044947, 0)
2021-06-23 11:55:20,871 - deformetrica.core.models.longitudinal_metric_learning - INFO - Tmin 68.641 Tmax 75.55799102783203 Update of the spatiotemporalframe: 90 ms
2021-06-23 11:55:21,077 - deformetrica.core.estimators.gradient_ascent - INFO - >> Step size and gradient norm: 
2021-06-23 11:55:21,077 - deformetrica.core.estimators.gradient_ascent - INFO - 		2.040E+01   and   4.933E-02 	[ onset_age ]
2021-06-23 11:55:21,077 - deformetrica.core.estimators.gradient_ascent - INFO - 		1.075E-01   and   2.431E-01 	[ log_acceleration ]
2021-06-23 11:55:21,078 - deformetrica.core.estimators.gradient_ascent - INFO - 		3.904E-02   and   6.171E-01 	[ sources ]
2021-06-23 11:55:21,078 - deformetrica.core.models.longitudinal_metric_learning - INFO - Acceleration factors max/min: (0.97857964, 0, 0.97857964, 0)
2021-06-23 11:55:21,162 - deformetrica.core.models.longitudinal_metric_learning - INFO - Tmin 68.641 Tmax 74.39471435546875 Update of the spatiotemporalframe: 76 ms
2021-06-23 11:55:21,235 - deformetrica.core.estimators.gradient_ascent - INFO - --------------------------------- GA Iteration: 21/300 -----------------------------------
2021-06-23 11:55:21,235 - deformetrica.core.estimators.gradient_ascent - INFO - >> Log-likelihood = -6.247E-01 	 [ attachment = -5.735E-01 ; regularity = -5.122E-02 ]
2021-06-23 11:55:21,236 - deformetrica.core.models.longitudinal_metric_learning - INFO - Acceleration factors max/min: (0.97857964, 0, 0.97857964, 0)
2021-06-23 11:55:21,321 - deformetrica.core.models.longitudinal_metric_learning - INFO - Tmin 68.641 Tmax 74.39471435546875 Update of the spatiotemporalframe: 77 ms
2021-06-23 11:55:21,525 - deformetrica.core.estimators.gradient_ascent - INFO - >> Step size and gradient norm: 
2021-06-23 11:55:21,526 - deformetrica.core.estimators.gradient_ascent - INFO - 		3.060E+01   and   4.946E-02 	[ onset_age ]
2021-06-23 11:55:21,526 - deformetrica.core.estimators.gradient_ascent - INFO - 		1.613E-01   and   2.432E-01 	[ log_acceleration ]
2021-06-23 11:55:21,526 - deformetrica.core.estimators.gradient_ascent - INFO - 		5.855E-02   and   5.498E-01 	[ sources ]
2021-06-23 11:55:21,526 - deformetrica.core.models.longitudinal_metric_learning - INFO - Acceleration factors max/min: (1.0177264, 0, 1.0177264, 0)
2021-06-23 11:55:21,632 - deformetrica.core.models.longitudinal_metric_learning - INFO - Tmin 68.641 Tmax 76.1651611328125 Update of the spatiotemporalframe: 97 ms
2021-06-23 11:55:21,706 - deformetrica.core.models.longitudinal_metric_learning - INFO - Acceleration factors max/min: (1.0097737, 0, 1.0097737, 0)
2021-06-23 11:55:21,811 - deformetrica.core.models.longitudinal_metric_learning - INFO - Tmin 68.641 Tmax 76.10636901855469 Update of the spatiotemporalframe: 97 ms
2021-06-23 11:55:21,883 - deformetrica.core.models.longitudinal_metric_learning - INFO - Acceleration factors max/min: (1.0177264, 0, 1.0177264, 0)
2021-06-23 11:55:21,985 - deformetrica.core.models.longitudinal_metric_learning - INFO - Tmin 68.641 Tmax 75.85710906982422 Update of the spatiotemporalframe: 93 ms
2021-06-23 11:55:22,057 - deformetrica.core.models.longitudinal_metric_learning - INFO - Acceleration factors max/min: (1.0097737, 0, 1.0097737, 0)
2021-06-23 11:55:22,158 - deformetrica.core.models.longitudinal_metric_learning - INFO - Tmin 68.641 Tmax 75.80072021484375 Update of the spatiotemporalframe: 93 ms
2021-06-23 11:55:22,230 - deformetrica.core.estimators.gradient_ascent - INFO - >> Step size and gradient norm: 
2021-06-23 11:55:22,231 - deformetrica.core.estimators.gradient_ascent - INFO - 		2.448E+01   and   4.946E-02 	[ onset_age ]
2021-06-23 11:55:22,232 - deformetrica.core.estimators.gradient_ascent - INFO - 		1.290E-01   and   2.432E-01 	[ log_acceleration ]
2021-06-23 11:55:22,232 - deformetrica.core.estimators.gradient_ascent - INFO - 		4.684E-02   and   5.498E-01 	[ sources ]
2021-06-23 11:55:22,232 - deformetrica.core.models.longitudinal_metric_learning - INFO - Acceleration factors max/min: (1.0097737, 0, 1.0097737, 0)
2021-06-23 11:55:22,332 - deformetrica.core.models.longitudinal_metric_learning - INFO - Tmin 68.641 Tmax 75.80072021484375 Update of the spatiotemporalframe: 92 ms
2021-06-23 11:55:22,405 - deformetrica.core.models.longitudinal_metric_learning - INFO - Acceleration factors max/min: (1.0034564, 0, 1.0034564, 0)
2021-06-23 11:55:22,507 - deformetrica.core.models.longitudinal_metric_learning - INFO - Tmin 68.641 Tmax 75.75592803955078 Update of the spatiotemporalframe: 93 ms
2021-06-23 11:55:22,579 - deformetrica.core.models.longitudinal_metric_learning - INFO - Acceleration factors max/min: (1.0097737, 0, 1.0097737, 0)
2021-06-23 11:55:22,676 - deformetrica.core.models.longitudinal_metric_learning - INFO - Tmin 68.641 Tmax 75.55619812011719 Update of the spatiotemporalframe: 88 ms
2021-06-23 11:55:22,749 - deformetrica.core.models.longitudinal_metric_learning - INFO - Acceleration factors max/min: (1.0034564, 0, 1.0034564, 0)
2021-06-23 11:55:22,846 - deformetrica.core.models.longitudinal_metric_learning - INFO - Tmin 68.641 Tmax 75.512939453125 Update of the spatiotemporalframe: 89 ms
2021-06-23 11:55:22,918 - deformetrica.core.estimators.gradient_ascent - INFO - >> Step size and gradient norm: 
2021-06-23 11:55:22,919 - deformetrica.core.estimators.gradient_ascent - INFO - 		1.958E+01   and   4.946E-02 	[ onset_age ]
2021-06-23 11:55:22,920 - deformetrica.core.estimators.gradient_ascent - INFO - 		1.032E-01   and   2.432E-01 	[ log_acceleration ]
2021-06-23 11:55:22,920 - deformetrica.core.estimators.gradient_ascent - INFO - 		3.747E-02   and   5.498E-01 	[ sources ]
2021-06-23 11:55:22,920 - deformetrica.core.models.longitudinal_metric_learning - INFO - Acceleration factors max/min: (1.0034564, 0, 1.0034564, 0)
2021-06-23 11:55:23,016 - deformetrica.core.models.longitudinal_metric_learning - INFO - Tmin 68.641 Tmax 75.512939453125 Update of the spatiotemporalframe: 88 ms
2021-06-23 11:55:23,089 - deformetrica.core.models.longitudinal_metric_learning - INFO - Acceleration factors max/min: (0.9984309, 0, 0.9984309, 0)
2021-06-23 11:55:23,186 - deformetrica.core.models.longitudinal_metric_learning - INFO - Tmin 68.641 Tmax 75.47852325439453 Update of the spatiotemporalframe: 88 ms
2021-06-23 11:55:23,258 - deformetrica.core.models.longitudinal_metric_learning - INFO - Acceleration factors max/min: (1.0034564, 0, 1.0034564, 0)
2021-06-23 11:55:23,353 - deformetrica.core.models.longitudinal_metric_learning - INFO - Tmin 68.641 Tmax 75.31855010986328 Update of the spatiotemporalframe: 86 ms
2021-06-23 11:55:23,425 - deformetrica.core.models.longitudinal_metric_learning - INFO - Acceleration factors max/min: (0.9984309, 0, 0.9984309, 0)
2021-06-23 11:55:23,521 - deformetrica.core.models.longitudinal_metric_learning - INFO - Tmin 68.641 Tmax 75.28510284423828 Update of the spatiotemporalframe: 86 ms
2021-06-23 11:55:23,593 - deformetrica.core.estimators.gradient_ascent - INFO - --------------------------------- GA Iteration: 22/300 -----------------------------------
2021-06-23 11:55:23,594 - deformetrica.core.estimators.gradient_ascent - INFO - >> Log-likelihood = -6.152E-01 	 [ attachment = -5.431E-01 ; regularity = -7.207E-02 ]
2021-06-23 11:55:23,594 - deformetrica.core.models.longitudinal_metric_learning - INFO - Acceleration factors max/min: (0.9984309, 0, 0.9984309, 0)
2021-06-23 11:55:23,689 - deformetrica.core.models.longitudinal_metric_learning - INFO - Tmin 68.641 Tmax 75.28510284423828 Update of the spatiotemporalframe: 86 ms
2021-06-23 11:55:23,895 - deformetrica.core.estimators.gradient_ascent - INFO - >> Step size and gradient norm: 
2021-06-23 11:55:23,896 - deformetrica.core.estimators.gradient_ascent - INFO - 		1.567E+01   and   2.665E-02 	[ onset_age ]
2021-06-23 11:55:23,896 - deformetrica.core.estimators.gradient_ascent - INFO - 		8.256E-02   and   1.158E-01 	[ log_acceleration ]
2021-06-23 11:55:23,896 - deformetrica.core.estimators.gradient_ascent - INFO - 		3.747E-02   and   4.686E-01 	[ sources ]
2021-06-23 11:55:23,896 - deformetrica.core.models.longitudinal_metric_learning - INFO - Acceleration factors max/min: (0.9889319, 0, 0.9889319, 0)
2021-06-23 11:55:23,985 - deformetrica.core.models.longitudinal_metric_learning - INFO - Tmin 68.641 Tmax 74.80902862548828 Update of the spatiotemporalframe: 81 ms
2021-06-23 11:55:24,059 - deformetrica.core.estimators.gradient_ascent - INFO - --------------------------------- GA Iteration: 23/300 -----------------------------------
2021-06-23 11:55:24,059 - deformetrica.core.estimators.gradient_ascent - INFO - >> Log-likelihood = -5.976E-01 	 [ attachment = -5.333E-01 ; regularity = -6.427E-02 ]
2021-06-23 11:55:24,059 - deformetrica.core.models.longitudinal_metric_learning - INFO - Acceleration factors max/min: (0.9889319, 0, 0.9889319, 0)
2021-06-23 11:55:24,148 - deformetrica.core.models.longitudinal_metric_learning - INFO - Tmin 68.641 Tmax 74.80902862548828 Update of the spatiotemporalframe: 81 ms
2021-06-23 11:55:24,353 - deformetrica.core.estimators.gradient_ascent - INFO - >> Step size and gradient norm: 
2021-06-23 11:55:24,353 - deformetrica.core.estimators.gradient_ascent - INFO - 		2.350E+01   and   1.482E-02 	[ onset_age ]
2021-06-23 11:55:24,353 - deformetrica.core.estimators.gradient_ascent - INFO - 		1.238E-01   and   8.529E-02 	[ log_acceleration ]
2021-06-23 11:55:24,354 - deformetrica.core.estimators.gradient_ascent - INFO - 		5.621E-02   and   4.157E-01 	[ sources ]
2021-06-23 11:55:24,354 - deformetrica.core.models.longitudinal_metric_learning - INFO - Acceleration factors max/min: (0.9994332, 0, 0.9994332, 0)
2021-06-23 11:55:24,447 - deformetrica.core.models.longitudinal_metric_learning - INFO - Tmin 68.641 Tmax 75.22261047363281 Update of the spatiotemporalframe: 85 ms
2021-06-23 11:55:24,519 - deformetrica.core.estimators.gradient_ascent - INFO - --------------------------------- GA Iteration: 24/300 -----------------------------------
2021-06-23 11:55:24,520 - deformetrica.core.estimators.gradient_ascent - INFO - >> Log-likelihood = -5.961E-01 	 [ attachment = -5.190E-01 ; regularity = -7.704E-02 ]
2021-06-23 11:55:24,521 - deformetrica.core.models.longitudinal_metric_learning - INFO - Acceleration factors max/min: (0.9994332, 0, 0.9994332, 0)
2021-06-23 11:55:24,613 - deformetrica.core.models.longitudinal_metric_learning - INFO - Tmin 68.641 Tmax 75.22261047363281 Update of the spatiotemporalframe: 85 ms
2021-06-23 11:55:24,822 - deformetrica.core.estimators.gradient_ascent - INFO - >> Step size and gradient norm: 
2021-06-23 11:55:24,822 - deformetrica.core.estimators.gradient_ascent - INFO - 		3.525E+01   and   2.027E-02 	[ onset_age ]
2021-06-23 11:55:24,823 - deformetrica.core.estimators.gradient_ascent - INFO - 		1.858E-01   and   9.768E-02 	[ log_acceleration ]
2021-06-23 11:55:24,823 - deformetrica.core.estimators.gradient_ascent - INFO - 		8.432E-02   and   3.313E-01 	[ sources ]
2021-06-23 11:55:24,823 - deformetrica.core.models.longitudinal_metric_learning - INFO - Acceleration factors max/min: (0.98146236, 0, 0.98146236, 0)
2021-06-23 11:55:24,908 - deformetrica.core.models.longitudinal_metric_learning - INFO - Tmin 68.641 Tmax 74.40310668945312 Update of the spatiotemporalframe: 76 ms
2021-06-23 11:55:24,980 - deformetrica.core.estimators.gradient_ascent - INFO - --------------------------------- GA Iteration: 25/300 -----------------------------------
2021-06-23 11:55:24,981 - deformetrica.core.estimators.gradient_ascent - INFO - >> Log-likelihood = -5.890E-01 	 [ attachment = -5.230E-01 ; regularity = -6.601E-02 ]
2021-06-23 11:55:24,981 - deformetrica.core.models.longitudinal_metric_learning - INFO - Acceleration factors max/min: (0.98146236, 0, 0.98146236, 0)
2021-06-23 11:55:25,066 - deformetrica.core.models.longitudinal_metric_learning - INFO - Tmin 68.641 Tmax 74.40310668945312 Update of the spatiotemporalframe: 76 ms
2021-06-23 11:55:25,271 - deformetrica.core.estimators.gradient_ascent - INFO - >> Step size and gradient norm: 
2021-06-23 11:55:25,272 - deformetrica.core.estimators.gradient_ascent - INFO - 		5.288E+01   and   4.897E-02 	[ onset_age ]
2021-06-23 11:55:25,273 - deformetrica.core.estimators.gradient_ascent - INFO - 		2.786E-01   and   2.221E-01 	[ log_acceleration ]
2021-06-23 11:55:25,273 - deformetrica.core.estimators.gradient_ascent - INFO - 		1.265E-01   and   2.474E-01 	[ sources ]
2021-06-23 11:55:25,273 - deformetrica.core.models.longitudinal_metric_learning - INFO - Acceleration factors max/min: (1.0441179, 0, 1.0441179, 0)
2021-06-23 11:55:25,395 - deformetrica.core.models.longitudinal_metric_learning - INFO - Tmin 68.641 Tmax 77.47480773925781 Update of the spatiotemporalframe: 114 ms
2021-06-23 11:55:25,469 - deformetrica.core.models.longitudinal_metric_learning - INFO - Acceleration factors max/min: (1.0312747, 0, 1.0312747, 0)
2021-06-23 11:55:25,589 - deformetrica.core.models.longitudinal_metric_learning - INFO - Tmin 68.641 Tmax 77.36614227294922 Update of the spatiotemporalframe: 112 ms
2021-06-23 11:55:25,661 - deformetrica.core.models.longitudinal_metric_learning - INFO - Acceleration factors max/min: (1.0441179, 0, 1.0441179, 0)
2021-06-23 11:55:25,777 - deformetrica.core.models.longitudinal_metric_learning - INFO - Tmin 68.641 Tmax 76.93403625488281 Update of the spatiotemporalframe: 107 ms
2021-06-23 11:55:25,850 - deformetrica.core.models.longitudinal_metric_learning - INFO - Acceleration factors max/min: (1.0312747, 0, 1.0312747, 0)
2021-06-23 11:55:25,964 - deformetrica.core.models.longitudinal_metric_learning - INFO - Tmin 68.641 Tmax 76.83202362060547 Update of the spatiotemporalframe: 106 ms
2021-06-23 11:55:26,036 - deformetrica.core.estimators.gradient_ascent - INFO - >> Step size and gradient norm: 
2021-06-23 11:55:26,037 - deformetrica.core.estimators.gradient_ascent - INFO - 		4.230E+01   and   4.897E-02 	[ onset_age ]
2021-06-23 11:55:26,038 - deformetrica.core.estimators.gradient_ascent - INFO - 		2.229E-01   and   2.221E-01 	[ log_acceleration ]
2021-06-23 11:55:26,038 - deformetrica.core.estimators.gradient_ascent - INFO - 		1.012E-01   and   2.474E-01 	[ sources ]
2021-06-23 11:55:26,038 - deformetrica.core.models.longitudinal_metric_learning - INFO - Acceleration factors max/min: (1.0312747, 0, 1.0312747, 0)
2021-06-23 11:55:26,152 - deformetrica.core.models.longitudinal_metric_learning - INFO - Tmin 68.641 Tmax 76.83202362060547 Update of the spatiotemporalframe: 106 ms
2021-06-23 11:55:26,225 - deformetrica.core.models.longitudinal_metric_learning - INFO - Acceleration factors max/min: (1.021114, 0, 1.021114, 0)
2021-06-23 11:55:26,339 - deformetrica.core.models.longitudinal_metric_learning - INFO - Tmin 68.641 Tmax 76.7513198852539 Update of the spatiotemporalframe: 105 ms
2021-06-23 11:55:26,411 - deformetrica.core.models.longitudinal_metric_learning - INFO - Acceleration factors max/min: (1.0312747, 0, 1.0312747, 0)
2021-06-23 11:55:26,522 - deformetrica.core.models.longitudinal_metric_learning - INFO - Tmin 68.641 Tmax 76.40473175048828 Update of the spatiotemporalframe: 102 ms
2021-06-23 11:55:26,594 - deformetrica.core.models.longitudinal_metric_learning - INFO - Acceleration factors max/min: (1.021114, 0, 1.021114, 0)
2021-06-23 11:55:26,702 - deformetrica.core.models.longitudinal_metric_learning - INFO - Tmin 68.641 Tmax 76.32823944091797 Update of the spatiotemporalframe: 99 ms
2021-06-23 11:55:26,775 - deformetrica.core.estimators.gradient_ascent - INFO - >> Step size and gradient norm: 
2021-06-23 11:55:26,776 - deformetrica.core.estimators.gradient_ascent - INFO - 		3.384E+01   and   4.897E-02 	[ onset_age ]
2021-06-23 11:55:26,776 - deformetrica.core.estimators.gradient_ascent - INFO - 		1.783E-01   and   2.221E-01 	[ log_acceleration ]
2021-06-23 11:55:26,776 - deformetrica.core.estimators.gradient_ascent - INFO - 		8.094E-02   and   2.474E-01 	[ sources ]
2021-06-23 11:55:26,776 - deformetrica.core.models.longitudinal_metric_learning - INFO - Acceleration factors max/min: (1.021114, 0, 1.021114, 0)
2021-06-23 11:55:26,883 - deformetrica.core.models.longitudinal_metric_learning - INFO - Tmin 68.641 Tmax 76.32823944091797 Update of the spatiotemporalframe: 99 ms
2021-06-23 11:55:26,956 - deformetrica.core.models.longitudinal_metric_learning - INFO - Acceleration factors max/min: (1.0130576, 0, 1.0130576, 0)
2021-06-23 11:55:27,064 - deformetrica.core.models.longitudinal_metric_learning - INFO - Tmin 68.641 Tmax 76.26758575439453 Update of the spatiotemporalframe: 99 ms
2021-06-23 11:55:27,137 - deformetrica.core.models.longitudinal_metric_learning - INFO - Acceleration factors max/min: (1.021114, 0, 1.021114, 0)
2021-06-23 11:55:27,241 - deformetrica.core.models.longitudinal_metric_learning - INFO - Tmin 68.641 Tmax 75.9897689819336 Update of the spatiotemporalframe: 95 ms
2021-06-23 11:55:27,313 - deformetrica.core.models.longitudinal_metric_learning - INFO - Acceleration factors max/min: (1.0130576, 0, 1.0130576, 0)
2021-06-23 11:55:27,417 - deformetrica.core.models.longitudinal_metric_learning - INFO - Tmin 68.641 Tmax 75.9317855834961 Update of the spatiotemporalframe: 95 ms
2021-06-23 11:55:27,489 - deformetrica.core.estimators.gradient_ascent - INFO - >> Step size and gradient norm: 
2021-06-23 11:55:27,491 - deformetrica.core.estimators.gradient_ascent - INFO - 		2.707E+01   and   4.897E-02 	[ onset_age ]
2021-06-23 11:55:27,491 - deformetrica.core.estimators.gradient_ascent - INFO - 		1.427E-01   and   2.221E-01 	[ log_acceleration ]
2021-06-23 11:55:27,491 - deformetrica.core.estimators.gradient_ascent - INFO - 		6.475E-02   and   2.474E-01 	[ sources ]
2021-06-23 11:55:27,491 - deformetrica.core.models.longitudinal_metric_learning - INFO - Acceleration factors max/min: (1.0130576, 0, 1.0130576, 0)
2021-06-23 11:55:27,594 - deformetrica.core.models.longitudinal_metric_learning - INFO - Tmin 68.641 Tmax 75.9317855834961 Update of the spatiotemporalframe: 95 ms
2021-06-23 11:55:27,667 - deformetrica.core.models.longitudinal_metric_learning - INFO - Acceleration factors max/min: (1.0066582, 0, 1.0066582, 0)
2021-06-23 11:55:27,768 - deformetrica.core.models.longitudinal_metric_learning - INFO - Tmin 68.641 Tmax 75.88573455810547 Update of the spatiotemporalframe: 93 ms
2021-06-23 11:55:27,841 - deformetrica.core.models.longitudinal_metric_learning - INFO - Acceleration factors max/min: (1.0130576, 0, 1.0130576, 0)
2021-06-23 11:55:27,941 - deformetrica.core.models.longitudinal_metric_learning - INFO - Tmin 68.641 Tmax 75.66314697265625 Update of the spatiotemporalframe: 91 ms
2021-06-23 11:55:28,013 - deformetrica.core.models.longitudinal_metric_learning - INFO - Acceleration factors max/min: (1.0066582, 0, 1.0066582, 0)
2021-06-23 11:55:28,112 - deformetrica.core.models.longitudinal_metric_learning - INFO - Tmin 68.641 Tmax 75.61878967285156 Update of the spatiotemporalframe: 90 ms
2021-06-23 11:55:28,185 - deformetrica.core.estimators.gradient_ascent - INFO - Number of line search loops exceeded. Stopping.
2021-06-23 11:55:28,186 - deformetrica.core.estimators.gradient_ascent - INFO - --------------------------------- GA Iteration: 26/300 -----------------------------------
2021-06-23 11:55:28,186 - deformetrica.core.estimators.gradient_ascent - INFO - >> Log-likelihood = -6.352E-01 	 [ attachment = -5.308E-01 ; regularity = -1.043E-01 ]
2021-06-23 11:55:28,186 - deformetrica.core.models.longitudinal_metric_learning - INFO - Acceleration factors max/min: (1.0130576, 0, 1.0130576, 0)
2021-06-23 11:55:28,289 - deformetrica.core.models.longitudinal_metric_learning - INFO - Tmin 68.641 Tmax 75.9317855834961 Update of the spatiotemporalframe: 94 ms
2021-06-23 11:55:28,495 - deformetrica.core.estimators.gradient_ascent - INFO - >> Step size and gradient norm: 
2021-06-23 11:55:28,496 - deformetrica.core.estimators.gradient_ascent - INFO - 		2.166E+01   and   8.364E-02 	[ onset_age ]
2021-06-23 11:55:28,496 - deformetrica.core.estimators.gradient_ascent - INFO - 		1.141E-01   and   4.527E-01 	[ log_acceleration ]
2021-06-23 11:55:28,496 - deformetrica.core.estimators.gradient_ascent - INFO - 		5.180E-02   and   1.725E-01 	[ sources ]
2021-06-23 11:55:28,496 - deformetrica.core.models.longitudinal_metric_learning - INFO - Acceleration factors max/min: (0.96204793, 0, 0.96204793, 0)
2021-06-23 11:55:28,572 - deformetrica.core.models.longitudinal_metric_learning - INFO - Tmin 68.641 Tmax 73.82193756103516 Update of the spatiotemporalframe: 67 ms
2021-06-23 11:55:28,645 - deformetrica.core.estimators.gradient_ascent - INFO - --------------------------------- GA Iteration: 27/300 -----------------------------------
2021-06-23 11:55:28,646 - deformetrica.core.estimators.gradient_ascent - INFO - >> Log-likelihood = -6.221E-01 	 [ attachment = -5.573E-01 ; regularity = -6.474E-02 ]
2021-06-23 11:55:28,646 - deformetrica.core.models.longitudinal_metric_learning - INFO - Acceleration factors max/min: (0.96204793, 0, 0.96204793, 0)
2021-06-23 11:55:28,723 - deformetrica.core.models.longitudinal_metric_learning - INFO - Tmin 68.641 Tmax 73.82193756103516 Update of the spatiotemporalframe: 68 ms
2021-06-23 11:55:28,928 - deformetrica.core.estimators.gradient_ascent - INFO - >> Step size and gradient norm: 
2021-06-23 11:55:28,929 - deformetrica.core.estimators.gradient_ascent - INFO - 		3.249E+01   and   9.442E-02 	[ onset_age ]
2021-06-23 11:55:28,929 - deformetrica.core.estimators.gradient_ascent - INFO - 		1.712E-01   and   4.295E-01 	[ log_acceleration ]
2021-06-23 11:55:28,929 - deformetrica.core.estimators.gradient_ascent - INFO - 		7.771E-02   and   1.699E-01 	[ sources ]
2021-06-23 11:55:28,929 - deformetrica.core.models.longitudinal_metric_learning - INFO - Acceleration factors max/min: (1.0354453, 0, 1.0354453, 0)
2021-06-23 11:55:29,051 - deformetrica.core.models.longitudinal_metric_learning - INFO - Tmin 68.641 Tmax 77.39350128173828 Update of the spatiotemporalframe: 114 ms
2021-06-23 11:55:29,125 - deformetrica.core.models.longitudinal_metric_learning - INFO - Acceleration factors max/min: (1.020331, 0, 1.020331, 0)
2021-06-23 11:55:29,245 - deformetrica.core.models.longitudinal_metric_learning - INFO - Tmin 68.641 Tmax 77.26573944091797 Update of the spatiotemporalframe: 112 ms
2021-06-23 11:55:29,317 - deformetrica.core.models.longitudinal_metric_learning - INFO - Acceleration factors max/min: (1.0354453, 0, 1.0354453, 0)
2021-06-23 11:55:29,436 - deformetrica.core.models.longitudinal_metric_learning - INFO - Tmin 68.641 Tmax 76.75823974609375 Update of the spatiotemporalframe: 109 ms
2021-06-23 11:55:29,509 - deformetrica.core.models.longitudinal_metric_learning - INFO - Acceleration factors max/min: (1.020331, 0, 1.020331, 0)
2021-06-23 11:55:29,622 - deformetrica.core.models.longitudinal_metric_learning - INFO - Tmin 68.641 Tmax 76.63975524902344 Update of the spatiotemporalframe: 104 ms
2021-06-23 11:55:29,693 - deformetrica.core.estimators.gradient_ascent - INFO - >> Step size and gradient norm: 
2021-06-23 11:55:29,695 - deformetrica.core.estimators.gradient_ascent - INFO - 		2.599E+01   and   9.442E-02 	[ onset_age ]
2021-06-23 11:55:29,695 - deformetrica.core.estimators.gradient_ascent - INFO - 		1.370E-01   and   4.295E-01 	[ log_acceleration ]
2021-06-23 11:55:29,695 - deformetrica.core.estimators.gradient_ascent - INFO - 		6.216E-02   and   1.699E-01 	[ sources ]
2021-06-23 11:55:29,695 - deformetrica.core.models.longitudinal_metric_learning - INFO - Acceleration factors max/min: (1.020331, 0, 1.020331, 0)
2021-06-23 11:55:29,807 - deformetrica.core.models.longitudinal_metric_learning - INFO - Tmin 68.641 Tmax 76.63975524902344 Update of the spatiotemporalframe: 104 ms
2021-06-23 11:55:29,883 - deformetrica.core.models.longitudinal_metric_learning - INFO - Acceleration factors max/min: (1.0083985, 0, 1.0083985, 0)
2021-06-23 11:55:29,993 - deformetrica.core.models.longitudinal_metric_learning - INFO - Tmin 68.641 Tmax 76.54621124267578 Update of the spatiotemporalframe: 101 ms
2021-06-23 11:55:30,066 - deformetrica.core.models.longitudinal_metric_learning - INFO - Acceleration factors max/min: (1.020331, 0, 1.020331, 0)
2021-06-23 11:55:30,171 - deformetrica.core.models.longitudinal_metric_learning - INFO - Tmin 68.641 Tmax 76.13896179199219 Update of the spatiotemporalframe: 97 ms
2021-06-23 11:55:30,244 - deformetrica.core.models.longitudinal_metric_learning - INFO - Acceleration factors max/min: (1.0083985, 0, 1.0083985, 0)
2021-06-23 11:55:30,347 - deformetrica.core.models.longitudinal_metric_learning - INFO - Tmin 68.641 Tmax 76.05127716064453 Update of the spatiotemporalframe: 94 ms
2021-06-23 11:55:30,420 - deformetrica.core.estimators.gradient_ascent - INFO - >> Step size and gradient norm: 
2021-06-23 11:55:30,421 - deformetrica.core.estimators.gradient_ascent - INFO - 		2.079E+01   and   9.442E-02 	[ onset_age ]
2021-06-23 11:55:30,421 - deformetrica.core.estimators.gradient_ascent - INFO - 		1.096E-01   and   4.295E-01 	[ log_acceleration ]
2021-06-23 11:55:30,421 - deformetrica.core.estimators.gradient_ascent - INFO - 		4.973E-02   and   1.699E-01 	[ sources ]
2021-06-23 11:55:30,422 - deformetrica.core.models.longitudinal_metric_learning - INFO - Acceleration factors max/min: (1.0083985, 0, 1.0083985, 0)
2021-06-23 11:55:30,524 - deformetrica.core.models.longitudinal_metric_learning - INFO - Tmin 68.641 Tmax 76.05127716064453 Update of the spatiotemporalframe: 95 ms
2021-06-23 11:55:30,597 - deformetrica.core.models.longitudinal_metric_learning - INFO - Acceleration factors max/min: (0.9989531, 0, 0.9989531, 0)
2021-06-23 11:55:30,701 - deformetrica.core.models.longitudinal_metric_learning - INFO - Tmin 68.641 Tmax 75.98186492919922 Update of the spatiotemporalframe: 95 ms
2021-06-23 11:55:30,773 - deformetrica.core.models.longitudinal_metric_learning - INFO - Acceleration factors max/min: (1.0083985, 0, 1.0083985, 0)
2021-06-23 11:55:30,872 - deformetrica.core.models.longitudinal_metric_learning - INFO - Tmin 68.641 Tmax 75.65533447265625 Update of the spatiotemporalframe: 91 ms
2021-06-23 11:55:30,945 - deformetrica.core.models.longitudinal_metric_learning - INFO - Acceleration factors max/min: (0.9989531, 0, 0.9989531, 0)
2021-06-23 11:55:31,045 - deformetrica.core.models.longitudinal_metric_learning - INFO - Tmin 68.641 Tmax 75.58963012695312 Update of the spatiotemporalframe: 91 ms
2021-06-23 11:55:31,118 - deformetrica.core.estimators.gradient_ascent - INFO - --------------------------------- GA Iteration: 28/300 -----------------------------------
2021-06-23 11:55:31,118 - deformetrica.core.estimators.gradient_ascent - INFO - >> Log-likelihood = -6.034E-01 	 [ attachment = -5.026E-01 ; regularity = -1.009E-01 ]
2021-06-23 11:55:31,118 - deformetrica.core.models.longitudinal_metric_learning - INFO - Acceleration factors max/min: (0.9989531, 0, 0.9989531, 0)
2021-06-23 11:55:31,217 - deformetrica.core.models.longitudinal_metric_learning - INFO - Tmin 68.641 Tmax 75.58963012695312 Update of the spatiotemporalframe: 91 ms
2021-06-23 11:55:31,428 - deformetrica.core.estimators.gradient_ascent - INFO - >> Step size and gradient norm: 
2021-06-23 11:55:31,429 - deformetrica.core.estimators.gradient_ascent - INFO - 		1.663E+01   and   5.547E-02 	[ onset_age ]
2021-06-23 11:55:31,429 - deformetrica.core.estimators.gradient_ascent - INFO - 		8.765E-02   and   2.389E-01 	[ log_acceleration ]
2021-06-23 11:55:31,429 - deformetrica.core.estimators.gradient_ascent - INFO - 		4.973E-02   and   1.201E-01 	[ sources ]
2021-06-23 11:55:31,430 - deformetrica.core.models.longitudinal_metric_learning - INFO - Acceleration factors max/min: (0.9782554, 0, 0.9782554, 0)
2021-06-23 11:55:31,514 - deformetrica.core.models.longitudinal_metric_learning - INFO - Tmin 68.641 Tmax 74.54301452636719 Update of the spatiotemporalframe: 76 ms
2021-06-23 11:55:31,587 - deformetrica.core.estimators.gradient_ascent - INFO - --------------------------------- GA Iteration: 29/300 -----------------------------------
2021-06-23 11:55:31,588 - deformetrica.core.estimators.gradient_ascent - INFO - >> Log-likelihood = -5.771E-01 	 [ attachment = -4.977E-01 ; regularity = -7.941E-02 ]
2021-06-23 11:55:31,588 - deformetrica.core.models.longitudinal_metric_learning - INFO - Acceleration factors max/min: (0.9782554, 0, 0.9782554, 0)
2021-06-23 11:55:31,672 - deformetrica.core.models.longitudinal_metric_learning - INFO - Tmin 68.641 Tmax 74.54301452636719 Update of the spatiotemporalframe: 76 ms
2021-06-23 11:55:31,878 - deformetrica.core.estimators.gradient_ascent - INFO - >> Step size and gradient norm: 
2021-06-23 11:55:31,879 - deformetrica.core.estimators.gradient_ascent - INFO - 		2.495E+01   and   3.491E-02 	[ onset_age ]
2021-06-23 11:55:31,880 - deformetrica.core.estimators.gradient_ascent - INFO - 		1.315E-01   and   2.073E-01 	[ log_acceleration ]
2021-06-23 11:55:31,880 - deformetrica.core.estimators.gradient_ascent - INFO - 		7.460E-02   and   1.147E-01 	[ sources ]
2021-06-23 11:55:31,880 - deformetrica.core.models.longitudinal_metric_learning - INFO - Acceleration factors max/min: (1.0052845, 0, 1.0052845, 0)
2021-06-23 11:55:31,979 - deformetrica.core.models.longitudinal_metric_learning - INFO - Tmin 68.641 Tmax 75.5818099975586 Update of the spatiotemporalframe: 90 ms
2021-06-23 11:55:32,052 - deformetrica.core.models.longitudinal_metric_learning - INFO - Acceleration factors max/min: (0.99981964, 0, 0.99981964, 0)
2021-06-23 11:55:32,151 - deformetrica.core.models.longitudinal_metric_learning - INFO - Tmin 68.641 Tmax 75.54408264160156 Update of the spatiotemporalframe: 90 ms
2021-06-23 11:55:32,223 - deformetrica.core.models.longitudinal_metric_learning - INFO - Acceleration factors max/min: (1.0052845, 0, 1.0052845, 0)
2021-06-23 11:55:32,320 - deformetrica.core.models.longitudinal_metric_learning - INFO - Tmin 68.641 Tmax 75.40666961669922 Update of the spatiotemporalframe: 88 ms
2021-06-23 11:55:32,392 - deformetrica.core.models.longitudinal_metric_learning - INFO - Acceleration factors max/min: (0.99981964, 0, 0.99981964, 0)
2021-06-23 11:55:32,488 - deformetrica.core.models.longitudinal_metric_learning - INFO - Tmin 68.641 Tmax 75.36988830566406 Update of the spatiotemporalframe: 87 ms
2021-06-23 11:55:32,560 - deformetrica.core.estimators.gradient_ascent - INFO - >> Step size and gradient norm: 
2021-06-23 11:55:32,561 - deformetrica.core.estimators.gradient_ascent - INFO - 		1.996E+01   and   3.491E-02 	[ onset_age ]
2021-06-23 11:55:32,561 - deformetrica.core.estimators.gradient_ascent - INFO - 		1.052E-01   and   2.073E-01 	[ log_acceleration ]
2021-06-23 11:55:32,562 - deformetrica.core.estimators.gradient_ascent - INFO - 		5.968E-02   and   1.147E-01 	[ sources ]
2021-06-23 11:55:32,562 - deformetrica.core.models.longitudinal_metric_learning - INFO - Acceleration factors max/min: (0.99981964, 0, 0.99981964, 0)
2021-06-23 11:55:32,656 - deformetrica.core.models.longitudinal_metric_learning - INFO - Tmin 68.641 Tmax 75.36988830566406 Update of the spatiotemporalframe: 86 ms
2021-06-23 11:55:32,729 - deformetrica.core.models.longitudinal_metric_learning - INFO - Acceleration factors max/min: (0.9954691, 0, 0.9954691, 0)
2021-06-23 11:55:32,824 - deformetrica.core.models.longitudinal_metric_learning - INFO - Tmin 68.641 Tmax 75.34060668945312 Update of the spatiotemporalframe: 86 ms
2021-06-23 11:55:32,897 - deformetrica.core.models.longitudinal_metric_learning - INFO - Acceleration factors max/min: (0.99981964, 0, 0.99981964, 0)
2021-06-23 11:55:32,992 - deformetrica.core.models.longitudinal_metric_learning - INFO - Tmin 68.641 Tmax 75.23052978515625 Update of the spatiotemporalframe: 87 ms
2021-06-23 11:55:33,065 - deformetrica.core.models.longitudinal_metric_learning - INFO - Acceleration factors max/min: (0.9954691, 0, 0.9954691, 0)
2021-06-23 11:55:33,158 - deformetrica.core.models.longitudinal_metric_learning - INFO - Tmin 68.641 Tmax 75.20185852050781 Update of the spatiotemporalframe: 84 ms
2021-06-23 11:55:33,231 - deformetrica.core.estimators.gradient_ascent - INFO - >> Step size and gradient norm: 
2021-06-23 11:55:33,232 - deformetrica.core.estimators.gradient_ascent - INFO - 		1.597E+01   and   3.491E-02 	[ onset_age ]
2021-06-23 11:55:33,232 - deformetrica.core.estimators.gradient_ascent - INFO - 		8.415E-02   and   2.073E-01 	[ log_acceleration ]
2021-06-23 11:55:33,232 - deformetrica.core.estimators.gradient_ascent - INFO - 		4.774E-02   and   1.147E-01 	[ sources ]
2021-06-23 11:55:33,232 - deformetrica.core.models.longitudinal_metric_learning - INFO - Acceleration factors max/min: (0.9954691, 0, 0.9954691, 0)
2021-06-23 11:55:33,325 - deformetrica.core.models.longitudinal_metric_learning - INFO - Tmin 68.641 Tmax 75.20185852050781 Update of the spatiotemporalframe: 84 ms
2021-06-23 11:55:33,398 - deformetrica.core.models.longitudinal_metric_learning - INFO - Acceleration factors max/min: (0.99200225, 0, 0.99200225, 0)
2021-06-23 11:55:33,491 - deformetrica.core.models.longitudinal_metric_learning - INFO - Tmin 68.641 Tmax 75.17900848388672 Update of the spatiotemporalframe: 84 ms
2021-06-23 11:55:33,563 - deformetrica.core.models.longitudinal_metric_learning - INFO - Acceleration factors max/min: (0.9954691, 0, 0.9954691, 0)
2021-06-23 11:55:33,657 - deformetrica.core.models.longitudinal_metric_learning - INFO - Tmin 68.641 Tmax 75.09085845947266 Update of the spatiotemporalframe: 84 ms
2021-06-23 11:55:33,729 - deformetrica.core.models.longitudinal_metric_learning - INFO - Acceleration factors max/min: (0.99200225, 0, 0.99200225, 0)
2021-06-23 11:55:33,822 - deformetrica.core.models.longitudinal_metric_learning - INFO - Tmin 68.641 Tmax 75.06839752197266 Update of the spatiotemporalframe: 84 ms
2021-06-23 11:55:33,895 - deformetrica.core.estimators.gradient_ascent - INFO - --------------------------------- GA Iteration: 30/300 -----------------------------------
2021-06-23 11:55:33,896 - deformetrica.core.estimators.gradient_ascent - INFO - >> Log-likelihood = -5.764E-01 	 [ attachment = -4.857E-01 ; regularity = -9.074E-02 ]
2021-06-23 11:55:33,896 - deformetrica.core.models.longitudinal_metric_learning - INFO - Acceleration factors max/min: (0.99200225, 0, 0.99200225, 0)
2021-06-23 11:55:33,988 - deformetrica.core.models.longitudinal_metric_learning - INFO - Tmin 68.641 Tmax 75.06839752197266 Update of the spatiotemporalframe: 84 ms
2021-06-23 11:55:34,194 - deformetrica.core.estimators.gradient_ascent - INFO - >> Step size and gradient norm: 
2021-06-23 11:55:34,195 - deformetrica.core.estimators.gradient_ascent - INFO - 		1.277E+01   and   9.776E-03 	[ onset_age ]
2021-06-23 11:55:34,195 - deformetrica.core.estimators.gradient_ascent - INFO - 		6.732E-02   and   1.639E-02 	[ log_acceleration ]
2021-06-23 11:55:34,196 - deformetrica.core.estimators.gradient_ascent - INFO - 		4.774E-02   and   8.959E-02 	[ sources ]
2021-06-23 11:55:34,196 - deformetrica.core.models.longitudinal_metric_learning - INFO - Acceleration factors max/min: (0.990908, 0, 0.990908, 0)
2021-06-23 11:55:34,287 - deformetrica.core.models.longitudinal_metric_learning - INFO - Tmin 68.641 Tmax 74.93756103515625 Update of the spatiotemporalframe: 82 ms
2021-06-23 11:55:34,360 - deformetrica.core.estimators.gradient_ascent - INFO - --------------------------------- GA Iteration: 31/300 -----------------------------------
2021-06-23 11:55:34,361 - deformetrica.core.estimators.gradient_ascent - INFO - >> Log-likelihood = -5.736E-01 	 [ attachment = -4.849E-01 ; regularity = -8.868E-02 ]
2021-06-23 11:55:34,361 - deformetrica.core.models.longitudinal_metric_learning - INFO - Acceleration factors max/min: (0.990908, 0, 0.990908, 0)
2021-06-23 11:55:34,453 - deformetrica.core.models.longitudinal_metric_learning - INFO - Tmin 68.641 Tmax 74.93756103515625 Update of the spatiotemporalframe: 83 ms
2021-06-23 11:55:34,658 - deformetrica.core.estimators.gradient_ascent - INFO - >> Step size and gradient norm: 
2021-06-23 11:55:34,659 - deformetrica.core.estimators.gradient_ascent - INFO - 		1.916E+01   and   2.347E-03 	[ onset_age ]
2021-06-23 11:55:34,659 - deformetrica.core.estimators.gradient_ascent - INFO - 		1.010E-01   and   3.193E-02 	[ log_acceleration ]
2021-06-23 11:55:34,659 - deformetrica.core.estimators.gradient_ascent - INFO - 		7.161E-02   and   7.725E-02 	[ sources ]
2021-06-23 11:55:34,659 - deformetrica.core.models.longitudinal_metric_learning - INFO - Acceleration factors max/min: (0.99410766, 0, 0.99410766, 0)
2021-06-23 11:55:34,750 - deformetrica.core.models.longitudinal_metric_learning - INFO - Tmin 68.641 Tmax 75.0025863647461 Update of the spatiotemporalframe: 83 ms
2021-06-23 11:55:34,824 - deformetrica.core.models.longitudinal_metric_learning - INFO - Acceleration factors max/min: (0.9934669, 0, 0.9934669, 0)
2021-06-23 11:55:34,915 - deformetrica.core.models.longitudinal_metric_learning - INFO - Tmin 68.641 Tmax 74.99848175048828 Update of the spatiotemporalframe: 83 ms
2021-06-23 11:55:34,988 - deformetrica.core.models.longitudinal_metric_learning - INFO - Acceleration factors max/min: (0.99410766, 0, 0.99410766, 0)
2021-06-23 11:55:35,078 - deformetrica.core.models.longitudinal_metric_learning - INFO - Tmin 68.641 Tmax 74.99365234375 Update of the spatiotemporalframe: 82 ms
2021-06-23 11:55:35,151 - deformetrica.core.models.longitudinal_metric_learning - INFO - Acceleration factors max/min: (0.9934669, 0, 0.9934669, 0)
2021-06-23 11:55:35,242 - deformetrica.core.models.longitudinal_metric_learning - INFO - Tmin 68.641 Tmax 74.98955535888672 Update of the spatiotemporalframe: 82 ms
2021-06-23 11:55:35,314 - deformetrica.core.estimators.gradient_ascent - INFO - >> Step size and gradient norm: 
2021-06-23 11:55:35,315 - deformetrica.core.estimators.gradient_ascent - INFO - 		1.533E+01   and   2.347E-03 	[ onset_age ]
2021-06-23 11:55:35,316 - deformetrica.core.estimators.gradient_ascent - INFO - 		8.078E-02   and   3.193E-02 	[ log_acceleration ]
2021-06-23 11:55:35,316 - deformetrica.core.estimators.gradient_ascent - INFO - 		5.729E-02   and   7.725E-02 	[ sources ]
2021-06-23 11:55:35,316 - deformetrica.core.models.longitudinal_metric_learning - INFO - Acceleration factors max/min: (0.9934669, 0, 0.9934669, 0)
2021-06-23 11:55:35,406 - deformetrica.core.models.longitudinal_metric_learning - INFO - Tmin 68.641 Tmax 74.98955535888672 Update of the spatiotemporalframe: 82 ms
2021-06-23 11:55:35,478 - deformetrica.core.models.longitudinal_metric_learning - INFO - Acceleration factors max/min: (0.9929546, 0, 0.9929546, 0)
2021-06-23 11:55:35,569 - deformetrica.core.models.longitudinal_metric_learning - INFO - Tmin 68.641 Tmax 74.98628234863281 Update of the spatiotemporalframe: 82 ms
2021-06-23 11:55:35,642 - deformetrica.core.models.longitudinal_metric_learning - INFO - Acceleration factors max/min: (0.9934669, 0, 0.9934669, 0)
2021-06-23 11:55:35,733 - deformetrica.core.models.longitudinal_metric_learning - INFO - Tmin 68.641 Tmax 74.98240661621094 Update of the spatiotemporalframe: 82 ms
2021-06-23 11:55:35,805 - deformetrica.core.models.longitudinal_metric_learning - INFO - Acceleration factors max/min: (0.9929546, 0, 0.9929546, 0)
2021-06-23 11:55:35,897 - deformetrica.core.models.longitudinal_metric_learning - INFO - Tmin 68.641 Tmax 74.97914123535156 Update of the spatiotemporalframe: 82 ms
2021-06-23 11:55:35,969 - deformetrica.core.estimators.gradient_ascent - INFO - >> Step size and gradient norm: 
2021-06-23 11:55:35,970 - deformetrica.core.estimators.gradient_ascent - INFO - 		1.226E+01   and   2.347E-03 	[ onset_age ]
2021-06-23 11:55:35,970 - deformetrica.core.estimators.gradient_ascent - INFO - 		6.463E-02   and   3.193E-02 	[ log_acceleration ]
2021-06-23 11:55:35,970 - deformetrica.core.estimators.gradient_ascent - INFO - 		4.583E-02   and   7.725E-02 	[ sources ]
2021-06-23 11:55:35,971 - deformetrica.core.models.longitudinal_metric_learning - INFO - Acceleration factors max/min: (0.9929546, 0, 0.9929546, 0)
2021-06-23 11:55:36,061 - deformetrica.core.models.longitudinal_metric_learning - INFO - Tmin 68.641 Tmax 74.97914123535156 Update of the spatiotemporalframe: 82 ms
2021-06-23 11:55:36,133 - deformetrica.core.models.longitudinal_metric_learning - INFO - Acceleration factors max/min: (0.99254495, 0, 0.99254495, 0)
2021-06-23 11:55:36,225 - deformetrica.core.models.longitudinal_metric_learning - INFO - Tmin 68.641 Tmax 74.97652435302734 Update of the spatiotemporalframe: 83 ms
2021-06-23 11:55:36,297 - deformetrica.core.models.longitudinal_metric_learning - INFO - Acceleration factors max/min: (0.9929546, 0, 0.9929546, 0)
2021-06-23 11:55:36,388 - deformetrica.core.models.longitudinal_metric_learning - INFO - Tmin 68.641 Tmax 74.97341918945312 Update of the spatiotemporalframe: 82 ms
2021-06-23 11:55:36,461 - deformetrica.core.models.longitudinal_metric_learning - INFO - Acceleration factors max/min: (0.99254495, 0, 0.99254495, 0)
2021-06-23 11:55:36,552 - deformetrica.core.models.longitudinal_metric_learning - INFO - Tmin 68.641 Tmax 74.9708023071289 Update of the spatiotemporalframe: 82 ms
2021-06-23 11:55:36,624 - deformetrica.core.estimators.gradient_ascent - INFO - >> Step size and gradient norm: 
2021-06-23 11:55:36,625 - deformetrica.core.estimators.gradient_ascent - INFO - 		9.811E+00   and   2.347E-03 	[ onset_age ]
2021-06-23 11:55:36,625 - deformetrica.core.estimators.gradient_ascent - INFO - 		5.170E-02   and   3.193E-02 	[ log_acceleration ]
2021-06-23 11:55:36,625 - deformetrica.core.estimators.gradient_ascent - INFO - 		3.667E-02   and   7.725E-02 	[ sources ]
2021-06-23 11:55:36,626 - deformetrica.core.models.longitudinal_metric_learning - INFO - Acceleration factors max/min: (0.99254495, 0, 0.99254495, 0)
2021-06-23 11:55:36,716 - deformetrica.core.models.longitudinal_metric_learning - INFO - Tmin 68.641 Tmax 74.9708023071289 Update of the spatiotemporalframe: 82 ms
2021-06-23 11:55:36,789 - deformetrica.core.models.longitudinal_metric_learning - INFO - Acceleration factors max/min: (0.99221736, 0, 0.99221736, 0)
2021-06-23 11:55:36,880 - deformetrica.core.models.longitudinal_metric_learning - INFO - Tmin 68.641 Tmax 74.96871948242188 Update of the spatiotemporalframe: 82 ms
2021-06-23 11:55:36,952 - deformetrica.core.models.longitudinal_metric_learning - INFO - Acceleration factors max/min: (0.99254495, 0, 0.99254495, 0)
2021-06-23 11:55:37,043 - deformetrica.core.models.longitudinal_metric_learning - INFO - Tmin 68.641 Tmax 74.96623992919922 Update of the spatiotemporalframe: 82 ms
2021-06-23 11:55:37,115 - deformetrica.core.models.longitudinal_metric_learning - INFO - Acceleration factors max/min: (0.99221736, 0, 0.99221736, 0)
2021-06-23 11:55:37,206 - deformetrica.core.models.longitudinal_metric_learning - INFO - Tmin 68.641 Tmax 74.96414947509766 Update of the spatiotemporalframe: 82 ms
2021-06-23 11:55:37,279 - deformetrica.core.estimators.gradient_ascent - INFO - Number of line search loops exceeded. Stopping.
2021-06-23 11:55:37,280 - deformetrica.core.estimators.gradient_ascent - INFO - --------------------------------- GA Iteration: 32/300 -----------------------------------
2021-06-23 11:55:37,280 - deformetrica.core.estimators.gradient_ascent - INFO - >> Log-likelihood = -5.738E-01 	 [ attachment = -4.838E-01 ; regularity = -8.995E-02 ]
2021-06-23 11:55:37,280 - deformetrica.core.models.longitudinal_metric_learning - INFO - Acceleration factors max/min: (0.99254495, 0, 0.99254495, 0)
2021-06-23 11:55:37,370 - deformetrica.core.models.longitudinal_metric_learning - INFO - Tmin 68.641 Tmax 74.9708023071289 Update of the spatiotemporalframe: 82 ms
2021-06-23 11:55:37,579 - deformetrica.core.estimators.gradient_ascent - INFO - >> Step size and gradient norm: 
2021-06-23 11:55:37,580 - deformetrica.core.estimators.gradient_ascent - INFO - 		7.849E+00   and   3.763E-04 	[ onset_age ]
2021-06-23 11:55:37,580 - deformetrica.core.estimators.gradient_ascent - INFO - 		4.136E-02   and   1.320E-02 	[ log_acceleration ]
2021-06-23 11:55:37,580 - deformetrica.core.estimators.gradient_ascent - INFO - 		2.933E-02   and   6.759E-02 	[ sources ]
2021-06-23 11:55:37,581 - deformetrica.core.models.longitudinal_metric_learning - INFO - Acceleration factors max/min: (0.9930872, 0, 0.9930872, 0)
2021-06-23 11:55:37,672 - deformetrica.core.models.longitudinal_metric_learning - INFO - Tmin 68.641 Tmax 74.97132873535156 Update of the spatiotemporalframe: 83 ms
2021-06-23 11:55:37,744 - deformetrica.core.estimators.gradient_ascent - INFO - Tolerance threshold met. Stopping the optimization process.
2021-06-23 11:55:37,746 - __main__ - INFO - >> Estimation took: 4.76837158203125e-07
