2021-06-23 11:56:03,341 - root - ERROR - Logger has been set to: INFO
2021-06-23 11:56:03,565 - __main__ - INFO -  >>> Personalizing for each individual.
2021-06-23 11:56:03,788 - __main__ - INFO - Initializing all the onset_ages to the reference time.
2021-06-23 11:56:03,788 - __main__ - INFO - Initializing all log-accelerations to zero.
2021-06-23 11:56:03,788 - __main__ - INFO - Initializing exponential type to parametric
2021-06-23 11:56:03,788 - __main__ - INFO - Loading metric parameters from file simulated_study/output_2/LongitudinalMetricModel_metric_parameters.txt
2021-06-23 11:56:03,789 - __main__ - INFO - Loading the interpolation points from file simulated_study/output_2/LongitudinalMetricModel_interpolation_points.txt
2021-06-23 11:56:03,789 - __main__ - INFO - The width for the metric interpolation is set to 0.25
2021-06-23 11:56:03,789 - __main__ - INFO - I am setting the no_parallel_transport flag to False.
2021-06-23 11:56:03,790 - __main__ - INFO - >> Reading 1-source initial modulation matrix from file: simulated_study/output_2/LongitudinalMetricModel_modulation_matrix.txt
2021-06-23 11:56:03,790 - __main__ - INFO - Initializing all sources to zero
2021-06-23 11:56:03,790 - deformetrica.core.models.longitudinal_metric_learning - INFO - Acceleration factors max/min: (1.0, 0, 1.0, 0)
2021-06-23 11:56:04,721 - deformetrica.core.models.longitudinal_metric_learning - INFO - Tmin 35.12456512451172 Tmax 110 Update of the spatiotemporalframe: 905 ms
2021-06-23 11:56:18,197 - __main__ - INFO - >> Initial noise variance set to 0.05248669308423996 based on the initial mean residual value.
2021-06-23 11:56:18,198 - deformetrica.core.models.longitudinal_metric_learning - INFO - ('v0', True)
2021-06-23 11:56:18,199 - deformetrica.core.models.longitudinal_metric_learning - INFO - ('p0', True)
2021-06-23 11:56:18,199 - deformetrica.core.models.longitudinal_metric_learning - INFO - ('reference_time', True)
2021-06-23 11:56:18,199 - deformetrica.core.models.longitudinal_metric_learning - INFO - ('onset_age_variance', True)
2021-06-23 11:56:18,199 - deformetrica.core.models.longitudinal_metric_learning - INFO - ('log_acceleration_variance', True)
2021-06-23 11:56:18,199 - deformetrica.core.models.longitudinal_metric_learning - INFO - ('noise_variance', True)
2021-06-23 11:56:18,199 - deformetrica.core.models.longitudinal_metric_learning - INFO - ('metric_parameters', True)
2021-06-23 11:56:18,199 - deformetrica.core.models.longitudinal_metric_learning - INFO - ('modulation_matrix', True)
2021-06-23 11:56:18,215 - deformetrica.core.models.longitudinal_metric_learning - INFO - Acceleration factors max/min: (1.0, 0, 1.0, 0)
2021-06-23 11:56:18,350 - deformetrica.core.models.longitudinal_metric_learning - INFO - Tmin 68.641 Tmax 78.81199645996094 Update of the spatiotemporalframe: 128 ms
2021-06-23 11:56:18,560 - deformetrica.core.estimators.gradient_ascent - INFO - --------------------------------- GA Iteration: 0/300 -----------------------------------
2021-06-23 11:56:18,561 - deformetrica.core.estimators.gradient_ascent - INFO - >> Log-likelihood = -1.920E+00 	 [ attachment = -1.919E+00 ; regularity = -7.139E-04 ]
2021-06-23 11:56:18,561 - deformetrica.core.estimators.gradient_ascent - INFO - >> Step size and gradient norm: 
2021-06-23 11:56:18,562 - deformetrica.core.estimators.gradient_ascent - INFO - 		5.284E+00   and   4.731E-01 	[ onset_age ]
2021-06-23 11:56:18,562 - deformetrica.core.estimators.gradient_ascent - INFO - 		1.358E-03   and   3.682E+00 	[ log_acceleration ]
2021-06-23 11:56:18,562 - deformetrica.core.estimators.gradient_ascent - INFO - 		3.213E-01   and   1.556E-02 	[ sources ]
2021-06-23 11:56:18,562 - deformetrica.core.models.longitudinal_metric_learning - INFO - Acceleration factors max/min: (0.99501246, 0, 0.99501246, 0)
2021-06-23 11:56:18,665 - deformetrica.core.models.longitudinal_metric_learning - INFO - Tmin 68.641 Tmax 76.27373504638672 Update of the spatiotemporalframe: 95 ms
2021-06-23 11:56:18,736 - deformetrica.core.estimators.gradient_ascent - INFO - --------------------------------- GA Iteration: 1/300 -----------------------------------
2021-06-23 11:56:18,736 - deformetrica.core.estimators.gradient_ascent - INFO - >> Log-likelihood = -9.167E-01 	 [ attachment = -8.970E-01 ; regularity = -1.968E-02 ]
2021-06-23 11:56:18,736 - deformetrica.core.models.longitudinal_metric_learning - INFO - Acceleration factors max/min: (0.99501246, 0, 0.99501246, 0)
2021-06-23 11:56:18,840 - deformetrica.core.models.longitudinal_metric_learning - INFO - Tmin 68.641 Tmax 76.27373504638672 Update of the spatiotemporalframe: 95 ms
2021-06-23 11:56:19,038 - deformetrica.core.estimators.gradient_ascent - INFO - >> Step size and gradient norm: 
2021-06-23 11:56:19,039 - deformetrica.core.estimators.gradient_ascent - INFO - 		7.927E+00   and   2.667E-01 	[ onset_age ]
2021-06-23 11:56:19,039 - deformetrica.core.estimators.gradient_ascent - INFO - 		2.037E-03   and   1.502E+00 	[ log_acceleration ]
2021-06-23 11:56:19,039 - deformetrica.core.estimators.gradient_ascent - INFO - 		4.820E-01   and   5.619E-02 	[ sources ]
2021-06-23 11:56:19,040 - deformetrica.core.models.longitudinal_metric_learning - INFO - Acceleration factors max/min: (0.9919735, 0, 0.9919735, 0)
2021-06-23 11:56:19,116 - deformetrica.core.models.longitudinal_metric_learning - INFO - Tmin 68.641 Tmax 74.1531982421875 Update of the spatiotemporalframe: 69 ms
2021-06-23 11:56:19,187 - deformetrica.core.estimators.gradient_ascent - INFO - --------------------------------- GA Iteration: 2/300 -----------------------------------
2021-06-23 11:56:19,187 - deformetrica.core.estimators.gradient_ascent - INFO - >> Log-likelihood = -5.484E-01 	 [ attachment = -4.814E-01 ; regularity = -6.695E-02 ]
2021-06-23 11:56:19,188 - deformetrica.core.models.longitudinal_metric_learning - INFO - Acceleration factors max/min: (0.9919735, 0, 0.9919735, 0)
2021-06-23 11:56:19,265 - deformetrica.core.models.longitudinal_metric_learning - INFO - Tmin 68.641 Tmax 74.1531982421875 Update of the spatiotemporalframe: 69 ms
2021-06-23 11:56:19,463 - deformetrica.core.estimators.gradient_ascent - INFO - >> Step size and gradient norm: 
2021-06-23 11:56:19,464 - deformetrica.core.estimators.gradient_ascent - INFO - 		1.189E+01   and   7.452E-02 	[ onset_age ]
2021-06-23 11:56:19,464 - deformetrica.core.estimators.gradient_ascent - INFO - 		3.055E-03   and   3.455E-01 	[ log_acceleration ]
2021-06-23 11:56:19,464 - deformetrica.core.estimators.gradient_ascent - INFO - 		7.229E-01   and   4.352E-03 	[ sources ]
2021-06-23 11:56:19,465 - deformetrica.core.models.longitudinal_metric_learning - INFO - Acceleration factors max/min: (0.990927, 0, 0.990927, 0)
2021-06-23 11:56:19,532 - deformetrica.core.models.longitudinal_metric_learning - INFO - Tmin 68.641 Tmax 73.26934814453125 Update of the spatiotemporalframe: 59 ms
2021-06-23 11:56:19,602 - deformetrica.core.estimators.gradient_ascent - INFO - --------------------------------- GA Iteration: 3/300 -----------------------------------
2021-06-23 11:56:19,602 - deformetrica.core.estimators.gradient_ascent - INFO - >> Log-likelihood = -5.316E-01 	 [ attachment = -4.375E-01 ; regularity = -9.417E-02 ]
2021-06-23 11:56:19,602 - deformetrica.core.models.longitudinal_metric_learning - INFO - Acceleration factors max/min: (0.990927, 0, 0.990927, 0)
2021-06-23 11:56:19,669 - deformetrica.core.models.longitudinal_metric_learning - INFO - Tmin 68.641 Tmax 73.26934814453125 Update of the spatiotemporalframe: 59 ms
2021-06-23 11:56:19,867 - deformetrica.core.estimators.gradient_ascent - INFO - >> Step size and gradient norm: 
2021-06-23 11:56:19,868 - deformetrica.core.estimators.gradient_ascent - INFO - 		1.783E+01   and   7.003E-03 	[ onset_age ]
2021-06-23 11:56:19,868 - deformetrica.core.estimators.gradient_ascent - INFO - 		4.583E-03   and   8.211E-02 	[ log_acceleration ]
2021-06-23 11:56:19,868 - deformetrica.core.estimators.gradient_ascent - INFO - 		1.084E+00   and   1.579E-02 	[ sources ]
2021-06-23 11:56:19,868 - deformetrica.core.models.longitudinal_metric_learning - INFO - Acceleration factors max/min: (0.9905542, 0, 0.9905542, 0)
2021-06-23 11:56:19,938 - deformetrica.core.models.longitudinal_metric_learning - INFO - Tmin 68.641 Tmax 73.39131927490234 Update of the spatiotemporalframe: 62 ms
2021-06-23 11:56:20,009 - deformetrica.core.estimators.gradient_ascent - INFO - --------------------------------- GA Iteration: 4/300 -----------------------------------
2021-06-23 11:56:20,009 - deformetrica.core.estimators.gradient_ascent - INFO - >> Log-likelihood = -5.292E-01 	 [ attachment = -4.381E-01 ; regularity = -9.116E-02 ]
2021-06-23 11:56:20,009 - deformetrica.core.models.longitudinal_metric_learning - INFO - Acceleration factors max/min: (0.9905542, 0, 0.9905542, 0)
2021-06-23 11:56:20,079 - deformetrica.core.models.longitudinal_metric_learning - INFO - Tmin 68.641 Tmax 73.39131927490234 Update of the spatiotemporalframe: 62 ms
2021-06-23 11:56:20,278 - deformetrica.core.estimators.gradient_ascent - INFO - >> Step size and gradient norm: 
2021-06-23 11:56:20,278 - deformetrica.core.estimators.gradient_ascent - INFO - 		2.675E+01   and   4.626E-03 	[ onset_age ]
2021-06-23 11:56:20,278 - deformetrica.core.estimators.gradient_ascent - INFO - 		6.874E-03   and   1.084E-01 	[ log_acceleration ]
2021-06-23 11:56:20,278 - deformetrica.core.estimators.gradient_ascent - INFO - 		1.627E+00   and   4.201E-02 	[ sources ]
2021-06-23 11:56:20,279 - deformetrica.core.models.longitudinal_metric_learning - INFO - Acceleration factors max/min: (0.9898162, 0, 0.9898162, 0)
2021-06-23 11:56:20,346 - deformetrica.core.models.longitudinal_metric_learning - INFO - Tmin 68.641 Tmax 73.26527404785156 Update of the spatiotemporalframe: 60 ms
2021-06-23 11:56:20,416 - deformetrica.core.models.longitudinal_metric_learning - INFO - Acceleration factors max/min: (0.98996377, 0, 0.98996377, 0)
2021-06-23 11:56:20,484 - deformetrica.core.models.longitudinal_metric_learning - INFO - Tmin 68.641 Tmax 73.26596069335938 Update of the spatiotemporalframe: 59 ms
2021-06-23 11:56:20,555 - deformetrica.core.models.longitudinal_metric_learning - INFO - Acceleration factors max/min: (0.9898162, 0, 0.9898162, 0)
2021-06-23 11:56:20,622 - deformetrica.core.models.longitudinal_metric_learning - INFO - Tmin 68.641 Tmax 73.2897720336914 Update of the spatiotemporalframe: 59 ms
2021-06-23 11:56:20,691 - deformetrica.core.models.longitudinal_metric_learning - INFO - Acceleration factors max/min: (0.98996377, 0, 0.98996377, 0)
2021-06-23 11:56:20,759 - deformetrica.core.models.longitudinal_metric_learning - INFO - Tmin 68.641 Tmax 73.29046630859375 Update of the spatiotemporalframe: 59 ms
2021-06-23 11:56:20,829 - deformetrica.core.estimators.gradient_ascent - INFO - >> Step size and gradient norm: 
2021-06-23 11:56:20,830 - deformetrica.core.estimators.gradient_ascent - INFO - 		2.140E+01   and   4.626E-03 	[ onset_age ]
2021-06-23 11:56:20,830 - deformetrica.core.estimators.gradient_ascent - INFO - 		5.499E-03   and   1.084E-01 	[ log_acceleration ]
2021-06-23 11:56:20,830 - deformetrica.core.estimators.gradient_ascent - INFO - 		1.301E+00   and   4.201E-02 	[ sources ]
2021-06-23 11:56:20,830 - deformetrica.core.models.longitudinal_metric_learning - INFO - Acceleration factors max/min: (0.98996377, 0, 0.98996377, 0)
2021-06-23 11:56:20,897 - deformetrica.core.models.longitudinal_metric_learning - INFO - Tmin 68.641 Tmax 73.29046630859375 Update of the spatiotemporalframe: 59 ms
2021-06-23 11:56:20,967 - deformetrica.core.models.longitudinal_metric_learning - INFO - Acceleration factors max/min: (0.9900818, 0, 0.9900818, 0)
2021-06-23 11:56:21,034 - deformetrica.core.models.longitudinal_metric_learning - INFO - Tmin 68.641 Tmax 73.291015625 Update of the spatiotemporalframe: 59 ms
2021-06-23 11:56:21,104 - deformetrica.core.models.longitudinal_metric_learning - INFO - Acceleration factors max/min: (0.98996377, 0, 0.98996377, 0)
2021-06-23 11:56:21,172 - deformetrica.core.models.longitudinal_metric_learning - INFO - Tmin 68.641 Tmax 73.31007385253906 Update of the spatiotemporalframe: 59 ms
2021-06-23 11:56:21,242 - deformetrica.core.models.longitudinal_metric_learning - INFO - Acceleration factors max/min: (0.9900818, 0, 0.9900818, 0)
2021-06-23 11:56:21,309 - deformetrica.core.models.longitudinal_metric_learning - INFO - Tmin 68.641 Tmax 73.31063079833984 Update of the spatiotemporalframe: 59 ms
2021-06-23 11:56:21,378 - deformetrica.core.estimators.gradient_ascent - INFO - >> Step size and gradient norm: 
2021-06-23 11:56:21,379 - deformetrica.core.estimators.gradient_ascent - INFO - 		1.712E+01   and   4.626E-03 	[ onset_age ]
2021-06-23 11:56:21,380 - deformetrica.core.estimators.gradient_ascent - INFO - 		4.399E-03   and   1.084E-01 	[ log_acceleration ]
2021-06-23 11:56:21,380 - deformetrica.core.estimators.gradient_ascent - INFO - 		1.041E+00   and   4.201E-02 	[ sources ]
2021-06-23 11:56:21,380 - deformetrica.core.models.longitudinal_metric_learning - INFO - Acceleration factors max/min: (0.9900818, 0, 0.9900818, 0)
2021-06-23 11:56:21,447 - deformetrica.core.models.longitudinal_metric_learning - INFO - Tmin 68.641 Tmax 73.31063079833984 Update of the spatiotemporalframe: 59 ms
2021-06-23 11:56:21,517 - deformetrica.core.models.longitudinal_metric_learning - INFO - Acceleration factors max/min: (0.99017626, 0, 0.99017626, 0)
2021-06-23 11:56:21,584 - deformetrica.core.models.longitudinal_metric_learning - INFO - Tmin 68.641 Tmax 73.31107330322266 Update of the spatiotemporalframe: 59 ms
2021-06-23 11:56:21,654 - deformetrica.core.models.longitudinal_metric_learning - INFO - Acceleration factors max/min: (0.9900818, 0, 0.9900818, 0)
2021-06-23 11:56:21,721 - deformetrica.core.models.longitudinal_metric_learning - INFO - Tmin 68.641 Tmax 73.32630920410156 Update of the spatiotemporalframe: 59 ms
2021-06-23 11:56:21,791 - deformetrica.core.models.longitudinal_metric_learning - INFO - Acceleration factors max/min: (0.99017626, 0, 0.99017626, 0)
2021-06-23 11:56:21,859 - deformetrica.core.models.longitudinal_metric_learning - INFO - Tmin 68.641 Tmax 73.3267593383789 Update of the spatiotemporalframe: 59 ms
2021-06-23 11:56:21,928 - deformetrica.core.estimators.gradient_ascent - INFO - >> Step size and gradient norm: 
2021-06-23 11:56:21,929 - deformetrica.core.estimators.gradient_ascent - INFO - 		1.370E+01   and   4.626E-03 	[ onset_age ]
2021-06-23 11:56:21,929 - deformetrica.core.estimators.gradient_ascent - INFO - 		3.519E-03   and   1.084E-01 	[ log_acceleration ]
2021-06-23 11:56:21,929 - deformetrica.core.estimators.gradient_ascent - INFO - 		8.328E-01   and   4.201E-02 	[ sources ]
2021-06-23 11:56:21,930 - deformetrica.core.models.longitudinal_metric_learning - INFO - Acceleration factors max/min: (0.99017626, 0, 0.99017626, 0)
2021-06-23 11:56:21,996 - deformetrica.core.models.longitudinal_metric_learning - INFO - Tmin 68.641 Tmax 73.3267593383789 Update of the spatiotemporalframe: 59 ms
2021-06-23 11:56:22,066 - deformetrica.core.models.longitudinal_metric_learning - INFO - Acceleration factors max/min: (0.99025184, 0, 0.99025184, 0)
2021-06-23 11:56:22,134 - deformetrica.core.models.longitudinal_metric_learning - INFO - Tmin 68.641 Tmax 73.32711791992188 Update of the spatiotemporalframe: 59 ms
2021-06-23 11:56:22,203 - deformetrica.core.models.longitudinal_metric_learning - INFO - Acceleration factors max/min: (0.99017626, 0, 0.99017626, 0)
2021-06-23 11:56:22,271 - deformetrica.core.models.longitudinal_metric_learning - INFO - Tmin 68.641 Tmax 73.33930969238281 Update of the spatiotemporalframe: 59 ms
2021-06-23 11:56:22,341 - deformetrica.core.models.longitudinal_metric_learning - INFO - Acceleration factors max/min: (0.99025184, 0, 0.99025184, 0)
2021-06-23 11:56:22,409 - deformetrica.core.models.longitudinal_metric_learning - INFO - Tmin 68.641 Tmax 73.33966827392578 Update of the spatiotemporalframe: 59 ms
2021-06-23 11:56:22,478 - deformetrica.core.estimators.gradient_ascent - INFO - Number of line search loops exceeded. Stopping.
2021-06-23 11:56:22,479 - deformetrica.core.estimators.gradient_ascent - INFO - --------------------------------- GA Iteration: 5/300 -----------------------------------
2021-06-23 11:56:22,479 - deformetrica.core.estimators.gradient_ascent - INFO - >> Log-likelihood = -5.308E-01 	 [ attachment = -4.395E-01 ; regularity = -9.130E-02 ]
2021-06-23 11:56:22,480 - deformetrica.core.models.longitudinal_metric_learning - INFO - Acceleration factors max/min: (0.99017626, 0, 0.99017626, 0)
2021-06-23 11:56:22,546 - deformetrica.core.models.longitudinal_metric_learning - INFO - Tmin 68.641 Tmax 73.3267593383789 Update of the spatiotemporalframe: 59 ms
2021-06-23 11:56:22,745 - deformetrica.core.estimators.gradient_ascent - INFO - >> Step size and gradient norm: 
2021-06-23 11:56:22,746 - deformetrica.core.estimators.gradient_ascent - INFO - 		1.096E+01   and   1.760E-03 	[ onset_age ]
2021-06-23 11:56:22,746 - deformetrica.core.estimators.gradient_ascent - INFO - 		2.815E-03   and   9.005E-02 	[ log_acceleration ]
2021-06-23 11:56:22,746 - deformetrica.core.estimators.gradient_ascent - INFO - 		6.663E-01   and   7.435E-02 	[ sources ]
2021-06-23 11:56:22,746 - deformetrica.core.models.longitudinal_metric_learning - INFO - Acceleration factors max/min: (0.98992527, 0, 0.98992527, 0)
2021-06-23 11:56:22,813 - deformetrica.core.models.longitudinal_metric_learning - INFO - Tmin 68.641 Tmax 73.34466552734375 Update of the spatiotemporalframe: 59 ms
2021-06-23 11:56:22,884 - deformetrica.core.models.longitudinal_metric_learning - INFO - Acceleration factors max/min: (0.98997545, 0, 0.98997545, 0)
2021-06-23 11:56:22,951 - deformetrica.core.models.longitudinal_metric_learning - INFO - Tmin 68.641 Tmax 73.34490203857422 Update of the spatiotemporalframe: 59 ms
2021-06-23 11:56:23,020 - deformetrica.core.models.longitudinal_metric_learning - INFO - Acceleration factors max/min: (0.98992527, 0, 0.98992527, 0)
2021-06-23 11:56:23,088 - deformetrica.core.models.longitudinal_metric_learning - INFO - Tmin 68.641 Tmax 73.3408432006836 Update of the spatiotemporalframe: 59 ms
2021-06-23 11:56:23,158 - deformetrica.core.models.longitudinal_metric_learning - INFO - Acceleration factors max/min: (0.98997545, 0, 0.98997545, 0)
2021-06-23 11:56:23,225 - deformetrica.core.models.longitudinal_metric_learning - INFO - Tmin 68.641 Tmax 73.34107971191406 Update of the spatiotemporalframe: 59 ms
2021-06-23 11:56:23,294 - deformetrica.core.estimators.gradient_ascent - INFO - --------------------------------- GA Iteration: 6/300 -----------------------------------
2021-06-23 11:56:23,295 - deformetrica.core.estimators.gradient_ascent - INFO - >> Log-likelihood = -5.303E-01 	 [ attachment = -4.373E-01 ; regularity = -9.300E-02 ]
2021-06-23 11:56:23,295 - deformetrica.core.models.longitudinal_metric_learning - INFO - Acceleration factors max/min: (0.98997545, 0, 0.98997545, 0)
2021-06-23 11:56:23,362 - deformetrica.core.models.longitudinal_metric_learning - INFO - Tmin 68.641 Tmax 73.34490203857422 Update of the spatiotemporalframe: 59 ms
2021-06-23 11:56:23,561 - deformetrica.core.estimators.gradient_ascent - INFO - >> Step size and gradient norm: 
2021-06-23 11:56:23,562 - deformetrica.core.estimators.gradient_ascent - INFO - 		1.096E+01   and   2.426E-04 	[ onset_age ]
2021-06-23 11:56:23,562 - deformetrica.core.estimators.gradient_ascent - INFO - 		2.252E-03   and   9.385E-02 	[ log_acceleration ]
2021-06-23 11:56:23,562 - deformetrica.core.estimators.gradient_ascent - INFO - 		5.330E-01   and   5.680E-02 	[ sources ]
2021-06-23 11:56:23,562 - deformetrica.core.models.longitudinal_metric_learning - INFO - Acceleration factors max/min: (0.98976624, 0, 0.98976624, 0)
2021-06-23 11:56:23,629 - deformetrica.core.models.longitudinal_metric_learning - INFO - Tmin 68.641 Tmax 73.34127044677734 Update of the spatiotemporalframe: 59 ms
2021-06-23 11:56:23,699 - deformetrica.core.estimators.gradient_ascent - INFO - --------------------------------- GA Iteration: 7/300 -----------------------------------
2021-06-23 11:56:23,700 - deformetrica.core.estimators.gradient_ascent - INFO - >> Log-likelihood = -5.301E-01 	 [ attachment = -4.389E-01 ; regularity = -9.118E-02 ]
2021-06-23 11:56:23,700 - deformetrica.core.models.longitudinal_metric_learning - INFO - Acceleration factors max/min: (0.98976624, 0, 0.98976624, 0)
2021-06-23 11:56:23,768 - deformetrica.core.models.longitudinal_metric_learning - INFO - Tmin 68.641 Tmax 73.34127044677734 Update of the spatiotemporalframe: 60 ms
2021-06-23 11:56:23,966 - deformetrica.core.estimators.gradient_ascent - INFO - >> Step size and gradient norm: 
2021-06-23 11:56:23,967 - deformetrica.core.estimators.gradient_ascent - INFO - 		1.644E+01   and   2.997E-04 	[ onset_age ]
2021-06-23 11:56:23,967 - deformetrica.core.estimators.gradient_ascent - INFO - 		3.379E-03   and   9.135E-02 	[ log_acceleration ]
2021-06-23 11:56:23,967 - deformetrica.core.estimators.gradient_ascent - INFO - 		7.995E-01   and   4.322E-02 	[ sources ]
2021-06-23 11:56:23,968 - deformetrica.core.models.longitudinal_metric_learning - INFO - Acceleration factors max/min: (0.98946077, 0, 0.98946077, 0)
2021-06-23 11:56:24,035 - deformetrica.core.models.longitudinal_metric_learning - INFO - Tmin 68.641 Tmax 73.34469604492188 Update of the spatiotemporalframe: 60 ms
2021-06-23 11:56:24,105 - deformetrica.core.models.longitudinal_metric_learning - INFO - Acceleration factors max/min: (0.98952186, 0, 0.98952186, 0)
2021-06-23 11:56:24,173 - deformetrica.core.models.longitudinal_metric_learning - INFO - Tmin 68.641 Tmax 73.34498596191406 Update of the spatiotemporalframe: 59 ms
2021-06-23 11:56:24,243 - deformetrica.core.models.longitudinal_metric_learning - INFO - Acceleration factors max/min: (0.98946077, 0, 0.98946077, 0)
2021-06-23 11:56:24,311 - deformetrica.core.models.longitudinal_metric_learning - INFO - Tmin 68.641 Tmax 73.34371948242188 Update of the spatiotemporalframe: 59 ms
2021-06-23 11:56:24,380 - deformetrica.core.models.longitudinal_metric_learning - INFO - Acceleration factors max/min: (0.98952186, 0, 0.98952186, 0)
2021-06-23 11:56:24,448 - deformetrica.core.models.longitudinal_metric_learning - INFO - Tmin 68.641 Tmax 73.34400939941406 Update of the spatiotemporalframe: 59 ms
2021-06-23 11:56:24,518 - deformetrica.core.estimators.gradient_ascent - INFO - Tolerance threshold met. Stopping the optimization process.
2021-06-23 11:56:24,519 - __main__ - INFO - >> Estimation took: 7.152557373046875e-07
