2021-06-23 11:12:33,430 - root - ERROR - Logger has been set to: INFO
2021-06-23 11:12:33,655 - __main__ - INFO -  >>> Personalizing for each individual.
2021-06-23 11:12:33,884 - __main__ - INFO - Initializing all the onset_ages to the reference time.
2021-06-23 11:12:33,884 - __main__ - INFO - Initializing all log-accelerations to zero.
2021-06-23 11:12:33,884 - __main__ - INFO - Initializing exponential type to parametric
2021-06-23 11:12:33,884 - __main__ - INFO - Loading metric parameters from file simulated_study/output_2/LongitudinalMetricModel_metric_parameters.txt
2021-06-23 11:12:33,885 - __main__ - INFO - Loading the interpolation points from file simulated_study/output_2/LongitudinalMetricModel_interpolation_points.txt
2021-06-23 11:12:33,885 - __main__ - INFO - The width for the metric interpolation is set to 0.25
2021-06-23 11:12:33,886 - __main__ - INFO - I am setting the no_parallel_transport flag to False.
2021-06-23 11:12:33,886 - __main__ - INFO - >> Reading 1-source initial modulation matrix from file: simulated_study/output_2/LongitudinalMetricModel_modulation_matrix.txt
2021-06-23 11:12:33,886 - __main__ - INFO - Initializing all sources to zero
2021-06-23 11:12:33,887 - deformetrica.core.models.longitudinal_metric_learning - INFO - Acceleration factors max/min: (1.0, 0, 1.0, 0)
2021-06-23 11:12:34,971 - deformetrica.core.models.longitudinal_metric_learning - INFO - Tmin 35.12456512451172 Tmax 110 Update of the spatiotemporalframe: 1045 ms
2021-06-23 11:12:50,359 - __main__ - INFO - >> Initial noise variance set to 0.05254634947143495 based on the initial mean residual value.
2021-06-23 11:12:50,360 - deformetrica.core.models.longitudinal_metric_learning - INFO - ('v0', True)
2021-06-23 11:12:50,360 - deformetrica.core.models.longitudinal_metric_learning - INFO - ('p0', True)
2021-06-23 11:12:50,360 - deformetrica.core.models.longitudinal_metric_learning - INFO - ('reference_time', True)
2021-06-23 11:12:50,360 - deformetrica.core.models.longitudinal_metric_learning - INFO - ('onset_age_variance', True)
2021-06-23 11:12:50,361 - deformetrica.core.models.longitudinal_metric_learning - INFO - ('log_acceleration_variance', True)
2021-06-23 11:12:50,361 - deformetrica.core.models.longitudinal_metric_learning - INFO - ('noise_variance', True)
2021-06-23 11:12:50,361 - deformetrica.core.models.longitudinal_metric_learning - INFO - ('metric_parameters', True)
2021-06-23 11:12:50,361 - deformetrica.core.models.longitudinal_metric_learning - INFO - ('modulation_matrix', True)
2021-06-23 11:12:50,375 - deformetrica.core.models.longitudinal_metric_learning - INFO - Acceleration factors max/min: (1.0, 0, 1.0, 0)
2021-06-23 11:12:50,577 - deformetrica.core.models.longitudinal_metric_learning - INFO - Tmin 68.641 Tmax 82.11038208007812 Update of the spatiotemporalframe: 193 ms
2021-06-23 11:12:50,800 - deformetrica.core.estimators.gradient_ascent - INFO - --------------------------------- GA Iteration: 0/300 -----------------------------------
2021-06-23 11:12:50,801 - deformetrica.core.estimators.gradient_ascent - INFO - >> Log-likelihood = -4.596E+00 	 [ attachment = -4.591E+00 ; regularity = -4.767E-03 ]
2021-06-23 11:12:50,801 - deformetrica.core.estimators.gradient_ascent - INFO - >> Step size and gradient norm: 
2021-06-23 11:12:50,801 - deformetrica.core.estimators.gradient_ascent - INFO - 		7.428E+00   and   6.731E-01 	[ onset_age ]
2021-06-23 11:12:50,801 - deformetrica.core.estimators.gradient_ascent - INFO - 		1.370E-03   and   7.301E+00 	[ log_acceleration ]
2021-06-23 11:12:50,801 - deformetrica.core.estimators.gradient_ascent - INFO - 		1.371E-02   and   7.292E-01 	[ sources ]
2021-06-23 11:12:50,802 - deformetrica.core.models.longitudinal_metric_learning - INFO - Acceleration factors max/min: (0.99004984, 0, 0.99004984, 0)
2021-06-23 11:12:50,929 - deformetrica.core.models.longitudinal_metric_learning - INFO - Tmin 68.641 Tmax 77.02610778808594 Update of the spatiotemporalframe: 118 ms
2021-06-23 11:12:51,008 - deformetrica.core.estimators.gradient_ascent - INFO - --------------------------------- GA Iteration: 1/300 -----------------------------------
2021-06-23 11:12:51,010 - deformetrica.core.estimators.gradient_ascent - INFO - >> Log-likelihood = -1.545E+00 	 [ attachment = -1.465E+00 ; regularity = -8.042E-02 ]
2021-06-23 11:12:51,010 - deformetrica.core.models.longitudinal_metric_learning - INFO - Acceleration factors max/min: (0.99004984, 0, 0.99004984, 0)
2021-06-23 11:12:51,141 - deformetrica.core.models.longitudinal_metric_learning - INFO - Tmin 68.641 Tmax 77.02610778808594 Update of the spatiotemporalframe: 122 ms
2021-06-23 11:12:51,353 - deformetrica.core.estimators.gradient_ascent - INFO - >> Step size and gradient norm: 
2021-06-23 11:12:51,354 - deformetrica.core.estimators.gradient_ascent - INFO - 		1.114E+01   and   3.219E-01 	[ onset_age ]
2021-06-23 11:12:51,354 - deformetrica.core.estimators.gradient_ascent - INFO - 		2.054E-03   and   2.007E+00 	[ log_acceleration ]
2021-06-23 11:12:51,354 - deformetrica.core.estimators.gradient_ascent - INFO - 		2.057E-02   and   7.231E-01 	[ sources ]
2021-06-23 11:12:51,354 - deformetrica.core.models.longitudinal_metric_learning - INFO - Acceleration factors max/min: (0.9859755, 0, 0.9859755, 0)
2021-06-23 11:12:51,433 - deformetrica.core.models.longitudinal_metric_learning - INFO - Tmin 68.641 Tmax 73.45478057861328 Update of the spatiotemporalframe: 70 ms
2021-06-23 11:12:51,513 - deformetrica.core.estimators.gradient_ascent - INFO - --------------------------------- GA Iteration: 2/300 -----------------------------------
2021-06-23 11:12:51,514 - deformetrica.core.estimators.gradient_ascent - INFO - >> Log-likelihood = -7.501E-01 	 [ attachment = -5.219E-01 ; regularity = -2.282E-01 ]
2021-06-23 11:12:51,514 - deformetrica.core.models.longitudinal_metric_learning - INFO - Acceleration factors max/min: (0.9859755, 0, 0.9859755, 0)
2021-06-23 11:12:51,593 - deformetrica.core.models.longitudinal_metric_learning - INFO - Tmin 68.641 Tmax 73.45478057861328 Update of the spatiotemporalframe: 70 ms
2021-06-23 11:12:51,813 - deformetrica.core.estimators.gradient_ascent - INFO - >> Step size and gradient norm: 
2021-06-23 11:12:51,815 - deformetrica.core.estimators.gradient_ascent - INFO - 		1.671E+01   and   1.142E-03 	[ onset_age ]
2021-06-23 11:12:51,815 - deformetrica.core.estimators.gradient_ascent - INFO - 		3.082E-03   and   1.454E-02 	[ log_acceleration ]
2021-06-23 11:12:51,815 - deformetrica.core.estimators.gradient_ascent - INFO - 		3.086E-02   and   6.083E-01 	[ sources ]
2021-06-23 11:12:51,815 - deformetrica.core.models.longitudinal_metric_learning - INFO - Acceleration factors max/min: (0.9859313, 0, 0.9859313, 0)
2021-06-23 11:12:51,894 - deformetrica.core.models.longitudinal_metric_learning - INFO - Tmin 68.641 Tmax 73.47339630126953 Update of the spatiotemporalframe: 70 ms
2021-06-23 11:12:51,974 - deformetrica.core.estimators.gradient_ascent - INFO - --------------------------------- GA Iteration: 3/300 -----------------------------------
2021-06-23 11:12:51,974 - deformetrica.core.estimators.gradient_ascent - INFO - >> Log-likelihood = -7.399E-01 	 [ attachment = -5.138E-01 ; regularity = -2.261E-01 ]
2021-06-23 11:12:51,974 - deformetrica.core.models.longitudinal_metric_learning - INFO - Acceleration factors max/min: (0.9859313, 0, 0.9859313, 0)
2021-06-23 11:12:52,054 - deformetrica.core.models.longitudinal_metric_learning - INFO - Tmin 68.641 Tmax 73.47339630126953 Update of the spatiotemporalframe: 71 ms
2021-06-23 11:12:52,265 - deformetrica.core.estimators.gradient_ascent - INFO - >> Step size and gradient norm: 
2021-06-23 11:12:52,265 - deformetrica.core.estimators.gradient_ascent - INFO - 		2.507E+01   and   1.384E-04 	[ onset_age ]
2021-06-23 11:12:52,265 - deformetrica.core.estimators.gradient_ascent - INFO - 		4.622E-03   and   1.836E-02 	[ log_acceleration ]
2021-06-23 11:12:52,265 - deformetrica.core.estimators.gradient_ascent - INFO - 		4.629E-02   and   5.476E-01 	[ sources ]
2021-06-23 11:12:52,266 - deformetrica.core.models.longitudinal_metric_learning - INFO - Acceleration factors max/min: (0.98584765, 0, 0.98584765, 0)
2021-06-23 11:12:52,345 - deformetrica.core.models.longitudinal_metric_learning - INFO - Tmin 68.641 Tmax 73.46956634521484 Update of the spatiotemporalframe: 70 ms
2021-06-23 11:12:52,423 - deformetrica.core.estimators.gradient_ascent - INFO - --------------------------------- GA Iteration: 4/300 -----------------------------------
2021-06-23 11:12:52,425 - deformetrica.core.estimators.gradient_ascent - INFO - >> Log-likelihood = -7.269E-01 	 [ attachment = -5.017E-01 ; regularity = -2.252E-01 ]
2021-06-23 11:12:52,425 - deformetrica.core.models.longitudinal_metric_learning - INFO - Acceleration factors max/min: (0.98584765, 0, 0.98584765, 0)
2021-06-23 11:12:52,504 - deformetrica.core.models.longitudinal_metric_learning - INFO - Tmin 68.641 Tmax 73.46956634521484 Update of the spatiotemporalframe: 70 ms
2021-06-23 11:12:52,715 - deformetrica.core.estimators.gradient_ascent - INFO - >> Step size and gradient norm: 
2021-06-23 11:12:52,716 - deformetrica.core.estimators.gradient_ascent - INFO - 		3.760E+01   and   6.857E-04 	[ onset_age ]
2021-06-23 11:12:52,716 - deformetrica.core.estimators.gradient_ascent - INFO - 		6.934E-03   and   1.612E-02 	[ log_acceleration ]
2021-06-23 11:12:52,717 - deformetrica.core.estimators.gradient_ascent - INFO - 		6.943E-02   and   4.647E-01 	[ sources ]
2021-06-23 11:12:52,717 - deformetrica.core.models.longitudinal_metric_learning - INFO - Acceleration factors max/min: (0.98573744, 0, 0.98573744, 0)
2021-06-23 11:12:52,796 - deformetrica.core.models.longitudinal_metric_learning - INFO - Tmin 68.641 Tmax 73.49444580078125 Update of the spatiotemporalframe: 70 ms
2021-06-23 11:12:52,876 - deformetrica.core.estimators.gradient_ascent - INFO - --------------------------------- GA Iteration: 5/300 -----------------------------------
2021-06-23 11:12:52,876 - deformetrica.core.estimators.gradient_ascent - INFO - >> Log-likelihood = -7.145E-01 	 [ attachment = -4.911E-01 ; regularity = -2.235E-01 ]
2021-06-23 11:12:52,877 - deformetrica.core.models.longitudinal_metric_learning - INFO - Acceleration factors max/min: (0.98573744, 0, 0.98573744, 0)
2021-06-23 11:12:52,956 - deformetrica.core.models.longitudinal_metric_learning - INFO - Tmin 68.641 Tmax 73.49444580078125 Update of the spatiotemporalframe: 70 ms
2021-06-23 11:12:53,167 - deformetrica.core.estimators.gradient_ascent - INFO - >> Step size and gradient norm: 
2021-06-23 11:12:53,168 - deformetrica.core.estimators.gradient_ascent - INFO - 		5.641E+01   and   1.012E-03 	[ onset_age ]
2021-06-23 11:12:53,169 - deformetrica.core.estimators.gradient_ascent - INFO - 		1.040E-02   and   2.102E-02 	[ log_acceleration ]
2021-06-23 11:12:53,169 - deformetrica.core.estimators.gradient_ascent - INFO - 		1.041E-01   and   3.593E-01 	[ sources ]
2021-06-23 11:12:53,169 - deformetrica.core.models.longitudinal_metric_learning - INFO - Acceleration factors max/min: (0.985522, 0, 0.985522, 0)
2021-06-23 11:12:53,248 - deformetrica.core.models.longitudinal_metric_learning - INFO - Tmin 68.641 Tmax 73.43711853027344 Update of the spatiotemporalframe: 70 ms
2021-06-23 11:12:53,327 - deformetrica.core.estimators.gradient_ascent - INFO - --------------------------------- GA Iteration: 6/300 -----------------------------------
2021-06-23 11:12:53,329 - deformetrica.core.estimators.gradient_ascent - INFO - >> Log-likelihood = -7.015E-01 	 [ attachment = -4.742E-01 ; regularity = -2.273E-01 ]
2021-06-23 11:12:53,329 - deformetrica.core.models.longitudinal_metric_learning - INFO - Acceleration factors max/min: (0.985522, 0, 0.985522, 0)
2021-06-23 11:12:53,408 - deformetrica.core.models.longitudinal_metric_learning - INFO - Tmin 68.641 Tmax 73.43711853027344 Update of the spatiotemporalframe: 71 ms
2021-06-23 11:12:53,619 - deformetrica.core.estimators.gradient_ascent - INFO - >> Step size and gradient norm: 
2021-06-23 11:12:53,620 - deformetrica.core.estimators.gradient_ascent - INFO - 		8.461E+01   and   4.744E-03 	[ onset_age ]
2021-06-23 11:12:53,620 - deformetrica.core.estimators.gradient_ascent - INFO - 		1.560E-02   and   4.388E-03 	[ log_acceleration ]
2021-06-23 11:12:53,620 - deformetrica.core.estimators.gradient_ascent - INFO - 		1.562E-01   and   2.346E-01 	[ sources ]
2021-06-23 11:12:53,621 - deformetrica.core.models.longitudinal_metric_learning - INFO - Acceleration factors max/min: (0.9854545, 0, 0.9854545, 0)
2021-06-23 11:12:53,706 - deformetrica.core.models.longitudinal_metric_learning - INFO - Tmin 68.641 Tmax 73.83235168457031 Update of the spatiotemporalframe: 77 ms
2021-06-23 11:12:53,787 - deformetrica.core.models.longitudinal_metric_learning - INFO - Acceleration factors max/min: (0.98546803, 0, 0.98546803, 0)
2021-06-23 11:12:53,872 - deformetrica.core.models.longitudinal_metric_learning - INFO - Tmin 68.641 Tmax 73.8324203491211 Update of the spatiotemporalframe: 75 ms
2021-06-23 11:12:53,950 - deformetrica.core.models.longitudinal_metric_learning - INFO - Acceleration factors max/min: (0.9854545, 0, 0.9854545, 0)
2021-06-23 11:12:54,034 - deformetrica.core.models.longitudinal_metric_learning - INFO - Tmin 68.641 Tmax 73.75323486328125 Update of the spatiotemporalframe: 74 ms
2021-06-23 11:12:54,113 - deformetrica.core.models.longitudinal_metric_learning - INFO - Acceleration factors max/min: (0.98546803, 0, 0.98546803, 0)
2021-06-23 11:12:54,197 - deformetrica.core.models.longitudinal_metric_learning - INFO - Tmin 68.641 Tmax 73.75330352783203 Update of the spatiotemporalframe: 75 ms
2021-06-23 11:12:54,276 - deformetrica.core.estimators.gradient_ascent - INFO - >> Step size and gradient norm: 
2021-06-23 11:12:54,277 - deformetrica.core.estimators.gradient_ascent - INFO - 		6.769E+01   and   4.744E-03 	[ onset_age ]
2021-06-23 11:12:54,277 - deformetrica.core.estimators.gradient_ascent - INFO - 		1.248E-02   and   4.388E-03 	[ log_acceleration ]
2021-06-23 11:12:54,277 - deformetrica.core.estimators.gradient_ascent - INFO - 		1.250E-01   and   2.346E-01 	[ sources ]
2021-06-23 11:12:54,277 - deformetrica.core.models.longitudinal_metric_learning - INFO - Acceleration factors max/min: (0.98546803, 0, 0.98546803, 0)
2021-06-23 11:12:54,360 - deformetrica.core.models.longitudinal_metric_learning - INFO - Tmin 68.641 Tmax 73.75330352783203 Update of the spatiotemporalframe: 74 ms
2021-06-23 11:12:54,439 - deformetrica.core.models.longitudinal_metric_learning - INFO - Acceleration factors max/min: (0.9854788, 0, 0.9854788, 0)
2021-06-23 11:12:54,523 - deformetrica.core.models.longitudinal_metric_learning - INFO - Tmin 68.641 Tmax 73.75335693359375 Update of the spatiotemporalframe: 74 ms
2021-06-23 11:12:54,602 - deformetrica.core.models.longitudinal_metric_learning - INFO - Acceleration factors max/min: (0.98546803, 0, 0.98546803, 0)
2021-06-23 11:12:54,683 - deformetrica.core.models.longitudinal_metric_learning - INFO - Tmin 68.641 Tmax 73.69001770019531 Update of the spatiotemporalframe: 72 ms
2021-06-23 11:12:54,764 - deformetrica.core.models.longitudinal_metric_learning - INFO - Acceleration factors max/min: (0.9854788, 0, 0.9854788, 0)
2021-06-23 11:12:54,847 - deformetrica.core.models.longitudinal_metric_learning - INFO - Tmin 68.641 Tmax 73.69007110595703 Update of the spatiotemporalframe: 72 ms
2021-06-23 11:12:54,926 - deformetrica.core.estimators.gradient_ascent - INFO - >> Step size and gradient norm: 
2021-06-23 11:12:54,927 - deformetrica.core.estimators.gradient_ascent - INFO - 		5.415E+01   and   4.744E-03 	[ onset_age ]
2021-06-23 11:12:54,927 - deformetrica.core.estimators.gradient_ascent - INFO - 		9.985E-03   and   4.388E-03 	[ log_acceleration ]
2021-06-23 11:12:54,927 - deformetrica.core.estimators.gradient_ascent - INFO - 		9.998E-02   and   2.346E-01 	[ sources ]
2021-06-23 11:12:54,928 - deformetrica.core.models.longitudinal_metric_learning - INFO - Acceleration factors max/min: (0.9854788, 0, 0.9854788, 0)
2021-06-23 11:12:55,008 - deformetrica.core.models.longitudinal_metric_learning - INFO - Tmin 68.641 Tmax 73.69007110595703 Update of the spatiotemporalframe: 72 ms
2021-06-23 11:12:55,087 - deformetrica.core.models.longitudinal_metric_learning - INFO - Acceleration factors max/min: (0.9854874, 0, 0.9854874, 0)
2021-06-23 11:12:55,169 - deformetrica.core.models.longitudinal_metric_learning - INFO - Tmin 68.641 Tmax 73.69011688232422 Update of the spatiotemporalframe: 72 ms
2021-06-23 11:12:55,248 - deformetrica.core.models.longitudinal_metric_learning - INFO - Acceleration factors max/min: (0.9854788, 0, 0.9854788, 0)
2021-06-23 11:12:55,330 - deformetrica.core.models.longitudinal_metric_learning - INFO - Tmin 68.641 Tmax 73.63943481445312 Update of the spatiotemporalframe: 72 ms
2021-06-23 11:12:55,409 - deformetrica.core.models.longitudinal_metric_learning - INFO - Acceleration factors max/min: (0.9854874, 0, 0.9854874, 0)
2021-06-23 11:12:55,490 - deformetrica.core.models.longitudinal_metric_learning - INFO - Tmin 68.641 Tmax 73.63948059082031 Update of the spatiotemporalframe: 72 ms
2021-06-23 11:12:55,569 - deformetrica.core.estimators.gradient_ascent - INFO - >> Step size and gradient norm: 
2021-06-23 11:12:55,570 - deformetrica.core.estimators.gradient_ascent - INFO - 		4.332E+01   and   4.744E-03 	[ onset_age ]
2021-06-23 11:12:55,570 - deformetrica.core.estimators.gradient_ascent - INFO - 		7.988E-03   and   4.388E-03 	[ log_acceleration ]
2021-06-23 11:12:55,571 - deformetrica.core.estimators.gradient_ascent - INFO - 		7.998E-02   and   2.346E-01 	[ sources ]
2021-06-23 11:12:55,571 - deformetrica.core.models.longitudinal_metric_learning - INFO - Acceleration factors max/min: (0.9854874, 0, 0.9854874, 0)
2021-06-23 11:12:55,652 - deformetrica.core.models.longitudinal_metric_learning - INFO - Tmin 68.641 Tmax 73.63948059082031 Update of the spatiotemporalframe: 72 ms
2021-06-23 11:12:55,731 - deformetrica.core.models.longitudinal_metric_learning - INFO - Acceleration factors max/min: (0.9854943, 0, 0.9854943, 0)
2021-06-23 11:12:55,813 - deformetrica.core.models.longitudinal_metric_learning - INFO - Tmin 68.641 Tmax 73.63951110839844 Update of the spatiotemporalframe: 72 ms
2021-06-23 11:12:55,896 - deformetrica.core.models.longitudinal_metric_learning - INFO - Acceleration factors max/min: (0.9854874, 0, 0.9854874, 0)
2021-06-23 11:12:55,978 - deformetrica.core.models.longitudinal_metric_learning - INFO - Tmin 68.641 Tmax 73.5989761352539 Update of the spatiotemporalframe: 73 ms
2021-06-23 11:12:56,058 - deformetrica.core.models.longitudinal_metric_learning - INFO - Acceleration factors max/min: (0.9854943, 0, 0.9854943, 0)
2021-06-23 11:12:56,140 - deformetrica.core.models.longitudinal_metric_learning - INFO - Tmin 68.641 Tmax 73.59901428222656 Update of the spatiotemporalframe: 73 ms
2021-06-23 11:12:56,220 - deformetrica.core.estimators.gradient_ascent - INFO - Number of line search loops exceeded. Stopping.
2021-06-23 11:12:56,221 - deformetrica.core.estimators.gradient_ascent - INFO - --------------------------------- GA Iteration: 7/300 -----------------------------------
2021-06-23 11:12:56,221 - deformetrica.core.estimators.gradient_ascent - INFO - >> Log-likelihood = -7.062E-01 	 [ attachment = -4.886E-01 ; regularity = -2.176E-01 ]
2021-06-23 11:12:56,221 - deformetrica.core.models.longitudinal_metric_learning - INFO - Acceleration factors max/min: (0.9854874, 0, 0.9854874, 0)
2021-06-23 11:12:56,302 - deformetrica.core.models.longitudinal_metric_learning - INFO - Tmin 68.641 Tmax 73.63948059082031 Update of the spatiotemporalframe: 73 ms
2021-06-23 11:12:56,521 - deformetrica.core.estimators.gradient_ascent - INFO - >> Step size and gradient norm: 
2021-06-23 11:12:56,521 - deformetrica.core.estimators.gradient_ascent - INFO - 		3.466E+01   and   1.361E-02 	[ onset_age ]
2021-06-23 11:12:56,521 - deformetrica.core.estimators.gradient_ascent - INFO - 		6.390E-03   and   5.808E-02 	[ log_acceleration ]
2021-06-23 11:12:56,522 - deformetrica.core.estimators.gradient_ascent - INFO - 		6.399E-02   and   1.753E-01 	[ sources ]
2021-06-23 11:12:56,522 - deformetrica.core.models.longitudinal_metric_learning - INFO - Acceleration factors max/min: (0.9851217, 0, 0.9851217, 0)
2021-06-23 11:12:56,596 - deformetrica.core.models.longitudinal_metric_learning - INFO - Tmin 68.641 Tmax 73.17313385009766 Update of the spatiotemporalframe: 65 ms
2021-06-23 11:12:56,677 - deformetrica.core.estimators.gradient_ascent - INFO - --------------------------------- GA Iteration: 8/300 -----------------------------------
2021-06-23 11:12:56,677 - deformetrica.core.estimators.gradient_ascent - INFO - >> Log-likelihood = -6.897E-01 	 [ attachment = -4.465E-01 ; regularity = -2.432E-01 ]
2021-06-23 11:12:56,678 - deformetrica.core.models.longitudinal_metric_learning - INFO - Acceleration factors max/min: (0.9851217, 0, 0.9851217, 0)
2021-06-23 11:12:56,753 - deformetrica.core.models.longitudinal_metric_learning - INFO - Tmin 68.641 Tmax 73.17313385009766 Update of the spatiotemporalframe: 66 ms
2021-06-23 11:12:56,966 - deformetrica.core.estimators.gradient_ascent - INFO - >> Step size and gradient norm: 
2021-06-23 11:12:56,967 - deformetrica.core.estimators.gradient_ascent - INFO - 		5.198E+01   and   1.202E-02 	[ onset_age ]
2021-06-23 11:12:56,967 - deformetrica.core.estimators.gradient_ascent - INFO - 		9.585E-03   and   5.724E-02 	[ log_acceleration ]
2021-06-23 11:12:56,967 - deformetrica.core.estimators.gradient_ascent - INFO - 		9.598E-02   and   1.471E-01 	[ sources ]
2021-06-23 11:12:56,967 - deformetrica.core.models.longitudinal_metric_learning - INFO - Acceleration factors max/min: (0.9856624, 0, 0.9856624, 0)
2021-06-23 11:12:57,051 - deformetrica.core.models.longitudinal_metric_learning - INFO - Tmin 68.641 Tmax 73.7915267944336 Update of the spatiotemporalframe: 75 ms
2021-06-23 11:12:57,132 - deformetrica.core.models.longitudinal_metric_learning - INFO - Acceleration factors max/min: (0.9855542, 0, 0.9855542, 0)
2021-06-23 11:12:57,216 - deformetrica.core.models.longitudinal_metric_learning - INFO - Tmin 68.641 Tmax 73.79096221923828 Update of the spatiotemporalframe: 75 ms
2021-06-23 11:12:57,296 - deformetrica.core.models.longitudinal_metric_learning - INFO - Acceleration factors max/min: (0.9856624, 0, 0.9856624, 0)
2021-06-23 11:12:57,378 - deformetrica.core.models.longitudinal_metric_learning - INFO - Tmin 68.641 Tmax 73.66835021972656 Update of the spatiotemporalframe: 73 ms
2021-06-23 11:12:57,458 - deformetrica.core.models.longitudinal_metric_learning - INFO - Acceleration factors max/min: (0.9855542, 0, 0.9855542, 0)
2021-06-23 11:12:57,540 - deformetrica.core.models.longitudinal_metric_learning - INFO - Tmin 68.641 Tmax 73.66780090332031 Update of the spatiotemporalframe: 72 ms
2021-06-23 11:12:57,622 - deformetrica.core.estimators.gradient_ascent - INFO - >> Step size and gradient norm: 
2021-06-23 11:12:57,623 - deformetrica.core.estimators.gradient_ascent - INFO - 		4.159E+01   and   1.202E-02 	[ onset_age ]
2021-06-23 11:12:57,623 - deformetrica.core.estimators.gradient_ascent - INFO - 		7.668E-03   and   5.724E-02 	[ log_acceleration ]
2021-06-23 11:12:57,624 - deformetrica.core.estimators.gradient_ascent - INFO - 		7.678E-02   and   1.471E-01 	[ sources ]
2021-06-23 11:12:57,624 - deformetrica.core.models.longitudinal_metric_learning - INFO - Acceleration factors max/min: (0.9855542, 0, 0.9855542, 0)
2021-06-23 11:12:57,705 - deformetrica.core.models.longitudinal_metric_learning - INFO - Tmin 68.641 Tmax 73.66780090332031 Update of the spatiotemporalframe: 72 ms
2021-06-23 11:12:57,785 - deformetrica.core.models.longitudinal_metric_learning - INFO - Acceleration factors max/min: (0.98546773, 0, 0.98546773, 0)
2021-06-23 11:12:57,867 - deformetrica.core.models.longitudinal_metric_learning - INFO - Tmin 68.641 Tmax 73.6673583984375 Update of the spatiotemporalframe: 72 ms
2021-06-23 11:12:57,947 - deformetrica.core.models.longitudinal_metric_learning - INFO - Acceleration factors max/min: (0.9855542, 0, 0.9855542, 0)
2021-06-23 11:12:58,029 - deformetrica.core.models.longitudinal_metric_learning - INFO - Tmin 68.641 Tmax 73.56925964355469 Update of the spatiotemporalframe: 72 ms
2021-06-23 11:12:58,109 - deformetrica.core.models.longitudinal_metric_learning - INFO - Acceleration factors max/min: (0.98546773, 0, 0.98546773, 0)
2021-06-23 11:12:58,191 - deformetrica.core.models.longitudinal_metric_learning - INFO - Tmin 68.641 Tmax 73.5688247680664 Update of the spatiotemporalframe: 73 ms
2021-06-23 11:12:58,271 - deformetrica.core.estimators.gradient_ascent - INFO - >> Step size and gradient norm: 
2021-06-23 11:12:58,272 - deformetrica.core.estimators.gradient_ascent - INFO - 		3.327E+01   and   1.202E-02 	[ onset_age ]
2021-06-23 11:12:58,272 - deformetrica.core.estimators.gradient_ascent - INFO - 		6.135E-03   and   5.724E-02 	[ log_acceleration ]
2021-06-23 11:12:58,272 - deformetrica.core.estimators.gradient_ascent - INFO - 		6.143E-02   and   1.471E-01 	[ sources ]
2021-06-23 11:12:58,272 - deformetrica.core.models.longitudinal_metric_learning - INFO - Acceleration factors max/min: (0.98546773, 0, 0.98546773, 0)
2021-06-23 11:12:58,354 - deformetrica.core.models.longitudinal_metric_learning - INFO - Tmin 68.641 Tmax 73.5688247680664 Update of the spatiotemporalframe: 72 ms
2021-06-23 11:12:58,433 - deformetrica.core.models.longitudinal_metric_learning - INFO - Acceleration factors max/min: (0.98539853, 0, 0.98539853, 0)
2021-06-23 11:12:58,516 - deformetrica.core.models.longitudinal_metric_learning - INFO - Tmin 68.641 Tmax 73.5684814453125 Update of the spatiotemporalframe: 73 ms
2021-06-23 11:12:58,596 - deformetrica.core.models.longitudinal_metric_learning - INFO - Acceleration factors max/min: (0.98546773, 0, 0.98546773, 0)
2021-06-23 11:12:58,675 - deformetrica.core.models.longitudinal_metric_learning - INFO - Tmin 68.641 Tmax 73.49000549316406 Update of the spatiotemporalframe: 70 ms
2021-06-23 11:12:58,755 - deformetrica.core.models.longitudinal_metric_learning - INFO - Acceleration factors max/min: (0.98539853, 0, 0.98539853, 0)
2021-06-23 11:12:58,834 - deformetrica.core.models.longitudinal_metric_learning - INFO - Tmin 68.641 Tmax 73.48966979980469 Update of the spatiotemporalframe: 70 ms
2021-06-23 11:12:58,914 - deformetrica.core.estimators.gradient_ascent - INFO - >> Step size and gradient norm: 
2021-06-23 11:12:58,915 - deformetrica.core.estimators.gradient_ascent - INFO - 		2.662E+01   and   1.202E-02 	[ onset_age ]
2021-06-23 11:12:58,915 - deformetrica.core.estimators.gradient_ascent - INFO - 		4.908E-03   and   5.724E-02 	[ log_acceleration ]
2021-06-23 11:12:58,915 - deformetrica.core.estimators.gradient_ascent - INFO - 		4.914E-02   and   1.471E-01 	[ sources ]
2021-06-23 11:12:58,916 - deformetrica.core.models.longitudinal_metric_learning - INFO - Acceleration factors max/min: (0.98539853, 0, 0.98539853, 0)
2021-06-23 11:12:58,995 - deformetrica.core.models.longitudinal_metric_learning - INFO - Tmin 68.641 Tmax 73.48966979980469 Update of the spatiotemporalframe: 70 ms
2021-06-23 11:12:59,075 - deformetrica.core.models.longitudinal_metric_learning - INFO - Acceleration factors max/min: (0.98534316, 0, 0.98534316, 0)
2021-06-23 11:12:59,155 - deformetrica.core.models.longitudinal_metric_learning - INFO - Tmin 68.641 Tmax 73.48939514160156 Update of the spatiotemporalframe: 70 ms
2021-06-23 11:12:59,234 - deformetrica.core.models.longitudinal_metric_learning - INFO - Acceleration factors max/min: (0.98539853, 0, 0.98539853, 0)
2021-06-23 11:12:59,314 - deformetrica.core.models.longitudinal_metric_learning - INFO - Tmin 68.641 Tmax 73.4266128540039 Update of the spatiotemporalframe: 70 ms
2021-06-23 11:12:59,394 - deformetrica.core.models.longitudinal_metric_learning - INFO - Acceleration factors max/min: (0.98534316, 0, 0.98534316, 0)
2021-06-23 11:12:59,474 - deformetrica.core.models.longitudinal_metric_learning - INFO - Tmin 68.641 Tmax 73.42634582519531 Update of the spatiotemporalframe: 70 ms
2021-06-23 11:12:59,553 - deformetrica.core.estimators.gradient_ascent - INFO - Number of line search loops exceeded. Stopping.
2021-06-23 11:12:59,554 - deformetrica.core.estimators.gradient_ascent - INFO - --------------------------------- GA Iteration: 9/300 -----------------------------------
2021-06-23 11:12:59,554 - deformetrica.core.estimators.gradient_ascent - INFO - >> Log-likelihood = -6.968E-01 	 [ attachment = -4.701E-01 ; regularity = -2.267E-01 ]
2021-06-23 11:12:59,555 - deformetrica.core.models.longitudinal_metric_learning - INFO - Acceleration factors max/min: (0.98539853, 0, 0.98539853, 0)
2021-06-23 11:12:59,634 - deformetrica.core.models.longitudinal_metric_learning - INFO - Tmin 68.641 Tmax 73.48966979980469 Update of the spatiotemporalframe: 70 ms
2021-06-23 11:12:59,854 - deformetrica.core.estimators.gradient_ascent - INFO - >> Step size and gradient norm: 
2021-06-23 11:12:59,854 - deformetrica.core.estimators.gradient_ascent - INFO - 		2.129E+01   and   4.457E-04 	[ onset_age ]
2021-06-23 11:12:59,854 - deformetrica.core.estimators.gradient_ascent - INFO - 		3.926E-03   and   1.626E-02 	[ log_acceleration ]
2021-06-23 11:12:59,854 - deformetrica.core.estimators.gradient_ascent - INFO - 		3.931E-02   and   1.114E-01 	[ sources ]
2021-06-23 11:12:59,855 - deformetrica.core.models.longitudinal_metric_learning - INFO - Acceleration factors max/min: (0.9853356, 0, 0.9853356, 0)
2021-06-23 11:12:59,934 - deformetrica.core.models.longitudinal_metric_learning - INFO - Tmin 68.641 Tmax 73.49871063232422 Update of the spatiotemporalframe: 71 ms
2021-06-23 11:13:00,014 - deformetrica.core.estimators.gradient_ascent - INFO - Tolerance threshold met. Stopping the optimization process.
2021-06-23 11:13:00,016 - __main__ - INFO - >> Estimation took: 4.76837158203125e-07
